Called with args:
Namespace(batch_size=8, checkepoch=1, checkpoint=0, checkpoint_interval=10000, checksession=1, class_agnostic=False, cuda=True, dataset='pascal_voc', disp_interval=100, large_scale=False, lr=0.001, lr_decay_gamma=0.1, lr_decay_step=5, mGPUs=False, max_epochs=20, net='res50', num_workers=1, optimizer='sgd', resume=False, save_dir='models', session=1, start_epoch=1, use_tfboard=False)
Using config:
{'ANCHOR_RATIOS': [0.5, 1, 2],
 'ANCHOR_SCALES': [8, 16, 32],
 'CROP_RESIZE_WITH_MAX_POOL': False,
 'CUDA': False,
 'DATA_DIR': '/home/jason/faster-rcnn.pytorch-1.0/data',
 'DEDUP_BOXES': 0.0625,
 'EPS': 1e-14,
 'EXP_DIR': 'res50',
 'FEAT_STRIDE': [16],
 'GPU_ID': 0,
 'MATLAB': 'matlab',
 'MAX_NUM_GT_BOXES': 20,
 'MOBILENET': {'DEPTH_MULTIPLIER': 1.0,
               'FIXED_LAYERS': 5,
               'REGU_DEPTH': False,
               'WEIGHT_DECAY': 4e-05},
 'PIXEL_MEANS': array([[[102.9801, 115.9465, 122.7717]]]),
 'POOLING_MODE': 'align',
 'POOLING_SIZE': 7,
 'RESNET': {'FIXED_BLOCKS': 1, 'MAX_POOL': False},
 'RNG_SEED': 3,
 'ROOT_DIR': '/home/jason/faster-rcnn.pytorch-1.0',
 'TEST': {'BBOX_REG': True,
          'HAS_RPN': True,
          'MAX_SIZE': 1000,
          'MODE': 'nms',
          'NMS': 0.3,
          'PROPOSAL_METHOD': 'gt',
          'RPN_MIN_SIZE': 16,
          'RPN_NMS_THRESH': 0.7,
          'RPN_POST_NMS_TOP_N': 300,
          'RPN_PRE_NMS_TOP_N': 6000,
          'RPN_TOP_N': 5000,
          'SCALES': [600],
          'SVM': False},
 'TRAIN': {'ASPECT_GROUPING': False,
           'BATCH_SIZE': 128,
           'BBOX_INSIDE_WEIGHTS': [1.0, 1.0, 1.0, 1.0],
           'BBOX_NORMALIZE_MEANS': [0.0, 0.0, 0.0, 0.0],
           'BBOX_NORMALIZE_STDS': [0.1, 0.1, 0.2, 0.2],
           'BBOX_NORMALIZE_TARGETS': True,
           'BBOX_NORMALIZE_TARGETS_PRECOMPUTED': True,
           'BBOX_REG': True,
           'BBOX_THRESH': 0.5,
           'BG_THRESH_HI': 0.5,
           'BG_THRESH_LO': 0.0,
           'BIAS_DECAY': False,
           'BN_TRAIN': False,
           'DISPLAY': 20,
           'DOUBLE_BIAS': False,
           'FG_FRACTION': 0.25,
           'FG_THRESH': 0.5,
           'GAMMA': 0.1,
           'HAS_RPN': True,
           'IMS_PER_BATCH': 1,
           'LEARNING_RATE': 0.001,
           'MAX_SIZE': 1000,
           'MOMENTUM': 0.9,
           'PROPOSAL_METHOD': 'gt',
           'RPN_BATCHSIZE': 256,
           'RPN_BBOX_INSIDE_WEIGHTS': [1.0, 1.0, 1.0, 1.0],
           'RPN_CLOBBER_POSITIVES': False,
           'RPN_FG_FRACTION': 0.5,
           'RPN_MIN_SIZE': 8,
           'RPN_NEGATIVE_OVERLAP': 0.3,
           'RPN_NMS_THRESH': 0.7,
           'RPN_POSITIVE_OVERLAP': 0.7,
           'RPN_POSITIVE_WEIGHT': -1.0,
           'RPN_POST_NMS_TOP_N': 2000,
           'RPN_PRE_NMS_TOP_N': 12000,
           'SCALES': [600],
           'SNAPSHOT_ITERS': 5000,
           'SNAPSHOT_KEPT': 3,
           'SNAPSHOT_PREFIX': 'res101_faster_rcnn',
           'STEPSIZE': [30000],
           'SUMMARY_INTERVAL': 180,
           'TRIM_HEIGHT': 600,
           'TRIM_WIDTH': 600,
           'TRUNCATED': False,
           'USE_ALL_GT': True,
           'USE_FLIPPED': True,
           'USE_GT': False,
           'WEIGHT_DECAY': 0.0001},
 'USE_GPU_NMS': True}
['voc_2007_trainval']
Loaded dataset `voc_2007_trainval` for training
Set proposal method: gt
Appending horizontally-flipped training examples...
voc_2007_trainval gt roidb loaded from /home/jason/faster-rcnn.pytorch-1.0/data/cache/voc_2007_trainval_gt_roidb.pkl
done
Preparing training data...
done
before filtering, there are 12718 images...
after filtering, there are 12718 images...
12718 roidb entries
Loading pretrained weights from data/pretrained_model/resnet101_caffe.pth
[session 1][epoch  1][iter    0/1589] loss: 5.0130, lr: 1.00e-03
			fg/bg=(150/874), time cost: 6.059852
			rpn_cls: 0.7211, rpn_box: 0.2157, rcnn_cls: 3.7171, rcnn_box 0.3590
[session 1][epoch  1][iter  100/1589] loss: 1.2685, lr: 1.00e-03
			fg/bg=(120/904), time cost: 541.235638
			rpn_cls: 0.0938, rpn_box: 0.0747, rcnn_cls: 0.5175, rcnn_box 0.2656
[session 1][epoch  1][iter  200/1589] loss: 1.2294, lr: 1.00e-03
			fg/bg=(105/919), time cost: 537.662600
			rpn_cls: 0.0652, rpn_box: 0.0682, rcnn_cls: 0.4967, rcnn_box 0.2538
[session 1][epoch  1][iter  300/1589] loss: 1.2386, lr: 1.00e-03
			fg/bg=(220/804), time cost: 538.719260
			rpn_cls: 0.2011, rpn_box: 0.2716, rcnn_cls: 0.6135, rcnn_box 0.5012
[session 1][epoch  1][iter  400/1589] loss: 1.1881, lr: 1.00e-03
			fg/bg=(207/817), time cost: 539.713450
			rpn_cls: 0.1481, rpn_box: 0.1648, rcnn_cls: 0.7708, rcnn_box 0.4743
[session 1][epoch  1][iter  500/1589] loss: 1.1830, lr: 1.00e-03
			fg/bg=(169/855), time cost: 536.737280
			rpn_cls: 0.0609, rpn_box: 0.0644, rcnn_cls: 0.6547, rcnn_box 0.4019
[session 1][epoch  1][iter  600/1589] loss: 1.1128, lr: 1.00e-03
			fg/bg=(199/825), time cost: 537.600271
			rpn_cls: 0.0726, rpn_box: 0.0983, rcnn_cls: 0.8323, rcnn_box 0.4399
[session 1][epoch  1][iter  700/1589] loss: 1.0633, lr: 1.00e-03
			fg/bg=(208/816), time cost: 540.346870
			rpn_cls: 0.0653, rpn_box: 0.0684, rcnn_cls: 0.3350, rcnn_box 0.4601
[session 1][epoch  1][iter  800/1589] loss: 1.0291, lr: 1.00e-03
			fg/bg=(134/890), time cost: 541.696604
			rpn_cls: 0.0470, rpn_box: 0.0390, rcnn_cls: 0.3607, rcnn_box 0.2917
[session 1][epoch  1][iter  900/1589] loss: 1.0109, lr: 1.00e-03
			fg/bg=(182/842), time cost: 535.572905
			rpn_cls: 0.0556, rpn_box: 0.0672, rcnn_cls: 0.5444, rcnn_box 0.4027
[session 1][epoch  1][iter 1000/1589] loss: 0.9936, lr: 1.00e-03
			fg/bg=(250/774), time cost: 535.764549
			rpn_cls: 0.1029, rpn_box: 0.1499, rcnn_cls: 0.2547, rcnn_box 0.5112
[session 1][epoch  1][iter 1100/1589] loss: 0.9154, lr: 1.00e-03
			fg/bg=(188/836), time cost: 539.889930
			rpn_cls: 0.0551, rpn_box: 0.0197, rcnn_cls: 0.2482, rcnn_box 0.4138
[session 1][epoch  1][iter 1200/1589] loss: 0.9597, lr: 1.00e-03
			fg/bg=(172/852), time cost: 538.378179
			rpn_cls: 0.1499, rpn_box: 0.0586, rcnn_cls: 0.3016, rcnn_box 0.3329
[session 1][epoch  1][iter 1300/1589] loss: 0.9087, lr: 1.00e-03
			fg/bg=(195/829), time cost: 541.447330
			rpn_cls: 0.0352, rpn_box: 0.0351, rcnn_cls: 0.1758, rcnn_box 0.3544
[session 1][epoch  1][iter 1400/1589] loss: 0.8976, lr: 1.00e-03
			fg/bg=(252/772), time cost: 539.108813
			rpn_cls: 0.0429, rpn_box: 0.1837, rcnn_cls: 0.2767, rcnn_box 0.3938
[session 1][epoch  1][iter 1500/1589] loss: 0.8502, lr: 1.00e-03
			fg/bg=(208/816), time cost: 542.601452
			rpn_cls: 0.0639, rpn_box: 0.1058, rcnn_cls: 0.6970, rcnn_box 0.3663
total training time: 8092.534986
[session 1][epoch  2][iter    0/1589] loss: 0.7329, lr: 1.00e-03
			fg/bg=(184/840), time cost: 6.186998
			rpn_cls: 0.0420, rpn_box: 0.0399, rcnn_cls: 0.3701, rcnn_box 0.2809
[session 1][epoch  2][iter  100/1589] loss: 0.7880, lr: 1.00e-03
			fg/bg=(244/780), time cost: 541.528376
			rpn_cls: 0.0830, rpn_box: 0.1377, rcnn_cls: 0.2885, rcnn_box 0.5143
[session 1][epoch  2][iter  200/1589] loss: 0.7491, lr: 1.00e-03
			fg/bg=(200/824), time cost: 546.371742
			rpn_cls: 0.0587, rpn_box: 0.0699, rcnn_cls: 0.6326, rcnn_box 0.3496
[session 1][epoch  2][iter  300/1589] loss: 0.7275, lr: 1.00e-03
			fg/bg=(239/785), time cost: 544.231492
			rpn_cls: 0.0651, rpn_box: 0.0144, rcnn_cls: 0.4933, rcnn_box 0.3835
[session 1][epoch  2][iter  400/1589] loss: 0.7062, lr: 1.00e-03
			fg/bg=(172/852), time cost: 544.569855
			rpn_cls: 0.0454, rpn_box: 0.0878, rcnn_cls: 0.2201, rcnn_box 0.2209
[session 1][epoch  2][iter  500/1589] loss: 0.7127, lr: 1.00e-03
			fg/bg=(201/823), time cost: 543.843280
			rpn_cls: 0.0763, rpn_box: 0.0989, rcnn_cls: 0.3222, rcnn_box 0.2939
[session 1][epoch  2][iter  600/1589] loss: 0.6981, lr: 1.00e-03
			fg/bg=(194/830), time cost: 545.037219
			rpn_cls: 0.0535, rpn_box: 0.0996, rcnn_cls: 0.1603, rcnn_box 0.2677
[session 1][epoch  2][iter  700/1589] loss: 0.6583, lr: 1.00e-03
			fg/bg=(256/768), time cost: 547.757415
			rpn_cls: 0.0426, rpn_box: 0.1034, rcnn_cls: 0.2416, rcnn_box 0.2874
[session 1][epoch  2][iter  800/1589] loss: 0.6802, lr: 1.00e-03
			fg/bg=(242/782), time cost: 555.018189
			rpn_cls: 0.0357, rpn_box: 0.1393, rcnn_cls: 0.1751, rcnn_box 0.2730
[session 1][epoch  2][iter  900/1589] loss: 0.6493, lr: 1.00e-03
			fg/bg=(213/811), time cost: 561.750851
			rpn_cls: 0.0327, rpn_box: 0.0551, rcnn_cls: 0.1888, rcnn_box 0.1653
[session 1][epoch  2][iter 1000/1589] loss: 0.6272, lr: 1.00e-03
			fg/bg=(231/793), time cost: 575.200711
			rpn_cls: 0.0306, rpn_box: 0.0073, rcnn_cls: 0.2689, rcnn_box 0.2874
[session 1][epoch  2][iter 1100/1589] loss: 0.6369, lr: 1.00e-03
			fg/bg=(247/777), time cost: 570.827247
			rpn_cls: 0.0726, rpn_box: 0.1321, rcnn_cls: 0.4320, rcnn_box 0.3083
[session 1][epoch  2][iter 1200/1589] loss: 0.6007, lr: 1.00e-03
			fg/bg=(212/812), time cost: 572.465283
			rpn_cls: 0.0383, rpn_box: 0.0360, rcnn_cls: 0.1686, rcnn_box 0.2500
[session 1][epoch  2][iter 1300/1589] loss: 0.5939, lr: 1.00e-03
			fg/bg=(193/831), time cost: 567.640050
			rpn_cls: 0.0791, rpn_box: 0.0654, rcnn_cls: 0.2013, rcnn_box 0.2374
[session 1][epoch  2][iter 1400/1589] loss: 0.5950, lr: 1.00e-03
			fg/bg=(249/775), time cost: 566.549803
			rpn_cls: 0.0647, rpn_box: 0.1694, rcnn_cls: 0.1561, rcnn_box 0.4302
[session 1][epoch  2][iter 1500/1589] loss: 0.5823, lr: 1.00e-03
			fg/bg=(217/807), time cost: 566.446937
			rpn_cls: 0.0444, rpn_box: 0.0799, rcnn_cls: 0.2117, rcnn_box 0.2197
total training time: 16447.960433
[session 1][epoch  3][iter    0/1589] loss: 0.9037, lr: 1.00e-03
			fg/bg=(219/805), time cost: 6.684919
			rpn_cls: 0.0354, rpn_box: 0.1130, rcnn_cls: 0.5295, rcnn_box 0.2258
[session 1][epoch  3][iter  100/1589] loss: 0.5203, lr: 1.00e-03
			fg/bg=(250/774), time cost: 570.681360
			rpn_cls: 0.1454, rpn_box: 0.1163, rcnn_cls: 0.3474, rcnn_box 0.2926
[session 1][epoch  3][iter  200/1589] loss: 0.5063, lr: 1.00e-03
			fg/bg=(229/795), time cost: 575.218026
			rpn_cls: 0.0273, rpn_box: 0.0519, rcnn_cls: 0.1709, rcnn_box 0.2630
[session 1][epoch  3][iter  300/1589] loss: 0.5016, lr: 1.00e-03
			fg/bg=(228/796), time cost: 563.294735
			rpn_cls: 0.0284, rpn_box: 0.0578, rcnn_cls: 0.1045, rcnn_box 0.2509
[session 1][epoch  3][iter  400/1589] loss: 0.4742, lr: 1.00e-03
			fg/bg=(249/775), time cost: 547.255925
			rpn_cls: 0.0456, rpn_box: 0.1599, rcnn_cls: 0.1948, rcnn_box 0.2537
[session 1][epoch  3][iter  500/1589] loss: 0.5275, lr: 1.00e-03
			fg/bg=(249/775), time cost: 546.357772
			rpn_cls: 0.0379, rpn_box: 0.0417, rcnn_cls: 0.2815, rcnn_box 0.2669
[session 1][epoch  3][iter  600/1589] loss: 0.4837, lr: 1.00e-03
			fg/bg=(217/807), time cost: 544.768127
			rpn_cls: 0.0381, rpn_box: 0.0714, rcnn_cls: 0.2712, rcnn_box 0.1661
[session 1][epoch  3][iter  700/1589] loss: 0.4622, lr: 1.00e-03
			fg/bg=(174/850), time cost: 544.690451
			rpn_cls: 0.0244, rpn_box: 0.0450, rcnn_cls: 0.3636, rcnn_box 0.1439
[session 1][epoch  3][iter  800/1589] loss: 0.5410, lr: 1.00e-03
			fg/bg=(247/777), time cost: 541.509506
			rpn_cls: 0.0403, rpn_box: 0.1100, rcnn_cls: 0.1553, rcnn_box 0.1419
[session 1][epoch  3][iter  900/1589] loss: 0.4939, lr: 1.00e-03
			fg/bg=(214/810), time cost: 544.981153
			rpn_cls: 0.0229, rpn_box: 0.0456, rcnn_cls: 0.1676, rcnn_box 0.1592
[session 1][epoch  3][iter 1000/1589] loss: 0.5299, lr: 1.00e-03
			fg/bg=(192/832), time cost: 542.427430
			rpn_cls: 0.0172, rpn_box: 0.0642, rcnn_cls: 0.1658, rcnn_box 0.1266
[session 1][epoch  3][iter 1100/1589] loss: 0.4837, lr: 1.00e-03
			fg/bg=(256/768), time cost: 544.304590
			rpn_cls: 0.1014, rpn_box: 0.0507, rcnn_cls: 0.2433, rcnn_box 0.2898
[session 1][epoch  3][iter 1200/1589] loss: 0.4661, lr: 1.00e-03
			fg/bg=(152/872), time cost: 543.976106
			rpn_cls: 0.0129, rpn_box: 0.0250, rcnn_cls: 0.3535, rcnn_box 0.1091
[session 1][epoch  3][iter 1300/1589] loss: 0.4625, lr: 1.00e-03
			fg/bg=(202/822), time cost: 541.006067
			rpn_cls: 0.0380, rpn_box: 0.0322, rcnn_cls: 0.2234, rcnn_box 0.2013
[session 1][epoch  3][iter 1400/1589] loss: 0.4464, lr: 1.00e-03
			fg/bg=(203/821), time cost: 542.546208
			rpn_cls: 0.0326, rpn_box: 0.0376, rcnn_cls: 0.1105, rcnn_box 0.1427
[session 1][epoch  3][iter 1500/1589] loss: 0.4787, lr: 1.00e-03
			fg/bg=(200/824), time cost: 541.642429
			rpn_cls: 0.0243, rpn_box: 0.0054, rcnn_cls: 0.0890, rcnn_box 0.1164
total training time: 24689.305239
[session 1][epoch  4][iter    0/1589] loss: 0.4298, lr: 1.00e-03
			fg/bg=(210/814), time cost: 6.608842
			rpn_cls: 0.0442, rpn_box: 0.0347, rcnn_cls: 0.1938, rcnn_box 0.1571
[session 1][epoch  4][iter  100/1589] loss: 0.4469, lr: 1.00e-03
			fg/bg=(241/783), time cost: 542.367924
			rpn_cls: 0.0424, rpn_box: 0.0662, rcnn_cls: 0.2361, rcnn_box 0.1982
[session 1][epoch  4][iter  200/1589] loss: 0.4378, lr: 1.00e-03
			fg/bg=(220/804), time cost: 544.747756
			rpn_cls: 0.0343, rpn_box: 0.0949, rcnn_cls: 0.3017, rcnn_box 0.2235
[session 1][epoch  4][iter  300/1589] loss: 0.4429, lr: 1.00e-03
			fg/bg=(205/819), time cost: 547.535914
			rpn_cls: 0.0085, rpn_box: 0.0334, rcnn_cls: 0.1121, rcnn_box 0.1288
[session 1][epoch  4][iter  400/1589] loss: 0.4332, lr: 1.00e-03
			fg/bg=(206/818), time cost: 546.984707
			rpn_cls: 0.0230, rpn_box: 0.0331, rcnn_cls: 0.1259, rcnn_box 0.1483
[session 1][epoch  4][iter  500/1589] loss: 0.4402, lr: 1.00e-03
			fg/bg=(215/809), time cost: 545.576149
			rpn_cls: 0.0345, rpn_box: 0.0754, rcnn_cls: 0.0817, rcnn_box 0.1948
[session 1][epoch  4][iter  600/1589] loss: 0.4055, lr: 1.00e-03
			fg/bg=(199/825), time cost: 542.196242
			rpn_cls: 0.0285, rpn_box: 0.0094, rcnn_cls: 0.1720, rcnn_box 0.1394
[session 1][epoch  4][iter  700/1589] loss: 0.3849, lr: 1.00e-03
			fg/bg=(202/822), time cost: 544.184247
			rpn_cls: 0.0269, rpn_box: 0.0273, rcnn_cls: 0.1305, rcnn_box 0.1276
[session 1][epoch  4][iter  800/1589] loss: 0.4147, lr: 1.00e-03
			fg/bg=(192/832), time cost: 541.917645
			rpn_cls: 0.0144, rpn_box: 0.0258, rcnn_cls: 0.2615, rcnn_box 0.1308
[session 1][epoch  4][iter  900/1589] loss: 0.3905, lr: 1.00e-03
			fg/bg=(256/768), time cost: 541.557046
			rpn_cls: 0.0323, rpn_box: 0.1205, rcnn_cls: 0.1194, rcnn_box 0.1841
[session 1][epoch  4][iter 1000/1589] loss: 0.4193, lr: 1.00e-03
			fg/bg=(222/802), time cost: 539.753313
			rpn_cls: 0.0291, rpn_box: 0.1071, rcnn_cls: 0.1554, rcnn_box 0.2267
[session 1][epoch  4][iter 1100/1589] loss: 0.3823, lr: 1.00e-03
			fg/bg=(226/798), time cost: 542.259087
			rpn_cls: 0.0151, rpn_box: 0.0180, rcnn_cls: 0.2225, rcnn_box 0.1496
[session 1][epoch  4][iter 1200/1589] loss: 0.4142, lr: 1.00e-03
			fg/bg=(224/800), time cost: 546.235686
			rpn_cls: 0.0155, rpn_box: 0.0182, rcnn_cls: 0.2245, rcnn_box 0.1893
[session 1][epoch  4][iter 1300/1589] loss: 0.4021, lr: 1.00e-03
			fg/bg=(175/849), time cost: 546.047845
			rpn_cls: 0.0141, rpn_box: 0.0275, rcnn_cls: 0.1154, rcnn_box 0.1344
[session 1][epoch  4][iter 1400/1589] loss: 0.3902, lr: 1.00e-03
			fg/bg=(198/826), time cost: 544.002854
			rpn_cls: 0.0218, rpn_box: 0.0060, rcnn_cls: 0.0628, rcnn_box 0.0623
[session 1][epoch  4][iter 1500/1589] loss: 0.4005, lr: 1.00e-03
			fg/bg=(255/769), time cost: 543.404131
			rpn_cls: 0.1172, rpn_box: 0.1088, rcnn_cls: 0.2943, rcnn_box 0.1777
total training time: 32854.684627
[session 1][epoch  5][iter    0/1589] loss: 0.2598, lr: 1.00e-03
			fg/bg=(197/827), time cost: 6.447633
			rpn_cls: 0.0015, rpn_box: 0.0092, rcnn_cls: 0.0714, rcnn_box 0.1777
[session 1][epoch  5][iter  100/1589] loss: 0.3521, lr: 1.00e-03
			fg/bg=(224/800), time cost: 540.507746
			rpn_cls: 0.0814, rpn_box: 0.0692, rcnn_cls: 0.1978, rcnn_box 0.2726
[session 1][epoch  5][iter  200/1589] loss: 0.3358, lr: 1.00e-03
			fg/bg=(238/786), time cost: 541.577489
			rpn_cls: 0.0161, rpn_box: 0.0336, rcnn_cls: 0.0826, rcnn_box 0.1624
[session 1][epoch  5][iter  300/1589] loss: 0.3611, lr: 1.00e-03
			fg/bg=(172/852), time cost: 543.855267
			rpn_cls: 0.0123, rpn_box: 0.0235, rcnn_cls: 0.0498, rcnn_box 0.1411
[session 1][epoch  5][iter  400/1589] loss: 0.3619, lr: 1.00e-03
			fg/bg=(256/768), time cost: 543.182153
			rpn_cls: 0.0221, rpn_box: 0.0329, rcnn_cls: 0.1241, rcnn_box 0.1557
[session 1][epoch  5][iter  500/1589] loss: 0.3602, lr: 1.00e-03
			fg/bg=(216/808), time cost: 542.751829
			rpn_cls: 0.0252, rpn_box: 0.0273, rcnn_cls: 0.1855, rcnn_box 0.1614
[session 1][epoch  5][iter  600/1589] loss: 0.3363, lr: 1.00e-03
			fg/bg=(211/813), time cost: 545.896181
			rpn_cls: 0.0248, rpn_box: 0.0868, rcnn_cls: 0.1298, rcnn_box 0.1312
[session 1][epoch  5][iter  700/1589] loss: 0.3418, lr: 1.00e-03
			fg/bg=(233/791), time cost: 543.476480
			rpn_cls: 0.0400, rpn_box: 0.0834, rcnn_cls: 0.1106, rcnn_box 0.1227
[session 1][epoch  5][iter  800/1589] loss: 0.3203, lr: 1.00e-03
			fg/bg=(163/861), time cost: 544.957100
			rpn_cls: 0.0164, rpn_box: 0.0280, rcnn_cls: 0.0665, rcnn_box 0.1183
[session 1][epoch  5][iter  900/1589] loss: 0.3877, lr: 1.00e-03
			fg/bg=(218/806), time cost: 544.446303
			rpn_cls: 0.0244, rpn_box: 0.0400, rcnn_cls: 0.3310, rcnn_box 0.1032
[session 1][epoch  5][iter 1000/1589] loss: 0.3459, lr: 1.00e-03
			fg/bg=(222/802), time cost: 544.876964
			rpn_cls: 0.0185, rpn_box: 0.0424, rcnn_cls: 0.1529, rcnn_box 0.0984
[session 1][epoch  5][iter 1100/1589] loss: 0.3488, lr: 1.00e-03
			fg/bg=(209/815), time cost: 547.428803
			rpn_cls: 0.0106, rpn_box: 0.0268, rcnn_cls: 0.0781, rcnn_box 0.1119
[session 1][epoch  5][iter 1200/1589] loss: 0.3370, lr: 1.00e-03
			fg/bg=(173/851), time cost: 543.780855
			rpn_cls: 0.0521, rpn_box: 0.0455, rcnn_cls: 0.0852, rcnn_box 0.1993
[session 1][epoch  5][iter 1300/1589] loss: 0.3601, lr: 1.00e-03
			fg/bg=(256/768), time cost: 543.147773
			rpn_cls: 0.0238, rpn_box: 0.0945, rcnn_cls: 0.0821, rcnn_box 0.1217
[session 1][epoch  5][iter 1400/1589] loss: 0.3339, lr: 1.00e-03
			fg/bg=(187/837), time cost: 543.671022
			rpn_cls: 0.0275, rpn_box: 0.0610, rcnn_cls: 0.0848, rcnn_box 0.1265
[session 1][epoch  5][iter 1500/1589] loss: 0.3682, lr: 1.00e-03
			fg/bg=(243/781), time cost: 545.271685
			rpn_cls: 0.0884, rpn_box: 0.0965, rcnn_cls: 0.2788, rcnn_box 0.1375
total training time: 41019.959910
[session 1][epoch  6][iter    0/1589] loss: 0.6228, lr: 1.00e-04
			fg/bg=(256/768), time cost: 6.258161
			rpn_cls: 0.0331, rpn_box: 0.0451, rcnn_cls: 0.4182, rcnn_box 0.1264
[session 1][epoch  6][iter  100/1589] loss: 0.2696, lr: 1.00e-04
			fg/bg=(182/842), time cost: 539.588835
			rpn_cls: 0.0135, rpn_box: 0.0195, rcnn_cls: 0.0563, rcnn_box 0.0818
[session 1][epoch  6][iter  200/1589] loss: 0.2421, lr: 1.00e-04
			fg/bg=(190/834), time cost: 542.218982
			rpn_cls: 0.0114, rpn_box: 0.0447, rcnn_cls: 0.1418, rcnn_box 0.0782
[session 1][epoch  6][iter  300/1589] loss: 0.2507, lr: 1.00e-04
			fg/bg=(180/844), time cost: 542.156776
			rpn_cls: 0.0248, rpn_box: 0.0563, rcnn_cls: 0.1883, rcnn_box 0.1537
[session 1][epoch  6][iter  400/1589] loss: 0.2483, lr: 1.00e-04
			fg/bg=(234/790), time cost: 540.192623
			rpn_cls: 0.0149, rpn_box: 0.0317, rcnn_cls: 0.0827, rcnn_box 0.0944
[session 1][epoch  6][iter  500/1589] loss: 0.2360, lr: 1.00e-04
			fg/bg=(231/793), time cost: 539.918598
			rpn_cls: 0.0123, rpn_box: 0.0368, rcnn_cls: 0.0752, rcnn_box 0.0635
[session 1][epoch  6][iter  600/1589] loss: 0.2282, lr: 1.00e-04
			fg/bg=(196/828), time cost: 540.504063
			rpn_cls: 0.0305, rpn_box: 0.0468, rcnn_cls: 0.0645, rcnn_box 0.1246
[session 1][epoch  6][iter  700/1589] loss: 0.2276, lr: 1.00e-04
			fg/bg=(222/802), time cost: 540.413275
			rpn_cls: 0.0158, rpn_box: 0.0195, rcnn_cls: 0.0868, rcnn_box 0.1419
[session 1][epoch  6][iter  800/1589] loss: 0.2349, lr: 1.00e-04
			fg/bg=(256/768), time cost: 540.929175
			rpn_cls: 0.0304, rpn_box: 0.0896, rcnn_cls: 0.0645, rcnn_box 0.0945
[session 1][epoch  6][iter  900/1589] loss: 0.2395, lr: 1.00e-04
			fg/bg=(220/804), time cost: 540.369909
			rpn_cls: 0.0129, rpn_box: 0.0385, rcnn_cls: 0.0754, rcnn_box 0.0879
[session 1][epoch  6][iter 1000/1589] loss: 0.2267, lr: 1.00e-04
			fg/bg=(197/827), time cost: 542.763984
			rpn_cls: 0.0045, rpn_box: 0.0030, rcnn_cls: 0.0848, rcnn_box 0.0645
[session 1][epoch  6][iter 1100/1589] loss: 0.2493, lr: 1.00e-04
			fg/bg=(219/805), time cost: 540.029131
			rpn_cls: 0.0117, rpn_box: 0.0337, rcnn_cls: 0.0471, rcnn_box 0.0838
[session 1][epoch  6][iter 1200/1589] loss: 0.2398, lr: 1.00e-04
			fg/bg=(185/839), time cost: 539.399080
			rpn_cls: 0.0030, rpn_box: 0.0020, rcnn_cls: 0.0589, rcnn_box 0.0533
[session 1][epoch  6][iter 1300/1589] loss: 0.2378, lr: 1.00e-04
			fg/bg=(204/820), time cost: 541.250388
			rpn_cls: 0.0227, rpn_box: 0.0426, rcnn_cls: 0.0748, rcnn_box 0.1053
[session 1][epoch  6][iter 1400/1589] loss: 0.2253, lr: 1.00e-04
			fg/bg=(214/810), time cost: 540.575749
			rpn_cls: 0.0148, rpn_box: 0.0487, rcnn_cls: 0.0669, rcnn_box 0.0822
[session 1][epoch  6][iter 1500/1589] loss: 0.2354, lr: 1.00e-04
			fg/bg=(214/810), time cost: 542.053683
			rpn_cls: 0.0081, rpn_box: 0.0247, rcnn_cls: 0.1005, rcnn_box 0.1195
total training time: 49138.582323
[session 1][epoch  7][iter    0/1589] loss: 0.1604, lr: 1.00e-04
			fg/bg=(204/820), time cost: 6.320329
			rpn_cls: 0.0049, rpn_box: 0.0156, rcnn_cls: 0.0648, rcnn_box 0.0752
[session 1][epoch  7][iter  100/1589] loss: 0.2205, lr: 1.00e-04
			fg/bg=(200/824), time cost: 546.628141
			rpn_cls: 0.0097, rpn_box: 0.0509, rcnn_cls: 0.0655, rcnn_box 0.0865
[session 1][epoch  7][iter  200/1589] loss: 0.2093, lr: 1.00e-04
			fg/bg=(226/798), time cost: 549.462945
			rpn_cls: 0.0085, rpn_box: 0.0205, rcnn_cls: 0.0670, rcnn_box 0.0826
[session 1][epoch  7][iter  300/1589] loss: 0.2239, lr: 1.00e-04
			fg/bg=(244/780), time cost: 548.019706
			rpn_cls: 0.0174, rpn_box: 0.0352, rcnn_cls: 0.1429, rcnn_box 0.0896
[session 1][epoch  7][iter  400/1589] loss: 0.2229, lr: 1.00e-04
			fg/bg=(231/793), time cost: 542.428463
			rpn_cls: 0.0047, rpn_box: 0.0050, rcnn_cls: 0.0751, rcnn_box 0.0944
[session 1][epoch  7][iter  500/1589] loss: 0.2210, lr: 1.00e-04
			fg/bg=(216/808), time cost: 541.418816
			rpn_cls: 0.0250, rpn_box: 0.0728, rcnn_cls: 0.0925, rcnn_box 0.1132
[session 1][epoch  7][iter  600/1589] loss: 0.2260, lr: 1.00e-04
			fg/bg=(193/831), time cost: 539.304003
			rpn_cls: 0.0183, rpn_box: 0.0077, rcnn_cls: 0.0562, rcnn_box 0.1074
[session 1][epoch  7][iter  700/1589] loss: 0.2245, lr: 1.00e-04
			fg/bg=(195/829), time cost: 540.931475
			rpn_cls: 0.0115, rpn_box: 0.0289, rcnn_cls: 0.0341, rcnn_box 0.0621
[session 1][epoch  7][iter  800/1589] loss: 0.2209, lr: 1.00e-04
			fg/bg=(249/775), time cost: 544.561977
			rpn_cls: 0.0133, rpn_box: 0.0325, rcnn_cls: 0.0770, rcnn_box 0.0846
[session 1][epoch  7][iter  900/1589] loss: 0.2152, lr: 1.00e-04
			fg/bg=(256/768), time cost: 543.836509
			rpn_cls: 0.0153, rpn_box: 0.1010, rcnn_cls: 0.0636, rcnn_box 0.0626
[session 1][epoch  7][iter 1000/1589] loss: 0.2197, lr: 1.00e-04
			fg/bg=(214/810), time cost: 547.452056
			rpn_cls: 0.0295, rpn_box: 0.0762, rcnn_cls: 0.0667, rcnn_box 0.0901
[session 1][epoch  7][iter 1100/1589] loss: 0.2266, lr: 1.00e-04
			fg/bg=(256/768), time cost: 546.370156
			rpn_cls: 0.0215, rpn_box: 0.0821, rcnn_cls: 0.0715, rcnn_box 0.0972
[session 1][epoch  7][iter 1200/1589] loss: 0.2210, lr: 1.00e-04
			fg/bg=(245/779), time cost: 545.977510
			rpn_cls: 0.0121, rpn_box: 0.0902, rcnn_cls: 0.0542, rcnn_box 0.0647
[session 1][epoch  7][iter 1300/1589] loss: 0.2098, lr: 1.00e-04
			fg/bg=(218/806), time cost: 548.691672
			rpn_cls: 0.0115, rpn_box: 0.0317, rcnn_cls: 0.0565, rcnn_box 0.0983
[session 1][epoch  7][iter 1400/1589] loss: 0.2233, lr: 1.00e-04
			fg/bg=(211/813), time cost: 546.006560
			rpn_cls: 0.0114, rpn_box: 0.0149, rcnn_cls: 0.1667, rcnn_box 0.0666
[session 1][epoch  7][iter 1500/1589] loss: 0.2266, lr: 1.00e-04
			fg/bg=(239/785), time cost: 548.059088
			rpn_cls: 0.0220, rpn_box: 0.0383, rcnn_cls: 0.0824, rcnn_box 0.0806
total training time: 57324.051728
[session 1][epoch  8][iter    0/1589] loss: 0.1259, lr: 1.00e-04
			fg/bg=(219/805), time cost: 6.508009
			rpn_cls: 0.0068, rpn_box: 0.0124, rcnn_cls: 0.0392, rcnn_box 0.0673
[session 1][epoch  8][iter  100/1589] loss: 0.2166, lr: 1.00e-04
			fg/bg=(227/797), time cost: 545.898443
			rpn_cls: 0.0087, rpn_box: 0.0051, rcnn_cls: 0.2805, rcnn_box 0.0959
[session 1][epoch  8][iter  200/1589] loss: 0.2087, lr: 1.00e-04
			fg/bg=(199/825), time cost: 540.490614
			rpn_cls: 0.0028, rpn_box: 0.0150, rcnn_cls: 0.0867, rcnn_box 0.1520
[session 1][epoch  8][iter  300/1589] loss: 0.2104, lr: 1.00e-04
			fg/bg=(154/870), time cost: 543.103931
			rpn_cls: 0.0067, rpn_box: 0.0162, rcnn_cls: 0.0644, rcnn_box 0.0808
[session 1][epoch  8][iter  400/1589] loss: 0.2236, lr: 1.00e-04
			fg/bg=(256/768), time cost: 545.289162
			rpn_cls: 0.0227, rpn_box: 0.0872, rcnn_cls: 0.0527, rcnn_box 0.0818
[session 1][epoch  8][iter  500/1589] loss: 0.2081, lr: 1.00e-04
			fg/bg=(256/768), time cost: 544.545259
			rpn_cls: 0.0111, rpn_box: 0.0573, rcnn_cls: 0.0510, rcnn_box 0.0632
[session 1][epoch  8][iter  600/1589] loss: 0.2123, lr: 1.00e-04
			fg/bg=(222/802), time cost: 545.722665
			rpn_cls: 0.0138, rpn_box: 0.0066, rcnn_cls: 0.0448, rcnn_box 0.0650
[session 1][epoch  8][iter  700/1589] loss: 0.2109, lr: 1.00e-04
			fg/bg=(211/813), time cost: 545.615422
			rpn_cls: 0.0066, rpn_box: 0.0426, rcnn_cls: 0.0581, rcnn_box 0.0659
[session 1][epoch  8][iter  800/1589] loss: 0.2084, lr: 1.00e-04
			fg/bg=(233/791), time cost: 546.158830
			rpn_cls: 0.0062, rpn_box: 0.0279, rcnn_cls: 0.0450, rcnn_box 0.0624
[session 1][epoch  8][iter  900/1589] loss: 0.2185, lr: 1.00e-04
			fg/bg=(225/799), time cost: 545.456678
			rpn_cls: 0.0239, rpn_box: 0.0449, rcnn_cls: 0.1177, rcnn_box 0.0603
[session 1][epoch  8][iter 1000/1589] loss: 0.2114, lr: 1.00e-04
			fg/bg=(256/768), time cost: 544.051472
			rpn_cls: 0.0330, rpn_box: 0.0680, rcnn_cls: 0.0953, rcnn_box 0.0999
[session 1][epoch  8][iter 1100/1589] loss: 0.2079, lr: 1.00e-04
			fg/bg=(256/768), time cost: 546.955412
			rpn_cls: 0.0151, rpn_box: 0.0181, rcnn_cls: 0.0649, rcnn_box 0.0636
[session 1][epoch  8][iter 1200/1589] loss: 0.2049, lr: 1.00e-04
			fg/bg=(256/768), time cost: 545.836714
			rpn_cls: 0.0206, rpn_box: 0.1122, rcnn_cls: 0.0641, rcnn_box 0.0922
[session 1][epoch  8][iter 1300/1589] loss: 0.2150, lr: 1.00e-04
			fg/bg=(230/794), time cost: 544.484506
			rpn_cls: 0.0128, rpn_box: 0.0063, rcnn_cls: 0.0541, rcnn_box 0.0660
[session 1][epoch  8][iter 1400/1589] loss: 0.2118, lr: 1.00e-04
			fg/bg=(248/776), time cost: 545.084587
			rpn_cls: 0.0340, rpn_box: 0.0916, rcnn_cls: 0.0794, rcnn_box 0.1129
[session 1][epoch  8][iter 1500/1589] loss: 0.2138, lr: 1.00e-04
			fg/bg=(202/822), time cost: 546.501567
			rpn_cls: 0.0067, rpn_box: 0.0169, rcnn_cls: 0.0405, rcnn_box 0.0491
total training time: 65505.754996
[session 1][epoch  9][iter    0/1589] loss: 0.2329, lr: 1.00e-04
			fg/bg=(256/768), time cost: 6.109905
			rpn_cls: 0.0196, rpn_box: 0.0694, rcnn_cls: 0.0548, rcnn_box 0.0892
[session 1][epoch  9][iter  100/1589] loss: 0.2013, lr: 1.00e-04
			fg/bg=(215/809), time cost: 544.206528
			rpn_cls: 0.0099, rpn_box: 0.0045, rcnn_cls: 0.0452, rcnn_box 0.0677
[session 1][epoch  9][iter  200/1589] loss: 0.2058, lr: 1.00e-04
			fg/bg=(201/823), time cost: 542.668271
			rpn_cls: 0.0079, rpn_box: 0.0138, rcnn_cls: 0.0418, rcnn_box 0.0525
[session 1][epoch  9][iter  300/1589] loss: 0.1981, lr: 1.00e-04
			fg/bg=(252/772), time cost: 545.264748
			rpn_cls: 0.0214, rpn_box: 0.0532, rcnn_cls: 0.0542, rcnn_box 0.0721
[session 1][epoch  9][iter  400/1589] loss: 0.2089, lr: 1.00e-04
			fg/bg=(256/768), time cost: 544.712100
			rpn_cls: 0.0293, rpn_box: 0.0370, rcnn_cls: 0.0852, rcnn_box 0.0858
[session 1][epoch  9][iter  500/1589] loss: 0.2079, lr: 1.00e-04
			fg/bg=(206/818), time cost: 544.554778
			rpn_cls: 0.0038, rpn_box: 0.0314, rcnn_cls: 0.0718, rcnn_box 0.0906
[session 1][epoch  9][iter  600/1589] loss: 0.2031, lr: 1.00e-04
			fg/bg=(241/783), time cost: 544.528897
			rpn_cls: 0.0161, rpn_box: 0.0704, rcnn_cls: 0.0724, rcnn_box 0.0927
[session 1][epoch  9][iter  700/1589] loss: 0.1927, lr: 1.00e-04
			fg/bg=(248/776), time cost: 545.478760
			rpn_cls: 0.0115, rpn_box: 0.0207, rcnn_cls: 0.0945, rcnn_box 0.0799
[session 1][epoch  9][iter  800/1589] loss: 0.2117, lr: 1.00e-04
			fg/bg=(212/812), time cost: 543.403341
			rpn_cls: 0.0052, rpn_box: 0.0172, rcnn_cls: 0.0376, rcnn_box 0.0530
[session 1][epoch  9][iter  900/1589] loss: 0.2132, lr: 1.00e-04
			fg/bg=(196/828), time cost: 542.830862
			rpn_cls: 0.0216, rpn_box: 0.0732, rcnn_cls: 0.0746, rcnn_box 0.0646
[session 1][epoch  9][iter 1000/1589] loss: 0.2012, lr: 1.00e-04
			fg/bg=(205/819), time cost: 543.437232
			rpn_cls: 0.0084, rpn_box: 0.0042, rcnn_cls: 0.0443, rcnn_box 0.0876
[session 1][epoch  9][iter 1100/1589] loss: 0.1961, lr: 1.00e-04
			fg/bg=(256/768), time cost: 544.086571
			rpn_cls: 0.0221, rpn_box: 0.0903, rcnn_cls: 0.0951, rcnn_box 0.0897
[session 1][epoch  9][iter 1200/1589] loss: 0.1985, lr: 1.00e-04
			fg/bg=(232/792), time cost: 546.417470
			rpn_cls: 0.0221, rpn_box: 0.0888, rcnn_cls: 0.0844, rcnn_box 0.1052
[session 1][epoch  9][iter 1300/1589] loss: 0.2116, lr: 1.00e-04
			fg/bg=(212/812), time cost: 543.938930
			rpn_cls: 0.0124, rpn_box: 0.0595, rcnn_cls: 0.0604, rcnn_box 0.0737
[session 1][epoch  9][iter 1400/1589] loss: 0.2049, lr: 1.00e-04
			fg/bg=(203/821), time cost: 545.303948
			rpn_cls: 0.0211, rpn_box: 0.0645, rcnn_cls: 0.0672, rcnn_box 0.0609
[session 1][epoch  9][iter 1500/1589] loss: 0.1995, lr: 1.00e-04
			fg/bg=(256/768), time cost: 544.344114
			rpn_cls: 0.0358, rpn_box: 0.0255, rcnn_cls: 0.0701, rcnn_box 0.0832
total training time: 73677.041451
[session 1][epoch 10][iter    0/1589] loss: 0.1238, lr: 1.00e-04
			fg/bg=(224/800), time cost: 6.519126
			rpn_cls: 0.0041, rpn_box: 0.0032, rcnn_cls: 0.0645, rcnn_box 0.0520
[session 1][epoch 10][iter  100/1589] loss: 0.2137, lr: 1.00e-04
			fg/bg=(225/799), time cost: 543.027136
			rpn_cls: 0.0084, rpn_box: 0.0367, rcnn_cls: 0.0605, rcnn_box 0.0766
[session 1][epoch 10][iter  200/1589] loss: 0.1985, lr: 1.00e-04
			fg/bg=(252/772), time cost: 545.404808
			rpn_cls: 0.0394, rpn_box: 0.1307, rcnn_cls: 0.1083, rcnn_box 0.1161
[session 1][epoch 10][iter  300/1589] loss: 0.1930, lr: 1.00e-04
			fg/bg=(188/836), time cost: 544.692370
			rpn_cls: 0.0107, rpn_box: 0.0057, rcnn_cls: 0.0285, rcnn_box 0.0613
[session 1][epoch 10][iter  400/1589] loss: 0.1945, lr: 1.00e-04
			fg/bg=(256/768), time cost: 544.593108
			rpn_cls: 0.0136, rpn_box: 0.1085, rcnn_cls: 0.0687, rcnn_box 0.1003
[session 1][epoch 10][iter  500/1589] loss: 0.2072, lr: 1.00e-04
			fg/bg=(231/793), time cost: 545.395026
			rpn_cls: 0.0106, rpn_box: 0.0671, rcnn_cls: 0.1132, rcnn_box 0.0671
[session 1][epoch 10][iter  600/1589] loss: 0.1885, lr: 1.00e-04
			fg/bg=(205/819), time cost: 545.393948
			rpn_cls: 0.0109, rpn_box: 0.0422, rcnn_cls: 0.1067, rcnn_box 0.0793
[session 1][epoch 10][iter  700/1589] loss: 0.1902, lr: 1.00e-04
			fg/bg=(151/873), time cost: 544.473440
			rpn_cls: 0.0086, rpn_box: 0.0121, rcnn_cls: 0.0614, rcnn_box 0.0461
[session 1][epoch 10][iter  800/1589] loss: 0.2067, lr: 1.00e-04
			fg/bg=(233/791), time cost: 546.035809
			rpn_cls: 0.0139, rpn_box: 0.0614, rcnn_cls: 0.0452, rcnn_box 0.0562
[session 1][epoch 10][iter  900/1589] loss: 0.1948, lr: 1.00e-04
			fg/bg=(228/796), time cost: 545.639261
			rpn_cls: 0.0231, rpn_box: 0.0925, rcnn_cls: 0.0763, rcnn_box 0.0705
[session 1][epoch 10][iter 1000/1589] loss: 0.2109, lr: 1.00e-04
			fg/bg=(230/794), time cost: 542.344163
			rpn_cls: 0.0067, rpn_box: 0.0477, rcnn_cls: 0.0476, rcnn_box 0.0953
[session 1][epoch 10][iter 1100/1589] loss: 0.1938, lr: 1.00e-04
			fg/bg=(200/824), time cost: 546.159781
			rpn_cls: 0.0021, rpn_box: 0.0025, rcnn_cls: 0.0318, rcnn_box 0.0416
[session 1][epoch 10][iter 1200/1589] loss: 0.1830, lr: 1.00e-04
			fg/bg=(196/828), time cost: 544.980654
			rpn_cls: 0.0163, rpn_box: 0.0624, rcnn_cls: 0.0698, rcnn_box 0.0667
[session 1][epoch 10][iter 1300/1589] loss: 0.1920, lr: 1.00e-04
			fg/bg=(241/783), time cost: 546.530620
			rpn_cls: 0.0083, rpn_box: 0.0489, rcnn_cls: 0.0644, rcnn_box 0.0656
[session 1][epoch 10][iter 1400/1589] loss: 0.2021, lr: 1.00e-04
			fg/bg=(209/815), time cost: 543.123640
			rpn_cls: 0.0091, rpn_box: 0.0042, rcnn_cls: 0.0353, rcnn_box 0.0328
[session 1][epoch 10][iter 1500/1589] loss: 0.1979, lr: 1.00e-04
			fg/bg=(235/789), time cost: 546.365645
			rpn_cls: 0.0121, rpn_box: 0.0115, rcnn_cls: 0.0585, rcnn_box 0.0820
total training time: 81857.719986
[session 1][epoch 11][iter    0/1589] loss: 0.1269, lr: 1.00e-04
			fg/bg=(231/793), time cost: 6.424676
			rpn_cls: 0.0108, rpn_box: 0.0128, rcnn_cls: 0.0362, rcnn_box 0.0671
[session 1][epoch 11][iter  100/1589] loss: 0.1992, lr: 1.00e-04
			fg/bg=(256/768), time cost: 540.887466
			rpn_cls: 0.0119, rpn_box: 0.1327, rcnn_cls: 0.0611, rcnn_box 0.0620
[session 1][epoch 11][iter  200/1589] loss: 0.1880, lr: 1.00e-04
			fg/bg=(211/813), time cost: 552.988267
			rpn_cls: 0.0187, rpn_box: 0.0305, rcnn_cls: 0.0602, rcnn_box 0.0616
[session 1][epoch 11][iter  300/1589] loss: 0.1928, lr: 1.00e-04
			fg/bg=(208/816), time cost: 547.299423
			rpn_cls: 0.0079, rpn_box: 0.0152, rcnn_cls: 0.0431, rcnn_box 0.0614
[session 1][epoch 11][iter  400/1589] loss: 0.1905, lr: 1.00e-04
			fg/bg=(236/788), time cost: 544.036252
			rpn_cls: 0.0103, rpn_box: 0.0377, rcnn_cls: 0.0551, rcnn_box 0.1082
[session 1][epoch 11][iter  500/1589] loss: 0.1954, lr: 1.00e-04
			fg/bg=(205/819), time cost: 545.160338
			rpn_cls: 0.0034, rpn_box: 0.0181, rcnn_cls: 0.0353, rcnn_box 0.0404
[session 1][epoch 11][iter  600/1589] loss: 0.2021, lr: 1.00e-04
			fg/bg=(254/770), time cost: 546.863190
			rpn_cls: 0.0166, rpn_box: 0.0909, rcnn_cls: 0.0940, rcnn_box 0.0993
[session 1][epoch 11][iter  700/1589] loss: 0.2007, lr: 1.00e-04
			fg/bg=(234/790), time cost: 543.381514
			rpn_cls: 0.0239, rpn_box: 0.0880, rcnn_cls: 0.0699, rcnn_box 0.0681
[session 1][epoch 11][iter  800/1589] loss: 0.1901, lr: 1.00e-04
			fg/bg=(226/798), time cost: 545.416052
			rpn_cls: 0.0126, rpn_box: 0.0300, rcnn_cls: 0.0491, rcnn_box 0.0401
[session 1][epoch 11][iter  900/1589] loss: 0.1930, lr: 1.00e-04
			fg/bg=(168/856), time cost: 547.978376
			rpn_cls: 0.0084, rpn_box: 0.0502, rcnn_cls: 0.0590, rcnn_box 0.0500
[session 1][epoch 11][iter 1000/1589] loss: 0.1914, lr: 1.00e-04
			fg/bg=(238/786), time cost: 545.454123
			rpn_cls: 0.0282, rpn_box: 0.0847, rcnn_cls: 0.0802, rcnn_box 0.0789
[session 1][epoch 11][iter 1100/1589] loss: 0.2001, lr: 1.00e-04
			fg/bg=(169/855), time cost: 544.496597
			rpn_cls: 0.0035, rpn_box: 0.0036, rcnn_cls: 0.0542, rcnn_box 0.0693
[session 1][epoch 11][iter 1200/1589] loss: 0.1953, lr: 1.00e-04
			fg/bg=(218/806), time cost: 547.658380
			rpn_cls: 0.0191, rpn_box: 0.0703, rcnn_cls: 0.0607, rcnn_box 0.0696
[session 1][epoch 11][iter 1300/1589] loss: 0.1821, lr: 1.00e-04
			fg/bg=(229/795), time cost: 546.618014
			rpn_cls: 0.0155, rpn_box: 0.0219, rcnn_cls: 0.0735, rcnn_box 0.1241
[session 1][epoch 11][iter 1400/1589] loss: 0.1721, lr: 1.00e-04
			fg/bg=(185/839), time cost: 547.364828
			rpn_cls: 0.0092, rpn_box: 0.0041, rcnn_cls: 0.0525, rcnn_box 0.0759
[session 1][epoch 11][iter 1500/1589] loss: 0.1878, lr: 1.00e-04
			fg/bg=(226/798), time cost: 546.940974
			rpn_cls: 0.0118, rpn_box: 0.0245, rcnn_cls: 0.0690, rcnn_box 0.0485
total training time: 90056.688457
[session 1][epoch 12][iter    0/1589] loss: 0.3178, lr: 1.00e-05
			fg/bg=(256/768), time cost: 6.221636
			rpn_cls: 0.0323, rpn_box: 0.1073, rcnn_cls: 0.0533, rcnn_box 0.1249
[session 1][epoch 12][iter  100/1589] loss: 0.1939, lr: 1.00e-05
			fg/bg=(228/796), time cost: 543.566369
			rpn_cls: 0.0122, rpn_box: 0.0291, rcnn_cls: 0.0879, rcnn_box 0.0923
[session 1][epoch 12][iter  200/1589] loss: 0.1757, lr: 1.00e-05
			fg/bg=(232/792), time cost: 547.624350
			rpn_cls: 0.0143, rpn_box: 0.0329, rcnn_cls: 0.0666, rcnn_box 0.0783
[session 1][epoch 12][iter  300/1589] loss: 0.1857, lr: 1.00e-05
			fg/bg=(199/825), time cost: 545.294724
			rpn_cls: 0.0030, rpn_box: 0.0041, rcnn_cls: 0.0579, rcnn_box 0.0864
[session 1][epoch 12][iter  400/1589] loss: 0.1939, lr: 1.00e-05
			fg/bg=(245/779), time cost: 543.321019
			rpn_cls: 0.0170, rpn_box: 0.0687, rcnn_cls: 0.0543, rcnn_box 0.0657
[session 1][epoch 12][iter  500/1589] loss: 0.1892, lr: 1.00e-05
			fg/bg=(228/796), time cost: 543.787463
			rpn_cls: 0.0076, rpn_box: 0.0322, rcnn_cls: 0.0345, rcnn_box 0.0593
[session 1][epoch 12][iter  600/1589] loss: 0.1789, lr: 1.00e-05
			fg/bg=(246/778), time cost: 544.576303
			rpn_cls: 0.0294, rpn_box: 0.0201, rcnn_cls: 0.1124, rcnn_box 0.0759
[session 1][epoch 12][iter  700/1589] loss: 0.1757, lr: 1.00e-05
			fg/bg=(227/797), time cost: 543.664470
			rpn_cls: 0.0065, rpn_box: 0.0296, rcnn_cls: 0.0775, rcnn_box 0.0679
[session 1][epoch 12][iter  800/1589] loss: 0.1869, lr: 1.00e-05
			fg/bg=(201/823), time cost: 544.549177
			rpn_cls: 0.0152, rpn_box: 0.0518, rcnn_cls: 0.0420, rcnn_box 0.0622
[session 1][epoch 12][iter  900/1589] loss: 0.1796, lr: 1.00e-05
			fg/bg=(242/782), time cost: 546.412457
			rpn_cls: 0.0148, rpn_box: 0.0910, rcnn_cls: 0.0475, rcnn_box 0.0626
[session 1][epoch 12][iter 1000/1589] loss: 0.1991, lr: 1.00e-05
			fg/bg=(208/816), time cost: 545.388326
			rpn_cls: 0.0247, rpn_box: 0.0461, rcnn_cls: 0.0586, rcnn_box 0.1398
[session 1][epoch 12][iter 1100/1589] loss: 0.1827, lr: 1.00e-05
			fg/bg=(250/774), time cost: 544.908816
			rpn_cls: 0.0248, rpn_box: 0.0760, rcnn_cls: 0.1862, rcnn_box 0.1225
[session 1][epoch 12][iter 1200/1589] loss: 0.1930, lr: 1.00e-05
			fg/bg=(256/768), time cost: 545.287605
			rpn_cls: 0.0113, rpn_box: 0.0839, rcnn_cls: 0.0616, rcnn_box 0.0720
[session 1][epoch 12][iter 1300/1589] loss: 0.1767, lr: 1.00e-05
			fg/bg=(212/812), time cost: 543.752471
			rpn_cls: 0.0020, rpn_box: 0.0034, rcnn_cls: 0.0363, rcnn_box 0.0273
[session 1][epoch 12][iter 1400/1589] loss: 0.1766, lr: 1.00e-05
			fg/bg=(211/813), time cost: 546.673834
			rpn_cls: 0.0045, rpn_box: 0.0389, rcnn_cls: 0.0350, rcnn_box 0.0771
[session 1][epoch 12][iter 1500/1589] loss: 0.1908, lr: 1.00e-05
			fg/bg=(224/800), time cost: 544.587699
			rpn_cls: 0.0178, rpn_box: 0.0872, rcnn_cls: 0.0796, rcnn_box 0.0623
total training time: 98236.305177
[session 1][epoch 13][iter    0/1589] loss: 0.1305, lr: 1.00e-05
			fg/bg=(210/814), time cost: 6.267439
			rpn_cls: 0.0112, rpn_box: 0.0365, rcnn_cls: 0.0396, rcnn_box 0.0431
[session 1][epoch 13][iter  100/1589] loss: 0.1891, lr: 1.00e-05
			fg/bg=(203/821), time cost: 540.246718
			rpn_cls: 0.0033, rpn_box: 0.0151, rcnn_cls: 0.0386, rcnn_box 0.0544
[session 1][epoch 13][iter  200/1589] loss: 0.1844, lr: 1.00e-05
			fg/bg=(225/799), time cost: 542.690302
			rpn_cls: 0.0090, rpn_box: 0.0288, rcnn_cls: 0.0458, rcnn_box 0.0590
[session 1][epoch 13][iter  300/1589] loss: 0.1972, lr: 1.00e-05
			fg/bg=(198/826), time cost: 542.942232
			rpn_cls: 0.0103, rpn_box: 0.0053, rcnn_cls: 0.0563, rcnn_box 0.0304
[session 1][epoch 13][iter  400/1589] loss: 0.1742, lr: 1.00e-05
			fg/bg=(203/821), time cost: 546.103249
			rpn_cls: 0.0145, rpn_box: 0.0289, rcnn_cls: 0.0670, rcnn_box 0.0721
[session 1][epoch 13][iter  500/1589] loss: 0.1925, lr: 1.00e-05
			fg/bg=(219/805), time cost: 544.793924
			rpn_cls: 0.0156, rpn_box: 0.0170, rcnn_cls: 0.0772, rcnn_box 0.0875
[session 1][epoch 13][iter  600/1589] loss: 0.1767, lr: 1.00e-05
			fg/bg=(230/794), time cost: 545.446666
			rpn_cls: 0.0102, rpn_box: 0.0091, rcnn_cls: 0.0710, rcnn_box 0.0949
[session 1][epoch 13][iter  700/1589] loss: 0.1886, lr: 1.00e-05
			fg/bg=(256/768), time cost: 543.222406
			rpn_cls: 0.0168, rpn_box: 0.0557, rcnn_cls: 0.1478, rcnn_box 0.0781
[session 1][epoch 13][iter  800/1589] loss: 0.1808, lr: 1.00e-05
			fg/bg=(248/776), time cost: 544.726819
			rpn_cls: 0.0402, rpn_box: 0.0898, rcnn_cls: 0.0839, rcnn_box 0.0952
[session 1][epoch 13][iter  900/1589] loss: 0.1750, lr: 1.00e-05
			fg/bg=(230/794), time cost: 545.274938
			rpn_cls: 0.0053, rpn_box: 0.0219, rcnn_cls: 0.0574, rcnn_box 0.0569
[session 1][epoch 13][iter 1000/1589] loss: 0.1827, lr: 1.00e-05
			fg/bg=(223/801), time cost: 545.679409
			rpn_cls: 0.0043, rpn_box: 0.0055, rcnn_cls: 0.0654, rcnn_box 0.0753
[session 1][epoch 13][iter 1100/1589] loss: 0.1793, lr: 1.00e-05
			fg/bg=(210/814), time cost: 547.233634
			rpn_cls: 0.0091, rpn_box: 0.0436, rcnn_cls: 0.0730, rcnn_box 0.0662
[session 1][epoch 13][iter 1200/1589] loss: 0.1964, lr: 1.00e-05
			fg/bg=(227/797), time cost: 544.558054
			rpn_cls: 0.0216, rpn_box: 0.0405, rcnn_cls: 0.0672, rcnn_box 0.0536
[session 1][epoch 13][iter 1300/1589] loss: 0.1847, lr: 1.00e-05
			fg/bg=(223/801), time cost: 544.345813
			rpn_cls: 0.0197, rpn_box: 0.0460, rcnn_cls: 0.0875, rcnn_box 0.0900
[session 1][epoch 13][iter 1400/1589] loss: 0.1703, lr: 1.00e-05
			fg/bg=(207/817), time cost: 544.966604
			rpn_cls: 0.0084, rpn_box: 0.0355, rcnn_cls: 0.0290, rcnn_box 0.0547
[session 1][epoch 13][iter 1500/1589] loss: 0.1775, lr: 1.00e-05
			fg/bg=(256/768), time cost: 544.702009
			rpn_cls: 0.0344, rpn_box: 0.1044, rcnn_cls: 0.0561, rcnn_box 0.0852
total training time: 106409.505393
[session 1][epoch 14][iter    0/1589] loss: 0.1408, lr: 1.00e-05
			fg/bg=(228/796), time cost: 6.473829
			rpn_cls: 0.0069, rpn_box: 0.0280, rcnn_cls: 0.0516, rcnn_box 0.0542
[session 1][epoch 14][iter  100/1589] loss: 0.1790, lr: 1.00e-05
			fg/bg=(219/805), time cost: 541.528554
			rpn_cls: 0.0020, rpn_box: 0.0173, rcnn_cls: 0.0201, rcnn_box 0.0464
[session 1][epoch 14][iter  200/1589] loss: 0.1778, lr: 1.00e-05
			fg/bg=(231/793), time cost: 541.561815
			rpn_cls: 0.0182, rpn_box: 0.0311, rcnn_cls: 0.0445, rcnn_box 0.0469
[session 1][epoch 14][iter  300/1589] loss: 0.1838, lr: 1.00e-05
			fg/bg=(198/826), time cost: 541.059552
			rpn_cls: 0.0174, rpn_box: 0.0691, rcnn_cls: 0.0616, rcnn_box 0.0598
[session 1][epoch 14][iter  400/1589] loss: 0.1659, lr: 1.00e-05
			fg/bg=(256/768), time cost: 542.950943
			rpn_cls: 0.0312, rpn_box: 0.0289, rcnn_cls: 0.0691, rcnn_box 0.0786
[session 1][epoch 14][iter  500/1589] loss: 0.1861, lr: 1.00e-05
			fg/bg=(256/768), time cost: 541.738162
			rpn_cls: 0.0191, rpn_box: 0.1151, rcnn_cls: 0.0516, rcnn_box 0.0513
[session 1][epoch 14][iter  600/1589] loss: 0.2016, lr: 1.00e-05
			fg/bg=(255/769), time cost: 539.550237
			rpn_cls: 0.0209, rpn_box: 0.0902, rcnn_cls: 0.0519, rcnn_box 0.0558
[session 1][epoch 14][iter  700/1589] loss: 0.1658, lr: 1.00e-05
			fg/bg=(256/768), time cost: 541.522292
			rpn_cls: 0.0240, rpn_box: 0.1124, rcnn_cls: 0.0468, rcnn_box 0.0673
[session 1][epoch 14][iter  800/1589] loss: 0.1900, lr: 1.00e-05
			fg/bg=(230/794), time cost: 540.505296
			rpn_cls: 0.0135, rpn_box: 0.0406, rcnn_cls: 0.0528, rcnn_box 0.0525
[session 1][epoch 14][iter  900/1589] loss: 0.1887, lr: 1.00e-05
			fg/bg=(256/768), time cost: 541.862017
			rpn_cls: 0.0167, rpn_box: 0.0692, rcnn_cls: 0.0408, rcnn_box 0.0505
[session 1][epoch 14][iter 1000/1589] loss: 0.1842, lr: 1.00e-05
			fg/bg=(256/768), time cost: 541.316006
			rpn_cls: 0.0173, rpn_box: 0.0492, rcnn_cls: 0.1091, rcnn_box 0.0648
[session 1][epoch 14][iter 1100/1589] loss: 0.1857, lr: 1.00e-05
			fg/bg=(245/779), time cost: 539.935398
			rpn_cls: 0.0224, rpn_box: 0.0326, rcnn_cls: 0.0674, rcnn_box 0.0863
[session 1][epoch 14][iter 1200/1589] loss: 0.1804, lr: 1.00e-05
			fg/bg=(222/802), time cost: 541.408779
			rpn_cls: 0.0092, rpn_box: 0.0400, rcnn_cls: 0.0426, rcnn_box 0.0554
[session 1][epoch 14][iter 1300/1589] loss: 0.1865, lr: 1.00e-05
			fg/bg=(217/807), time cost: 539.976441
			rpn_cls: 0.0046, rpn_box: 0.0202, rcnn_cls: 0.0395, rcnn_box 0.0510
[session 1][epoch 14][iter 1400/1589] loss: 0.1897, lr: 1.00e-05
			fg/bg=(216/808), time cost: 539.669260
			rpn_cls: 0.0150, rpn_box: 0.0550, rcnn_cls: 0.0846, rcnn_box 0.0657
[session 1][epoch 14][iter 1500/1589] loss: 0.1756, lr: 1.00e-05
			fg/bg=(216/808), time cost: 542.622717
			rpn_cls: 0.0043, rpn_box: 0.0152, rcnn_cls: 0.0532, rcnn_box 0.0583
total training time: 114533.186691
[session 1][epoch 15][iter    0/1589] loss: 0.1510, lr: 1.00e-05
			fg/bg=(225/799), time cost: 6.442180
			rpn_cls: 0.0055, rpn_box: 0.0155, rcnn_cls: 0.0591, rcnn_box 0.0709
[session 1][epoch 15][iter  100/1589] loss: 0.1864, lr: 1.00e-05
			fg/bg=(208/816), time cost: 540.801076
			rpn_cls: 0.0023, rpn_box: 0.0192, rcnn_cls: 0.0420, rcnn_box 0.0616
[session 1][epoch 15][iter  200/1589] loss: 0.1788, lr: 1.00e-05
			fg/bg=(237/787), time cost: 540.674834
			rpn_cls: 0.0199, rpn_box: 0.0589, rcnn_cls: 0.0710, rcnn_box 0.0759
[session 1][epoch 15][iter  300/1589] loss: 0.1798, lr: 1.00e-05
			fg/bg=(207/817), time cost: 538.951162
			rpn_cls: 0.0082, rpn_box: 0.0317, rcnn_cls: 0.0537, rcnn_box 0.0509
[session 1][epoch 15][iter  400/1589] loss: 0.1950, lr: 1.00e-05
			fg/bg=(199/825), time cost: 538.437682
			rpn_cls: 0.0073, rpn_box: 0.0425, rcnn_cls: 0.0663, rcnn_box 0.0556
[session 1][epoch 15][iter  500/1589] loss: 0.1758, lr: 1.00e-05
			fg/bg=(256/768), time cost: 541.042498
			rpn_cls: 0.0275, rpn_box: 0.0329, rcnn_cls: 0.1224, rcnn_box 0.1396
[session 1][epoch 15][iter  600/1589] loss: 0.1852, lr: 1.00e-05
			fg/bg=(233/791), time cost: 541.565977
			rpn_cls: 0.0101, rpn_box: 0.0518, rcnn_cls: 0.0514, rcnn_box 0.0608
[session 1][epoch 15][iter  700/1589] loss: 0.1736, lr: 1.00e-05
			fg/bg=(224/800), time cost: 541.147557
			rpn_cls: 0.0018, rpn_box: 0.0080, rcnn_cls: 0.0542, rcnn_box 0.0414
[session 1][epoch 15][iter  800/1589] loss: 0.1944, lr: 1.00e-05
			fg/bg=(232/792), time cost: 538.120257
			rpn_cls: 0.0236, rpn_box: 0.0205, rcnn_cls: 0.0365, rcnn_box 0.0533
[session 1][epoch 15][iter  900/1589] loss: 0.1888, lr: 1.00e-05
			fg/bg=(253/771), time cost: 542.266369
			rpn_cls: 0.0172, rpn_box: 0.1126, rcnn_cls: 0.0658, rcnn_box 0.0649
[session 1][epoch 15][iter 1000/1589] loss: 0.1822, lr: 1.00e-05
			fg/bg=(239/785), time cost: 543.189084
			rpn_cls: 0.0211, rpn_box: 0.0601, rcnn_cls: 0.1255, rcnn_box 0.1831
[session 1][epoch 15][iter 1100/1589] loss: 0.1778, lr: 1.00e-05
			fg/bg=(212/812), time cost: 541.858793
			rpn_cls: 0.0107, rpn_box: 0.0439, rcnn_cls: 0.1201, rcnn_box 0.0554
[session 1][epoch 15][iter 1200/1589] loss: 0.1809, lr: 1.00e-05
			fg/bg=(233/791), time cost: 541.483335
			rpn_cls: 0.0099, rpn_box: 0.0385, rcnn_cls: 0.0521, rcnn_box 0.0619
[session 1][epoch 15][iter 1300/1589] loss: 0.1792, lr: 1.00e-05
			fg/bg=(256/768), time cost: 540.240503
			rpn_cls: 0.0133, rpn_box: 0.1048, rcnn_cls: 0.0803, rcnn_box 0.1089
[session 1][epoch 15][iter 1400/1589] loss: 0.1785, lr: 1.00e-05
			fg/bg=(192/832), time cost: 541.555705
			rpn_cls: 0.0107, rpn_box: 0.0445, rcnn_cls: 0.0500, rcnn_box 0.0401
[session 1][epoch 15][iter 1500/1589] loss: 0.1736, lr: 1.00e-05
			fg/bg=(207/817), time cost: 539.789692
			rpn_cls: 0.0056, rpn_box: 0.0134, rcnn_cls: 0.0617, rcnn_box 0.0548
total training time: 122650.753393
[session 1][epoch 16][iter    0/1589] loss: 0.3489, lr: 1.00e-05
			fg/bg=(254/770), time cost: 6.314519
			rpn_cls: 0.0754, rpn_box: 0.0430, rcnn_cls: 0.1073, rcnn_box 0.1232
[session 1][epoch 16][iter  100/1589] loss: 0.1758, lr: 1.00e-05
			fg/bg=(227/797), time cost: 546.061839
			rpn_cls: 0.0068, rpn_box: 0.0156, rcnn_cls: 0.0630, rcnn_box 0.0684
[session 1][epoch 16][iter  200/1589] loss: 0.1805, lr: 1.00e-05
			fg/bg=(212/812), time cost: 544.626424
			rpn_cls: 0.0228, rpn_box: 0.0044, rcnn_cls: 0.0594, rcnn_box 0.0927
[session 1][epoch 16][iter  300/1589] loss: 0.1748, lr: 1.00e-05
			fg/bg=(252/772), time cost: 543.270614
			rpn_cls: 0.0128, rpn_box: 0.0351, rcnn_cls: 0.0828, rcnn_box 0.0768
[session 1][epoch 16][iter  400/1589] loss: 0.1739, lr: 1.00e-05
			fg/bg=(218/806), time cost: 542.922856
			rpn_cls: 0.0212, rpn_box: 0.0718, rcnn_cls: 0.0690, rcnn_box 0.0657
[session 1][epoch 16][iter  500/1589] loss: 0.1847, lr: 1.00e-05
			fg/bg=(223/801), time cost: 542.147052
			rpn_cls: 0.0124, rpn_box: 0.0297, rcnn_cls: 0.0793, rcnn_box 0.0808
[session 1][epoch 16][iter  600/1589] loss: 0.1738, lr: 1.00e-05
			fg/bg=(243/781), time cost: 541.785480
			rpn_cls: 0.0138, rpn_box: 0.0231, rcnn_cls: 0.0665, rcnn_box 0.0550
[session 1][epoch 16][iter  700/1589] loss: 0.1771, lr: 1.00e-05
			fg/bg=(256/768), time cost: 540.794780
			rpn_cls: 0.0168, rpn_box: 0.1072, rcnn_cls: 0.0571, rcnn_box 0.0676
[session 1][epoch 16][iter  800/1589] loss: 0.1946, lr: 1.00e-05
			fg/bg=(256/768), time cost: 543.001611
			rpn_cls: 0.0262, rpn_box: 0.0991, rcnn_cls: 0.0529, rcnn_box 0.0737
[session 1][epoch 16][iter  900/1589] loss: 0.1974, lr: 1.00e-05
			fg/bg=(196/828), time cost: 544.550886
			rpn_cls: 0.0147, rpn_box: 0.0320, rcnn_cls: 0.0467, rcnn_box 0.0481
[session 1][epoch 16][iter 1000/1589] loss: 0.1820, lr: 1.00e-05
			fg/bg=(213/811), time cost: 542.613463
			rpn_cls: 0.0028, rpn_box: 0.0050, rcnn_cls: 0.0476, rcnn_box 0.0539
[session 1][epoch 16][iter 1100/1589] loss: 0.1833, lr: 1.00e-05
			fg/bg=(198/826), time cost: 544.180615
			rpn_cls: 0.0312, rpn_box: 0.0586, rcnn_cls: 0.0634, rcnn_box 0.0602
[session 1][epoch 16][iter 1200/1589] loss: 0.1776, lr: 1.00e-05
			fg/bg=(188/836), time cost: 545.247858
			rpn_cls: 0.0117, rpn_box: 0.0048, rcnn_cls: 0.0645, rcnn_box 0.1141
[session 1][epoch 16][iter 1300/1589] loss: 0.1871, lr: 1.00e-05
			fg/bg=(247/777), time cost: 542.728876
			rpn_cls: 0.0269, rpn_box: 0.0760, rcnn_cls: 0.1787, rcnn_box 0.1254
[session 1][epoch 16][iter 1400/1589] loss: 0.1826, lr: 1.00e-05
			fg/bg=(229/795), time cost: 544.557893
			rpn_cls: 0.0185, rpn_box: 0.0177, rcnn_cls: 0.0776, rcnn_box 0.0914
[session 1][epoch 16][iter 1500/1589] loss: 0.1693, lr: 1.00e-05
			fg/bg=(228/796), time cost: 545.965908
			rpn_cls: 0.0159, rpn_box: 0.0320, rcnn_cls: 0.0732, rcnn_box 0.0617
total training time: 130811.524065
[session 1][epoch 17][iter    0/1589] loss: 0.1920, lr: 1.00e-05
			fg/bg=(238/786), time cost: 6.144343
			rpn_cls: 0.0110, rpn_box: 0.0372, rcnn_cls: 0.0788, rcnn_box 0.0649
[session 1][epoch 17][iter  100/1589] loss: 0.1782, lr: 1.00e-05
			fg/bg=(229/795), time cost: 544.626588
			rpn_cls: 0.0150, rpn_box: 0.0456, rcnn_cls: 0.1664, rcnn_box 0.1319
[session 1][epoch 17][iter  200/1589] loss: 0.1732, lr: 1.00e-05
			fg/bg=(197/827), time cost: 546.482032
			rpn_cls: 0.0013, rpn_box: 0.0117, rcnn_cls: 0.0464, rcnn_box 0.0492
[session 1][epoch 17][iter  300/1589] loss: 0.1836, lr: 1.00e-05
			fg/bg=(232/792), time cost: 542.673621
			rpn_cls: 0.0113, rpn_box: 0.0321, rcnn_cls: 0.0841, rcnn_box 0.0563
[session 1][epoch 17][iter  400/1589] loss: 0.1749, lr: 1.00e-05
			fg/bg=(234/790), time cost: 544.555248
			rpn_cls: 0.0183, rpn_box: 0.0169, rcnn_cls: 0.0550, rcnn_box 0.0728
[session 1][epoch 17][iter  500/1589] loss: 0.1991, lr: 1.00e-05
			fg/bg=(188/836), time cost: 541.538045
			rpn_cls: 0.0130, rpn_box: 0.0248, rcnn_cls: 0.0564, rcnn_box 0.0379
[session 1][epoch 17][iter  600/1589] loss: 0.1746, lr: 1.00e-05
			fg/bg=(239/785), time cost: 544.353472
			rpn_cls: 0.0198, rpn_box: 0.0597, rcnn_cls: 0.1041, rcnn_box 0.1600
[session 1][epoch 17][iter  700/1589] loss: 0.1873, lr: 1.00e-05
			fg/bg=(215/809), time cost: 545.879338
			rpn_cls: 0.0129, rpn_box: 0.0149, rcnn_cls: 0.0442, rcnn_box 0.0558
[session 1][epoch 17][iter  800/1589] loss: 0.1722, lr: 1.00e-05
			fg/bg=(210/814), time cost: 543.344670
			rpn_cls: 0.0083, rpn_box: 0.0422, rcnn_cls: 0.0670, rcnn_box 0.0695
[session 1][epoch 17][iter  900/1589] loss: 0.1810, lr: 1.00e-05
			fg/bg=(255/769), time cost: 543.374716
			rpn_cls: 0.0435, rpn_box: 0.0675, rcnn_cls: 0.0563, rcnn_box 0.0679
[session 1][epoch 17][iter 1000/1589] loss: 0.1934, lr: 1.00e-05
			fg/bg=(228/796), time cost: 542.512211
			rpn_cls: 0.0208, rpn_box: 0.0477, rcnn_cls: 0.0888, rcnn_box 0.1094
[session 1][epoch 17][iter 1100/1589] loss: 0.1850, lr: 1.00e-05
			fg/bg=(236/788), time cost: 543.508658
			rpn_cls: 0.0320, rpn_box: 0.0751, rcnn_cls: 0.0426, rcnn_box 0.0531
[session 1][epoch 17][iter 1200/1589] loss: 0.1683, lr: 1.00e-05
			fg/bg=(244/780), time cost: 544.510840
			rpn_cls: 0.0105, rpn_box: 0.0344, rcnn_cls: 0.0563, rcnn_box 0.0520
[session 1][epoch 17][iter 1300/1589] loss: 0.1892, lr: 1.00e-05
			fg/bg=(222/802), time cost: 544.591447
			rpn_cls: 0.0072, rpn_box: 0.0041, rcnn_cls: 0.0526, rcnn_box 0.0852
[session 1][epoch 17][iter 1400/1589] loss: 0.1700, lr: 1.00e-05
			fg/bg=(256/768), time cost: 543.823205
			rpn_cls: 0.0153, rpn_box: 0.1257, rcnn_cls: 0.0702, rcnn_box 0.0606
[session 1][epoch 17][iter 1500/1589] loss: 0.1890, lr: 1.00e-05
			fg/bg=(193/831), time cost: 543.418771
			rpn_cls: 0.0113, rpn_box: 0.0250, rcnn_cls: 0.0271, rcnn_box 0.0318
total training time: 138976.861268
[session 1][epoch 18][iter    0/1589] loss: 0.1212, lr: 1.00e-06
			fg/bg=(218/806), time cost: 6.455768
			rpn_cls: 0.0152, rpn_box: 0.0266, rcnn_cls: 0.0365, rcnn_box 0.0429
[session 1][epoch 18][iter  100/1589] loss: 0.1836, lr: 1.00e-06
			fg/bg=(222/802), time cost: 545.671921
			rpn_cls: 0.0279, rpn_box: 0.0241, rcnn_cls: 0.0933, rcnn_box 0.0921
[session 1][epoch 18][iter  200/1589] loss: 0.1808, lr: 1.00e-06
			fg/bg=(236/788), time cost: 543.606021
			rpn_cls: 0.0098, rpn_box: 0.0462, rcnn_cls: 0.1089, rcnn_box 0.1239
[session 1][epoch 18][iter  300/1589] loss: 0.1768, lr: 1.00e-06
			fg/bg=(256/768), time cost: 546.954288
			rpn_cls: 0.0326, rpn_box: 0.1110, rcnn_cls: 0.0550, rcnn_box 0.0842
[session 1][epoch 18][iter  400/1589] loss: 0.1702, lr: 1.00e-06
			fg/bg=(201/823), time cost: 545.091148
			rpn_cls: 0.0057, rpn_box: 0.0165, rcnn_cls: 0.0325, rcnn_box 0.0366
[session 1][epoch 18][iter  500/1589] loss: 0.1756, lr: 1.00e-06
			fg/bg=(211/813), time cost: 546.564082
			rpn_cls: 0.0029, rpn_box: 0.0165, rcnn_cls: 0.0306, rcnn_box 0.0535
[session 1][epoch 18][iter  600/1589] loss: 0.1834, lr: 1.00e-06
			fg/bg=(234/790), time cost: 544.429672
			rpn_cls: 0.0239, rpn_box: 0.0170, rcnn_cls: 0.0710, rcnn_box 0.0797
[session 1][epoch 18][iter  700/1589] loss: 0.1788, lr: 1.00e-06
			fg/bg=(211/813), time cost: 547.411212
			rpn_cls: 0.0038, rpn_box: 0.0194, rcnn_cls: 0.0446, rcnn_box 0.0528
[session 1][epoch 18][iter  800/1589] loss: 0.1703, lr: 1.00e-06
			fg/bg=(212/812), time cost: 545.832122
			rpn_cls: 0.0183, rpn_box: 0.0561, rcnn_cls: 0.0806, rcnn_box 0.0681
[session 1][epoch 18][iter  900/1589] loss: 0.1777, lr: 1.00e-06
			fg/bg=(256/768), time cost: 544.921831
			rpn_cls: 0.0114, rpn_box: 0.1002, rcnn_cls: 0.0707, rcnn_box 0.0677
[session 1][epoch 18][iter 1000/1589] loss: 0.1832, lr: 1.00e-06
			fg/bg=(256/768), time cost: 546.985198
			rpn_cls: 0.0263, rpn_box: 0.0950, rcnn_cls: 0.0659, rcnn_box 0.0622
[session 1][epoch 18][iter 1100/1589] loss: 0.1875, lr: 1.00e-06
			fg/bg=(218/806), time cost: 547.305556
			rpn_cls: 0.0101, rpn_box: 0.0508, rcnn_cls: 0.0467, rcnn_box 0.0519
[session 1][epoch 18][iter 1200/1589] loss: 0.1772, lr: 1.00e-06
			fg/bg=(254/770), time cost: 546.464500
			rpn_cls: 0.0176, rpn_box: 0.0599, rcnn_cls: 0.0508, rcnn_box 0.0587
[session 1][epoch 18][iter 1300/1589] loss: 0.1801, lr: 1.00e-06
			fg/bg=(231/793), time cost: 546.594487
			rpn_cls: 0.0028, rpn_box: 0.0022, rcnn_cls: 0.0232, rcnn_box 0.0384
[session 1][epoch 18][iter 1400/1589] loss: 0.1864, lr: 1.00e-06
			fg/bg=(233/791), time cost: 545.567442
			rpn_cls: 0.0118, rpn_box: 0.0586, rcnn_cls: 0.0703, rcnn_box 0.0612
[session 1][epoch 18][iter 1500/1589] loss: 0.1832, lr: 1.00e-06
			fg/bg=(203/821), time cost: 546.432834
			rpn_cls: 0.0108, rpn_box: 0.0323, rcnn_cls: 0.0670, rcnn_box 0.0901
total training time: 147173.149349
[session 1][epoch 19][iter    0/1589] loss: 0.1696, lr: 1.00e-06
			fg/bg=(240/784), time cost: 6.208809
			rpn_cls: 0.0077, rpn_box: 0.0316, rcnn_cls: 0.0765, rcnn_box 0.0538
[session 1][epoch 19][iter  100/1589] loss: 0.1703, lr: 1.00e-06
			fg/bg=(227/797), time cost: 543.155167
			rpn_cls: 0.0064, rpn_box: 0.0126, rcnn_cls: 0.0452, rcnn_box 0.0523
[session 1][epoch 19][iter  200/1589] loss: 0.1961, lr: 1.00e-06
			fg/bg=(208/816), time cost: 538.469786
			rpn_cls: 0.0253, rpn_box: 0.0549, rcnn_cls: 0.0710, rcnn_box 0.0437
[session 1][epoch 19][iter  300/1589] loss: 0.1706, lr: 1.00e-06
			fg/bg=(226/798), time cost: 541.804323
			rpn_cls: 0.0109, rpn_box: 0.0411, rcnn_cls: 0.0497, rcnn_box 0.0564
[session 1][epoch 19][iter  400/1589] loss: 0.1782, lr: 1.00e-06
			fg/bg=(221/803), time cost: 543.737315
			rpn_cls: 0.0169, rpn_box: 0.0870, rcnn_cls: 0.0628, rcnn_box 0.0617
[session 1][epoch 19][iter  500/1589] loss: 0.1817, lr: 1.00e-06
			fg/bg=(211/813), time cost: 544.659620
			rpn_cls: 0.0037, rpn_box: 0.0079, rcnn_cls: 0.0512, rcnn_box 0.0538
[session 1][epoch 19][iter  600/1589] loss: 0.1831, lr: 1.00e-06
			fg/bg=(256/768), time cost: 543.348069
			rpn_cls: 0.0279, rpn_box: 0.1130, rcnn_cls: 0.0334, rcnn_box 0.0631
[session 1][epoch 19][iter  700/1589] loss: 0.1875, lr: 1.00e-06
			fg/bg=(249/775), time cost: 545.647719
			rpn_cls: 0.0324, rpn_box: 0.0892, rcnn_cls: 0.0921, rcnn_box 0.0877
[session 1][epoch 19][iter  800/1589] loss: 0.1788, lr: 1.00e-06
			fg/bg=(256/768), time cost: 545.513469
			rpn_cls: 0.0222, rpn_box: 0.0853, rcnn_cls: 0.0500, rcnn_box 0.0501
[session 1][epoch 19][iter  900/1589] loss: 0.1814, lr: 1.00e-06
			fg/bg=(208/816), time cost: 544.445768
			rpn_cls: 0.0223, rpn_box: 0.0132, rcnn_cls: 0.0422, rcnn_box 0.0422
[session 1][epoch 19][iter 1000/1589] loss: 0.1892, lr: 1.00e-06
			fg/bg=(218/806), time cost: 542.472233
			rpn_cls: 0.0083, rpn_box: 0.0102, rcnn_cls: 0.0349, rcnn_box 0.0516
[session 1][epoch 19][iter 1100/1589] loss: 0.1925, lr: 1.00e-06
			fg/bg=(256/768), time cost: 544.003438
			rpn_cls: 0.0270, rpn_box: 0.0516, rcnn_cls: 0.0720, rcnn_box 0.0661
[session 1][epoch 19][iter 1200/1589] loss: 0.1820, lr: 1.00e-06
			fg/bg=(249/775), time cost: 544.021823
			rpn_cls: 0.0222, rpn_box: 0.0682, rcnn_cls: 0.0712, rcnn_box 0.0818
[session 1][epoch 19][iter 1300/1589] loss: 0.1894, lr: 1.00e-06
			fg/bg=(209/815), time cost: 542.166858
			rpn_cls: 0.0096, rpn_box: 0.0368, rcnn_cls: 0.0241, rcnn_box 0.0355
[session 1][epoch 19][iter 1400/1589] loss: 0.1685, lr: 1.00e-06
			fg/bg=(225/799), time cost: 545.070117
			rpn_cls: 0.0071, rpn_box: 0.0235, rcnn_cls: 0.0499, rcnn_box 0.0604
[session 1][epoch 19][iter 1500/1589] loss: 0.1632, lr: 1.00e-06
			fg/bg=(206/818), time cost: 544.394726
			rpn_cls: 0.0119, rpn_box: 0.0210, rcnn_cls: 0.0437, rcnn_box 0.0443
total training time: 155332.268589
[session 1][epoch 20][iter    0/1589] loss: 0.1842, lr: 1.00e-06
			fg/bg=(219/805), time cost: 6.445520
			rpn_cls: 0.0193, rpn_box: 0.0652, rcnn_cls: 0.0539, rcnn_box 0.0458
[session 1][epoch 20][iter  100/1589] loss: 0.1899, lr: 1.00e-06
			fg/bg=(185/839), time cost: 542.455105
			rpn_cls: 0.0063, rpn_box: 0.0223, rcnn_cls: 0.0405, rcnn_box 0.0702
[session 1][epoch 20][iter  200/1589] loss: 0.1795, lr: 1.00e-06
			fg/bg=(234/790), time cost: 541.915400
			rpn_cls: 0.0121, rpn_box: 0.0595, rcnn_cls: 0.1066, rcnn_box 0.0742
[session 1][epoch 20][iter  300/1589] loss: 0.1777, lr: 1.00e-06
			fg/bg=(220/804), time cost: 541.486586
			rpn_cls: 0.0071, rpn_box: 0.0337, rcnn_cls: 0.0412, rcnn_box 0.0292
[session 1][epoch 20][iter  400/1589] loss: 0.1778, lr: 1.00e-06
			fg/bg=(256/768), time cost: 540.012852
			rpn_cls: 0.0165, rpn_box: 0.1241, rcnn_cls: 0.0518, rcnn_box 0.0545
[session 1][epoch 20][iter  500/1589] loss: 0.1818, lr: 1.00e-06
			fg/bg=(208/816), time cost: 541.616222
			rpn_cls: 0.0057, rpn_box: 0.0203, rcnn_cls: 0.0426, rcnn_box 0.0425
[session 1][epoch 20][iter  600/1589] loss: 0.1790, lr: 1.00e-06
			fg/bg=(231/793), time cost: 538.624729
			rpn_cls: 0.0155, rpn_box: 0.0774, rcnn_cls: 0.0396, rcnn_box 0.0513
[session 1][epoch 20][iter  700/1589] loss: 0.1799, lr: 1.00e-06
			fg/bg=(238/786), time cost: 540.372207
			rpn_cls: 0.0132, rpn_box: 0.0721, rcnn_cls: 0.0874, rcnn_box 0.0839
[session 1][epoch 20][iter  800/1589] loss: 0.1812, lr: 1.00e-06
			fg/bg=(256/768), time cost: 541.548668
			rpn_cls: 0.0189, rpn_box: 0.0905, rcnn_cls: 0.0468, rcnn_box 0.0523
[session 1][epoch 20][iter  900/1589] loss: 0.1734, lr: 1.00e-06
			fg/bg=(234/790), time cost: 541.278537
			rpn_cls: 0.0103, rpn_box: 0.0639, rcnn_cls: 0.0628, rcnn_box 0.0708
[session 1][epoch 20][iter 1000/1589] loss: 0.1732, lr: 1.00e-06
			fg/bg=(227/797), time cost: 541.233665
			rpn_cls: 0.0153, rpn_box: 0.0463, rcnn_cls: 0.0695, rcnn_box 0.0537
[session 1][epoch 20][iter 1100/1589] loss: 0.1822, lr: 1.00e-06
			fg/bg=(197/827), time cost: 540.655815
			rpn_cls: 0.0041, rpn_box: 0.0244, rcnn_cls: 0.0505, rcnn_box 0.0678
[session 1][epoch 20][iter 1200/1589] loss: 0.1748, lr: 1.00e-06
			fg/bg=(210/814), time cost: 538.643430
			rpn_cls: 0.0056, rpn_box: 0.0049, rcnn_cls: 0.0642, rcnn_box 0.0726
[session 1][epoch 20][iter 1300/1589] loss: 0.1937, lr: 1.00e-06
			fg/bg=(199/825), time cost: 539.097051
			rpn_cls: 0.0147, rpn_box: 0.0105, rcnn_cls: 0.0327, rcnn_box 0.0460
[session 1][epoch 20][iter 1400/1589] loss: 0.1792, lr: 1.00e-06
			fg/bg=(241/783), time cost: 540.347655
			rpn_cls: 0.0102, rpn_box: 0.0537, rcnn_cls: 0.0600, rcnn_box 0.0641
[session 1][epoch 20][iter 1500/1589] loss: 0.1799, lr: 1.00e-06
			fg/bg=(256/768), time cost: 541.661155
			rpn_cls: 0.0188, rpn_box: 0.0970, rcnn_cls: 0.0962, rcnn_box 0.0699
total training time: 163449.663184
save model: models/res50/pascal_voc/faster_rcnn_1_20_1588.pth
