Called with args:
Namespace(batch_size=2, checkepoch=1, checkpoint=0, checkpoint_interval=10000, checksession=1, class_agnostic=False, cuda=True, dataset='pascal_voc', disp_interval=10, large_scale=False, lr=0.001, lr_decay_gamma=0.1, lr_decay_step=5, mGPUs=False, max_epochs=20, net='res101', num_workers=1, optimizer='sgd', resume=False, save_dir='models', session=1, start_epoch=1, use_tfboard=False)
Using config:
{'ANCHOR_RATIOS': [0.5, 1, 2],
 'ANCHOR_SCALES': [8, 16, 32],
 'CROP_RESIZE_WITH_MAX_POOL': False,
 'CUDA': False,
 'DATA_DIR': '/home/jason/faster-rcnn.pytorch-1.0/data',
 'DEDUP_BOXES': 0.0625,
 'EPS': 1e-14,
 'EXP_DIR': 'res101',
 'FEAT_STRIDE': [16],
 'GPU_ID': 0,
 'MATLAB': 'matlab',
 'MAX_NUM_GT_BOXES': 20,
 'MOBILENET': {'DEPTH_MULTIPLIER': 1.0,
               'FIXED_LAYERS': 5,
               'REGU_DEPTH': False,
               'WEIGHT_DECAY': 4e-05},
 'PIXEL_MEANS': array([[[102.9801, 115.9465, 122.7717]]]),
 'POOLING_MODE': 'align',
 'POOLING_SIZE': 7,
 'RESNET': {'FIXED_BLOCKS': 1, 'MAX_POOL': False},
 'RNG_SEED': 3,
 'ROOT_DIR': '/home/jason/faster-rcnn.pytorch-1.0',
 'TEST': {'BBOX_REG': True,
          'HAS_RPN': True,
          'MAX_SIZE': 1000,
          'MODE': 'nms',
          'NMS': 0.3,
          'PROPOSAL_METHOD': 'gt',
          'RPN_MIN_SIZE': 16,
          'RPN_NMS_THRESH': 0.7,
          'RPN_POST_NMS_TOP_N': 300,
          'RPN_PRE_NMS_TOP_N': 6000,
          'RPN_TOP_N': 5000,
          'SCALES': [600],
          'SVM': False},
 'TRAIN': {'ASPECT_GROUPING': False,
           'BATCH_SIZE': 128,
           'BBOX_INSIDE_WEIGHTS': [1.0, 1.0, 1.0, 1.0],
           'BBOX_NORMALIZE_MEANS': [0.0, 0.0, 0.0, 0.0],
           'BBOX_NORMALIZE_STDS': [0.1, 0.1, 0.2, 0.2],
           'BBOX_NORMALIZE_TARGETS': True,
           'BBOX_NORMALIZE_TARGETS_PRECOMPUTED': True,
           'BBOX_REG': True,
           'BBOX_THRESH': 0.5,
           'BG_THRESH_HI': 0.5,
           'BG_THRESH_LO': 0.0,
           'BIAS_DECAY': False,
           'BN_TRAIN': False,
           'BRIGHTNESS_CHANGE': False,
           'DISPLAY': 20,
           'DOUBLE_BIAS': False,
           'FG_FRACTION': 0.25,
           'FG_THRESH': 0.5,
           'GAMMA': 0.1,
           'HAS_RPN': True,
           'IMS_PER_BATCH': 1,
           'LEARNING_RATE': 0.001,
           'MAX_SIZE': 1000,
           'MOMENTUM': 0.9,
           'PROPOSAL_METHOD': 'gt',
           'ROTATE_90': False,
           'RPN_BATCHSIZE': 256,
           'RPN_BBOX_INSIDE_WEIGHTS': [1.0, 1.0, 1.0, 1.0],
           'RPN_CLOBBER_POSITIVES': False,
           'RPN_FG_FRACTION': 0.5,
           'RPN_MIN_SIZE': 8,
           'RPN_NEGATIVE_OVERLAP': 0.3,
           'RPN_NMS_THRESH': 0.7,
           'RPN_POSITIVE_OVERLAP': 0.7,
           'RPN_POSITIVE_WEIGHT': -1.0,
           'RPN_POST_NMS_TOP_N': 2000,
           'RPN_PRE_NMS_TOP_N': 12000,
           'SCALES': [600],
           'SNAPSHOT_ITERS': 5000,
           'SNAPSHOT_KEPT': 3,
           'SNAPSHOT_PREFIX': 'res101_faster_rcnn',
           'STEPSIZE': [30000],
           'SUMMARY_INTERVAL': 180,
           'TRIM_HEIGHT': 600,
           'TRIM_WIDTH': 600,
           'TRUNCATED': False,
           'USE_ALL_GT': True,
           'USE_FLIPPED': True,
           'USE_GT': False,
           'USE_VERTICAL_FLIPPED': False,
           'WEIGHT_DECAY': 0.0001},
 'USE_GPU_NMS': True}
['voc_2007_trainval']
Loaded dataset `voc_2007_trainval` for training
Set proposal method: gt
Appending vertically-flipped training examples...
voc_2007_trainval gt roidb loaded from /home/jason/faster-rcnn.pytorch-1.0/data/cache/voc_2007_trainval_gt_roidb.pkl
done
Preparing training data...
done
before filtering, there are 260 images...
after filtering, there are 260 images...
['voc_2007_test']
Loaded dataset `voc_2007_test` for training
Set proposal method: gt
Preparing training data...
voc_2007_test gt roidb loaded from /home/jason/faster-rcnn.pytorch-1.0/data/cache/voc_2007_test_gt_roidb.pkl
done
before filtering, there are 130 images...
after filtering, there are 130 images...
260 roidb entries
130 roidb2 entries
[session 1][epoch  1][iter    0/ 130] training loss: 24.6837,  lr: 1.00e-03
			fg/bg=(6/250), time cost: 1.804660
			rpn_cls: 0.8353, rpn_box: 0.5351, rcnn_cls: 23.2586, rcnn_box 0.0547
[session 1][epoch  1][iter   10/ 130] training loss: 10.3203,  lr: 1.00e-03
			fg/bg=(6/250), time cost: 14.063920
			rpn_cls: 0.6055, rpn_box: 0.4765, rcnn_cls: 5.7350, rcnn_box 0.0057
[session 1][epoch  1][iter   20/ 130] training loss: 6.1147,  lr: 1.00e-03
			fg/bg=(6/250), time cost: 14.316535
			rpn_cls: 1.2841, rpn_box: 0.6137, rcnn_cls: 1.8534, rcnn_box 0.9592
[session 1][epoch  1][iter   30/ 130] training loss: 2.0322,  lr: 1.00e-03
			fg/bg=(18/238), time cost: 14.391371
			rpn_cls: 0.5170, rpn_box: 0.1378, rcnn_cls: 1.0388, rcnn_box 0.0767
[session 1][epoch  1][iter   40/ 130] training loss: 1.8023,  lr: 1.00e-03
			fg/bg=(12/244), time cost: 14.246159
			rpn_cls: 0.4716, rpn_box: 0.1431, rcnn_cls: 0.9550, rcnn_box 0.0942
[session 1][epoch  1][iter   50/ 130] training loss: 2.2730,  lr: 1.00e-03
			fg/bg=(15/241), time cost: 14.220645
			rpn_cls: 0.5940, rpn_box: 0.0135, rcnn_cls: 1.1023, rcnn_box 0.1379
[session 1][epoch  1][iter   60/ 130] training loss: 1.5131,  lr: 1.00e-03
			fg/bg=(6/250), time cost: 14.079391
			rpn_cls: 0.5805, rpn_box: 0.2992, rcnn_cls: 0.2044, rcnn_box 0.0000
[session 1][epoch  1][iter   70/ 130] training loss: 1.3335,  lr: 1.00e-03
			fg/bg=(7/249), time cost: 13.874151
			rpn_cls: 0.5344, rpn_box: 0.3640, rcnn_cls: 0.2881, rcnn_box 0.0123
[session 1][epoch  1][iter   80/ 130] training loss: 1.2492,  lr: 1.00e-03
			fg/bg=(17/239), time cost: 13.737836
			rpn_cls: 0.5510, rpn_box: 0.2867, rcnn_cls: 0.4751, rcnn_box 0.1250
[session 1][epoch  1][iter   90/ 130] training loss: 1.2049,  lr: 1.00e-03
			fg/bg=(2/254), time cost: 13.821591
			rpn_cls: 0.4032, rpn_box: 0.0012, rcnn_cls: 0.1548, rcnn_box 0.0001
[session 1][epoch  1][iter  100/ 130] training loss: 1.3246,  lr: 1.00e-03
			fg/bg=(35/221), time cost: 13.777762
			rpn_cls: 0.4768, rpn_box: 0.2142, rcnn_cls: 0.8573, rcnn_box 0.3763
[session 1][epoch  1][iter  110/ 130] training loss: 1.1069,  lr: 1.00e-03
			fg/bg=(17/239), time cost: 13.707180
			rpn_cls: 0.4673, rpn_box: 0.3091, rcnn_cls: 0.5411, rcnn_box 0.1217
[session 1][epoch  1][iter  120/ 130] training loss: 0.9068,  lr: 1.00e-03
			fg/bg=(14/242), time cost: 13.743496
			rpn_cls: 0.3926, rpn_box: 0.3131, rcnn_cls: 0.3764, rcnn_box 0.0805
Epoch 1: Training loss: 0.6150, Testing loss: 1.1897
total training time: 169.784698
[session 1][epoch  2][iter    0/ 130] training loss: 1.2124,  lr: 1.00e-03
			fg/bg=(27/229), time cost: 1.867350
			rpn_cls: 0.1445, rpn_box: 0.0322, rcnn_cls: 0.7281, rcnn_box 0.3076
[session 1][epoch  2][iter   10/ 130] training loss: 1.2049,  lr: 1.00e-03
			fg/bg=(6/250), time cost: 14.225944
			rpn_cls: 0.4526, rpn_box: 0.3355, rcnn_cls: 0.2732, rcnn_box 0.0001
[session 1][epoch  2][iter   20/ 130] training loss: 1.2146,  lr: 1.00e-03
			fg/bg=(6/250), time cost: 14.276165
			rpn_cls: 0.4288, rpn_box: 0.3322, rcnn_cls: 0.1999, rcnn_box 0.0021
[session 1][epoch  2][iter   30/ 130] training loss: 1.1364,  lr: 1.00e-03
			fg/bg=(17/239), time cost: 14.468769
			rpn_cls: 0.3332, rpn_box: 0.1260, rcnn_cls: 0.4708, rcnn_box 0.0970
[session 1][epoch  2][iter   40/ 130] training loss: 1.0287,  lr: 1.00e-03
			fg/bg=(6/250), time cost: 14.498719
			rpn_cls: 0.3737, rpn_box: 0.2476, rcnn_cls: 0.2166, rcnn_box 0.0004
[session 1][epoch  2][iter   50/ 130] training loss: 1.3103,  lr: 1.00e-03
			fg/bg=(43/213), time cost: 14.106274
			rpn_cls: 0.2658, rpn_box: 0.1218, rcnn_cls: 1.0764, rcnn_box 0.4500
[session 1][epoch  2][iter   60/ 130] training loss: 1.1338,  lr: 1.00e-03
			fg/bg=(10/246), time cost: 14.420207
			rpn_cls: 0.1489, rpn_box: 0.0026, rcnn_cls: 0.3466, rcnn_box 0.0733
[session 1][epoch  2][iter   70/ 130] training loss: 1.1658,  lr: 1.00e-03
			fg/bg=(12/244), time cost: 13.875678
			rpn_cls: 0.3409, rpn_box: 0.3166, rcnn_cls: 0.3749, rcnn_box 0.0750
[session 1][epoch  2][iter   80/ 130] training loss: 1.1863,  lr: 1.00e-03
			fg/bg=(23/233), time cost: 13.727175
			rpn_cls: 0.1610, rpn_box: 0.0024, rcnn_cls: 0.5820, rcnn_box 0.2200
[session 1][epoch  2][iter   90/ 130] training loss: 1.1149,  lr: 1.00e-03
			fg/bg=(6/250), time cost: 13.806850
			rpn_cls: 0.4070, rpn_box: 0.3549, rcnn_cls: 0.2185, rcnn_box 0.0010
[session 1][epoch  2][iter  100/ 130] training loss: 1.2672,  lr: 1.00e-03
			fg/bg=(31/225), time cost: 13.657624
			rpn_cls: 0.1339, rpn_box: 0.0120, rcnn_cls: 0.8013, rcnn_box 0.2916
[session 1][epoch  2][iter  110/ 130] training loss: 1.2479,  lr: 1.00e-03
			fg/bg=(24/232), time cost: 13.634449
			rpn_cls: 0.2928, rpn_box: 0.2550, rcnn_cls: 0.5569, rcnn_box 0.1842
[session 1][epoch  2][iter  120/ 130] training loss: 1.2752,  lr: 1.00e-03
			fg/bg=(23/233), time cost: 13.772054
			rpn_cls: 0.2050, rpn_box: 0.0313, rcnn_cls: 0.5759, rcnn_box 0.1680
Epoch 2: Training loss: 0.2976, Testing loss: 0.2946
total training time: 340.121958
[session 1][epoch  3][iter    0/ 130] training loss: 1.3742,  lr: 1.00e-03
			fg/bg=(25/231), time cost: 1.792721
			rpn_cls: 0.3482, rpn_box: 0.2925, rcnn_cls: 0.5648, rcnn_box 0.1687
[session 1][epoch  3][iter   10/ 130] training loss: 1.2599,  lr: 1.00e-03
			fg/bg=(23/233), time cost: 14.421838
			rpn_cls: 0.2453, rpn_box: 0.2910, rcnn_cls: 0.4928, rcnn_box 0.1965
[session 1][epoch  3][iter   20/ 130] training loss: 1.1443,  lr: 1.00e-03
			fg/bg=(25/231), time cost: 14.293372
			rpn_cls: 0.3916, rpn_box: 0.2782, rcnn_cls: 0.5155, rcnn_box 0.1695
[session 1][epoch  3][iter   30/ 130] training loss: 1.3725,  lr: 1.00e-03
			fg/bg=(23/233), time cost: 14.348626
			rpn_cls: 0.2085, rpn_box: 0.1869, rcnn_cls: 0.6674, rcnn_box 0.1886
[session 1][epoch  3][iter   40/ 130] training loss: 1.2070,  lr: 1.00e-03
			fg/bg=(16/240), time cost: 14.235074
			rpn_cls: 0.3177, rpn_box: 0.0932, rcnn_cls: 0.4732, rcnn_box 0.1218
[session 1][epoch  3][iter   50/ 130] training loss: 1.0902,  lr: 1.00e-03
			fg/bg=(6/250), time cost: 14.430403
			rpn_cls: 0.3393, rpn_box: 0.3054, rcnn_cls: 0.2096, rcnn_box 0.0004
[session 1][epoch  3][iter   60/ 130] training loss: 1.1205,  lr: 1.00e-03
			fg/bg=(6/250), time cost: 14.052546
			rpn_cls: 0.3606, rpn_box: 0.3429, rcnn_cls: 0.2412, rcnn_box 0.0004
[session 1][epoch  3][iter   70/ 130] training loss: 1.1729,  lr: 1.00e-03
			fg/bg=(10/246), time cost: 13.903081
			rpn_cls: 0.4182, rpn_box: 0.4634, rcnn_cls: 0.2715, rcnn_box 0.0636
[session 1][epoch  3][iter   80/ 130] training loss: 1.0477,  lr: 1.00e-03
			fg/bg=(19/237), time cost: 13.908705
			rpn_cls: 0.1272, rpn_box: 0.0055, rcnn_cls: 0.4788, rcnn_box 0.1632
[session 1][epoch  3][iter   90/ 130] training loss: 0.9598,  lr: 1.00e-03
			fg/bg=(39/217), time cost: 13.952794
			rpn_cls: 0.1990, rpn_box: 0.0097, rcnn_cls: 0.8932, rcnn_box 0.3890
[session 1][epoch  3][iter  100/ 130] training loss: 1.1289,  lr: 1.00e-03
			fg/bg=(25/231), time cost: 13.864691
			rpn_cls: 0.0796, rpn_box: 0.0087, rcnn_cls: 0.7282, rcnn_box 0.2649
[session 1][epoch  3][iter  110/ 130] training loss: 1.2237,  lr: 1.00e-03
			fg/bg=(12/244), time cost: 13.812379
			rpn_cls: 0.2941, rpn_box: 0.3167, rcnn_cls: 0.3306, rcnn_box 0.0809
[session 1][epoch  3][iter  120/ 130] training loss: 1.2855,  lr: 1.00e-03
			fg/bg=(12/244), time cost: 13.701594
			rpn_cls: 0.2708, rpn_box: 0.3361, rcnn_cls: 0.2996, rcnn_box 0.0614
Epoch 3: Training loss: 0.2901, Testing loss: 0.2881
total training time: 510.839781
[session 1][epoch  4][iter    0/ 130] training loss: 0.3576,  lr: 1.00e-03
			fg/bg=(5/251), time cost: 1.885792
			rpn_cls: 0.1006, rpn_box: 0.0219, rcnn_cls: 0.2043, rcnn_box 0.0308
[session 1][epoch  4][iter   10/ 130] training loss: 1.0221,  lr: 1.00e-03
			fg/bg=(28/228), time cost: 14.184253
			rpn_cls: 0.3946, rpn_box: 0.2081, rcnn_cls: 1.0475, rcnn_box 0.2388
[session 1][epoch  4][iter   20/ 130] training loss: 1.0342,  lr: 1.00e-03
			fg/bg=(14/242), time cost: 14.248639
			rpn_cls: 0.2689, rpn_box: 0.2988, rcnn_cls: 0.4186, rcnn_box 0.0841
[session 1][epoch  4][iter   30/ 130] training loss: 1.0792,  lr: 1.00e-03
			fg/bg=(7/249), time cost: 14.114733
			rpn_cls: 0.1695, rpn_box: 0.0154, rcnn_cls: 0.2126, rcnn_box 0.0405
[session 1][epoch  4][iter   40/ 130] training loss: 1.3187,  lr: 1.00e-03
			fg/bg=(38/218), time cost: 14.191421
			rpn_cls: 0.4175, rpn_box: 0.1376, rcnn_cls: 0.8522, rcnn_box 0.3568
[session 1][epoch  4][iter   50/ 130] training loss: 1.1148,  lr: 1.00e-03
			fg/bg=(20/236), time cost: 14.402937
			rpn_cls: 0.5126, rpn_box: 0.2468, rcnn_cls: 0.5591, rcnn_box 0.1471
[session 1][epoch  4][iter   60/ 130] training loss: 1.1581,  lr: 1.00e-03
			fg/bg=(23/233), time cost: 14.254325
			rpn_cls: 0.1771, rpn_box: 0.0162, rcnn_cls: 0.5478, rcnn_box 0.1844
[session 1][epoch  4][iter   70/ 130] training loss: 1.2618,  lr: 1.00e-03
			fg/bg=(30/226), time cost: 13.693306
			rpn_cls: 0.3223, rpn_box: 0.3423, rcnn_cls: 0.6944, rcnn_box 0.2435
[session 1][epoch  4][iter   80/ 130] training loss: 0.9271,  lr: 1.00e-03
			fg/bg=(26/230), time cost: 13.966682
			rpn_cls: 0.3232, rpn_box: 0.2755, rcnn_cls: 0.7182, rcnn_box 0.1654
[session 1][epoch  4][iter   90/ 130] training loss: 1.2414,  lr: 1.00e-03
			fg/bg=(2/254), time cost: 13.732257
			rpn_cls: 0.2239, rpn_box: 0.1064, rcnn_cls: 0.0738, rcnn_box 0.0001
[session 1][epoch  4][iter  100/ 130] training loss: 1.2832,  lr: 1.00e-03
			fg/bg=(18/238), time cost: 13.829347
			rpn_cls: 0.3597, rpn_box: 0.2427, rcnn_cls: 0.4282, rcnn_box 0.1253
[session 1][epoch  4][iter  110/ 130] training loss: 1.0648,  lr: 1.00e-03
			fg/bg=(15/241), time cost: 13.814933
			rpn_cls: 0.3215, rpn_box: 0.3479, rcnn_cls: 0.4212, rcnn_box 0.1137
[session 1][epoch  4][iter  120/ 130] training loss: 1.1366,  lr: 1.00e-03
			fg/bg=(14/242), time cost: 13.781284
			rpn_cls: 0.1974, rpn_box: 0.0236, rcnn_cls: 0.4393, rcnn_box 0.1039
Epoch 4: Training loss: 0.2807, Testing loss: 0.2873
total training time: 680.939691
[session 1][epoch  5][iter    0/ 130] training loss: 1.2810,  lr: 1.00e-03
			fg/bg=(29/227), time cost: 1.831067
			rpn_cls: 0.2317, rpn_box: 0.2428, rcnn_cls: 0.5780, rcnn_box 0.2285
[session 1][epoch  5][iter   10/ 130] training loss: 1.1536,  lr: 1.00e-03
			fg/bg=(17/239), time cost: 14.245681
			rpn_cls: 0.1277, rpn_box: 0.0059, rcnn_cls: 0.4436, rcnn_box 0.1370
[session 1][epoch  5][iter   20/ 130] training loss: 1.1188,  lr: 1.00e-03
			fg/bg=(19/237), time cost: 14.205542
			rpn_cls: 0.1905, rpn_box: 0.0415, rcnn_cls: 0.4182, rcnn_box 0.1276
[session 1][epoch  5][iter   30/ 130] training loss: 1.1157,  lr: 1.00e-03
			fg/bg=(31/225), time cost: 14.386513
			rpn_cls: 0.3024, rpn_box: 0.1176, rcnn_cls: 0.6964, rcnn_box 0.2753
[session 1][epoch  5][iter   40/ 130] training loss: 0.9973,  lr: 1.00e-03
			fg/bg=(9/247), time cost: 14.255577
			rpn_cls: 0.1206, rpn_box: 0.0028, rcnn_cls: 0.2260, rcnn_box 0.0646
[session 1][epoch  5][iter   50/ 130] training loss: 1.1086,  lr: 1.00e-03
			fg/bg=(22/234), time cost: 14.167520
			rpn_cls: 0.2730, rpn_box: 0.3248, rcnn_cls: 0.3776, rcnn_box 0.1460
[session 1][epoch  5][iter   60/ 130] training loss: 1.0866,  lr: 1.00e-03
			fg/bg=(36/220), time cost: 14.340347
			rpn_cls: 0.1871, rpn_box: 0.1093, rcnn_cls: 0.8046, rcnn_box 0.2660
[session 1][epoch  5][iter   70/ 130] training loss: 1.3638,  lr: 1.00e-03
			fg/bg=(25/231), time cost: 13.647211
			rpn_cls: 0.1837, rpn_box: 0.2942, rcnn_cls: 0.4552, rcnn_box 0.2304
[session 1][epoch  5][iter   80/ 130] training loss: 1.1671,  lr: 1.00e-03
			fg/bg=(11/245), time cost: 13.941362
			rpn_cls: 0.1729, rpn_box: 0.0027, rcnn_cls: 0.3382, rcnn_box 0.0909
[session 1][epoch  5][iter   90/ 130] training loss: 1.1314,  lr: 1.00e-03
			fg/bg=(39/217), time cost: 13.877652
			rpn_cls: 0.3347, rpn_box: 0.1656, rcnn_cls: 0.9409, rcnn_box 0.4114
[session 1][epoch  5][iter  100/ 130] training loss: 1.1624,  lr: 1.00e-03
			fg/bg=(31/225), time cost: 13.874579
			rpn_cls: 0.3922, rpn_box: 0.1869, rcnn_cls: 0.6080, rcnn_box 0.2606
[session 1][epoch  5][iter  110/ 130] training loss: 1.2889,  lr: 1.00e-03
			fg/bg=(19/237), time cost: 13.851016
			rpn_cls: 0.1072, rpn_box: 0.0044, rcnn_cls: 0.4805, rcnn_box 0.1753
[session 1][epoch  5][iter  120/ 130] training loss: 1.1648,  lr: 1.00e-03
			fg/bg=(10/246), time cost: 13.780142
			rpn_cls: 0.3575, rpn_box: 0.3043, rcnn_cls: 0.2613, rcnn_box 0.0438
Epoch 5: Training loss: 0.2866, Testing loss: 0.2903
total training time: 851.343902
[session 1][epoch  6][iter    0/ 130] training loss: 0.6587,  lr: 1.00e-04
			fg/bg=(17/239), time cost: 1.853058
			rpn_cls: 0.1172, rpn_box: 0.0051, rcnn_cls: 0.3952, rcnn_box 0.1412
[session 1][epoch  6][iter   10/ 130] training loss: 1.2146,  lr: 1.00e-04
			fg/bg=(44/212), time cost: 14.312315
			rpn_cls: 0.1948, rpn_box: 0.0361, rcnn_cls: 0.9547, rcnn_box 0.4135
[session 1][epoch  6][iter   20/ 130] training loss: 1.1380,  lr: 1.00e-04
			fg/bg=(17/239), time cost: 14.240714
			rpn_cls: 0.2253, rpn_box: 0.2454, rcnn_cls: 0.3995, rcnn_box 0.1087
[session 1][epoch  6][iter   30/ 130] training loss: 1.0564,  lr: 1.00e-04
			fg/bg=(16/240), time cost: 14.359581
			rpn_cls: 0.1791, rpn_box: 0.0350, rcnn_cls: 0.4155, rcnn_box 0.1140
[session 1][epoch  6][iter   40/ 130] training loss: 1.1344,  lr: 1.00e-04
			fg/bg=(17/239), time cost: 14.181397
			rpn_cls: 0.1962, rpn_box: 0.1192, rcnn_cls: 0.3529, rcnn_box 0.0728
[session 1][epoch  6][iter   50/ 130] training loss: 0.8826,  lr: 1.00e-04
			fg/bg=(18/238), time cost: 14.258185
			rpn_cls: 0.1730, rpn_box: 0.0164, rcnn_cls: 0.4395, rcnn_box 0.1942
[session 1][epoch  6][iter   60/ 130] training loss: 1.0075,  lr: 1.00e-04
			fg/bg=(15/241), time cost: 14.175931
			rpn_cls: 0.1939, rpn_box: 0.3086, rcnn_cls: 0.3702, rcnn_box 0.0778
[session 1][epoch  6][iter   70/ 130] training loss: 1.1023,  lr: 1.00e-04
			fg/bg=(21/235), time cost: 13.830253
			rpn_cls: 0.1893, rpn_box: 0.2755, rcnn_cls: 0.4059, rcnn_box 0.1418
[session 1][epoch  6][iter   80/ 130] training loss: 1.0265,  lr: 1.00e-04
			fg/bg=(28/228), time cost: 13.817342
			rpn_cls: 0.1745, rpn_box: 0.2042, rcnn_cls: 0.4939, rcnn_box 0.2090
[session 1][epoch  6][iter   90/ 130] training loss: 1.1207,  lr: 1.00e-04
			fg/bg=(17/239), time cost: 13.847661
			rpn_cls: 0.0928, rpn_box: 0.0045, rcnn_cls: 0.3414, rcnn_box 0.2195
[session 1][epoch  6][iter  100/ 130] training loss: 1.1724,  lr: 1.00e-04
			fg/bg=(23/233), time cost: 13.838449
			rpn_cls: 0.1624, rpn_box: 0.1830, rcnn_cls: 0.4888, rcnn_box 0.1649
[session 1][epoch  6][iter  110/ 130] training loss: 1.0871,  lr: 1.00e-04
			fg/bg=(32/224), time cost: 13.810519
			rpn_cls: 0.1938, rpn_box: 0.3116, rcnn_cls: 0.5924, rcnn_box 0.2476
[session 1][epoch  6][iter  120/ 130] training loss: 1.1163,  lr: 1.00e-04
			fg/bg=(21/235), time cost: 13.691999
			rpn_cls: 0.1897, rpn_box: 0.3877, rcnn_cls: 0.3898, rcnn_box 0.1319
Epoch 6: Training loss: 0.2733, Testing loss: 0.2889
total training time: 1021.561306
[session 1][epoch  7][iter    0/ 130] training loss: 0.8000,  lr: 1.00e-04
			fg/bg=(10/246), time cost: 1.784899
			rpn_cls: 0.2066, rpn_box: 0.2954, rcnn_cls: 0.2547, rcnn_box 0.0433
[session 1][epoch  7][iter   10/ 130] training loss: 1.1417,  lr: 1.00e-04
			fg/bg=(17/239), time cost: 14.301306
			rpn_cls: 0.1684, rpn_box: 0.1316, rcnn_cls: 0.3428, rcnn_box 0.0911
[session 1][epoch  7][iter   20/ 130] training loss: 1.2252,  lr: 1.00e-04
			fg/bg=(43/213), time cost: 14.380087
			rpn_cls: 0.1106, rpn_box: 0.0100, rcnn_cls: 0.9551, rcnn_box 0.4354
[session 1][epoch  7][iter   30/ 130] training loss: 1.0260,  lr: 1.00e-04
			fg/bg=(31/225), time cost: 14.347939
			rpn_cls: 0.1490, rpn_box: 0.0154, rcnn_cls: 0.6085, rcnn_box 0.2516
[session 1][epoch  7][iter   40/ 130] training loss: 1.1877,  lr: 1.00e-04
			fg/bg=(43/213), time cost: 14.160472
			rpn_cls: 0.4590, rpn_box: 0.2090, rcnn_cls: 0.7697, rcnn_box 0.3797
[session 1][epoch  7][iter   50/ 130] training loss: 1.0088,  lr: 1.00e-04
			fg/bg=(23/233), time cost: 14.417103
			rpn_cls: 0.1696, rpn_box: 0.2856, rcnn_cls: 0.3877, rcnn_box 0.2386
[session 1][epoch  7][iter   60/ 130] training loss: 1.1904,  lr: 1.00e-04
			fg/bg=(43/213), time cost: 14.275574
			rpn_cls: 0.2137, rpn_box: 0.1225, rcnn_cls: 1.0157, rcnn_box 0.3428
[session 1][epoch  7][iter   70/ 130] training loss: 0.9912,  lr: 1.00e-04
			fg/bg=(23/233), time cost: 14.032046
			rpn_cls: 0.2469, rpn_box: 0.3664, rcnn_cls: 0.4676, rcnn_box 0.1607
[session 1][epoch  7][iter   80/ 130] training loss: 1.2292,  lr: 1.00e-04
			fg/bg=(40/216), time cost: 13.939448
			rpn_cls: 0.3551, rpn_box: 0.1186, rcnn_cls: 0.7277, rcnn_box 0.3916
[session 1][epoch  7][iter   90/ 130] training loss: 0.9641,  lr: 1.00e-04
			fg/bg=(2/254), time cost: 13.859580
			rpn_cls: 0.2041, rpn_box: 0.1029, rcnn_cls: 0.0867, rcnn_box 0.0001
[session 1][epoch  7][iter  100/ 130] training loss: 1.1764,  lr: 1.00e-04
			fg/bg=(34/222), time cost: 13.908302
			rpn_cls: 0.2178, rpn_box: 0.1188, rcnn_cls: 0.6641, rcnn_box 0.2728
[session 1][epoch  7][iter  110/ 130] training loss: 0.9108,  lr: 1.00e-04
			fg/bg=(18/238), time cost: 14.142315
			rpn_cls: 0.0737, rpn_box: 0.0045, rcnn_cls: 0.3359, rcnn_box 0.2361
[session 1][epoch  7][iter  120/ 130] training loss: 0.8755,  lr: 1.00e-04
			fg/bg=(11/245), time cost: 13.994935
			rpn_cls: 0.0951, rpn_box: 0.0138, rcnn_cls: 0.2615, rcnn_box 0.1281
Epoch 7: Training loss: 0.2710, Testing loss: 0.2830
total training time: 1193.105313
[session 1][epoch  8][iter    0/ 130] training loss: 1.2778,  lr: 1.00e-04
			fg/bg=(24/232), time cost: 1.767603
			rpn_cls: 0.2471, rpn_box: 0.3580, rcnn_cls: 0.5015, rcnn_box 0.1711
[session 1][epoch  8][iter   10/ 130] training loss: 1.0468,  lr: 1.00e-04
			fg/bg=(9/247), time cost: 14.213686
			rpn_cls: 0.2177, rpn_box: 0.0797, rcnn_cls: 0.2446, rcnn_box 0.0679
[session 1][epoch  8][iter   20/ 130] training loss: 0.9902,  lr: 1.00e-04
			fg/bg=(27/229), time cost: 14.209209
			rpn_cls: 0.1148, rpn_box: 0.1309, rcnn_cls: 0.4247, rcnn_box 0.2093
[session 1][epoch  8][iter   30/ 130] training loss: 0.9709,  lr: 1.00e-04
			fg/bg=(29/227), time cost: 14.414069
			rpn_cls: 0.1227, rpn_box: 0.0816, rcnn_cls: 0.6549, rcnn_box 0.2541
[session 1][epoch  8][iter   40/ 130] training loss: 1.0861,  lr: 1.00e-04
			fg/bg=(21/235), time cost: 14.281909
			rpn_cls: 0.1465, rpn_box: 0.1172, rcnn_cls: 0.4271, rcnn_box 0.1095
[session 1][epoch  8][iter   50/ 130] training loss: 1.0308,  lr: 1.00e-04
			fg/bg=(24/232), time cost: 14.294496
			rpn_cls: 0.1484, rpn_box: 0.1803, rcnn_cls: 0.4913, rcnn_box 0.1800
[session 1][epoch  8][iter   60/ 130] training loss: 0.9275,  lr: 1.00e-04
			fg/bg=(17/239), time cost: 14.154882
			rpn_cls: 0.1551, rpn_box: 0.1298, rcnn_cls: 0.3240, rcnn_box 0.0925
[session 1][epoch  8][iter   70/ 130] training loss: 1.1925,  lr: 1.00e-04
			fg/bg=(37/219), time cost: 13.849681
			rpn_cls: 0.1358, rpn_box: 0.0157, rcnn_cls: 0.7868, rcnn_box 0.3813
[session 1][epoch  8][iter   80/ 130] training loss: 1.1462,  lr: 1.00e-04
			fg/bg=(43/213), time cost: 13.813116
			rpn_cls: 0.1070, rpn_box: 0.0103, rcnn_cls: 1.0183, rcnn_box 0.4553
[session 1][epoch  8][iter   90/ 130] training loss: 1.2357,  lr: 1.00e-04
			fg/bg=(42/214), time cost: 13.695073
			rpn_cls: 0.1425, rpn_box: 0.0101, rcnn_cls: 0.7293, rcnn_box 0.4285
[session 1][epoch  8][iter  100/ 130] training loss: 1.0558,  lr: 1.00e-04
			fg/bg=(33/223), time cost: 13.676978
			rpn_cls: 0.2302, rpn_box: 0.3531, rcnn_cls: 0.6436, rcnn_box 0.2820
[session 1][epoch  8][iter  110/ 130] training loss: 1.0249,  lr: 1.00e-04
			fg/bg=(19/237), time cost: 13.747114
			rpn_cls: 0.2077, rpn_box: 0.2131, rcnn_cls: 0.3735, rcnn_box 0.1240
[session 1][epoch  8][iter  120/ 130] training loss: 1.0077,  lr: 1.00e-04
			fg/bg=(27/229), time cost: 13.804923
			rpn_cls: 0.1733, rpn_box: 0.1283, rcnn_cls: 0.5828, rcnn_box 0.2038
Epoch 8: Training loss: 0.2677, Testing loss: 0.2754
total training time: 1363.028050
[session 1][epoch  9][iter    0/ 130] training loss: 0.9228,  lr: 1.00e-04
			fg/bg=(28/228), time cost: 1.881710
			rpn_cls: 0.0732, rpn_box: 0.0084, rcnn_cls: 0.5645, rcnn_box 0.2766
[session 1][epoch  9][iter   10/ 130] training loss: 1.0316,  lr: 1.00e-04
			fg/bg=(22/234), time cost: 14.048365
			rpn_cls: 0.1660, rpn_box: 0.2775, rcnn_cls: 0.3654, rcnn_box 0.2128
[session 1][epoch  9][iter   20/ 130] training loss: 1.0739,  lr: 1.00e-04
			fg/bg=(26/230), time cost: 14.326726
			rpn_cls: 0.1117, rpn_box: 0.0023, rcnn_cls: 0.5742, rcnn_box 0.2478
[session 1][epoch  9][iter   30/ 130] training loss: 0.9495,  lr: 1.00e-04
			fg/bg=(21/235), time cost: 14.442917
			rpn_cls: 0.1262, rpn_box: 0.2526, rcnn_cls: 0.3953, rcnn_box 0.1261
[session 1][epoch  9][iter   40/ 130] training loss: 1.0674,  lr: 1.00e-04
			fg/bg=(33/223), time cost: 14.638914
			rpn_cls: 0.1803, rpn_box: 0.0051, rcnn_cls: 0.5837, rcnn_box 0.2511
[session 1][epoch  9][iter   50/ 130] training loss: 1.1568,  lr: 1.00e-04
			fg/bg=(40/216), time cost: 14.561859
			rpn_cls: 0.3523, rpn_box: 0.1113, rcnn_cls: 0.7716, rcnn_box 0.3905
[session 1][epoch  9][iter   60/ 130] training loss: 0.9864,  lr: 1.00e-04
			fg/bg=(12/244), time cost: 14.499266
			rpn_cls: 0.1330, rpn_box: 0.0148, rcnn_cls: 0.2785, rcnn_box 0.0854
[session 1][epoch  9][iter   70/ 130] training loss: 1.0044,  lr: 1.00e-04
			fg/bg=(12/244), time cost: 14.000561
			rpn_cls: 0.2187, rpn_box: 0.3493, rcnn_cls: 0.3156, rcnn_box 0.0567
[session 1][epoch  9][iter   80/ 130] training loss: 0.9219,  lr: 1.00e-04
			fg/bg=(19/237), time cost: 14.078987
			rpn_cls: 0.1874, rpn_box: 0.3016, rcnn_cls: 0.3813, rcnn_box 0.1322
[session 1][epoch  9][iter   90/ 130] training loss: 0.9942,  lr: 1.00e-04
			fg/bg=(6/250), time cost: 14.068970
			rpn_cls: 0.1757, rpn_box: 0.3255, rcnn_cls: 0.1575, rcnn_box 0.0003
[session 1][epoch  9][iter  100/ 130] training loss: 1.0876,  lr: 1.00e-04
			fg/bg=(11/245), time cost: 13.827255
			rpn_cls: 0.1873, rpn_box: 0.3143, rcnn_cls: 0.2624, rcnn_box 0.0454
[session 1][epoch  9][iter  110/ 130] training loss: 1.1158,  lr: 1.00e-04
			fg/bg=(24/232), time cost: 14.079241
			rpn_cls: 0.3056, rpn_box: 0.2147, rcnn_cls: 0.4686, rcnn_box 0.2147
[session 1][epoch  9][iter  120/ 130] training loss: 1.1351,  lr: 1.00e-04
			fg/bg=(20/236), time cost: 13.858829
			rpn_cls: 0.1668, rpn_box: 0.3941, rcnn_cls: 0.3191, rcnn_box 0.1114
Epoch 9: Training loss: 0.2631, Testing loss: 0.2769
total training time: 1535.341650
[session 1][epoch 10][iter    0/ 130] training loss: 1.2064,  lr: 1.00e-04
			fg/bg=(25/231), time cost: 1.830878
			rpn_cls: 0.3019, rpn_box: 0.2109, rcnn_cls: 0.4742, rcnn_box 0.2192
[session 1][epoch 10][iter   10/ 130] training loss: 1.0333,  lr: 1.00e-04
			fg/bg=(14/242), time cost: 14.174592
			rpn_cls: 0.2182, rpn_box: 0.3022, rcnn_cls: 0.3354, rcnn_box 0.0897
[session 1][epoch 10][iter   20/ 130] training loss: 1.0595,  lr: 1.00e-04
			fg/bg=(6/250), time cost: 14.293727
			rpn_cls: 0.1722, rpn_box: 0.3179, rcnn_cls: 0.1751, rcnn_box 0.0004
[session 1][epoch 10][iter   30/ 130] training loss: 1.0553,  lr: 1.00e-04
			fg/bg=(29/227), time cost: 14.300095
			rpn_cls: 0.0964, rpn_box: 0.0126, rcnn_cls: 0.5920, rcnn_box 0.2554
[session 1][epoch 10][iter   40/ 130] training loss: 1.0074,  lr: 1.00e-04
			fg/bg=(32/224), time cost: 14.139865
			rpn_cls: 0.1110, rpn_box: 0.0375, rcnn_cls: 0.6080, rcnn_box 0.3000
[session 1][epoch 10][iter   50/ 130] training loss: 0.9895,  lr: 1.00e-04
			fg/bg=(20/236), time cost: 14.194457
			rpn_cls: 0.1222, rpn_box: 0.2531, rcnn_cls: 0.3919, rcnn_box 0.1283
[session 1][epoch 10][iter   60/ 130] training loss: 0.8919,  lr: 1.00e-04
			fg/bg=(18/238), time cost: 14.328852
			rpn_cls: 0.1603, rpn_box: 0.3029, rcnn_cls: 0.3443, rcnn_box 0.1228
[session 1][epoch 10][iter   70/ 130] training loss: 1.0601,  lr: 1.00e-04
			fg/bg=(48/208), time cost: 13.946718
			rpn_cls: 0.1929, rpn_box: 0.0346, rcnn_cls: 0.9882, rcnn_box 0.4419
[session 1][epoch 10][iter   80/ 130] training loss: 1.0578,  lr: 1.00e-04
			fg/bg=(34/222), time cost: 13.998835
			rpn_cls: 0.4596, rpn_box: 0.1935, rcnn_cls: 0.6189, rcnn_box 0.2922
[session 1][epoch 10][iter   90/ 130] training loss: 1.0247,  lr: 1.00e-04
			fg/bg=(35/221), time cost: 13.987751
			rpn_cls: 0.2611, rpn_box: 0.2492, rcnn_cls: 0.5821, rcnn_box 0.2678
[session 1][epoch 10][iter  100/ 130] training loss: 1.0096,  lr: 1.00e-04
			fg/bg=(19/237), time cost: 13.850577
			rpn_cls: 0.2067, rpn_box: 0.3811, rcnn_cls: 0.3724, rcnn_box 0.1631
[session 1][epoch 10][iter  110/ 130] training loss: 0.9623,  lr: 1.00e-04
			fg/bg=(43/213), time cost: 13.953484
			rpn_cls: 0.5722, rpn_box: 0.2039, rcnn_cls: 0.7101, rcnn_box 0.3283
[session 1][epoch 10][iter  120/ 130] training loss: 1.0904,  lr: 1.00e-04
			fg/bg=(23/233), time cost: 13.598144
			rpn_cls: 0.1175, rpn_box: 0.0034, rcnn_cls: 0.5127, rcnn_box 0.2139
Epoch 10: Training loss: 0.2611, Testing loss: 0.2744
total training time: 1705.939626
[session 1][epoch 11][iter    0/ 130] training loss: 0.9958,  lr: 1.00e-04
			fg/bg=(29/227), time cost: 1.784517
			rpn_cls: 0.1105, rpn_box: 0.0493, rcnn_cls: 0.5886, rcnn_box 0.2474
[session 1][epoch 11][iter   10/ 130] training loss: 1.0734,  lr: 1.00e-04
			fg/bg=(32/224), time cost: 14.538327
			rpn_cls: 0.1770, rpn_box: 0.0052, rcnn_cls: 0.5546, rcnn_box 0.2603
[session 1][epoch 11][iter   20/ 130] training loss: 0.9179,  lr: 1.00e-04
			fg/bg=(43/213), time cost: 14.361403
			rpn_cls: 0.3486, rpn_box: 0.1478, rcnn_cls: 0.6413, rcnn_box 0.3673
[session 1][epoch 11][iter   30/ 130] training loss: 0.9836,  lr: 1.00e-04
			fg/bg=(21/235), time cost: 14.270815
			rpn_cls: 0.2300, rpn_box: 0.3279, rcnn_cls: 0.3384, rcnn_box 0.1158
[session 1][epoch 11][iter   40/ 130] training loss: 1.0996,  lr: 1.00e-04
			fg/bg=(28/228), time cost: 14.207440
			rpn_cls: 0.2977, rpn_box: 0.2603, rcnn_cls: 0.6109, rcnn_box 0.1967
[session 1][epoch 11][iter   50/ 130] training loss: 0.9827,  lr: 1.00e-04
			fg/bg=(42/214), time cost: 14.150253
			rpn_cls: 0.1168, rpn_box: 0.0102, rcnn_cls: 0.7661, rcnn_box 0.4299
[session 1][epoch 11][iter   60/ 130] training loss: 1.1888,  lr: 1.00e-04
			fg/bg=(40/216), time cost: 14.350250
			rpn_cls: 0.1684, rpn_box: 0.0045, rcnn_cls: 0.7233, rcnn_box 0.3747
[session 1][epoch 11][iter   70/ 130] training loss: 1.0636,  lr: 1.00e-04
			fg/bg=(24/232), time cost: 13.862374
			rpn_cls: 0.1579, rpn_box: 0.1777, rcnn_cls: 0.5023, rcnn_box 0.1819
[session 1][epoch 11][iter   80/ 130] training loss: 1.0858,  lr: 1.00e-04
			fg/bg=(41/215), time cost: 13.856959
			rpn_cls: 0.3319, rpn_box: 0.1585, rcnn_cls: 0.6839, rcnn_box 0.4252
[session 1][epoch 11][iter   90/ 130] training loss: 1.0401,  lr: 1.00e-04
			fg/bg=(8/248), time cost: 13.960518
			rpn_cls: 0.1070, rpn_box: 0.0023, rcnn_cls: 0.2197, rcnn_box 0.0472
[session 1][epoch 11][iter  100/ 130] training loss: 1.1595,  lr: 1.00e-04
			fg/bg=(24/232), time cost: 13.701273
			rpn_cls: 0.1452, rpn_box: 0.2754, rcnn_cls: 0.4322, rcnn_box 0.2424
[session 1][epoch 11][iter  110/ 130] training loss: 0.9237,  lr: 1.00e-04
			fg/bg=(19/237), time cost: 14.078901
			rpn_cls: 0.1169, rpn_box: 0.0056, rcnn_cls: 0.4462, rcnn_box 0.1735
[session 1][epoch 11][iter  120/ 130] training loss: 0.9727,  lr: 1.00e-04
			fg/bg=(17/239), time cost: 13.881827
			rpn_cls: 0.1154, rpn_box: 0.0056, rcnn_cls: 0.4047, rcnn_box 0.1459
Epoch 11: Training loss: 0.2600, Testing loss: 0.2729
total training time: 1876.944485
[session 1][epoch 12][iter    0/ 130] training loss: 1.0225,  lr: 1.00e-05
			fg/bg=(24/232), time cost: 1.827119
			rpn_cls: 0.1443, rpn_box: 0.1768, rcnn_cls: 0.5134, rcnn_box 0.1880
[session 1][epoch 12][iter   10/ 130] training loss: 0.8786,  lr: 1.00e-05
			fg/bg=(13/243), time cost: 14.356501
			rpn_cls: 0.2135, rpn_box: 0.2166, rcnn_cls: 0.2892, rcnn_box 0.0901
[session 1][epoch 12][iter   20/ 130] training loss: 0.9955,  lr: 1.00e-05
			fg/bg=(24/232), time cost: 14.021723
			rpn_cls: 0.2591, rpn_box: 0.3548, rcnn_cls: 0.4898, rcnn_box 0.1579
[session 1][epoch 12][iter   30/ 130] training loss: 1.0049,  lr: 1.00e-05
			fg/bg=(31/225), time cost: 14.211863
			rpn_cls: 0.1523, rpn_box: 0.3051, rcnn_cls: 0.5474, rcnn_box 0.2361
[session 1][epoch 12][iter   40/ 130] training loss: 0.9899,  lr: 1.00e-05
			fg/bg=(28/228), time cost: 14.379091
			rpn_cls: 0.3039, rpn_box: 0.2079, rcnn_cls: 0.4863, rcnn_box 0.3055
[session 1][epoch 12][iter   50/ 130] training loss: 0.9372,  lr: 1.00e-05
			fg/bg=(23/233), time cost: 14.364632
			rpn_cls: 0.2884, rpn_box: 0.2690, rcnn_cls: 0.4767, rcnn_box 0.1208
[session 1][epoch 12][iter   60/ 130] training loss: 0.9691,  lr: 1.00e-05
			fg/bg=(15/241), time cost: 14.360524
			rpn_cls: 0.1296, rpn_box: 0.2792, rcnn_cls: 0.2605, rcnn_box 0.0781
[session 1][epoch 12][iter   70/ 130] training loss: 0.9960,  lr: 1.00e-05
			fg/bg=(14/242), time cost: 13.934465
			rpn_cls: 0.1572, rpn_box: 0.0297, rcnn_cls: 0.3290, rcnn_box 0.0960
[session 1][epoch 12][iter   80/ 130] training loss: 1.1222,  lr: 1.00e-05
			fg/bg=(19/237), time cost: 13.747494
			rpn_cls: 0.2402, rpn_box: 0.3368, rcnn_cls: 0.3619, rcnn_box 0.1525
[session 1][epoch 12][iter   90/ 130] training loss: 1.1121,  lr: 1.00e-05
			fg/bg=(6/250), time cost: 13.888834
			rpn_cls: 0.0832, rpn_box: 0.0172, rcnn_cls: 0.1533, rcnn_box 0.0458
[session 1][epoch 12][iter  100/ 130] training loss: 1.1057,  lr: 1.00e-05
			fg/bg=(28/228), time cost: 13.806150
			rpn_cls: 0.3041, rpn_box: 0.2614, rcnn_cls: 0.5888, rcnn_box 0.1961
[session 1][epoch 12][iter  110/ 130] training loss: 1.0548,  lr: 1.00e-05
			fg/bg=(48/208), time cost: 14.022189
			rpn_cls: 0.3138, rpn_box: 0.1072, rcnn_cls: 0.7863, rcnn_box 0.5076
[session 1][epoch 12][iter  120/ 130] training loss: 1.1912,  lr: 1.00e-05
			fg/bg=(8/248), time cost: 13.808982
			rpn_cls: 0.1174, rpn_box: 0.0024, rcnn_cls: 0.1996, rcnn_box 0.0477
Epoch 12: Training loss: 0.2578, Testing loss: 0.2717
total training time: 2047.674050
[session 1][epoch 13][iter    0/ 130] training loss: 0.6423,  lr: 1.00e-05
			fg/bg=(13/243), time cost: 1.862730
			rpn_cls: 0.1891, rpn_box: 0.0643, rcnn_cls: 0.2758, rcnn_box 0.1133
[session 1][epoch 13][iter   10/ 130] training loss: 0.8879,  lr: 1.00e-05
			fg/bg=(37/219), time cost: 14.345491
			rpn_cls: 0.1838, rpn_box: 0.1082, rcnn_cls: 0.7517, rcnn_box 0.2954
[session 1][epoch 13][iter   20/ 130] training loss: 1.0709,  lr: 1.00e-05
			fg/bg=(19/237), time cost: 14.249527
			rpn_cls: 0.1807, rpn_box: 0.2085, rcnn_cls: 0.3830, rcnn_box 0.1159
[session 1][epoch 13][iter   30/ 130] training loss: 1.0398,  lr: 1.00e-05
			fg/bg=(17/239), time cost: 14.300299
			rpn_cls: 0.1452, rpn_box: 0.1338, rcnn_cls: 0.3486, rcnn_box 0.1000
[session 1][epoch 13][iter   40/ 130] training loss: 0.9823,  lr: 1.00e-05
			fg/bg=(14/242), time cost: 14.278686
			rpn_cls: 0.1388, rpn_box: 0.0146, rcnn_cls: 0.3117, rcnn_box 0.1017
[session 1][epoch 13][iter   50/ 130] training loss: 0.9806,  lr: 1.00e-05
			fg/bg=(24/232), time cost: 14.255963
			rpn_cls: 0.2792, rpn_box: 0.2799, rcnn_cls: 0.4727, rcnn_box 0.1642
[session 1][epoch 13][iter   60/ 130] training loss: 1.1103,  lr: 1.00e-05
			fg/bg=(26/230), time cost: 14.240941
			rpn_cls: 0.2966, rpn_box: 0.2075, rcnn_cls: 0.4796, rcnn_box 0.2496
[session 1][epoch 13][iter   70/ 130] training loss: 0.9762,  lr: 1.00e-05
			fg/bg=(37/219), time cost: 13.969641
			rpn_cls: 0.1000, rpn_box: 0.0365, rcnn_cls: 0.6702, rcnn_box 0.4116
[session 1][epoch 13][iter   80/ 130] training loss: 0.9679,  lr: 1.00e-05
			fg/bg=(41/215), time cost: 13.965303
			rpn_cls: 0.1861, rpn_box: 0.1366, rcnn_cls: 0.7844, rcnn_box 0.3158
[session 1][epoch 13][iter   90/ 130] training loss: 1.0724,  lr: 1.00e-05
			fg/bg=(28/228), time cost: 13.963457
			rpn_cls: 0.2588, rpn_box: 0.3545, rcnn_cls: 0.5755, rcnn_box 0.2019
[session 1][epoch 13][iter  100/ 130] training loss: 0.9951,  lr: 1.00e-05
			fg/bg=(16/240), time cost: 13.865839
			rpn_cls: 0.2323, rpn_box: 0.2163, rcnn_cls: 0.3593, rcnn_box 0.1179
[session 1][epoch 13][iter  110/ 130] training loss: 1.0096,  lr: 1.00e-05
			fg/bg=(13/243), time cost: 13.940460
			rpn_cls: 0.1520, rpn_box: 0.0297, rcnn_cls: 0.2957, rcnn_box 0.0856
[session 1][epoch 13][iter  120/ 130] training loss: 1.0081,  lr: 1.00e-05
			fg/bg=(41/215), time cost: 13.547758
			rpn_cls: 0.2184, rpn_box: 0.2343, rcnn_cls: 0.6762, rcnn_box 0.2612
Epoch 13: Training loss: 0.2563, Testing loss: 0.2699
total training time: 2218.460145
[session 1][epoch 14][iter    0/ 130] training loss: 1.1970,  lr: 1.00e-05
			fg/bg=(20/236), time cost: 1.844686
			rpn_cls: 0.2245, rpn_box: 0.3658, rcnn_cls: 0.4457, rcnn_box 0.1610
[session 1][epoch 14][iter   10/ 130] training loss: 1.0397,  lr: 1.00e-05
			fg/bg=(15/241), time cost: 14.410956
			rpn_cls: 0.2705, rpn_box: 0.2205, rcnn_cls: 0.3274, rcnn_box 0.1054
[session 1][epoch 14][iter   20/ 130] training loss: 1.0811,  lr: 1.00e-05
			fg/bg=(18/238), time cost: 14.151580
			rpn_cls: 0.1520, rpn_box: 0.2894, rcnn_cls: 0.3469, rcnn_box 0.1485
[session 1][epoch 14][iter   30/ 130] training loss: 1.1568,  lr: 1.00e-05
			fg/bg=(38/218), time cost: 14.312894
			rpn_cls: 0.2094, rpn_box: 0.1232, rcnn_cls: 0.8584, rcnn_box 0.3042
[session 1][epoch 14][iter   40/ 130] training loss: 0.9222,  lr: 1.00e-05
			fg/bg=(24/232), time cost: 14.393836
			rpn_cls: 0.2483, rpn_box: 0.2793, rcnn_cls: 0.4909, rcnn_box 0.1645
[session 1][epoch 14][iter   50/ 130] training loss: 0.9706,  lr: 1.00e-05
			fg/bg=(34/222), time cost: 14.458924
			rpn_cls: 0.2116, rpn_box: 0.1145, rcnn_cls: 0.6353, rcnn_box 0.2692
[session 1][epoch 14][iter   60/ 130] training loss: 1.1406,  lr: 1.00e-05
			fg/bg=(28/228), time cost: 14.287499
			rpn_cls: 0.3081, rpn_box: 0.2604, rcnn_cls: 0.5782, rcnn_box 0.1879
[session 1][epoch 14][iter   70/ 130] training loss: 1.0143,  lr: 1.00e-05
			fg/bg=(43/213), time cost: 13.831445
			rpn_cls: 0.2123, rpn_box: 0.2341, rcnn_cls: 0.7078, rcnn_box 0.2772
[session 1][epoch 14][iter   80/ 130] training loss: 0.9179,  lr: 1.00e-05
			fg/bg=(2/254), time cost: 14.034789
			rpn_cls: 0.2046, rpn_box: 0.0966, rcnn_cls: 0.0719, rcnn_box 0.0001
[session 1][epoch 14][iter   90/ 130] training loss: 1.1348,  lr: 1.00e-05
			fg/bg=(16/240), time cost: 13.623963
			rpn_cls: 0.1628, rpn_box: 0.2445, rcnn_cls: 0.3092, rcnn_box 0.1066
[session 1][epoch 14][iter  100/ 130] training loss: 0.9559,  lr: 1.00e-05
			fg/bg=(15/241), time cost: 13.767145
			rpn_cls: 0.1781, rpn_box: 0.3308, rcnn_cls: 0.3058, rcnn_box 0.1083
[session 1][epoch 14][iter  110/ 130] training loss: 1.0794,  lr: 1.00e-05
			fg/bg=(19/237), time cost: 13.586710
			rpn_cls: 0.1631, rpn_box: 0.0340, rcnn_cls: 0.3931, rcnn_box 0.1149
[session 1][epoch 14][iter  120/ 130] training loss: 1.0615,  lr: 1.00e-05
			fg/bg=(17/239), time cost: 13.678520
			rpn_cls: 0.3229, rpn_box: 0.4742, rcnn_cls: 0.3526, rcnn_box 0.0890
Epoch 14: Training loss: 0.2574, Testing loss: 0.2697
total training time: 2388.843093
[session 1][epoch 15][iter    0/ 130] training loss: 1.3712,  lr: 1.00e-05
			fg/bg=(42/214), time cost: 1.820987
			rpn_cls: 0.1130, rpn_box: 0.0364, rcnn_cls: 0.7650, rcnn_box 0.4569
[session 1][epoch 15][iter   10/ 130] training loss: 1.0866,  lr: 1.00e-05
			fg/bg=(15/241), time cost: 14.128997
			rpn_cls: 0.1226, rpn_box: 0.2782, rcnn_cls: 0.2775, rcnn_box 0.0786
[session 1][epoch 15][iter   20/ 130] training loss: 0.8761,  lr: 1.00e-05
			fg/bg=(2/254), time cost: 14.394426
			rpn_cls: 0.2019, rpn_box: 0.0965, rcnn_cls: 0.0772, rcnn_box 0.0001
[session 1][epoch 15][iter   30/ 130] training loss: 0.9361,  lr: 1.00e-05
			fg/bg=(20/236), time cost: 14.288796
			rpn_cls: 0.2125, rpn_box: 0.3660, rcnn_cls: 0.4380, rcnn_box 0.1606
[session 1][epoch 15][iter   40/ 130] training loss: 0.9748,  lr: 1.00e-05
			fg/bg=(31/225), time cost: 14.397438
			rpn_cls: 0.1306, rpn_box: 0.1228, rcnn_cls: 0.4909, rcnn_box 0.2235
[session 1][epoch 15][iter   50/ 130] training loss: 0.9641,  lr: 1.00e-05
			fg/bg=(10/246), time cost: 14.317799
			rpn_cls: 0.1320, rpn_box: 0.6027, rcnn_cls: 0.2304, rcnn_box 0.0479
[session 1][epoch 15][iter   60/ 130] training loss: 1.2513,  lr: 1.00e-05
			fg/bg=(29/227), time cost: 14.307429
			rpn_cls: 0.1827, rpn_box: 0.3039, rcnn_cls: 0.5267, rcnn_box 0.2039
[session 1][epoch 15][iter   70/ 130] training loss: 1.0181,  lr: 1.00e-05
			fg/bg=(30/226), time cost: 13.754901
			rpn_cls: 0.1509, rpn_box: 0.2655, rcnn_cls: 0.4266, rcnn_box 0.2265
[session 1][epoch 15][iter   80/ 130] training loss: 1.0414,  lr: 1.00e-05
			fg/bg=(21/235), time cost: 13.731741
			rpn_cls: 0.2007, rpn_box: 0.3769, rcnn_cls: 0.4246, rcnn_box 0.1801
[session 1][epoch 15][iter   90/ 130] training loss: 0.9689,  lr: 1.00e-05
			fg/bg=(9/247), time cost: 13.687418
			rpn_cls: 0.2652, rpn_box: 0.2859, rcnn_cls: 0.2305, rcnn_box 0.0226
[session 1][epoch 15][iter  100/ 130] training loss: 1.1059,  lr: 1.00e-05
			fg/bg=(39/217), time cost: 13.547845
			rpn_cls: 0.2677, rpn_box: 0.2501, rcnn_cls: 0.6502, rcnn_box 0.4322
[session 1][epoch 15][iter  110/ 130] training loss: 0.9609,  lr: 1.00e-05
			fg/bg=(18/238), time cost: 14.000751
			rpn_cls: 0.0968, rpn_box: 0.0056, rcnn_cls: 0.4340, rcnn_box 0.1629
[session 1][epoch 15][iter  120/ 130] training loss: 1.0580,  lr: 1.00e-05
			fg/bg=(49/207), time cost: 13.661692
			rpn_cls: 0.2392, rpn_box: 0.0607, rcnn_cls: 0.7742, rcnn_box 0.3480
Epoch 15: Training loss: 0.2571, Testing loss: 0.2699
total training time: 2558.883313
[session 1][epoch 16][iter    0/ 130] training loss: 1.0704,  lr: 1.00e-05
			fg/bg=(29/227), time cost: 1.844666
			rpn_cls: 0.1625, rpn_box: 0.1188, rcnn_cls: 0.5448, rcnn_box 0.2442
[session 1][epoch 16][iter   10/ 130] training loss: 1.0643,  lr: 1.00e-05
			fg/bg=(47/209), time cost: 14.332461
			rpn_cls: 0.2321, rpn_box: 0.0634, rcnn_cls: 0.9759, rcnn_box 0.4658
[session 1][epoch 16][iter   20/ 130] training loss: 1.1544,  lr: 1.00e-05
			fg/bg=(39/217), time cost: 14.234882
			rpn_cls: 0.4733, rpn_box: 0.1918, rcnn_cls: 0.5655, rcnn_box 0.3125
[session 1][epoch 16][iter   30/ 130] training loss: 1.0789,  lr: 1.00e-05
			fg/bg=(44/212), time cost: 14.457920
			rpn_cls: 0.3044, rpn_box: 0.1575, rcnn_cls: 0.6990, rcnn_box 0.4642
[session 1][epoch 16][iter   40/ 130] training loss: 1.1408,  lr: 1.00e-05
			fg/bg=(19/237), time cost: 14.347001
			rpn_cls: 0.2130, rpn_box: 0.3658, rcnn_cls: 0.4060, rcnn_box 0.1495
[session 1][epoch 16][iter   50/ 130] training loss: 1.0104,  lr: 1.00e-05
			fg/bg=(24/232), time cost: 14.357778
			rpn_cls: 0.2640, rpn_box: 0.2792, rcnn_cls: 0.5032, rcnn_box 0.1654
[session 1][epoch 16][iter   60/ 130] training loss: 0.8400,  lr: 1.00e-05
			fg/bg=(14/242), time cost: 14.579171
			rpn_cls: 0.1289, rpn_box: 0.0144, rcnn_cls: 0.3033, rcnn_box 0.1059
[session 1][epoch 16][iter   70/ 130] training loss: 0.9927,  lr: 1.00e-05
			fg/bg=(34/222), time cost: 14.040024
			rpn_cls: 0.1189, rpn_box: 0.0268, rcnn_cls: 0.6907, rcnn_box 0.3268
[session 1][epoch 16][iter   80/ 130] training loss: 0.8316,  lr: 1.00e-05
			fg/bg=(9/247), time cost: 14.094474
			rpn_cls: 0.1006, rpn_box: 0.0025, rcnn_cls: 0.2148, rcnn_box 0.0599
[session 1][epoch 16][iter   90/ 130] training loss: 0.9360,  lr: 1.00e-05
			fg/bg=(39/217), time cost: 14.096874
			rpn_cls: 0.1020, rpn_box: 0.0364, rcnn_cls: 0.7276, rcnn_box 0.4079
[session 1][epoch 16][iter  100/ 130] training loss: 1.0298,  lr: 1.00e-05
			fg/bg=(26/230), time cost: 13.957500
			rpn_cls: 0.1227, rpn_box: 0.0024, rcnn_cls: 0.5696, rcnn_box 0.2506
[session 1][epoch 16][iter  110/ 130] training loss: 0.9171,  lr: 1.00e-05
			fg/bg=(14/242), time cost: 14.076214
			rpn_cls: 0.1840, rpn_box: 0.3293, rcnn_cls: 0.3041, rcnn_box 0.0946
[session 1][epoch 16][iter  120/ 130] training loss: 1.2049,  lr: 1.00e-05
			fg/bg=(5/251), time cost: 13.734503
			rpn_cls: 0.0718, rpn_box: 0.0173, rcnn_cls: 0.1379, rcnn_box 0.0330
Epoch 16: Training loss: 0.2564, Testing loss: 0.2689
total training time: 2731.036781
[session 1][epoch 17][iter    0/ 130] training loss: 1.5379,  lr: 1.00e-05
			fg/bg=(38/218), time cost: 1.793206
			rpn_cls: 0.4804, rpn_box: 0.1916, rcnn_cls: 0.5684, rcnn_box 0.2975
[session 1][epoch 17][iter   10/ 130] training loss: 1.1553,  lr: 1.00e-05
			fg/bg=(19/237), time cost: 14.133600
			rpn_cls: 0.1853, rpn_box: 0.0417, rcnn_cls: 0.3658, rcnn_box 0.1139
[session 1][epoch 17][iter   20/ 130] training loss: 1.0288,  lr: 1.00e-05
			fg/bg=(47/209), time cost: 14.489846
			rpn_cls: 0.2720, rpn_box: 0.0606, rcnn_cls: 0.7311, rcnn_box 0.3328
[session 1][epoch 17][iter   30/ 130] training loss: 1.0140,  lr: 1.00e-05
			fg/bg=(23/233), time cost: 14.013691
			rpn_cls: 0.1337, rpn_box: 0.0036, rcnn_cls: 0.5234, rcnn_box 0.2152
[session 1][epoch 17][iter   40/ 130] training loss: 1.0988,  lr: 1.00e-05
			fg/bg=(20/236), time cost: 14.229741
			rpn_cls: 0.1882, rpn_box: 0.2091, rcnn_cls: 0.4036, rcnn_box 0.1259
[session 1][epoch 17][iter   50/ 130] training loss: 1.1891,  lr: 1.00e-05
			fg/bg=(31/225), time cost: 14.327102
			rpn_cls: 0.2255, rpn_box: 0.3389, rcnn_cls: 0.5808, rcnn_box 0.2657
[session 1][epoch 17][iter   60/ 130] training loss: 1.1409,  lr: 1.00e-05
			fg/bg=(34/222), time cost: 14.253620
			rpn_cls: 0.2551, rpn_box: 0.2496, rcnn_cls: 0.5781, rcnn_box 0.3549
[session 1][epoch 17][iter   70/ 130] training loss: 0.7764,  lr: 1.00e-05
			fg/bg=(5/251), time cost: 13.920332
			rpn_cls: 0.1278, rpn_box: 0.0114, rcnn_cls: 0.1540, rcnn_box 0.0182
[session 1][epoch 17][iter   80/ 130] training loss: 0.8924,  lr: 1.00e-05
			fg/bg=(14/242), time cost: 13.745334
			rpn_cls: 0.1407, rpn_box: 0.0211, rcnn_cls: 0.3030, rcnn_box 0.0715
[session 1][epoch 17][iter   90/ 130] training loss: 0.9869,  lr: 1.00e-05
			fg/bg=(19/237), time cost: 13.694499
			rpn_cls: 0.2240, rpn_box: 0.3653, rcnn_cls: 0.4143, rcnn_box 0.1470
[session 1][epoch 17][iter  100/ 130] training loss: 1.0769,  lr: 1.00e-05
			fg/bg=(36/220), time cost: 13.752124
			rpn_cls: 0.1819, rpn_box: 0.0056, rcnn_cls: 0.5730, rcnn_box 0.3039
[session 1][epoch 17][iter  110/ 130] training loss: 0.9854,  lr: 1.00e-05
			fg/bg=(2/254), time cost: 13.795990
			rpn_cls: 0.2043, rpn_box: 0.0977, rcnn_cls: 0.0729, rcnn_box 0.0001
[session 1][epoch 17][iter  120/ 130] training loss: 1.0316,  lr: 1.00e-05
			fg/bg=(27/229), time cost: 13.910377
			rpn_cls: 0.2879, rpn_box: 0.2077, rcnn_cls: 0.4816, rcnn_box 0.2833
Epoch 17: Training loss: 0.2555, Testing loss: 0.2704
total training time: 2901.096243
[session 1][epoch 18][iter    0/ 130] training loss: 1.0889,  lr: 1.00e-06
			fg/bg=(21/235), time cost: 1.837792
			rpn_cls: 0.1739, rpn_box: 0.2937, rcnn_cls: 0.4524, rcnn_box 0.1689
[session 1][epoch 18][iter   10/ 130] training loss: 0.9026,  lr: 1.00e-06
			fg/bg=(11/245), time cost: 14.288306
			rpn_cls: 0.1811, rpn_box: 0.3071, rcnn_cls: 0.2623, rcnn_box 0.0457
[session 1][epoch 18][iter   20/ 130] training loss: 1.0018,  lr: 1.00e-06
			fg/bg=(32/224), time cost: 14.291627
			rpn_cls: 0.1304, rpn_box: 0.2155, rcnn_cls: 0.4809, rcnn_box 0.2735
[session 1][epoch 18][iter   30/ 130] training loss: 1.2439,  lr: 1.00e-06
			fg/bg=(27/229), time cost: 14.228577
			rpn_cls: 0.2560, rpn_box: 0.3539, rcnn_cls: 0.5646, rcnn_box 0.1925
[session 1][epoch 18][iter   40/ 130] training loss: 1.0903,  lr: 1.00e-06
			fg/bg=(26/230), time cost: 14.147074
			rpn_cls: 0.1971, rpn_box: 0.0627, rcnn_cls: 0.5435, rcnn_box 0.2710
[session 1][epoch 18][iter   50/ 130] training loss: 0.8995,  lr: 1.00e-06
			fg/bg=(19/237), time cost: 14.219748
			rpn_cls: 0.1830, rpn_box: 0.2562, rcnn_cls: 0.4121, rcnn_box 0.1202
[session 1][epoch 18][iter   60/ 130] training loss: 1.0269,  lr: 1.00e-06
			fg/bg=(27/229), time cost: 14.280250
			rpn_cls: 0.1585, rpn_box: 0.1978, rcnn_cls: 0.4930, rcnn_box 0.2043
[session 1][epoch 18][iter   70/ 130] training loss: 1.0467,  lr: 1.00e-06
			fg/bg=(6/250), time cost: 13.726722
			rpn_cls: 0.1410, rpn_box: 0.3115, rcnn_cls: 0.1731, rcnn_box 0.0004
[session 1][epoch 18][iter   80/ 130] training loss: 1.0532,  lr: 1.00e-06
			fg/bg=(22/234), time cost: 13.537227
			rpn_cls: 0.1390, rpn_box: 0.2802, rcnn_cls: 0.3899, rcnn_box 0.1828
[session 1][epoch 18][iter   90/ 130] training loss: 0.9609,  lr: 1.00e-06
			fg/bg=(18/238), time cost: 13.873987
			rpn_cls: 0.0841, rpn_box: 0.0040, rcnn_cls: 0.3264, rcnn_box 0.2229
[session 1][epoch 18][iter  100/ 130] training loss: 0.9856,  lr: 1.00e-06
			fg/bg=(36/220), time cost: 14.033875
			rpn_cls: 0.1750, rpn_box: 0.0056, rcnn_cls: 0.5748, rcnn_box 0.3036
[session 1][epoch 18][iter  110/ 130] training loss: 1.0425,  lr: 1.00e-06
			fg/bg=(16/240), time cost: 14.058369
			rpn_cls: 0.1581, rpn_box: 0.0311, rcnn_cls: 0.3410, rcnn_box 0.1135
[session 1][epoch 18][iter  120/ 130] training loss: 0.9773,  lr: 1.00e-06
			fg/bg=(40/216), time cost: 14.175490
			rpn_cls: 0.1807, rpn_box: 0.1083, rcnn_cls: 0.7957, rcnn_box 0.3196
Epoch 18: Training loss: 0.2560, Testing loss: 0.2696
total training time: 3071.795286
[session 1][epoch 19][iter    0/ 130] training loss: 1.2242,  lr: 1.00e-06
			fg/bg=(14/242), time cost: 1.806590
			rpn_cls: 0.3178, rpn_box: 0.4998, rcnn_cls: 0.3161, rcnn_box 0.0905
[session 1][epoch 19][iter   10/ 130] training loss: 1.1010,  lr: 1.00e-06
			fg/bg=(23/233), time cost: 14.289113
			rpn_cls: 0.2884, rpn_box: 0.2667, rcnn_cls: 0.4641, rcnn_box 0.1207
[session 1][epoch 19][iter   20/ 130] training loss: 1.0431,  lr: 1.00e-06
			fg/bg=(25/231), time cost: 14.239552
			rpn_cls: 0.2458, rpn_box: 0.3420, rcnn_cls: 0.4879, rcnn_box 0.1901
[session 1][epoch 19][iter   30/ 130] training loss: 0.8778,  lr: 1.00e-06
			fg/bg=(27/229), time cost: 14.535734
			rpn_cls: 0.2542, rpn_box: 0.3539, rcnn_cls: 0.5390, rcnn_box 0.1917
[session 1][epoch 19][iter   40/ 130] training loss: 1.0063,  lr: 1.00e-06
			fg/bg=(23/233), time cost: 14.217984
			rpn_cls: 0.1265, rpn_box: 0.0036, rcnn_cls: 0.4965, rcnn_box 0.2153
[session 1][epoch 19][iter   50/ 130] training loss: 0.8995,  lr: 1.00e-06
			fg/bg=(22/234), time cost: 14.338614
			rpn_cls: 0.1857, rpn_box: 0.2869, rcnn_cls: 0.3317, rcnn_box 0.1343
[session 1][epoch 19][iter   60/ 130] training loss: 1.0228,  lr: 1.00e-06
			fg/bg=(13/243), time cost: 14.234802
			rpn_cls: 0.2206, rpn_box: 0.2951, rcnn_cls: 0.3003, rcnn_box 0.0738
[session 1][epoch 19][iter   70/ 130] training loss: 1.1138,  lr: 1.00e-06
			fg/bg=(19/237), time cost: 13.917173
			rpn_cls: 0.2252, rpn_box: 0.3653, rcnn_cls: 0.4152, rcnn_box 0.1469
[session 1][epoch 19][iter   80/ 130] training loss: 1.0065,  lr: 1.00e-06
			fg/bg=(32/224), time cost: 13.892059
			rpn_cls: 0.1404, rpn_box: 0.2155, rcnn_cls: 0.4699, rcnn_box 0.2735
[session 1][epoch 19][iter   90/ 130] training loss: 1.0625,  lr: 1.00e-06
			fg/bg=(17/239), time cost: 14.115561
			rpn_cls: 0.0935, rpn_box: 0.0045, rcnn_cls: 0.3145, rcnn_box 0.2165
[session 1][epoch 19][iter  100/ 130] training loss: 1.0598,  lr: 1.00e-06
			fg/bg=(18/238), time cost: 13.795739
			rpn_cls: 0.1660, rpn_box: 0.3284, rcnn_cls: 0.4054, rcnn_box 0.1288
[session 1][epoch 19][iter  110/ 130] training loss: 1.0814,  lr: 1.00e-06
			fg/bg=(29/227), time cost: 13.870267
			rpn_cls: 0.1550, rpn_box: 0.2637, rcnn_cls: 0.4254, rcnn_box 0.2135
[session 1][epoch 19][iter  120/ 130] training loss: 0.9644,  lr: 1.00e-06
			fg/bg=(24/232), time cost: 13.957804
			rpn_cls: 0.1439, rpn_box: 0.1767, rcnn_cls: 0.5058, rcnn_box 0.1830
Epoch 19: Training loss: 0.2557, Testing loss: 0.2698
total training time: 3243.006278
[session 1][epoch 20][iter    0/ 130] training loss: 0.8301,  lr: 1.00e-06
			fg/bg=(19/237), time cost: 1.816931
			rpn_cls: 0.1058, rpn_box: 0.2502, rcnn_cls: 0.3604, rcnn_box 0.1136
[session 1][epoch 20][iter   10/ 130] training loss: 0.9289,  lr: 1.00e-06
			fg/bg=(16/240), time cost: 14.434860
			rpn_cls: 0.1828, rpn_box: 0.3289, rcnn_cls: 0.3344, rcnn_box 0.1172
[session 1][epoch 20][iter   20/ 130] training loss: 0.9291,  lr: 1.00e-06
			fg/bg=(21/235), time cost: 14.142755
			rpn_cls: 0.1920, rpn_box: 0.3755, rcnn_cls: 0.4129, rcnn_box 0.1812
[session 1][epoch 20][iter   30/ 130] training loss: 1.0560,  lr: 1.00e-06
			fg/bg=(38/218), time cost: 14.423506
			rpn_cls: 0.2175, rpn_box: 0.0878, rcnn_cls: 0.7140, rcnn_box 0.4003
[session 1][epoch 20][iter   40/ 130] training loss: 1.1158,  lr: 1.00e-06
			fg/bg=(41/215), time cost: 14.324600
			rpn_cls: 0.3484, rpn_box: 0.1454, rcnn_cls: 0.5863, rcnn_box 0.3230
[session 1][epoch 20][iter   50/ 130] training loss: 1.0314,  lr: 1.00e-06
			fg/bg=(18/238), time cost: 14.287021
			rpn_cls: 0.0857, rpn_box: 0.0040, rcnn_cls: 0.3114, rcnn_box 0.2229
[session 1][epoch 20][iter   60/ 130] training loss: 0.9556,  lr: 1.00e-06
			fg/bg=(26/230), time cost: 14.349850
			rpn_cls: 0.3223, rpn_box: 0.2595, rcnn_cls: 0.5263, rcnn_box 0.1715
[session 1][epoch 20][iter   70/ 130] training loss: 1.1561,  lr: 1.00e-06
			fg/bg=(36/220), time cost: 13.775200
			rpn_cls: 0.1928, rpn_box: 0.0056, rcnn_cls: 0.5823, rcnn_box 0.3036
[session 1][epoch 20][iter   80/ 130] training loss: 0.9856,  lr: 1.00e-06
			fg/bg=(43/213), time cost: 13.962075
			rpn_cls: 0.1090, rpn_box: 0.0099, rcnn_cls: 0.8113, rcnn_box 0.4115
[session 1][epoch 20][iter   90/ 130] training loss: 1.0296,  lr: 1.00e-06
			fg/bg=(15/241), time cost: 13.689263
			rpn_cls: 0.1367, rpn_box: 0.2777, rcnn_cls: 0.2579, rcnn_box 0.0790
[session 1][epoch 20][iter  100/ 130] training loss: 0.9408,  lr: 1.00e-06
			fg/bg=(19/237), time cost: 13.730259
			rpn_cls: 0.1893, rpn_box: 0.2562, rcnn_cls: 0.4212, rcnn_box 0.1202
[session 1][epoch 20][iter  110/ 130] training loss: 1.1358,  lr: 1.00e-06
			fg/bg=(28/228), time cost: 13.724630
			rpn_cls: 0.3245, rpn_box: 0.2522, rcnn_cls: 0.6051, rcnn_box 0.1837
[session 1][epoch 20][iter  120/ 130] training loss: 0.9679,  lr: 1.00e-06
			fg/bg=(5/251), time cost: 13.808330
			rpn_cls: 0.0817, rpn_box: 0.0174, rcnn_cls: 0.1431, rcnn_box 0.0330
Epoch 20: Training loss: 0.2565, Testing loss: 0.2703
total training time: 3413.475558
save model: models/res101/pascal_voc/faster_rcnn_1_20_129.pth
