Called with args:
Namespace(batch_size=2, checkepoch=1, checkpoint=0, checkpoint_interval=10000, checksession=1, class_agnostic=False, cuda=True, dataset='pascal_voc', disp_interval=100, large_scale=False, lr=0.001, lr_decay_gamma=0.1, lr_decay_step=5, mGPUs=False, max_epochs=20, net='res101', num_workers=1, optimizer='sgd', resume=False, save_dir='models', session=1, start_epoch=1, use_tfboard=False)
Using config:
{'ANCHOR_RATIOS': [0.5, 1, 2],
 'ANCHOR_SCALES': [8, 16, 32],
 'CROP_RESIZE_WITH_MAX_POOL': False,
 'CUDA': False,
 'DATA_DIR': '/home/jason/faster-rcnn.pytorch-1.0/data',
 'DEDUP_BOXES': 0.0625,
 'EPS': 1e-14,
 'EXP_DIR': 'res101',
 'FEAT_STRIDE': [16],
 'GPU_ID': 0,
 'MATLAB': 'matlab',
 'MAX_NUM_GT_BOXES': 20,
 'MOBILENET': {'DEPTH_MULTIPLIER': 1.0,
               'FIXED_LAYERS': 5,
               'REGU_DEPTH': False,
               'WEIGHT_DECAY': 4e-05},
 'PIXEL_MEANS': array([[[102.9801, 115.9465, 122.7717]]]),
 'POOLING_MODE': 'align',
 'POOLING_SIZE': 7,
 'RESNET': {'FIXED_BLOCKS': 1, 'MAX_POOL': False},
 'RNG_SEED': 3,
 'ROOT_DIR': '/home/jason/faster-rcnn.pytorch-1.0',
 'TEST': {'BBOX_REG': True,
          'HAS_RPN': True,
          'MAX_SIZE': 1000,
          'MODE': 'nms',
          'NMS': 0.3,
          'PROPOSAL_METHOD': 'gt',
          'RPN_MIN_SIZE': 16,
          'RPN_NMS_THRESH': 0.7,
          'RPN_POST_NMS_TOP_N': 300,
          'RPN_PRE_NMS_TOP_N': 6000,
          'RPN_TOP_N': 5000,
          'SCALES': [600],
          'SVM': False},
 'TRAIN': {'ASPECT_GROUPING': False,
           'BATCH_SIZE': 128,
           'BBOX_INSIDE_WEIGHTS': [1.0, 1.0, 1.0, 1.0],
           'BBOX_NORMALIZE_MEANS': [0.0, 0.0, 0.0, 0.0],
           'BBOX_NORMALIZE_STDS': [0.1, 0.1, 0.2, 0.2],
           'BBOX_NORMALIZE_TARGETS': True,
           'BBOX_NORMALIZE_TARGETS_PRECOMPUTED': True,
           'BBOX_REG': True,
           'BBOX_THRESH': 0.5,
           'BG_THRESH_HI': 0.5,
           'BG_THRESH_LO': 0.0,
           'BIAS_DECAY': False,
           'BN_TRAIN': False,
           'BRIGHTNESS_CHANGE': False,
           'DISPLAY': 20,
           'DOUBLE_BIAS': False,
           'FG_FRACTION': 0.25,
           'FG_THRESH': 0.5,
           'GAMMA': 0.1,
           'HAS_RPN': True,
           'IMS_PER_BATCH': 1,
           'LEARNING_RATE': 0.001,
           'MAX_SIZE': 1000,
           'MOMENTUM': 0.9,
           'PROPOSAL_METHOD': 'gt',
           'ROTATE_90': False,
           'RPN_BATCHSIZE': 256,
           'RPN_BBOX_INSIDE_WEIGHTS': [1.0, 1.0, 1.0, 1.0],
           'RPN_CLOBBER_POSITIVES': False,
           'RPN_FG_FRACTION': 0.5,
           'RPN_MIN_SIZE': 8,
           'RPN_NEGATIVE_OVERLAP': 0.3,
           'RPN_NMS_THRESH': 0.7,
           'RPN_POSITIVE_OVERLAP': 0.7,
           'RPN_POSITIVE_WEIGHT': -1.0,
           'RPN_POST_NMS_TOP_N': 2000,
           'RPN_PRE_NMS_TOP_N': 12000,
           'SCALES': [600],
           'SNAPSHOT_ITERS': 5000,
           'SNAPSHOT_KEPT': 3,
           'SNAPSHOT_PREFIX': 'res101_faster_rcnn',
           'STEPSIZE': [30000],
           'SUMMARY_INTERVAL': 180,
           'TRIM_HEIGHT': 600,
           'TRIM_WIDTH': 600,
           'TRUNCATED': False,
           'USE_ALL_GT': True,
           'USE_FLIPPED': True,
           'USE_GT': False,
           'USE_VERTICAL_FLIPPED': False,
           'WEIGHT_DECAY': 0.0001},
 'USE_GPU_NMS': True}
['voc_2007_trainval']
Loaded dataset `voc_2007_trainval` for training
Set proposal method: gt
Appending horizontally-flipped training examples...
voc_2007_trainval gt roidb loaded from /home/jason/faster-rcnn.pytorch-1.0/data/cache/voc_2007_trainval_gt_roidb.pkl
done
Appending vertically-flipped training examples...
done
Appending brightness-changed training examples...
done
Preparing training data...
done
before filtering, there are 360 images...
after filtering, there are 360 images...
['voc_2007_test']
Loaded dataset `voc_2007_test` for training
Set proposal method: gt
Preparing training data...
voc_2007_test gt roidb loaded from /home/jason/faster-rcnn.pytorch-1.0/data/cache/voc_2007_test_gt_roidb.pkl
done
before filtering, there are 13 images...
after filtering, there are 13 images...
360 roidb entries
13 roidb2 entries
torch.Size([2, 3, 600, 900]) torch.Size([2, 3]) torch.Size([2, 20, 5]) torch.Size([2]) tensor([[[397.5000,  37.2000, 530.7000, 285.3000,  28.0000],
         [  0.0000,   0.0000,   0.0000,   0.0000,   0.0000],
         [  0.0000,   0.0000,   0.0000,   0.0000,   0.0000],
         [  0.0000,   0.0000,   0.0000,   0.0000,   0.0000],
         [  0.0000,   0.0000,   0.0000,   0.0000,   0.0000],
         [  0.0000,   0.0000,   0.0000,   0.0000,   0.0000],
         [  0.0000,   0.0000,   0.0000,   0.0000,   0.0000],
         [  0.0000,   0.0000,   0.0000,   0.0000,   0.0000],
         [  0.0000,   0.0000,   0.0000,   0.0000,   0.0000],
         [  0.0000,   0.0000,   0.0000,   0.0000,   0.0000],
         [  0.0000,   0.0000,   0.0000,   0.0000,   0.0000],
         [  0.0000,   0.0000,   0.0000,   0.0000,   0.0000],
         [  0.0000,   0.0000,   0.0000,   0.0000,   0.0000],
         [  0.0000,   0.0000,   0.0000,   0.0000,   0.0000],
         [  0.0000,   0.0000,   0.0000,   0.0000,   0.0000],
         [  0.0000,   0.0000,   0.0000,   0.0000,   0.0000],
         [  0.0000,   0.0000,   0.0000,   0.0000,   0.0000],
         [  0.0000,   0.0000,   0.0000,   0.0000,   0.0000],
         [  0.0000,   0.0000,   0.0000,   0.0000,   0.0000],
         [  0.0000,   0.0000,   0.0000,   0.0000,   0.0000]],

        [[147.6000, 244.8000, 597.6000, 412.8000,  23.0000],
         [  0.0000,   0.0000,   0.0000,   0.0000,   0.0000],
         [  0.0000,   0.0000,   0.0000,   0.0000,   0.0000],
         [  0.0000,   0.0000,   0.0000,   0.0000,   0.0000],
         [  0.0000,   0.0000,   0.0000,   0.0000,   0.0000],
         [  0.0000,   0.0000,   0.0000,   0.0000,   0.0000],
         [  0.0000,   0.0000,   0.0000,   0.0000,   0.0000],
         [  0.0000,   0.0000,   0.0000,   0.0000,   0.0000],
         [  0.0000,   0.0000,   0.0000,   0.0000,   0.0000],
         [  0.0000,   0.0000,   0.0000,   0.0000,   0.0000],
         [  0.0000,   0.0000,   0.0000,   0.0000,   0.0000],
         [  0.0000,   0.0000,   0.0000,   0.0000,   0.0000],
         [  0.0000,   0.0000,   0.0000,   0.0000,   0.0000],
         [  0.0000,   0.0000,   0.0000,   0.0000,   0.0000],
         [  0.0000,   0.0000,   0.0000,   0.0000,   0.0000],
         [  0.0000,   0.0000,   0.0000,   0.0000,   0.0000],
         [  0.0000,   0.0000,   0.0000,   0.0000,   0.0000],
         [  0.0000,   0.0000,   0.0000,   0.0000,   0.0000],
         [  0.0000,   0.0000,   0.0000,   0.0000,   0.0000],
         [  0.0000,   0.0000,   0.0000,   0.0000,   0.0000]]], device='cuda:0')
[session 1][epoch  1][iter    0/ 180] training loss: 18.7447,  lr: 1.00e-03
			fg/bg=(8/248), time cost: 2.077136
			rpn_cls: 0.4806, rpn_box: 0.1395, rcnn_cls: 17.9827, rcnn_box 0.1419
torch.Size([2, 3, 600, 900]) torch.Size([2, 3]) torch.Size([2, 20, 5]) torch.Size([2]) tensor([[[ 95.1000, 275.4000, 270.0000, 374.7000,   4.0000],
         [  0.0000,   0.0000,   0.0000,   0.0000,   0.0000],
         [  0.0000,   0.0000,   0.0000,   0.0000,   0.0000],
         [  0.0000,   0.0000,   0.0000,   0.0000,   0.0000],
         [  0.0000,   0.0000,   0.0000,   0.0000,   0.0000],
         [  0.0000,   0.0000,   0.0000,   0.0000,   0.0000],
         [  0.0000,   0.0000,   0.0000,   0.0000,   0.0000],
         [  0.0000,   0.0000,   0.0000,   0.0000,   0.0000],
         [  0.0000,   0.0000,   0.0000,   0.0000,   0.0000],
         [  0.0000,   0.0000,   0.0000,   0.0000,   0.0000],
         [  0.0000,   0.0000,   0.0000,   0.0000,   0.0000],
         [  0.0000,   0.0000,   0.0000,   0.0000,   0.0000],
         [  0.0000,   0.0000,   0.0000,   0.0000,   0.0000],
         [  0.0000,   0.0000,   0.0000,   0.0000,   0.0000],
         [  0.0000,   0.0000,   0.0000,   0.0000,   0.0000],
         [  0.0000,   0.0000,   0.0000,   0.0000,   0.0000],
         [  0.0000,   0.0000,   0.0000,   0.0000,   0.0000],
         [  0.0000,   0.0000,   0.0000,   0.0000,   0.0000],
         [  0.0000,   0.0000,   0.0000,   0.0000,   0.0000],
         [  0.0000,   0.0000,   0.0000,   0.0000,   0.0000]],

        [[354.4500, 129.7500, 485.1000, 325.9500,  25.0000],
         [  0.0000,   0.0000,   0.0000,   0.0000,   0.0000],
         [  0.0000,   0.0000,   0.0000,   0.0000,   0.0000],
         [  0.0000,   0.0000,   0.0000,   0.0000,   0.0000],
         [  0.0000,   0.0000,   0.0000,   0.0000,   0.0000],
         [  0.0000,   0.0000,   0.0000,   0.0000,   0.0000],
         [  0.0000,   0.0000,   0.0000,   0.0000,   0.0000],
         [  0.0000,   0.0000,   0.0000,   0.0000,   0.0000],
         [  0.0000,   0.0000,   0.0000,   0.0000,   0.0000],
         [  0.0000,   0.0000,   0.0000,   0.0000,   0.0000],
         [  0.0000,   0.0000,   0.0000,   0.0000,   0.0000],
         [  0.0000,   0.0000,   0.0000,   0.0000,   0.0000],
         [  0.0000,   0.0000,   0.0000,   0.0000,   0.0000],
         [  0.0000,   0.0000,   0.0000,   0.0000,   0.0000],
         [  0.0000,   0.0000,   0.0000,   0.0000,   0.0000],
         [  0.0000,   0.0000,   0.0000,   0.0000,   0.0000],
         [  0.0000,   0.0000,   0.0000,   0.0000,   0.0000],
         [  0.0000,   0.0000,   0.0000,   0.0000,   0.0000],
         [  0.0000,   0.0000,   0.0000,   0.0000,   0.0000],
         [  0.0000,   0.0000,   0.0000,   0.0000,   0.0000]]], device='cuda:0')
torch.Size([2, 3, 600, 900]) torch.Size([2, 3]) torch.Size([2, 20, 5]) torch.Size([2]) tensor([[[362.5500, 139.0500, 523.8000, 484.8000,  17.0000],
         [  0.0000,   0.0000,   0.0000,   0.0000,   0.0000],
         [  0.0000,   0.0000,   0.0000,   0.0000,   0.0000],
         [  0.0000,   0.0000,   0.0000,   0.0000,   0.0000],
         [  0.0000,   0.0000,   0.0000,   0.0000,   0.0000],
         [  0.0000,   0.0000,   0.0000,   0.0000,   0.0000],
         [  0.0000,   0.0000,   0.0000,   0.0000,   0.0000],
         [  0.0000,   0.0000,   0.0000,   0.0000,   0.0000],
         [  0.0000,   0.0000,   0.0000,   0.0000,   0.0000],
         [  0.0000,   0.0000,   0.0000,   0.0000,   0.0000],
         [  0.0000,   0.0000,   0.0000,   0.0000,   0.0000],
         [  0.0000,   0.0000,   0.0000,   0.0000,   0.0000],
         [  0.0000,   0.0000,   0.0000,   0.0000,   0.0000],
         [  0.0000,   0.0000,   0.0000,   0.0000,   0.0000],
         [  0.0000,   0.0000,   0.0000,   0.0000,   0.0000],
         [  0.0000,   0.0000,   0.0000,   0.0000,   0.0000],
         [  0.0000,   0.0000,   0.0000,   0.0000,   0.0000],
         [  0.0000,   0.0000,   0.0000,   0.0000,   0.0000],
         [  0.0000,   0.0000,   0.0000,   0.0000,   0.0000],
         [  0.0000,   0.0000,   0.0000,   0.0000,   0.0000]],

        [[156.3000, 402.3000, 362.5500, 546.0000,  25.0000],
         [  0.0000,   0.0000,   0.0000,   0.0000,   0.0000],
         [  0.0000,   0.0000,   0.0000,   0.0000,   0.0000],
         [  0.0000,   0.0000,   0.0000,   0.0000,   0.0000],
         [  0.0000,   0.0000,   0.0000,   0.0000,   0.0000],
         [  0.0000,   0.0000,   0.0000,   0.0000,   0.0000],
         [  0.0000,   0.0000,   0.0000,   0.0000,   0.0000],
         [  0.0000,   0.0000,   0.0000,   0.0000,   0.0000],
         [  0.0000,   0.0000,   0.0000,   0.0000,   0.0000],
         [  0.0000,   0.0000,   0.0000,   0.0000,   0.0000],
         [  0.0000,   0.0000,   0.0000,   0.0000,   0.0000],
         [  0.0000,   0.0000,   0.0000,   0.0000,   0.0000],
         [  0.0000,   0.0000,   0.0000,   0.0000,   0.0000],
         [  0.0000,   0.0000,   0.0000,   0.0000,   0.0000],
         [  0.0000,   0.0000,   0.0000,   0.0000,   0.0000],
         [  0.0000,   0.0000,   0.0000,   0.0000,   0.0000],
         [  0.0000,   0.0000,   0.0000,   0.0000,   0.0000],
         [  0.0000,   0.0000,   0.0000,   0.0000,   0.0000],
         [  0.0000,   0.0000,   0.0000,   0.0000,   0.0000],
         [  0.0000,   0.0000,   0.0000,   0.0000,   0.0000]]], device='cuda:0')
torch.Size([2, 3, 600, 900]) torch.Size([2, 3]) torch.Size([2, 20, 5]) torch.Size([2]) tensor([[[362.5500, 153.4500, 542.5500, 272.2500,   4.0000],
         [  0.0000,   0.0000,   0.0000,   0.0000,   0.0000],
         [  0.0000,   0.0000,   0.0000,   0.0000,   0.0000],
         [  0.0000,   0.0000,   0.0000,   0.0000,   0.0000],
         [  0.0000,   0.0000,   0.0000,   0.0000,   0.0000],
         [  0.0000,   0.0000,   0.0000,   0.0000,   0.0000],
         [  0.0000,   0.0000,   0.0000,   0.0000,   0.0000],
         [  0.0000,   0.0000,   0.0000,   0.0000,   0.0000],
         [  0.0000,   0.0000,   0.0000,   0.0000,   0.0000],
         [  0.0000,   0.0000,   0.0000,   0.0000,   0.0000],
         [  0.0000,   0.0000,   0.0000,   0.0000,   0.0000],
         [  0.0000,   0.0000,   0.0000,   0.0000,   0.0000],
         [  0.0000,   0.0000,   0.0000,   0.0000,   0.0000],
         [  0.0000,   0.0000,   0.0000,   0.0000,   0.0000],
         [  0.0000,   0.0000,   0.0000,   0.0000,   0.0000],
         [  0.0000,   0.0000,   0.0000,   0.0000,   0.0000],
         [  0.0000,   0.0000,   0.0000,   0.0000,   0.0000],
         [  0.0000,   0.0000,   0.0000,   0.0000,   0.0000],
         [  0.0000,   0.0000,   0.0000,   0.0000,   0.0000],
         [  0.0000,   0.0000,   0.0000,   0.0000,   0.0000]],

        [[348.1500, 231.6000, 554.4000, 353.5500,  16.0000],
         [  0.0000,   0.0000,   0.0000,   0.0000,   0.0000],
         [  0.0000,   0.0000,   0.0000,   0.0000,   0.0000],
         [  0.0000,   0.0000,   0.0000,   0.0000,   0.0000],
         [  0.0000,   0.0000,   0.0000,   0.0000,   0.0000],
         [  0.0000,   0.0000,   0.0000,   0.0000,   0.0000],
         [  0.0000,   0.0000,   0.0000,   0.0000,   0.0000],
         [  0.0000,   0.0000,   0.0000,   0.0000,   0.0000],
         [  0.0000,   0.0000,   0.0000,   0.0000,   0.0000],
         [  0.0000,   0.0000,   0.0000,   0.0000,   0.0000],
         [  0.0000,   0.0000,   0.0000,   0.0000,   0.0000],
         [  0.0000,   0.0000,   0.0000,   0.0000,   0.0000],
         [  0.0000,   0.0000,   0.0000,   0.0000,   0.0000],
         [  0.0000,   0.0000,   0.0000,   0.0000,   0.0000],
         [  0.0000,   0.0000,   0.0000,   0.0000,   0.0000],
         [  0.0000,   0.0000,   0.0000,   0.0000,   0.0000],
         [  0.0000,   0.0000,   0.0000,   0.0000,   0.0000],
         [  0.0000,   0.0000,   0.0000,   0.0000,   0.0000],
         [  0.0000,   0.0000,   0.0000,   0.0000,   0.0000],
         [  0.0000,   0.0000,   0.0000,   0.0000,   0.0000]]], device='cuda:0')
torch.Size([2, 3, 600, 900]) torch.Size([2, 3]) torch.Size([2, 20, 5]) torch.Size([2]) tensor([[[401.2500,  89.1000, 538.2000, 306.0000,   7.0000],
         [  0.0000,   0.0000,   0.0000,   0.0000,   0.0000],
         [  0.0000,   0.0000,   0.0000,   0.0000,   0.0000],
         [  0.0000,   0.0000,   0.0000,   0.0000,   0.0000],
         [  0.0000,   0.0000,   0.0000,   0.0000,   0.0000],
         [  0.0000,   0.0000,   0.0000,   0.0000,   0.0000],
         [  0.0000,   0.0000,   0.0000,   0.0000,   0.0000],
         [  0.0000,   0.0000,   0.0000,   0.0000,   0.0000],
         [  0.0000,   0.0000,   0.0000,   0.0000,   0.0000],
         [  0.0000,   0.0000,   0.0000,   0.0000,   0.0000],
         [  0.0000,   0.0000,   0.0000,   0.0000,   0.0000],
         [  0.0000,   0.0000,   0.0000,   0.0000,   0.0000],
         [  0.0000,   0.0000,   0.0000,   0.0000,   0.0000],
         [  0.0000,   0.0000,   0.0000,   0.0000,   0.0000],
         [  0.0000,   0.0000,   0.0000,   0.0000,   0.0000],
         [  0.0000,   0.0000,   0.0000,   0.0000,   0.0000],
         [  0.0000,   0.0000,   0.0000,   0.0000,   0.0000],
         [  0.0000,   0.0000,   0.0000,   0.0000,   0.0000],
         [  0.0000,   0.0000,   0.0000,   0.0000,   0.0000],
         [  0.0000,   0.0000,   0.0000,   0.0000,   0.0000]],

        [[216.3000, 156.0000, 408.7500, 304.8000,   4.0000],
         [  0.0000,   0.0000,   0.0000,   0.0000,   0.0000],
         [  0.0000,   0.0000,   0.0000,   0.0000,   0.0000],
         [  0.0000,   0.0000,   0.0000,   0.0000,   0.0000],
         [  0.0000,   0.0000,   0.0000,   0.0000,   0.0000],
         [  0.0000,   0.0000,   0.0000,   0.0000,   0.0000],
         [  0.0000,   0.0000,   0.0000,   0.0000,   0.0000],
         [  0.0000,   0.0000,   0.0000,   0.0000,   0.0000],
         [  0.0000,   0.0000,   0.0000,   0.0000,   0.0000],
         [  0.0000,   0.0000,   0.0000,   0.0000,   0.0000],
         [  0.0000,   0.0000,   0.0000,   0.0000,   0.0000],
         [  0.0000,   0.0000,   0.0000,   0.0000,   0.0000],
         [  0.0000,   0.0000,   0.0000,   0.0000,   0.0000],
         [  0.0000,   0.0000,   0.0000,   0.0000,   0.0000],
         [  0.0000,   0.0000,   0.0000,   0.0000,   0.0000],
         [  0.0000,   0.0000,   0.0000,   0.0000,   0.0000],
         [  0.0000,   0.0000,   0.0000,   0.0000,   0.0000],
         [  0.0000,   0.0000,   0.0000,   0.0000,   0.0000],
         [  0.0000,   0.0000,   0.0000,   0.0000,   0.0000],
         [  0.0000,   0.0000,   0.0000,   0.0000,   0.0000]]], device='cuda:0')
torch.Size([2, 3, 600, 900]) torch.Size([2, 3]) torch.Size([2, 20, 5]) torch.Size([2]) tensor([[[373.2000, 102.9000, 567.0000, 366.0000,  26.0000],
         [  0.0000,   0.0000,   0.0000,   0.0000,   0.0000],
         [  0.0000,   0.0000,   0.0000,   0.0000,   0.0000],
         [  0.0000,   0.0000,   0.0000,   0.0000,   0.0000],
         [  0.0000,   0.0000,   0.0000,   0.0000,   0.0000],
         [  0.0000,   0.0000,   0.0000,   0.0000,   0.0000],
         [  0.0000,   0.0000,   0.0000,   0.0000,   0.0000],
         [  0.0000,   0.0000,   0.0000,   0.0000,   0.0000],
         [  0.0000,   0.0000,   0.0000,   0.0000,   0.0000],
         [  0.0000,   0.0000,   0.0000,   0.0000,   0.0000],
         [  0.0000,   0.0000,   0.0000,   0.0000,   0.0000],
         [  0.0000,   0.0000,   0.0000,   0.0000,   0.0000],
         [  0.0000,   0.0000,   0.0000,   0.0000,   0.0000],
         [  0.0000,   0.0000,   0.0000,   0.0000,   0.0000],
         [  0.0000,   0.0000,   0.0000,   0.0000,   0.0000],
         [  0.0000,   0.0000,   0.0000,   0.0000,   0.0000],
         [  0.0000,   0.0000,   0.0000,   0.0000,   0.0000],
         [  0.0000,   0.0000,   0.0000,   0.0000,   0.0000],
         [  0.0000,   0.0000,   0.0000,   0.0000,   0.0000],
         [  0.0000,   0.0000,   0.0000,   0.0000,   0.0000]],

        [[141.6000, 273.3000, 181.5000, 311.4000,  25.0000],
         [435.6000, 253.2000, 518.4000, 295.0500,  26.0000],
         [140.1000, 194.7000, 520.0500, 313.5000,  27.0000],
         [  0.0000,   0.0000,   0.0000,   0.0000,   0.0000],
         [  0.0000,   0.0000,   0.0000,   0.0000,   0.0000],
         [  0.0000,   0.0000,   0.0000,   0.0000,   0.0000],
         [  0.0000,   0.0000,   0.0000,   0.0000,   0.0000],
         [  0.0000,   0.0000,   0.0000,   0.0000,   0.0000],
         [  0.0000,   0.0000,   0.0000,   0.0000,   0.0000],
         [  0.0000,   0.0000,   0.0000,   0.0000,   0.0000],
         [  0.0000,   0.0000,   0.0000,   0.0000,   0.0000],
         [  0.0000,   0.0000,   0.0000,   0.0000,   0.0000],
         [  0.0000,   0.0000,   0.0000,   0.0000,   0.0000],
         [  0.0000,   0.0000,   0.0000,   0.0000,   0.0000],
         [  0.0000,   0.0000,   0.0000,   0.0000,   0.0000],
         [  0.0000,   0.0000,   0.0000,   0.0000,   0.0000],
         [  0.0000,   0.0000,   0.0000,   0.0000,   0.0000],
         [  0.0000,   0.0000,   0.0000,   0.0000,   0.0000],
         [  0.0000,   0.0000,   0.0000,   0.0000,   0.0000],
         [  0.0000,   0.0000,   0.0000,   0.0000,   0.0000]]], device='cuda:0')
[session 1][epoch  1][iter  100/ 180] training loss: nan,  lr: 1.00e-03
			fg/bg=(256/0), time cost: 150.590671
			rpn_cls: nan, rpn_box: nan, rcnn_cls: nan, rcnn_box nan
Epoch 1: Training loss: nan, Testing loss: nan
total training time: 152.667806
torch.Size([2, 3, 600, 900]) torch.Size([2, 3]) torch.Size([2, 20, 5]) torch.Size([2]) tensor([[[362.5500, 153.4500, 542.5500, 272.2500,   4.0000],
         [  0.0000,   0.0000,   0.0000,   0.0000,   0.0000],
         [  0.0000,   0.0000,   0.0000,   0.0000,   0.0000],
         [  0.0000,   0.0000,   0.0000,   0.0000,   0.0000],
         [  0.0000,   0.0000,   0.0000,   0.0000,   0.0000],
         [  0.0000,   0.0000,   0.0000,   0.0000,   0.0000],
         [  0.0000,   0.0000,   0.0000,   0.0000,   0.0000],
         [  0.0000,   0.0000,   0.0000,   0.0000,   0.0000],
         [  0.0000,   0.0000,   0.0000,   0.0000,   0.0000],
         [  0.0000,   0.0000,   0.0000,   0.0000,   0.0000],
         [  0.0000,   0.0000,   0.0000,   0.0000,   0.0000],
         [  0.0000,   0.0000,   0.0000,   0.0000,   0.0000],
         [  0.0000,   0.0000,   0.0000,   0.0000,   0.0000],
         [  0.0000,   0.0000,   0.0000,   0.0000,   0.0000],
         [  0.0000,   0.0000,   0.0000,   0.0000,   0.0000],
         [  0.0000,   0.0000,   0.0000,   0.0000,   0.0000],
         [  0.0000,   0.0000,   0.0000,   0.0000,   0.0000],
         [  0.0000,   0.0000,   0.0000,   0.0000,   0.0000],
         [  0.0000,   0.0000,   0.0000,   0.0000,   0.0000],
         [  0.0000,   0.0000,   0.0000,   0.0000,   0.0000]],

        [[348.1500, 231.6000, 554.4000, 353.5500,  16.0000],
         [  0.0000,   0.0000,   0.0000,   0.0000,   0.0000],
         [  0.0000,   0.0000,   0.0000,   0.0000,   0.0000],
         [  0.0000,   0.0000,   0.0000,   0.0000,   0.0000],
         [  0.0000,   0.0000,   0.0000,   0.0000,   0.0000],
         [  0.0000,   0.0000,   0.0000,   0.0000,   0.0000],
         [  0.0000,   0.0000,   0.0000,   0.0000,   0.0000],
         [  0.0000,   0.0000,   0.0000,   0.0000,   0.0000],
         [  0.0000,   0.0000,   0.0000,   0.0000,   0.0000],
         [  0.0000,   0.0000,   0.0000,   0.0000,   0.0000],
         [  0.0000,   0.0000,   0.0000,   0.0000,   0.0000],
         [  0.0000,   0.0000,   0.0000,   0.0000,   0.0000],
         [  0.0000,   0.0000,   0.0000,   0.0000,   0.0000],
         [  0.0000,   0.0000,   0.0000,   0.0000,   0.0000],
         [  0.0000,   0.0000,   0.0000,   0.0000,   0.0000],
         [  0.0000,   0.0000,   0.0000,   0.0000,   0.0000],
         [  0.0000,   0.0000,   0.0000,   0.0000,   0.0000],
         [  0.0000,   0.0000,   0.0000,   0.0000,   0.0000],
         [  0.0000,   0.0000,   0.0000,   0.0000,   0.0000],
         [  0.0000,   0.0000,   0.0000,   0.0000,   0.0000]]], device='cuda:0')
[session 1][epoch  2][iter    0/ 180] training loss: nan,  lr: 1.00e-03
			fg/bg=(256/0), time cost: 1.909209
			rpn_cls: nan, rpn_box: nan, rcnn_cls: nan, rcnn_box nan
torch.Size([2, 3, 600, 900]) torch.Size([2, 3]) torch.Size([2, 20, 5]) torch.Size([2]) tensor([[[362.5500, 139.0500, 523.8000, 484.8000,  17.0000],
         [  0.0000,   0.0000,   0.0000,   0.0000,   0.0000],
         [  0.0000,   0.0000,   0.0000,   0.0000,   0.0000],
         [  0.0000,   0.0000,   0.0000,   0.0000,   0.0000],
         [  0.0000,   0.0000,   0.0000,   0.0000,   0.0000],
         [  0.0000,   0.0000,   0.0000,   0.0000,   0.0000],
         [  0.0000,   0.0000,   0.0000,   0.0000,   0.0000],
         [  0.0000,   0.0000,   0.0000,   0.0000,   0.0000],
         [  0.0000,   0.0000,   0.0000,   0.0000,   0.0000],
         [  0.0000,   0.0000,   0.0000,   0.0000,   0.0000],
         [  0.0000,   0.0000,   0.0000,   0.0000,   0.0000],
         [  0.0000,   0.0000,   0.0000,   0.0000,   0.0000],
         [  0.0000,   0.0000,   0.0000,   0.0000,   0.0000],
         [  0.0000,   0.0000,   0.0000,   0.0000,   0.0000],
         [  0.0000,   0.0000,   0.0000,   0.0000,   0.0000],
         [  0.0000,   0.0000,   0.0000,   0.0000,   0.0000],
         [  0.0000,   0.0000,   0.0000,   0.0000,   0.0000],
         [  0.0000,   0.0000,   0.0000,   0.0000,   0.0000],
         [  0.0000,   0.0000,   0.0000,   0.0000,   0.0000],
         [  0.0000,   0.0000,   0.0000,   0.0000,   0.0000]],

        [[156.3000, 402.3000, 362.5500, 546.0000,  25.0000],
         [  0.0000,   0.0000,   0.0000,   0.0000,   0.0000],
         [  0.0000,   0.0000,   0.0000,   0.0000,   0.0000],
         [  0.0000,   0.0000,   0.0000,   0.0000,   0.0000],
         [  0.0000,   0.0000,   0.0000,   0.0000,   0.0000],
         [  0.0000,   0.0000,   0.0000,   0.0000,   0.0000],
         [  0.0000,   0.0000,   0.0000,   0.0000,   0.0000],
         [  0.0000,   0.0000,   0.0000,   0.0000,   0.0000],
         [  0.0000,   0.0000,   0.0000,   0.0000,   0.0000],
         [  0.0000,   0.0000,   0.0000,   0.0000,   0.0000],
         [  0.0000,   0.0000,   0.0000,   0.0000,   0.0000],
         [  0.0000,   0.0000,   0.0000,   0.0000,   0.0000],
         [  0.0000,   0.0000,   0.0000,   0.0000,   0.0000],
         [  0.0000,   0.0000,   0.0000,   0.0000,   0.0000],
         [  0.0000,   0.0000,   0.0000,   0.0000,   0.0000],
         [  0.0000,   0.0000,   0.0000,   0.0000,   0.0000],
         [  0.0000,   0.0000,   0.0000,   0.0000,   0.0000],
         [  0.0000,   0.0000,   0.0000,   0.0000,   0.0000],
         [  0.0000,   0.0000,   0.0000,   0.0000,   0.0000],
         [  0.0000,   0.0000,   0.0000,   0.0000,   0.0000]]], device='cuda:0')
torch.Size([2, 3, 600, 900]) torch.Size([2, 3]) torch.Size([2, 20, 5]) torch.Size([2]) tensor([[[401.2500,  89.1000, 538.2000, 306.0000,   7.0000],
         [  0.0000,   0.0000,   0.0000,   0.0000,   0.0000],
         [  0.0000,   0.0000,   0.0000,   0.0000,   0.0000],
         [  0.0000,   0.0000,   0.0000,   0.0000,   0.0000],
         [  0.0000,   0.0000,   0.0000,   0.0000,   0.0000],
         [  0.0000,   0.0000,   0.0000,   0.0000,   0.0000],
         [  0.0000,   0.0000,   0.0000,   0.0000,   0.0000],
         [  0.0000,   0.0000,   0.0000,   0.0000,   0.0000],
         [  0.0000,   0.0000,   0.0000,   0.0000,   0.0000],
         [  0.0000,   0.0000,   0.0000,   0.0000,   0.0000],
         [  0.0000,   0.0000,   0.0000,   0.0000,   0.0000],
         [  0.0000,   0.0000,   0.0000,   0.0000,   0.0000],
         [  0.0000,   0.0000,   0.0000,   0.0000,   0.0000],
         [  0.0000,   0.0000,   0.0000,   0.0000,   0.0000],
         [  0.0000,   0.0000,   0.0000,   0.0000,   0.0000],
         [  0.0000,   0.0000,   0.0000,   0.0000,   0.0000],
         [  0.0000,   0.0000,   0.0000,   0.0000,   0.0000],
         [  0.0000,   0.0000,   0.0000,   0.0000,   0.0000],
         [  0.0000,   0.0000,   0.0000,   0.0000,   0.0000],
         [  0.0000,   0.0000,   0.0000,   0.0000,   0.0000]],

        [[216.3000, 156.0000, 408.7500, 304.8000,   4.0000],
         [  0.0000,   0.0000,   0.0000,   0.0000,   0.0000],
         [  0.0000,   0.0000,   0.0000,   0.0000,   0.0000],
         [  0.0000,   0.0000,   0.0000,   0.0000,   0.0000],
         [  0.0000,   0.0000,   0.0000,   0.0000,   0.0000],
         [  0.0000,   0.0000,   0.0000,   0.0000,   0.0000],
         [  0.0000,   0.0000,   0.0000,   0.0000,   0.0000],
         [  0.0000,   0.0000,   0.0000,   0.0000,   0.0000],
         [  0.0000,   0.0000,   0.0000,   0.0000,   0.0000],
         [  0.0000,   0.0000,   0.0000,   0.0000,   0.0000],
         [  0.0000,   0.0000,   0.0000,   0.0000,   0.0000],
         [  0.0000,   0.0000,   0.0000,   0.0000,   0.0000],
         [  0.0000,   0.0000,   0.0000,   0.0000,   0.0000],
         [  0.0000,   0.0000,   0.0000,   0.0000,   0.0000],
         [  0.0000,   0.0000,   0.0000,   0.0000,   0.0000],
         [  0.0000,   0.0000,   0.0000,   0.0000,   0.0000],
         [  0.0000,   0.0000,   0.0000,   0.0000,   0.0000],
         [  0.0000,   0.0000,   0.0000,   0.0000,   0.0000],
         [  0.0000,   0.0000,   0.0000,   0.0000,   0.0000],
         [  0.0000,   0.0000,   0.0000,   0.0000,   0.0000]]], device='cuda:0')
torch.Size([2, 3, 600, 900]) torch.Size([2, 3]) torch.Size([2, 20, 5]) torch.Size([2]) tensor([[[397.5000,  37.2000, 530.7000, 285.3000,  28.0000],
         [  0.0000,   0.0000,   0.0000,   0.0000,   0.0000],
         [  0.0000,   0.0000,   0.0000,   0.0000,   0.0000],
         [  0.0000,   0.0000,   0.0000,   0.0000,   0.0000],
         [  0.0000,   0.0000,   0.0000,   0.0000,   0.0000],
         [  0.0000,   0.0000,   0.0000,   0.0000,   0.0000],
         [  0.0000,   0.0000,   0.0000,   0.0000,   0.0000],
         [  0.0000,   0.0000,   0.0000,   0.0000,   0.0000],
         [  0.0000,   0.0000,   0.0000,   0.0000,   0.0000],
         [  0.0000,   0.0000,   0.0000,   0.0000,   0.0000],
         [  0.0000,   0.0000,   0.0000,   0.0000,   0.0000],
         [  0.0000,   0.0000,   0.0000,   0.0000,   0.0000],
         [  0.0000,   0.0000,   0.0000,   0.0000,   0.0000],
         [  0.0000,   0.0000,   0.0000,   0.0000,   0.0000],
         [  0.0000,   0.0000,   0.0000,   0.0000,   0.0000],
         [  0.0000,   0.0000,   0.0000,   0.0000,   0.0000],
         [  0.0000,   0.0000,   0.0000,   0.0000,   0.0000],
         [  0.0000,   0.0000,   0.0000,   0.0000,   0.0000],
         [  0.0000,   0.0000,   0.0000,   0.0000,   0.0000],
         [  0.0000,   0.0000,   0.0000,   0.0000,   0.0000]],

        [[147.6000, 244.8000, 597.6000, 412.8000,  23.0000],
         [  0.0000,   0.0000,   0.0000,   0.0000,   0.0000],
         [  0.0000,   0.0000,   0.0000,   0.0000,   0.0000],
         [  0.0000,   0.0000,   0.0000,   0.0000,   0.0000],
         [  0.0000,   0.0000,   0.0000,   0.0000,   0.0000],
         [  0.0000,   0.0000,   0.0000,   0.0000,   0.0000],
         [  0.0000,   0.0000,   0.0000,   0.0000,   0.0000],
         [  0.0000,   0.0000,   0.0000,   0.0000,   0.0000],
         [  0.0000,   0.0000,   0.0000,   0.0000,   0.0000],
         [  0.0000,   0.0000,   0.0000,   0.0000,   0.0000],
         [  0.0000,   0.0000,   0.0000,   0.0000,   0.0000],
         [  0.0000,   0.0000,   0.0000,   0.0000,   0.0000],
         [  0.0000,   0.0000,   0.0000,   0.0000,   0.0000],
         [  0.0000,   0.0000,   0.0000,   0.0000,   0.0000],
         [  0.0000,   0.0000,   0.0000,   0.0000,   0.0000],
         [  0.0000,   0.0000,   0.0000,   0.0000,   0.0000],
         [  0.0000,   0.0000,   0.0000,   0.0000,   0.0000],
         [  0.0000,   0.0000,   0.0000,   0.0000,   0.0000],
         [  0.0000,   0.0000,   0.0000,   0.0000,   0.0000],
         [  0.0000,   0.0000,   0.0000,   0.0000,   0.0000]]], device='cuda:0')
torch.Size([2, 3, 600, 900]) torch.Size([2, 3]) torch.Size([2, 20, 5]) torch.Size([2]) tensor([[[ 95.1000, 275.4000, 270.0000, 374.7000,   4.0000],
         [  0.0000,   0.0000,   0.0000,   0.0000,   0.0000],
         [  0.0000,   0.0000,   0.0000,   0.0000,   0.0000],
         [  0.0000,   0.0000,   0.0000,   0.0000,   0.0000],
         [  0.0000,   0.0000,   0.0000,   0.0000,   0.0000],
         [  0.0000,   0.0000,   0.0000,   0.0000,   0.0000],
         [  0.0000,   0.0000,   0.0000,   0.0000,   0.0000],
         [  0.0000,   0.0000,   0.0000,   0.0000,   0.0000],
         [  0.0000,   0.0000,   0.0000,   0.0000,   0.0000],
         [  0.0000,   0.0000,   0.0000,   0.0000,   0.0000],
         [  0.0000,   0.0000,   0.0000,   0.0000,   0.0000],
         [  0.0000,   0.0000,   0.0000,   0.0000,   0.0000],
         [  0.0000,   0.0000,   0.0000,   0.0000,   0.0000],
         [  0.0000,   0.0000,   0.0000,   0.0000,   0.0000],
         [  0.0000,   0.0000,   0.0000,   0.0000,   0.0000],
         [  0.0000,   0.0000,   0.0000,   0.0000,   0.0000],
         [  0.0000,   0.0000,   0.0000,   0.0000,   0.0000],
         [  0.0000,   0.0000,   0.0000,   0.0000,   0.0000],
         [  0.0000,   0.0000,   0.0000,   0.0000,   0.0000],
         [  0.0000,   0.0000,   0.0000,   0.0000,   0.0000]],

        [[354.4500, 129.7500, 485.1000, 325.9500,  25.0000],
         [  0.0000,   0.0000,   0.0000,   0.0000,   0.0000],
         [  0.0000,   0.0000,   0.0000,   0.0000,   0.0000],
         [  0.0000,   0.0000,   0.0000,   0.0000,   0.0000],
         [  0.0000,   0.0000,   0.0000,   0.0000,   0.0000],
         [  0.0000,   0.0000,   0.0000,   0.0000,   0.0000],
         [  0.0000,   0.0000,   0.0000,   0.0000,   0.0000],
         [  0.0000,   0.0000,   0.0000,   0.0000,   0.0000],
         [  0.0000,   0.0000,   0.0000,   0.0000,   0.0000],
         [  0.0000,   0.0000,   0.0000,   0.0000,   0.0000],
         [  0.0000,   0.0000,   0.0000,   0.0000,   0.0000],
         [  0.0000,   0.0000,   0.0000,   0.0000,   0.0000],
         [  0.0000,   0.0000,   0.0000,   0.0000,   0.0000],
         [  0.0000,   0.0000,   0.0000,   0.0000,   0.0000],
         [  0.0000,   0.0000,   0.0000,   0.0000,   0.0000],
         [  0.0000,   0.0000,   0.0000,   0.0000,   0.0000],
         [  0.0000,   0.0000,   0.0000,   0.0000,   0.0000],
         [  0.0000,   0.0000,   0.0000,   0.0000,   0.0000],
         [  0.0000,   0.0000,   0.0000,   0.0000,   0.0000],
         [  0.0000,   0.0000,   0.0000,   0.0000,   0.0000]]], device='cuda:0')
torch.Size([2, 3, 600, 900]) torch.Size([2, 3]) torch.Size([2, 20, 5]) torch.Size([2]) tensor([[[373.2000, 102.9000, 567.0000, 366.0000,  26.0000],
         [  0.0000,   0.0000,   0.0000,   0.0000,   0.0000],
         [  0.0000,   0.0000,   0.0000,   0.0000,   0.0000],
         [  0.0000,   0.0000,   0.0000,   0.0000,   0.0000],
         [  0.0000,   0.0000,   0.0000,   0.0000,   0.0000],
         [  0.0000,   0.0000,   0.0000,   0.0000,   0.0000],
         [  0.0000,   0.0000,   0.0000,   0.0000,   0.0000],
         [  0.0000,   0.0000,   0.0000,   0.0000,   0.0000],
         [  0.0000,   0.0000,   0.0000,   0.0000,   0.0000],
         [  0.0000,   0.0000,   0.0000,   0.0000,   0.0000],
         [  0.0000,   0.0000,   0.0000,   0.0000,   0.0000],
         [  0.0000,   0.0000,   0.0000,   0.0000,   0.0000],
         [  0.0000,   0.0000,   0.0000,   0.0000,   0.0000],
         [  0.0000,   0.0000,   0.0000,   0.0000,   0.0000],
         [  0.0000,   0.0000,   0.0000,   0.0000,   0.0000],
         [  0.0000,   0.0000,   0.0000,   0.0000,   0.0000],
         [  0.0000,   0.0000,   0.0000,   0.0000,   0.0000],
         [  0.0000,   0.0000,   0.0000,   0.0000,   0.0000],
         [  0.0000,   0.0000,   0.0000,   0.0000,   0.0000],
         [  0.0000,   0.0000,   0.0000,   0.0000,   0.0000]],

        [[435.6000, 253.2000, 518.4000, 295.0500,  26.0000],
         [140.1000, 194.7000, 520.0500, 313.5000,  27.0000],
         [141.6000, 273.3000, 181.5000, 311.4000,  25.0000],
         [  0.0000,   0.0000,   0.0000,   0.0000,   0.0000],
         [  0.0000,   0.0000,   0.0000,   0.0000,   0.0000],
         [  0.0000,   0.0000,   0.0000,   0.0000,   0.0000],
         [  0.0000,   0.0000,   0.0000,   0.0000,   0.0000],
         [  0.0000,   0.0000,   0.0000,   0.0000,   0.0000],
         [  0.0000,   0.0000,   0.0000,   0.0000,   0.0000],
         [  0.0000,   0.0000,   0.0000,   0.0000,   0.0000],
         [  0.0000,   0.0000,   0.0000,   0.0000,   0.0000],
         [  0.0000,   0.0000,   0.0000,   0.0000,   0.0000],
         [  0.0000,   0.0000,   0.0000,   0.0000,   0.0000],
         [  0.0000,   0.0000,   0.0000,   0.0000,   0.0000],
         [  0.0000,   0.0000,   0.0000,   0.0000,   0.0000],
         [  0.0000,   0.0000,   0.0000,   0.0000,   0.0000],
         [  0.0000,   0.0000,   0.0000,   0.0000,   0.0000],
         [  0.0000,   0.0000,   0.0000,   0.0000,   0.0000],
         [  0.0000,   0.0000,   0.0000,   0.0000,   0.0000],
         [  0.0000,   0.0000,   0.0000,   0.0000,   0.0000]]], device='cuda:0')
Traceback (most recent call last):
  File "/usr/local/lib/python3.6/dist-packages/torch/utils/data/dataloader.py", line 761, in _try_get_data
    data = self._data_queue.get(timeout=timeout)
  File "/usr/lib/python3.6/multiprocessing/queues.py", line 104, in get
    if not self._poll(timeout):
  File "/usr/lib/python3.6/multiprocessing/connection.py", line 257, in poll
    return self._poll(timeout)
  File "/usr/lib/python3.6/multiprocessing/connection.py", line 414, in _poll
    r = wait([self], timeout)
  File "/usr/lib/python3.6/multiprocessing/connection.py", line 911, in wait
    ready = selector.select(timeout)
  File "/usr/lib/python3.6/selectors.py", line 376, in select
    fd_event_list = self._poll.poll(timeout)
  File "/usr/local/lib/python3.6/dist-packages/torch/utils/data/_utils/signal_handling.py", line 66, in handler
    _error_if_any_worker_fails()
RuntimeError: DataLoader worker (pid 22316) is killed by signal: Terminated. 

During handling of the above exception, another exception occurred:

Traceback (most recent call last):
  File "trainval_net.py", line 353, in <module>
    data = next(data_iter)
  File "/usr/local/lib/python3.6/dist-packages/torch/utils/data/dataloader.py", line 345, in __next__
    data = self._next_data()
  File "/usr/local/lib/python3.6/dist-packages/torch/utils/data/dataloader.py", line 841, in _next_data
    idx, data = self._get_data()
  File "/usr/local/lib/python3.6/dist-packages/torch/utils/data/dataloader.py", line 808, in _get_data
    success, data = self._try_get_data()
  File "/usr/local/lib/python3.6/dist-packages/torch/utils/data/dataloader.py", line 774, in _try_get_data
    raise RuntimeError('DataLoader worker (pid(s) {}) exited unexpectedly'.format(pids_str))
RuntimeError: DataLoader worker (pid(s) 22316) exited unexpectedly
Called with args:
Namespace(batch_size=2, checkepoch=1, checkpoint=0, checkpoint_interval=10000, checksession=1, class_agnostic=False, cuda=True, dataset='pascal_voc', disp_interval=100, large_scale=False, lr=0.001, lr_decay_gamma=0.1, lr_decay_step=5, mGPUs=False, max_epochs=20, net='res101', num_workers=1, optimizer='sgd', resume=False, save_dir='models', session=1, start_epoch=1, use_tfboard=False)
Using config:
{'ANCHOR_RATIOS': [0.5, 1, 2],
 'ANCHOR_SCALES': [8, 16, 32],
 'CROP_RESIZE_WITH_MAX_POOL': False,
 'CUDA': False,
 'DATA_DIR': '/home/jason/faster-rcnn.pytorch-1.0/data',
 'DEDUP_BOXES': 0.0625,
 'EPS': 1e-14,
 'EXP_DIR': 'res101',
 'FEAT_STRIDE': [16],
 'GPU_ID': 0,
 'MATLAB': 'matlab',
 'MAX_NUM_GT_BOXES': 20,
 'MOBILENET': {'DEPTH_MULTIPLIER': 1.0,
               'FIXED_LAYERS': 5,
               'REGU_DEPTH': False,
               'WEIGHT_DECAY': 4e-05},
 'PIXEL_MEANS': array([[[102.9801, 115.9465, 122.7717]]]),
 'POOLING_MODE': 'align',
 'POOLING_SIZE': 7,
 'RESNET': {'FIXED_BLOCKS': 1, 'MAX_POOL': False},
 'RNG_SEED': 3,
 'ROOT_DIR': '/home/jason/faster-rcnn.pytorch-1.0',
 'TEST': {'BBOX_REG': True,
          'HAS_RPN': True,
          'MAX_SIZE': 1000,
          'MODE': 'nms',
          'NMS': 0.3,
          'PROPOSAL_METHOD': 'gt',
          'RPN_MIN_SIZE': 16,
          'RPN_NMS_THRESH': 0.7,
          'RPN_POST_NMS_TOP_N': 300,
          'RPN_PRE_NMS_TOP_N': 6000,
          'RPN_TOP_N': 5000,
          'SCALES': [600],
          'SVM': False},
 'TRAIN': {'ASPECT_GROUPING': False,
           'BATCH_SIZE': 128,
           'BBOX_INSIDE_WEIGHTS': [1.0, 1.0, 1.0, 1.0],
           'BBOX_NORMALIZE_MEANS': [0.0, 0.0, 0.0, 0.0],
           'BBOX_NORMALIZE_STDS': [0.1, 0.1, 0.2, 0.2],
           'BBOX_NORMALIZE_TARGETS': True,
           'BBOX_NORMALIZE_TARGETS_PRECOMPUTED': True,
           'BBOX_REG': True,
           'BBOX_THRESH': 0.5,
           'BG_THRESH_HI': 0.5,
           'BG_THRESH_LO': 0.0,
           'BIAS_DECAY': False,
           'BN_TRAIN': False,
           'BRIGHTNESS_CHANGE': False,
           'DISPLAY': 20,
           'DOUBLE_BIAS': False,
           'FG_FRACTION': 0.25,
           'FG_THRESH': 0.5,
           'GAMMA': 0.1,
           'HAS_RPN': True,
           'IMS_PER_BATCH': 1,
           'LEARNING_RATE': 0.001,
           'MAX_SIZE': 1000,
           'MOMENTUM': 0.9,
           'PROPOSAL_METHOD': 'gt',
           'ROTATE_90': False,
           'RPN_BATCHSIZE': 256,
           'RPN_BBOX_INSIDE_WEIGHTS': [1.0, 1.0, 1.0, 1.0],
           'RPN_CLOBBER_POSITIVES': False,
           'RPN_FG_FRACTION': 0.5,
           'RPN_MIN_SIZE': 8,
           'RPN_NEGATIVE_OVERLAP': 0.3,
           'RPN_NMS_THRESH': 0.7,
           'RPN_POSITIVE_OVERLAP': 0.7,
           'RPN_POSITIVE_WEIGHT': -1.0,
           'RPN_POST_NMS_TOP_N': 2000,
           'RPN_PRE_NMS_TOP_N': 12000,
           'SCALES': [600],
           'SNAPSHOT_ITERS': 5000,
           'SNAPSHOT_KEPT': 3,
           'SNAPSHOT_PREFIX': 'res101_faster_rcnn',
           'STEPSIZE': [30000],
           'SUMMARY_INTERVAL': 180,
           'TRIM_HEIGHT': 600,
           'TRIM_WIDTH': 600,
           'TRUNCATED': False,
           'USE_ALL_GT': True,
           'USE_FLIPPED': True,
           'USE_GT': False,
           'USE_VERTICAL_FLIPPED': False,
           'WEIGHT_DECAY': 0.0001},
 'USE_GPU_NMS': True}
['voc_2007_trainval']
Loaded dataset `voc_2007_trainval` for training
Set proposal method: gt
Appending horizontally-flipped training examples...
voc_2007_trainval gt roidb loaded from /home/jason/faster-rcnn.pytorch-1.0/data/cache/voc_2007_trainval_gt_roidb.pkl
done
Appending vertically-flipped training examples...
done
Appending brightness-changed training examples...
done
Preparing training data...
done
before filtering, there are 360 images...
after filtering, there are 360 images...
['voc_2007_test']
Loaded dataset `voc_2007_test` for training
Set proposal method: gt
Preparing training data...
voc_2007_test gt roidb loaded from /home/jason/faster-rcnn.pytorch-1.0/data/cache/voc_2007_test_gt_roidb.pkl
done
before filtering, there are 13 images...
after filtering, there are 13 images...
360 roidb entries
13 roidb2 entries
[session 1][epoch  1][iter    0/ 180] training loss: 32.0276,  lr: 1.00e-03
			fg/bg=(22/234), time cost: 1.909002
			rpn_cls: 0.9846, rpn_box: 0.1638, rcnn_cls: 30.5867, rcnn_box 0.2925
[session 1][epoch  1][iter  100/ 180] training loss: 1.5805,  lr: 1.00e-03
			fg/bg=(24/232), time cost: 148.877318
			rpn_cls: 0.1522, rpn_box: 0.0041, rcnn_cls: 0.5585, rcnn_box 0.2783
Epoch 1: Training loss: 81.4974, Testing loss: 61.6642
total training time: 150.786320
[session 1][epoch  2][iter    0/ 180] training loss: 1.7328,  lr: 1.00e-03
			fg/bg=(27/229), time cost: 1.859958
			rpn_cls: 0.3383, rpn_box: 0.1058, rcnn_cls: 1.0779, rcnn_box 0.2108
[session 1][epoch  2][iter  100/ 180] training loss: 0.8635,  lr: 1.00e-03
			fg/bg=(20/236), time cost: 149.452019
			rpn_cls: 0.1824, rpn_box: 0.0301, rcnn_cls: 0.3586, rcnn_box 0.1954
Epoch 2: Training loss: 70.3620, Testing loss: 3.5799
total training time: 302.098298
[session 1][epoch  3][iter    0/ 180] training loss: 0.9341,  lr: 1.00e-03
			fg/bg=(12/244), time cost: 1.853585
			rpn_cls: 0.3290, rpn_box: 0.2629, rcnn_cls: 0.2746, rcnn_box 0.0675
[session 1][epoch  3][iter  100/ 180] training loss: 0.8866,  lr: 1.00e-03
			fg/bg=(34/222), time cost: 149.379419
			rpn_cls: 0.2442, rpn_box: 0.0199, rcnn_cls: 0.6943, rcnn_box 0.2863
Epoch 3: Training loss: 70.0232, Testing loss: 6.4229
total training time: 453.331302
[session 1][epoch  4][iter    0/ 180] training loss: 1.0304,  lr: 1.00e-03
			fg/bg=(38/218), time cost: 1.808803
			rpn_cls: 0.2515, rpn_box: 0.0693, rcnn_cls: 0.4057, rcnn_box 0.3039
[session 1][epoch  4][iter  100/ 180] training loss: 0.8518,  lr: 1.00e-03
			fg/bg=(39/217), time cost: 148.083611
			rpn_cls: 0.1012, rpn_box: 0.0170, rcnn_cls: 0.3496, rcnn_box 0.4104
Epoch 4: Training loss: 70.6409, Testing loss: 7.3936
total training time: 603.223717
[session 1][epoch  5][iter    0/ 180] training loss: 0.7513,  lr: 1.00e-03
			fg/bg=(36/220), time cost: 1.849160
			rpn_cls: 0.0982, rpn_box: 0.0147, rcnn_cls: 0.3086, rcnn_box 0.3298
[session 1][epoch  5][iter  100/ 180] training loss: 0.7950,  lr: 1.00e-03
			fg/bg=(34/222), time cost: 149.514106
			rpn_cls: 0.0830, rpn_box: 0.0153, rcnn_cls: 0.4412, rcnn_box 0.3987
Epoch 5: Training loss: 69.2537, Testing loss: 8.6545
total training time: 754.586982
[session 1][epoch  6][iter    0/ 180] training loss: 0.7250,  lr: 1.00e-04
			fg/bg=(36/220), time cost: 1.844490
			rpn_cls: 0.0985, rpn_box: 0.0157, rcnn_cls: 0.2701, rcnn_box 0.3406
[session 1][epoch  6][iter  100/ 180] training loss: 0.7790,  lr: 1.00e-04
			fg/bg=(26/230), time cost: 149.476804
			rpn_cls: 0.1006, rpn_box: 0.0091, rcnn_cls: 0.4237, rcnn_box 0.1854
Epoch 6: Training loss: 60.2517, Testing loss: 7.6924
total training time: 905.908277
[session 1][epoch  7][iter    0/ 180] training loss: 0.6959,  lr: 1.00e-04
			fg/bg=(29/227), time cost: 1.896223
			rpn_cls: 0.0830, rpn_box: 0.0061, rcnn_cls: 0.3739, rcnn_box 0.2329
[session 1][epoch  7][iter  100/ 180] training loss: 0.7849,  lr: 1.00e-04
			fg/bg=(32/224), time cost: 150.784318
			rpn_cls: 0.0813, rpn_box: 0.0093, rcnn_cls: 0.2136, rcnn_box 0.3011
Epoch 7: Training loss: 54.4858, Testing loss: 8.4609
total training time: 1058.588818
[session 1][epoch  8][iter    0/ 180] training loss: 0.6391,  lr: 1.00e-04
			fg/bg=(13/243), time cost: 2.080331
			rpn_cls: 0.1516, rpn_box: 0.0478, rcnn_cls: 0.2880, rcnn_box 0.1518
[session 1][epoch  8][iter  100/ 180] training loss: 0.6886,  lr: 1.00e-04
			fg/bg=(42/214), time cost: 150.996406
			rpn_cls: 0.1305, rpn_box: 0.0102, rcnn_cls: 0.4265, rcnn_box 0.3251
Epoch 8: Training loss: 61.9512, Testing loss: 8.6329
total training time: 1211.665555
[session 1][epoch  9][iter    0/ 180] training loss: 0.7539,  lr: 1.00e-04
			fg/bg=(36/220), time cost: 2.027500
			rpn_cls: 0.0623, rpn_box: 0.0027, rcnn_cls: 0.3748, rcnn_box 0.3140
[session 1][epoch  9][iter  100/ 180] training loss: 0.7194,  lr: 1.00e-04
			fg/bg=(64/192), time cost: 149.799697
			rpn_cls: 0.2344, rpn_box: 0.0643, rcnn_cls: 0.4777, rcnn_box 0.5514
Epoch 9: Training loss: 56.5827, Testing loss: 8.1077
total training time: 1363.492752
[session 1][epoch 10][iter    0/ 180] training loss: 0.5428,  lr: 1.00e-04
			fg/bg=(32/224), time cost: 1.924661
			rpn_cls: 0.0998, rpn_box: 0.0049, rcnn_cls: 0.1403, rcnn_box 0.2977
[session 1][epoch 10][iter  100/ 180] training loss: 0.6773,  lr: 1.00e-04
			fg/bg=(35/221), time cost: 150.941788
			rpn_cls: 0.0604, rpn_box: 0.0113, rcnn_cls: 0.2166, rcnn_box 0.3400
Epoch 10: Training loss: 57.0030, Testing loss: 8.6239
total training time: 1516.359201
[session 1][epoch 11][iter    0/ 180] training loss: 0.7269,  lr: 1.00e-04
			fg/bg=(49/207), time cost: 1.852378
			rpn_cls: 0.0939, rpn_box: 0.0160, rcnn_cls: 0.1933, rcnn_box 0.4238
[session 1][epoch 11][iter  100/ 180] training loss: 0.6830,  lr: 1.00e-04
			fg/bg=(48/208), time cost: 148.368314
			rpn_cls: 0.0897, rpn_box: 0.0120, rcnn_cls: 0.2196, rcnn_box 0.4089
Epoch 11: Training loss: 53.9022, Testing loss: 8.6946
total training time: 1666.579893
[session 1][epoch 12][iter    0/ 180] training loss: 0.6766,  lr: 1.00e-05
			fg/bg=(39/217), time cost: 1.858084
			rpn_cls: 0.1313, rpn_box: 0.0175, rcnn_cls: 0.2536, rcnn_box 0.2742
[session 1][epoch 12][iter  100/ 180] training loss: 0.6540,  lr: 1.00e-05
			fg/bg=(31/225), time cost: 149.035256
			rpn_cls: 0.0976, rpn_box: 0.0089, rcnn_cls: 0.3419, rcnn_box 0.2444
Epoch 12: Training loss: 53.7116, Testing loss: 9.0778
total training time: 1817.473233
[session 1][epoch 13][iter    0/ 180] training loss: 0.5660,  lr: 1.00e-05
			fg/bg=(16/240), time cost: 1.809525
			rpn_cls: 0.1882, rpn_box: 0.1719, rcnn_cls: 0.0924, rcnn_box 0.1136
[session 1][epoch 13][iter  100/ 180] training loss: 0.6492,  lr: 1.00e-05
			fg/bg=(34/222), time cost: 149.482268
			rpn_cls: 0.0986, rpn_box: 0.0252, rcnn_cls: 0.2589, rcnn_box 0.2562
Epoch 13: Training loss: 53.8175, Testing loss: 8.4925
total training time: 1968.765027
[session 1][epoch 14][iter    0/ 180] training loss: 0.6575,  lr: 1.00e-05
			fg/bg=(38/218), time cost: 1.911447
			rpn_cls: 0.1404, rpn_box: 0.0150, rcnn_cls: 0.2319, rcnn_box 0.2702
[session 1][epoch 14][iter  100/ 180] training loss: 0.6516,  lr: 1.00e-05
			fg/bg=(14/242), time cost: 150.133529
			rpn_cls: 0.3320, rpn_box: 0.2505, rcnn_cls: 0.2178, rcnn_box 0.0719
Epoch 14: Training loss: 52.3550, Testing loss: 8.7812
total training time: 2120.810002
[session 1][epoch 15][iter    0/ 180] training loss: 0.6127,  lr: 1.00e-05
			fg/bg=(34/222), time cost: 2.058866
			rpn_cls: 0.1041, rpn_box: 0.0202, rcnn_cls: 0.1872, rcnn_box 0.3012
[session 1][epoch 15][iter  100/ 180] training loss: 0.6571,  lr: 1.00e-05
			fg/bg=(37/219), time cost: 149.628164
			rpn_cls: 0.1075, rpn_box: 0.0089, rcnn_cls: 0.1199, rcnn_box 0.2440
Epoch 15: Training loss: 52.6202, Testing loss: 8.9634
total training time: 2272.497032
[session 1][epoch 16][iter    0/ 180] training loss: 0.4242,  lr: 1.00e-05
			fg/bg=(26/230), time cost: 1.847809
			rpn_cls: 0.0652, rpn_box: 0.0032, rcnn_cls: 0.1595, rcnn_box 0.1962
[session 1][epoch 16][iter  100/ 180] training loss: 0.6500,  lr: 1.00e-05
			fg/bg=(38/218), time cost: 149.419033
			rpn_cls: 0.0776, rpn_box: 0.0134, rcnn_cls: 0.2536, rcnn_box 0.3291
Epoch 16: Training loss: 52.9341, Testing loss: 9.2022
total training time: 2423.763875
[session 1][epoch 17][iter    0/ 180] training loss: 0.5616,  lr: 1.00e-05
			fg/bg=(26/230), time cost: 1.890235
			rpn_cls: 0.1518, rpn_box: 0.0354, rcnn_cls: 0.1470, rcnn_box 0.2274
[session 1][epoch 17][iter  100/ 180] training loss: 0.6645,  lr: 1.00e-05
			fg/bg=(44/212), time cost: 149.383630
			rpn_cls: 0.0779, rpn_box: 0.0098, rcnn_cls: 0.1751, rcnn_box 0.3478
Epoch 17: Training loss: 51.5566, Testing loss: 8.7871
total training time: 2575.037740
[session 1][epoch 18][iter    0/ 180] training loss: 0.3223,  lr: 1.00e-06
			fg/bg=(25/231), time cost: 2.064541
			rpn_cls: 0.0653, rpn_box: 0.0031, rcnn_cls: 0.0716, rcnn_box 0.1824
[session 1][epoch 18][iter  100/ 180] training loss: 0.6717,  lr: 1.00e-06
			fg/bg=(28/228), time cost: 150.605458
			rpn_cls: 0.0637, rpn_box: 0.0073, rcnn_cls: 0.3288, rcnn_box 0.2237
Epoch 18: Training loss: 50.4856, Testing loss: 9.0067
total training time: 2727.707739
[session 1][epoch 19][iter    0/ 180] training loss: 0.5008,  lr: 1.00e-06
			fg/bg=(39/217), time cost: 1.848153
			rpn_cls: 0.0933, rpn_box: 0.0189, rcnn_cls: 0.1006, rcnn_box 0.2879
[session 1][epoch 19][iter  100/ 180] training loss: 0.6456,  lr: 1.00e-06
			fg/bg=(25/231), time cost: 148.800076
			rpn_cls: 0.0694, rpn_box: 0.0083, rcnn_cls: 0.2485, rcnn_box 0.1871
Epoch 19: Training loss: 53.0182, Testing loss: 8.9342
total training time: 2878.355968
[session 1][epoch 20][iter    0/ 180] training loss: 0.4454,  lr: 1.00e-06
			fg/bg=(32/224), time cost: 1.857009
			rpn_cls: 0.0555, rpn_box: 0.0156, rcnn_cls: 0.1069, rcnn_box 0.2675
[session 1][epoch 20][iter  100/ 180] training loss: 0.6655,  lr: 1.00e-06
			fg/bg=(33/223), time cost: 147.841277
			rpn_cls: 0.0659, rpn_box: 0.0089, rcnn_cls: 0.3209, rcnn_box 0.2801
Epoch 20: Training loss: 51.2537, Testing loss: 8.8732
total training time: 3028.054253
save model: models/res101/pascal_voc/faster_rcnn_1_20_179.pth
