Called with args:
Namespace(batch_size=2, checkepoch=1, checkpoint=0, checkpoint_interval=10000, checksession=1, class_agnostic=False, cuda=True, dataset='pascal_voc', disp_interval=10, large_scale=False, lr=0.001, lr_decay_gamma=0.1, lr_decay_step=5, mGPUs=False, max_epochs=20, net='res101', num_workers=1, optimizer='sgd', resume=False, save_dir='models', session=1, start_epoch=1, use_tfboard=False)
Using config:
{'ANCHOR_RATIOS': [0.5, 1, 2],
 'ANCHOR_SCALES': [8, 16, 32],
 'CROP_RESIZE_WITH_MAX_POOL': False,
 'CUDA': False,
 'DATA_DIR': '/home/jason/faster-rcnn.pytorch-1.0/data',
 'DEDUP_BOXES': 0.0625,
 'EPS': 1e-14,
 'EXP_DIR': 'res101',
 'FEAT_STRIDE': [16],
 'GPU_ID': 0,
 'MATLAB': 'matlab',
 'MAX_NUM_GT_BOXES': 20,
 'MOBILENET': {'DEPTH_MULTIPLIER': 1.0,
               'FIXED_LAYERS': 5,
               'REGU_DEPTH': False,
               'WEIGHT_DECAY': 4e-05},
 'PIXEL_MEANS': array([[[102.9801, 115.9465, 122.7717]]]),
 'POOLING_MODE': 'align',
 'POOLING_SIZE': 7,
 'RESNET': {'FIXED_BLOCKS': 1, 'MAX_POOL': False},
 'RNG_SEED': 3,
 'ROOT_DIR': '/home/jason/faster-rcnn.pytorch-1.0',
 'TEST': {'BBOX_REG': True,
          'HAS_RPN': True,
          'MAX_SIZE': 1000,
          'MODE': 'nms',
          'NMS': 0.3,
          'PROPOSAL_METHOD': 'gt',
          'RPN_MIN_SIZE': 16,
          'RPN_NMS_THRESH': 0.7,
          'RPN_POST_NMS_TOP_N': 300,
          'RPN_PRE_NMS_TOP_N': 6000,
          'RPN_TOP_N': 5000,
          'SCALES': [600],
          'SVM': False},
 'TRAIN': {'ASPECT_GROUPING': False,
           'BATCH_SIZE': 128,
           'BBOX_INSIDE_WEIGHTS': [1.0, 1.0, 1.0, 1.0],
           'BBOX_NORMALIZE_MEANS': [0.0, 0.0, 0.0, 0.0],
           'BBOX_NORMALIZE_STDS': [0.1, 0.1, 0.2, 0.2],
           'BBOX_NORMALIZE_TARGETS': True,
           'BBOX_NORMALIZE_TARGETS_PRECOMPUTED': True,
           'BBOX_REG': True,
           'BBOX_THRESH': 0.5,
           'BG_THRESH_HI': 0.5,
           'BG_THRESH_LO': 0.0,
           'BIAS_DECAY': False,
           'BN_TRAIN': False,
           'BRIGHTNESS_CHANGE': False,
           'DISPLAY': 20,
           'DOUBLE_BIAS': False,
           'FG_FRACTION': 0.25,
           'FG_THRESH': 0.5,
           'GAMMA': 0.1,
           'HAS_RPN': True,
           'IMS_PER_BATCH': 1,
           'LEARNING_RATE': 0.001,
           'MAX_SIZE': 1000,
           'MOMENTUM': 0.9,
           'PROPOSAL_METHOD': 'gt',
           'ROTATE_90': False,
           'RPN_BATCHSIZE': 256,
           'RPN_BBOX_INSIDE_WEIGHTS': [1.0, 1.0, 1.0, 1.0],
           'RPN_CLOBBER_POSITIVES': False,
           'RPN_FG_FRACTION': 0.5,
           'RPN_MIN_SIZE': 8,
           'RPN_NEGATIVE_OVERLAP': 0.3,
           'RPN_NMS_THRESH': 0.7,
           'RPN_POSITIVE_OVERLAP': 0.7,
           'RPN_POSITIVE_WEIGHT': -1.0,
           'RPN_POST_NMS_TOP_N': 2000,
           'RPN_PRE_NMS_TOP_N': 12000,
           'SCALES': [600],
           'SNAPSHOT_ITERS': 5000,
           'SNAPSHOT_KEPT': 3,
           'SNAPSHOT_PREFIX': 'res101_faster_rcnn',
           'STEPSIZE': [30000],
           'SUMMARY_INTERVAL': 180,
           'TRIM_HEIGHT': 600,
           'TRIM_WIDTH': 600,
           'TRUNCATED': False,
           'USE_ALL_GT': True,
           'USE_FLIPPED': True,
           'USE_GT': False,
           'USE_VERTICAL_FLIPPED': False,
           'WEIGHT_DECAY': 0.0001},
 'USE_GPU_NMS': True}
['voc_2007_trainval']
Loaded dataset `voc_2007_trainval` for training
Set proposal method: gt
Appending horizontally-flipped training examples...
voc_2007_trainval gt roidb loaded from /home/jason/faster-rcnn.pytorch-1.0/data/cache/voc_2007_trainval_gt_roidb.pkl
done
Preparing training data...
done
before filtering, there are 260 images...
after filtering, there are 260 images...
['voc_2007_test']
Loaded dataset `voc_2007_test` for training
Set proposal method: gt
Preparing training data...
voc_2007_test gt roidb loaded from /home/jason/faster-rcnn.pytorch-1.0/data/cache/voc_2007_test_gt_roidb.pkl
done
before filtering, there are 130 images...
after filtering, there are 130 images...
260 roidb entries
130 roidb2 entries
[session 1][epoch  1][iter    0/ 130] training loss: 12.4100,  lr: 1.00e-03
			fg/bg=(17/239), time cost: 1.844512
			rpn_cls: 0.7731, rpn_box: 0.2870, rcnn_cls: 11.1786, rcnn_box 0.1714
[session 1][epoch  1][iter   10/ 130] training loss: 5.1848,  lr: 1.00e-03
			fg/bg=(14/242), time cost: 14.251326
			rpn_cls: 0.4029, rpn_box: 0.0190, rcnn_cls: 1.3713, rcnn_box 0.1624
[session 1][epoch  1][iter   20/ 130] training loss: 2.2211,  lr: 1.00e-03
			fg/bg=(10/246), time cost: 14.224798
			rpn_cls: 0.4031, rpn_box: 0.0158, rcnn_cls: 0.5713, rcnn_box 0.1118
[session 1][epoch  1][iter   30/ 130] training loss: 1.7332,  lr: 1.00e-03
			fg/bg=(37/219), time cost: 14.257387
			rpn_cls: 0.5271, rpn_box: 0.0947, rcnn_cls: 2.1756, rcnn_box 0.3325
[session 1][epoch  1][iter   40/ 130] training loss: 2.6574,  lr: 1.00e-03
			fg/bg=(2/254), time cost: 14.433216
			rpn_cls: 0.4912, rpn_box: 0.0045, rcnn_cls: 0.0867, rcnn_box 0.0001
[session 1][epoch  1][iter   50/ 130] training loss: 1.4036,  lr: 1.00e-03
			fg/bg=(5/251), time cost: 14.188095
			rpn_cls: 0.5186, rpn_box: 0.1352, rcnn_cls: 0.1723, rcnn_box 0.0143
[session 1][epoch  1][iter   60/ 130] training loss: 1.3303,  lr: 1.00e-03
			fg/bg=(9/247), time cost: 14.105418
			rpn_cls: 0.4692, rpn_box: 0.2358, rcnn_cls: 0.3089, rcnn_box 0.0358
[session 1][epoch  1][iter   70/ 130] training loss: 1.4117,  lr: 1.00e-03
			fg/bg=(11/245), time cost: 12.076259
			rpn_cls: 0.5136, rpn_box: 0.3687, rcnn_cls: 0.5013, rcnn_box 0.0731
[session 1][epoch  1][iter   80/ 130] training loss: 1.2472,  lr: 1.00e-03
			fg/bg=(22/234), time cost: 13.551199
			rpn_cls: 0.5324, rpn_box: 0.2492, rcnn_cls: 0.7706, rcnn_box 0.1431
[session 1][epoch  1][iter   90/ 130] training loss: 0.9797,  lr: 1.00e-03
			fg/bg=(2/254), time cost: 13.656527
			rpn_cls: 0.4507, rpn_box: 0.1145, rcnn_cls: 0.0789, rcnn_box 0.0000
[session 1][epoch  1][iter  100/ 130] training loss: 1.1323,  lr: 1.00e-03
			fg/bg=(13/243), time cost: 13.547693
			rpn_cls: 0.4157, rpn_box: 0.3319, rcnn_cls: 0.3177, rcnn_box 0.0754
[session 1][epoch  1][iter  110/ 130] training loss: 1.2869,  lr: 1.00e-03
			fg/bg=(2/254), time cost: 13.344796
			rpn_cls: 0.3738, rpn_box: 0.0792, rcnn_cls: 0.0479, rcnn_box 0.0001
[session 1][epoch  1][iter  120/ 130] training loss: 1.0311,  lr: 1.00e-03
			fg/bg=(9/247), time cost: 13.861979
			rpn_cls: 0.3166, rpn_box: 0.0425, rcnn_cls: 0.2383, rcnn_box 0.0425
Epoch 1: Training loss: 0.4396, Testing loss: 0.5171
total training time: 167.343207
[session 1][epoch  2][iter    0/ 130] training loss: 1.9066,  lr: 1.00e-03
			fg/bg=(25/231), time cost: 1.737101
			rpn_cls: 0.4161, rpn_box: 0.3030, rcnn_cls: 0.9042, rcnn_box 0.2833
[session 1][epoch  2][iter   10/ 130] training loss: 1.3469,  lr: 1.00e-03
			fg/bg=(26/230), time cost: 14.272988
			rpn_cls: 0.3214, rpn_box: 0.3564, rcnn_cls: 0.6310, rcnn_box 0.2043
[session 1][epoch  2][iter   20/ 130] training loss: 1.3568,  lr: 1.00e-03
			fg/bg=(25/231), time cost: 14.358994
			rpn_cls: 0.3818, rpn_box: 0.2743, rcnn_cls: 0.7150, rcnn_box 0.1845
[session 1][epoch  2][iter   30/ 130] training loss: 1.2381,  lr: 1.00e-03
			fg/bg=(12/244), time cost: 14.161136
			rpn_cls: 0.4579, rpn_box: 0.7326, rcnn_cls: 0.3820, rcnn_box 0.0550
[session 1][epoch  2][iter   40/ 130] training loss: 1.2988,  lr: 1.00e-03
			fg/bg=(15/241), time cost: 14.211325
			rpn_cls: 0.2984, rpn_box: 0.0284, rcnn_cls: 0.5183, rcnn_box 0.0960
[session 1][epoch  2][iter   50/ 130] training loss: 0.9497,  lr: 1.00e-03
			fg/bg=(12/244), time cost: 14.130593
			rpn_cls: 0.2628, rpn_box: 0.0731, rcnn_cls: 0.2727, rcnn_box 0.1076
[session 1][epoch  2][iter   60/ 130] training loss: 1.2475,  lr: 1.00e-03
			fg/bg=(40/216), time cost: 14.187256
			rpn_cls: 0.4038, rpn_box: 0.1880, rcnn_cls: 1.0965, rcnn_box 0.3555
[session 1][epoch  2][iter   70/ 130] training loss: 1.3051,  lr: 1.00e-03
			fg/bg=(10/246), time cost: 12.403163
			rpn_cls: 0.4653, rpn_box: 0.7422, rcnn_cls: 0.3467, rcnn_box 0.0493
[session 1][epoch  2][iter   80/ 130] training loss: 1.1891,  lr: 1.00e-03
			fg/bg=(12/244), time cost: 13.601260
			rpn_cls: 0.2490, rpn_box: 0.0315, rcnn_cls: 0.3323, rcnn_box 0.0832
[session 1][epoch  2][iter   90/ 130] training loss: 1.0743,  lr: 1.00e-03
			fg/bg=(4/252), time cost: 13.526693
			rpn_cls: 0.1609, rpn_box: 0.0263, rcnn_cls: 0.1405, rcnn_box 0.0210
[session 1][epoch  2][iter  100/ 130] training loss: 1.0421,  lr: 1.00e-03
			fg/bg=(11/245), time cost: 13.453846
			rpn_cls: 0.1256, rpn_box: 0.0020, rcnn_cls: 0.2769, rcnn_box 0.0827
[session 1][epoch  2][iter  110/ 130] training loss: 1.3819,  lr: 1.00e-03
			fg/bg=(22/234), time cost: 13.317218
			rpn_cls: 0.3879, rpn_box: 0.4324, rcnn_cls: 0.7472, rcnn_box 0.1647
[session 1][epoch  2][iter  120/ 130] training loss: 1.2760,  lr: 1.00e-03
			fg/bg=(26/230), time cost: 13.679781
			rpn_cls: 0.2172, rpn_box: 0.1524, rcnn_cls: 0.5748, rcnn_box 0.2207
Epoch 2: Training loss: 0.3064, Testing loss: 0.3034
total training time: 334.384562
[session 1][epoch  3][iter    0/ 130] training loss: 1.0367,  lr: 1.00e-03
			fg/bg=(24/232), time cost: 1.775708
			rpn_cls: 0.2081, rpn_box: 0.1549, rcnn_cls: 0.4964, rcnn_box 0.1773
[session 1][epoch  3][iter   10/ 130] training loss: 1.2117,  lr: 1.00e-03
			fg/bg=(19/237), time cost: 14.107654
			rpn_cls: 0.1615, rpn_box: 0.0065, rcnn_cls: 0.6440, rcnn_box 0.1878
[session 1][epoch  3][iter   20/ 130] training loss: 1.1748,  lr: 1.00e-03
			fg/bg=(12/244), time cost: 14.166627
			rpn_cls: 0.2839, rpn_box: 0.3493, rcnn_cls: 0.3277, rcnn_box 0.0573
[session 1][epoch  3][iter   30/ 130] training loss: 1.2021,  lr: 1.00e-03
			fg/bg=(20/236), time cost: 14.341053
			rpn_cls: 0.2793, rpn_box: 0.1294, rcnn_cls: 0.4852, rcnn_box 0.1647
[session 1][epoch  3][iter   40/ 130] training loss: 1.3562,  lr: 1.00e-03
			fg/bg=(11/245), time cost: 14.255827
			rpn_cls: 0.3598, rpn_box: 0.7112, rcnn_cls: 0.3385, rcnn_box 0.0456
[session 1][epoch  3][iter   50/ 130] training loss: 1.3137,  lr: 1.00e-03
			fg/bg=(16/240), time cost: 14.333918
			rpn_cls: 0.3699, rpn_box: 0.3690, rcnn_cls: 0.4384, rcnn_box 0.0803
[session 1][epoch  3][iter   60/ 130] training loss: 1.1648,  lr: 1.00e-03
			fg/bg=(32/224), time cost: 14.236075
			rpn_cls: 0.2043, rpn_box: 0.0116, rcnn_cls: 0.9028, rcnn_box 0.2978
[session 1][epoch  3][iter   70/ 130] training loss: 1.2059,  lr: 1.00e-03
			fg/bg=(27/229), time cost: 12.684033
			rpn_cls: 0.4476, rpn_box: 0.2588, rcnn_cls: 0.6015, rcnn_box 0.2014
[session 1][epoch  3][iter   80/ 130] training loss: 1.2931,  lr: 1.00e-03
			fg/bg=(19/237), time cost: 13.856511
			rpn_cls: 0.3289, rpn_box: 0.2875, rcnn_cls: 0.4821, rcnn_box 0.1417
[session 1][epoch  3][iter   90/ 130] training loss: 0.9893,  lr: 1.00e-03
			fg/bg=(11/245), time cost: 13.754518
			rpn_cls: 0.3866, rpn_box: 0.2373, rcnn_cls: 0.3596, rcnn_box 0.0356
[session 1][epoch  3][iter  100/ 130] training loss: 1.2629,  lr: 1.00e-03
			fg/bg=(9/247), time cost: 13.695959
			rpn_cls: 0.3539, rpn_box: 0.3031, rcnn_cls: 0.3461, rcnn_box 0.0216
[session 1][epoch  3][iter  110/ 130] training loss: 1.1474,  lr: 1.00e-03
			fg/bg=(35/221), time cost: 13.591236
			rpn_cls: 0.3289, rpn_box: 0.1452, rcnn_cls: 0.7298, rcnn_box 0.3285
[session 1][epoch  3][iter  120/ 130] training loss: 1.0316,  lr: 1.00e-03
			fg/bg=(17/239), time cost: 13.608985
			rpn_cls: 0.2180, rpn_box: 0.2124, rcnn_cls: 0.3827, rcnn_box 0.1057
Epoch 3: Training loss: 0.3004, Testing loss: 0.3091
total training time: 502.792666
[session 1][epoch  4][iter    0/ 130] training loss: 1.1915,  lr: 1.00e-03
			fg/bg=(32/224), time cost: 1.870127
			rpn_cls: 0.1768, rpn_box: 0.0073, rcnn_cls: 0.7272, rcnn_box 0.2803
[session 1][epoch  4][iter   10/ 130] training loss: 1.2427,  lr: 1.00e-03
			fg/bg=(25/231), time cost: 14.095699
			rpn_cls: 0.2921, rpn_box: 0.2512, rcnn_cls: 0.4663, rcnn_box 0.1935
[session 1][epoch  4][iter   20/ 130] training loss: 1.0524,  lr: 1.00e-03
			fg/bg=(32/224), time cost: 14.214658
			rpn_cls: 0.3837, rpn_box: 0.2746, rcnn_cls: 0.7173, rcnn_box 0.2395
[session 1][epoch  4][iter   30/ 130] training loss: 1.2427,  lr: 1.00e-03
			fg/bg=(20/236), time cost: 14.120467
			rpn_cls: 0.2865, rpn_box: 0.2854, rcnn_cls: 0.4020, rcnn_box 0.1671
[session 1][epoch  4][iter   40/ 130] training loss: 1.2561,  lr: 1.00e-03
			fg/bg=(28/228), time cost: 14.127443
			rpn_cls: 0.1749, rpn_box: 0.0825, rcnn_cls: 0.6464, rcnn_box 0.2647
[session 1][epoch  4][iter   50/ 130] training loss: 1.1731,  lr: 1.00e-03
			fg/bg=(22/234), time cost: 14.102210
			rpn_cls: 0.2891, rpn_box: 0.2232, rcnn_cls: 0.4960, rcnn_box 0.1871
[session 1][epoch  4][iter   60/ 130] training loss: 0.9973,  lr: 1.00e-03
			fg/bg=(9/247), time cost: 14.531181
			rpn_cls: 0.4795, rpn_box: 0.2583, rcnn_cls: 0.3578, rcnn_box 0.0326
[session 1][epoch  4][iter   70/ 130] training loss: 1.1910,  lr: 1.00e-03
			fg/bg=(25/231), time cost: 13.374249
			rpn_cls: 0.4843, rpn_box: 0.3682, rcnn_cls: 0.5563, rcnn_box 0.1842
[session 1][epoch  4][iter   80/ 130] training loss: 1.0701,  lr: 1.00e-03
			fg/bg=(26/230), time cost: 13.821268
			rpn_cls: 0.5367, rpn_box: 0.2504, rcnn_cls: 0.5145, rcnn_box 0.1754
[session 1][epoch  4][iter   90/ 130] training loss: 1.0430,  lr: 1.00e-03
			fg/bg=(35/221), time cost: 13.727686
			rpn_cls: 0.2395, rpn_box: 0.1669, rcnn_cls: 0.7508, rcnn_box 0.2809
[session 1][epoch  4][iter  100/ 130] training loss: 1.3726,  lr: 1.00e-03
			fg/bg=(43/213), time cost: 13.357517
			rpn_cls: 0.4389, rpn_box: 0.1155, rcnn_cls: 0.8564, rcnn_box 0.4274
[session 1][epoch  4][iter  110/ 130] training loss: 1.0847,  lr: 1.00e-03
			fg/bg=(25/231), time cost: 13.457100
			rpn_cls: 0.2435, rpn_box: 0.0160, rcnn_cls: 0.5439, rcnn_box 0.2110
[session 1][epoch  4][iter  120/ 130] training loss: 1.1457,  lr: 1.00e-03
			fg/bg=(12/244), time cost: 13.453789
			rpn_cls: 0.2447, rpn_box: 0.2856, rcnn_cls: 0.3870, rcnn_box 0.0572
Epoch 4: Training loss: 0.2878, Testing loss: 0.2992
total training time: 671.046060
[session 1][epoch  5][iter    0/ 130] training loss: 1.1353,  lr: 1.00e-03
			fg/bg=(26/230), time cost: 1.830174
			rpn_cls: 0.2296, rpn_box: 0.1307, rcnn_cls: 0.5322, rcnn_box 0.2427
[session 1][epoch  5][iter   10/ 130] training loss: 1.1753,  lr: 1.00e-03
			fg/bg=(27/229), time cost: 14.263157
			rpn_cls: 0.2056, rpn_box: 0.2294, rcnn_cls: 0.4685, rcnn_box 0.1933
[session 1][epoch  5][iter   20/ 130] training loss: 0.9433,  lr: 1.00e-03
			fg/bg=(13/243), time cost: 14.361883
			rpn_cls: 0.2248, rpn_box: 0.3486, rcnn_cls: 0.3241, rcnn_box 0.0742
[session 1][epoch  5][iter   30/ 130] training loss: 0.9459,  lr: 1.00e-03
			fg/bg=(17/239), time cost: 14.324835
			rpn_cls: 0.2215, rpn_box: 0.3178, rcnn_cls: 0.3077, rcnn_box 0.1206
[session 1][epoch  5][iter   40/ 130] training loss: 1.0366,  lr: 1.00e-03
			fg/bg=(15/241), time cost: 14.168523
			rpn_cls: 0.2455, rpn_box: 0.4026, rcnn_cls: 0.3972, rcnn_box 0.0952
[session 1][epoch  5][iter   50/ 130] training loss: 1.1309,  lr: 1.00e-03
			fg/bg=(11/245), time cost: 14.057549
			rpn_cls: 0.2576, rpn_box: 0.5287, rcnn_cls: 0.2095, rcnn_box 0.0488
[session 1][epoch  5][iter   60/ 130] training loss: 0.8883,  lr: 1.00e-03
			fg/bg=(10/246), time cost: 14.274397
			rpn_cls: 0.2546, rpn_box: 0.2827, rcnn_cls: 0.2490, rcnn_box 0.0381
[session 1][epoch  5][iter   70/ 130] training loss: 1.0819,  lr: 1.00e-03
			fg/bg=(26/230), time cost: 12.246205
			rpn_cls: 0.1612, rpn_box: 0.2688, rcnn_cls: 0.4096, rcnn_box 0.2179
[session 1][epoch  5][iter   80/ 130] training loss: 0.7817,  lr: 1.00e-03
			fg/bg=(22/234), time cost: 13.803216
			rpn_cls: 0.1601, rpn_box: 0.2056, rcnn_cls: 0.3582, rcnn_box 0.1915
[session 1][epoch  5][iter   90/ 130] training loss: 0.9715,  lr: 1.00e-03
			fg/bg=(25/231), time cost: 13.601292
			rpn_cls: 0.2173, rpn_box: 0.0526, rcnn_cls: 0.5219, rcnn_box 0.2729
[session 1][epoch  5][iter  100/ 130] training loss: 1.1757,  lr: 1.00e-03
			fg/bg=(21/235), time cost: 13.544771
			rpn_cls: 0.2387, rpn_box: 0.3096, rcnn_cls: 0.4326, rcnn_box 0.1747
[session 1][epoch  5][iter  110/ 130] training loss: 1.2873,  lr: 1.00e-03
			fg/bg=(17/239), time cost: 13.506942
			rpn_cls: 0.3040, rpn_box: 0.3618, rcnn_cls: 0.4084, rcnn_box 0.1281
[session 1][epoch  5][iter  120/ 130] training loss: 1.1267,  lr: 1.00e-03
			fg/bg=(11/245), time cost: 13.484767
			rpn_cls: 0.1748, rpn_box: 0.3139, rcnn_cls: 0.2421, rcnn_box 0.0524
Epoch 5: Training loss: 0.2645, Testing loss: 0.2819
total training time: 838.513771
[session 1][epoch  6][iter    0/ 130] training loss: 1.5701,  lr: 1.00e-04
			fg/bg=(40/216), time cost: 1.764183
			rpn_cls: 0.3433, rpn_box: 0.1848, rcnn_cls: 0.6882, rcnn_box 0.3538
[session 1][epoch  6][iter   10/ 130] training loss: 1.0029,  lr: 1.00e-04
			fg/bg=(11/245), time cost: 14.271575
			rpn_cls: 0.2280, rpn_box: 0.3850, rcnn_cls: 0.2590, rcnn_box 0.0453
[session 1][epoch  6][iter   20/ 130] training loss: 0.9643,  lr: 1.00e-04
			fg/bg=(26/230), time cost: 14.277899
			rpn_cls: 0.1032, rpn_box: 0.1161, rcnn_cls: 0.4118, rcnn_box 0.2255
[session 1][epoch  6][iter   30/ 130] training loss: 1.0998,  lr: 1.00e-04
			fg/bg=(30/226), time cost: 14.418061
			rpn_cls: 0.2950, rpn_box: 0.2669, rcnn_cls: 0.5460, rcnn_box 0.1905
[session 1][epoch  6][iter   40/ 130] training loss: 1.0615,  lr: 1.00e-04
			fg/bg=(11/245), time cost: 14.272070
			rpn_cls: 0.2407, rpn_box: 0.5350, rcnn_cls: 0.2293, rcnn_box 0.0446
[session 1][epoch  6][iter   50/ 130] training loss: 1.0912,  lr: 1.00e-04
			fg/bg=(15/241), time cost: 14.268009
			rpn_cls: 0.1570, rpn_box: 0.3146, rcnn_cls: 0.3139, rcnn_box 0.0726
[session 1][epoch  6][iter   60/ 130] training loss: 0.9233,  lr: 1.00e-04
			fg/bg=(32/224), time cost: 14.207668
			rpn_cls: 0.3625, rpn_box: 0.3904, rcnn_cls: 0.5621, rcnn_box 0.2123
[session 1][epoch  6][iter   70/ 130] training loss: 0.9300,  lr: 1.00e-04
			fg/bg=(14/242), time cost: 11.982164
			rpn_cls: 0.3095, rpn_box: 0.2170, rcnn_cls: 0.2849, rcnn_box 0.0917
[session 1][epoch  6][iter   80/ 130] training loss: 1.0607,  lr: 1.00e-04
			fg/bg=(20/236), time cost: 13.664977
			rpn_cls: 0.1741, rpn_box: 0.3315, rcnn_cls: 0.4014, rcnn_box 0.1580
[session 1][epoch  6][iter   90/ 130] training loss: 1.0529,  lr: 1.00e-04
			fg/bg=(9/247), time cost: 13.488379
			rpn_cls: 0.0841, rpn_box: 0.0268, rcnn_cls: 0.2381, rcnn_box 0.1046
[session 1][epoch  6][iter  100/ 130] training loss: 1.0806,  lr: 1.00e-04
			fg/bg=(37/219), time cost: 13.641646
			rpn_cls: 0.2825, rpn_box: 0.2924, rcnn_cls: 0.6630, rcnn_box 0.3842
[session 1][epoch  6][iter  110/ 130] training loss: 0.9159,  lr: 1.00e-04
			fg/bg=(14/242), time cost: 13.799463
			rpn_cls: 0.2942, rpn_box: 0.1873, rcnn_cls: 0.2813, rcnn_box 0.1074
[session 1][epoch  6][iter  120/ 130] training loss: 1.0495,  lr: 1.00e-04
			fg/bg=(24/232), time cost: 13.630992
			rpn_cls: 0.1620, rpn_box: 0.2139, rcnn_cls: 0.3904, rcnn_box 0.1889
Epoch 6: Training loss: 0.2540, Testing loss: 0.2672
total training time: 1006.200857
[session 1][epoch  7][iter    0/ 130] training loss: 0.4550,  lr: 1.00e-04
			fg/bg=(9/247), time cost: 1.825980
			rpn_cls: 0.1498, rpn_box: 0.0150, rcnn_cls: 0.2258, rcnn_box 0.0645
[session 1][epoch  7][iter   10/ 130] training loss: 0.8933,  lr: 1.00e-04
			fg/bg=(11/245), time cost: 14.304272
			rpn_cls: 0.2547, rpn_box: 0.2837, rcnn_cls: 0.2561, rcnn_box 0.0812
[session 1][epoch  7][iter   20/ 130] training loss: 0.8715,  lr: 1.00e-04
			fg/bg=(15/241), time cost: 14.114386
			rpn_cls: 0.2811, rpn_box: 0.1857, rcnn_cls: 0.3046, rcnn_box 0.1121
[session 1][epoch  7][iter   30/ 130] training loss: 1.0497,  lr: 1.00e-04
			fg/bg=(33/223), time cost: 14.253706
			rpn_cls: 0.1545, rpn_box: 0.0074, rcnn_cls: 0.4966, rcnn_box 0.2804
[session 1][epoch  7][iter   40/ 130] training loss: 1.0641,  lr: 1.00e-04
			fg/bg=(19/237), time cost: 14.256419
			rpn_cls: 0.1707, rpn_box: 0.2480, rcnn_cls: 0.4152, rcnn_box 0.1207
[session 1][epoch  7][iter   50/ 130] training loss: 0.9817,  lr: 1.00e-04
			fg/bg=(19/237), time cost: 14.401956
			rpn_cls: 0.1245, rpn_box: 0.0317, rcnn_cls: 0.3307, rcnn_box 0.1014
[session 1][epoch  7][iter   60/ 130] training loss: 1.1273,  lr: 1.00e-04
			fg/bg=(35/221), time cost: 14.173316
			rpn_cls: 0.4096, rpn_box: 0.2444, rcnn_cls: 0.5548, rcnn_box 0.2415
[session 1][epoch  7][iter   70/ 130] training loss: 0.9732,  lr: 1.00e-04
			fg/bg=(27/229), time cost: 12.896463
			rpn_cls: 0.3180, rpn_box: 0.3757, rcnn_cls: 0.5440, rcnn_box 0.1715
[session 1][epoch  7][iter   80/ 130] training loss: 0.8818,  lr: 1.00e-04
			fg/bg=(20/236), time cost: 13.452539
			rpn_cls: 0.1411, rpn_box: 0.0057, rcnn_cls: 0.4631, rcnn_box 0.1835
[session 1][epoch  7][iter   90/ 130] training loss: 0.9965,  lr: 1.00e-04
			fg/bg=(23/233), time cost: 13.365862
			rpn_cls: 0.1888, rpn_box: 0.3585, rcnn_cls: 0.4260, rcnn_box 0.1661
[session 1][epoch  7][iter  100/ 130] training loss: 0.9925,  lr: 1.00e-04
			fg/bg=(32/224), time cost: 13.306741
			rpn_cls: 0.0899, rpn_box: 0.0298, rcnn_cls: 0.6597, rcnn_box 0.3055
[session 1][epoch  7][iter  110/ 130] training loss: 1.1449,  lr: 1.00e-04
			fg/bg=(16/240), time cost: 13.314695
			rpn_cls: 0.1547, rpn_box: 0.2831, rcnn_cls: 0.3161, rcnn_box 0.1081
[session 1][epoch  7][iter  120/ 130] training loss: 1.0228,  lr: 1.00e-04
			fg/bg=(46/210), time cost: 13.469709
			rpn_cls: 0.3051, rpn_box: 0.0951, rcnn_cls: 0.7572, rcnn_box 0.4171
Epoch 7: Training loss: 0.2481, Testing loss: 0.2608
total training time: 1173.336903
[session 1][epoch  8][iter    0/ 130] training loss: 0.9966,  lr: 1.00e-04
			fg/bg=(16/240), time cost: 1.804339
			rpn_cls: 0.1725, rpn_box: 0.3928, rcnn_cls: 0.3342, rcnn_box 0.0971
[session 1][epoch  8][iter   10/ 130] training loss: 0.9408,  lr: 1.00e-04
			fg/bg=(49/207), time cost: 14.285655
			rpn_cls: 0.2365, rpn_box: 0.0576, rcnn_cls: 0.9997, rcnn_box 0.4668
[session 1][epoch  8][iter   20/ 130] training loss: 0.9717,  lr: 1.00e-04
			fg/bg=(13/243), time cost: 14.259945
			rpn_cls: 0.2829, rpn_box: 0.2147, rcnn_cls: 0.2744, rcnn_box 0.0877
[session 1][epoch  8][iter   30/ 130] training loss: 0.9637,  lr: 1.00e-04
			fg/bg=(26/230), time cost: 14.141743
			rpn_cls: 0.1508, rpn_box: 0.0660, rcnn_cls: 0.4443, rcnn_box 0.2439
[session 1][epoch  8][iter   40/ 130] training loss: 1.0574,  lr: 1.00e-04
			fg/bg=(33/223), time cost: 14.179802
			rpn_cls: 0.1943, rpn_box: 0.3544, rcnn_cls: 0.5500, rcnn_box 0.2991
[session 1][epoch  8][iter   50/ 130] training loss: 1.1137,  lr: 1.00e-04
			fg/bg=(43/213), time cost: 14.295832
			rpn_cls: 0.1964, rpn_box: 0.0392, rcnn_cls: 0.8293, rcnn_box 0.4210
[session 1][epoch  8][iter   60/ 130] training loss: 0.9041,  lr: 1.00e-04
			fg/bg=(30/226), time cost: 14.107026
			rpn_cls: 0.2035, rpn_box: 0.1213, rcnn_cls: 0.4675, rcnn_box 0.2265
[session 1][epoch  8][iter   70/ 130] training loss: 0.9995,  lr: 1.00e-04
			fg/bg=(18/238), time cost: 12.631020
			rpn_cls: 0.2671, rpn_box: 0.4491, rcnn_cls: 0.3697, rcnn_box 0.1042
[session 1][epoch  8][iter   80/ 130] training loss: 0.8225,  lr: 1.00e-04
			fg/bg=(8/248), time cost: 13.757108
			rpn_cls: 0.1460, rpn_box: 0.0152, rcnn_cls: 0.2074, rcnn_box 0.0471
[session 1][epoch  8][iter   90/ 130] training loss: 0.8651,  lr: 1.00e-04
			fg/bg=(29/227), time cost: 13.966657
			rpn_cls: 0.2187, rpn_box: 0.3476, rcnn_cls: 0.4558, rcnn_box 0.2276
[session 1][epoch  8][iter  100/ 130] training loss: 0.9717,  lr: 1.00e-04
			fg/bg=(11/245), time cost: 13.714554
			rpn_cls: 0.1723, rpn_box: 0.2748, rcnn_cls: 0.2791, rcnn_box 0.0387
[session 1][epoch  8][iter  110/ 130] training loss: 1.1138,  lr: 1.00e-04
			fg/bg=(33/223), time cost: 13.308119
			rpn_cls: 0.1765, rpn_box: 0.2206, rcnn_cls: 0.4876, rcnn_box 0.2658
[session 1][epoch  8][iter  120/ 130] training loss: 1.0155,  lr: 1.00e-04
			fg/bg=(34/222), time cost: 13.535061
			rpn_cls: 0.2796, rpn_box: 0.1386, rcnn_cls: 0.6092, rcnn_box 0.3212
Epoch 8: Training loss: 0.2441, Testing loss: 0.2618
total training time: 1341.323763
[session 1][epoch  9][iter    0/ 130] training loss: 0.9024,  lr: 1.00e-04
			fg/bg=(35/221), time cost: 1.795556
			rpn_cls: 0.0864, rpn_box: 0.0118, rcnn_cls: 0.4946, rcnn_box 0.3095
[session 1][epoch  9][iter   10/ 130] training loss: 0.9571,  lr: 1.00e-04
			fg/bg=(13/243), time cost: 14.332659
			rpn_cls: 0.2137, rpn_box: 0.0681, rcnn_cls: 0.2121, rcnn_box 0.1232
[session 1][epoch  9][iter   20/ 130] training loss: 0.9971,  lr: 1.00e-04
			fg/bg=(17/239), time cost: 14.209613
			rpn_cls: 0.1727, rpn_box: 0.2521, rcnn_cls: 0.3532, rcnn_box 0.0961
[session 1][epoch  9][iter   30/ 130] training loss: 0.9724,  lr: 1.00e-04
			fg/bg=(11/245), time cost: 14.500355
			rpn_cls: 0.1430, rpn_box: 0.2499, rcnn_cls: 0.2600, rcnn_box 0.0428
[session 1][epoch  9][iter   40/ 130] training loss: 0.9712,  lr: 1.00e-04
			fg/bg=(2/254), time cost: 14.426475
			rpn_cls: 0.1724, rpn_box: 0.0793, rcnn_cls: 0.0777, rcnn_box 0.0012
[session 1][epoch  9][iter   50/ 130] training loss: 0.9862,  lr: 1.00e-04
			fg/bg=(19/237), time cost: 14.175013
			rpn_cls: 0.1445, rpn_box: 0.2103, rcnn_cls: 0.3104, rcnn_box 0.1759
[session 1][epoch  9][iter   60/ 130] training loss: 0.9733,  lr: 1.00e-04
			fg/bg=(25/231), time cost: 14.167011
			rpn_cls: 0.1757, rpn_box: 0.0452, rcnn_cls: 0.4277, rcnn_box 0.2518
[session 1][epoch  9][iter   70/ 130] training loss: 1.0164,  lr: 1.00e-04
			fg/bg=(31/225), time cost: 12.080124
			rpn_cls: 0.1417, rpn_box: 0.1617, rcnn_cls: 0.4405, rcnn_box 0.2573
[session 1][epoch  9][iter   80/ 130] training loss: 1.0794,  lr: 1.00e-04
			fg/bg=(21/235), time cost: 13.584385
			rpn_cls: 0.1003, rpn_box: 0.0167, rcnn_cls: 0.2629, rcnn_box 0.1865
[session 1][epoch  9][iter   90/ 130] training loss: 0.7258,  lr: 1.00e-04
			fg/bg=(13/243), time cost: 13.666778
			rpn_cls: 0.1304, rpn_box: 0.2303, rcnn_cls: 0.2457, rcnn_box 0.0902
[session 1][epoch  9][iter  100/ 130] training loss: 0.9701,  lr: 1.00e-04
			fg/bg=(19/237), time cost: 13.638302
			rpn_cls: 0.1608, rpn_box: 0.2087, rcnn_cls: 0.3866, rcnn_box 0.1579
[session 1][epoch  9][iter  110/ 130] training loss: 1.0312,  lr: 1.00e-04
			fg/bg=(8/248), time cost: 13.534970
			rpn_cls: 0.1349, rpn_box: 0.0156, rcnn_cls: 0.2753, rcnn_box 0.0494
[session 1][epoch  9][iter  120/ 130] training loss: 0.8415,  lr: 1.00e-04
			fg/bg=(8/248), time cost: 13.555377
			rpn_cls: 0.1051, rpn_box: 0.0129, rcnn_cls: 0.2110, rcnn_box 0.0875
Epoch 9: Training loss: 0.2409, Testing loss: 0.2584
total training time: 1508.990381
[session 1][epoch 10][iter    0/ 130] training loss: 0.8366,  lr: 1.00e-04
			fg/bg=(22/234), time cost: 1.838995
			rpn_cls: 0.1581, rpn_box: 0.2137, rcnn_cls: 0.3041, rcnn_box 0.1607
[session 1][epoch 10][iter   10/ 130] training loss: 0.8577,  lr: 1.00e-04
			fg/bg=(11/245), time cost: 14.443395
			rpn_cls: 0.2100, rpn_box: 0.0668, rcnn_cls: 0.1814, rcnn_box 0.0944
[session 1][epoch 10][iter   20/ 130] training loss: 1.0231,  lr: 1.00e-04
			fg/bg=(15/241), time cost: 14.051008
			rpn_cls: 0.2879, rpn_box: 0.2116, rcnn_cls: 0.2905, rcnn_box 0.1147
[session 1][epoch 10][iter   30/ 130] training loss: 1.1183,  lr: 1.00e-04
			fg/bg=(12/244), time cost: 14.198623
			rpn_cls: 0.1937, rpn_box: 0.3423, rcnn_cls: 0.2920, rcnn_box 0.0633
[session 1][epoch 10][iter   40/ 130] training loss: 0.9794,  lr: 1.00e-04
			fg/bg=(6/250), time cost: 14.402788
			rpn_cls: 0.1309, rpn_box: 0.2883, rcnn_cls: 0.1333, rcnn_box 0.0013
[session 1][epoch 10][iter   50/ 130] training loss: 0.9975,  lr: 1.00e-04
			fg/bg=(31/225), time cost: 14.389036
			rpn_cls: 0.2207, rpn_box: 0.3448, rcnn_cls: 0.5081, rcnn_box 0.2415
[session 1][epoch 10][iter   60/ 130] training loss: 0.8045,  lr: 1.00e-04
			fg/bg=(5/251), time cost: 14.137372
			rpn_cls: 0.1002, rpn_box: 0.0137, rcnn_cls: 0.1278, rcnn_box 0.0424
[session 1][epoch 10][iter   70/ 130] training loss: 1.0049,  lr: 1.00e-04
			fg/bg=(32/224), time cost: 12.180561
			rpn_cls: 0.1262, rpn_box: 0.0166, rcnn_cls: 0.4947, rcnn_box 0.3153
[session 1][epoch 10][iter   80/ 130] training loss: 0.9098,  lr: 1.00e-04
			fg/bg=(30/226), time cost: 13.648407
			rpn_cls: 0.1413, rpn_box: 0.1281, rcnn_cls: 0.5081, rcnn_box 0.2527
[session 1][epoch 10][iter   90/ 130] training loss: 1.0573,  lr: 1.00e-04
			fg/bg=(11/245), time cost: 13.686872
			rpn_cls: 0.1682, rpn_box: 0.5924, rcnn_cls: 0.2064, rcnn_box 0.0491
[session 1][epoch 10][iter  100/ 130] training loss: 0.9786,  lr: 1.00e-04
			fg/bg=(21/235), time cost: 13.661941
			rpn_cls: 0.2870, rpn_box: 0.2463, rcnn_cls: 0.4340, rcnn_box 0.1378
[session 1][epoch 10][iter  110/ 130] training loss: 0.9305,  lr: 1.00e-04
			fg/bg=(15/241), time cost: 13.695850
			rpn_cls: 0.3006, rpn_box: 0.1810, rcnn_cls: 0.2943, rcnn_box 0.1258
[session 1][epoch 10][iter  120/ 130] training loss: 0.8698,  lr: 1.00e-04
			fg/bg=(2/254), time cost: 13.822391
			rpn_cls: 0.1814, rpn_box: 0.0782, rcnn_cls: 0.0797, rcnn_box 0.0014
Epoch 10: Training loss: 0.2396, Testing loss: 0.2632
total training time: 1677.147623
[session 1][epoch 11][iter    0/ 130] training loss: 0.7517,  lr: 1.00e-04
			fg/bg=(14/242), time cost: 1.758960
			rpn_cls: 0.1587, rpn_box: 0.2271, rcnn_cls: 0.2789, rcnn_box 0.0870
[session 1][epoch 11][iter   10/ 130] training loss: 0.9357,  lr: 1.00e-04
			fg/bg=(21/235), time cost: 14.312775
			rpn_cls: 0.2891, rpn_box: 0.2462, rcnn_cls: 0.4004, rcnn_box 0.1561
[session 1][epoch 11][iter   20/ 130] training loss: 0.9933,  lr: 1.00e-04
			fg/bg=(8/248), time cost: 14.256256
			rpn_cls: 0.0783, rpn_box: 0.0277, rcnn_cls: 0.2075, rcnn_box 0.0797
[session 1][epoch 11][iter   30/ 130] training loss: 0.9728,  lr: 1.00e-04
			fg/bg=(42/214), time cost: 14.309020
			rpn_cls: 0.3670, rpn_box: 0.0799, rcnn_cls: 0.6681, rcnn_box 0.4110
[session 1][epoch 11][iter   40/ 130] training loss: 0.9722,  lr: 1.00e-04
			fg/bg=(20/236), time cost: 14.255705
			rpn_cls: 0.0960, rpn_box: 0.0160, rcnn_cls: 0.2163, rcnn_box 0.1588
[session 1][epoch 11][iter   50/ 130] training loss: 1.0459,  lr: 1.00e-04
			fg/bg=(8/248), time cost: 14.372163
			rpn_cls: 0.1176, rpn_box: 0.6116, rcnn_cls: 0.1864, rcnn_box 0.0285
[session 1][epoch 11][iter   60/ 130] training loss: 0.9872,  lr: 1.00e-04
			fg/bg=(40/216), time cost: 14.444623
			rpn_cls: 0.2374, rpn_box: 0.1215, rcnn_cls: 0.5240, rcnn_box 0.3159
[session 1][epoch 11][iter   70/ 130] training loss: 1.0530,  lr: 1.00e-04
			fg/bg=(37/219), time cost: 11.882346
			rpn_cls: 0.2264, rpn_box: 0.1611, rcnn_cls: 0.6401, rcnn_box 0.3022
[session 1][epoch 11][iter   80/ 130] training loss: 0.8555,  lr: 1.00e-04
			fg/bg=(13/243), time cost: 13.568496
			rpn_cls: 0.1235, rpn_box: 0.3983, rcnn_cls: 0.2463, rcnn_box 0.1036
[session 1][epoch 11][iter   90/ 130] training loss: 0.8263,  lr: 1.00e-04
			fg/bg=(12/244), time cost: 13.672482
			rpn_cls: 0.1980, rpn_box: 0.0569, rcnn_cls: 0.1629, rcnn_box 0.1103
[session 1][epoch 11][iter  100/ 130] training loss: 0.8615,  lr: 1.00e-04
			fg/bg=(18/238), time cost: 13.418502
			rpn_cls: 0.2380, rpn_box: 0.3526, rcnn_cls: 0.3605, rcnn_box 0.1338
[session 1][epoch 11][iter  110/ 130] training loss: 0.9515,  lr: 1.00e-04
			fg/bg=(19/237), time cost: 13.620492
			rpn_cls: 0.1183, rpn_box: 0.0348, rcnn_cls: 0.2420, rcnn_box 0.0981
[session 1][epoch 11][iter  120/ 130] training loss: 0.8599,  lr: 1.00e-04
			fg/bg=(46/210), time cost: 13.556424
			rpn_cls: 0.1168, rpn_box: 0.0838, rcnn_cls: 0.9798, rcnn_box 0.4818
Epoch 11: Training loss: 0.2361, Testing loss: 0.2582
total training time: 1844.575867
[session 1][epoch 12][iter    0/ 130] training loss: 1.1241,  lr: 1.00e-05
			fg/bg=(18/238), time cost: 1.795722
			rpn_cls: 0.2557, rpn_box: 0.3473, rcnn_cls: 0.3852, rcnn_box 0.1360
[session 1][epoch 12][iter   10/ 130] training loss: 1.0442,  lr: 1.00e-05
			fg/bg=(24/232), time cost: 14.300042
			rpn_cls: 0.2007, rpn_box: 0.3073, rcnn_cls: 0.3337, rcnn_box 0.1526
[session 1][epoch 12][iter   20/ 130] training loss: 0.9471,  lr: 1.00e-05
			fg/bg=(13/243), time cost: 14.316095
			rpn_cls: 0.2289, rpn_box: 0.5253, rcnn_cls: 0.2416, rcnn_box 0.0655
[session 1][epoch 12][iter   30/ 130] training loss: 0.8602,  lr: 1.00e-05
			fg/bg=(12/244), time cost: 14.448841
			rpn_cls: 0.2496, rpn_box: 0.4927, rcnn_cls: 0.2310, rcnn_box 0.0505
[session 1][epoch 12][iter   40/ 130] training loss: 0.9713,  lr: 1.00e-05
			fg/bg=(24/232), time cost: 14.454314
			rpn_cls: 0.1122, rpn_box: 0.0297, rcnn_cls: 0.2378, rcnn_box 0.1628
[session 1][epoch 12][iter   50/ 130] training loss: 0.9679,  lr: 1.00e-05
			fg/bg=(42/214), time cost: 14.305560
			rpn_cls: 0.3303, rpn_box: 0.0790, rcnn_cls: 0.6644, rcnn_box 0.4066
[session 1][epoch 12][iter   60/ 130] training loss: 1.0774,  lr: 1.00e-05
			fg/bg=(17/239), time cost: 14.058285
			rpn_cls: 0.1763, rpn_box: 0.3122, rcnn_cls: 0.3016, rcnn_box 0.1340
[session 1][epoch 12][iter   70/ 130] training loss: 0.9748,  lr: 1.00e-05
			fg/bg=(17/239), time cost: 12.307625
			rpn_cls: 0.1539, rpn_box: 0.1611, rcnn_cls: 0.2920, rcnn_box 0.0973
[session 1][epoch 12][iter   80/ 130] training loss: 0.8801,  lr: 1.00e-05
			fg/bg=(16/240), time cost: 13.504342
			rpn_cls: 0.1748, rpn_box: 0.2048, rcnn_cls: 0.2815, rcnn_box 0.0854
[session 1][epoch 12][iter   90/ 130] training loss: 0.9411,  lr: 1.00e-05
			fg/bg=(32/224), time cost: 13.635692
			rpn_cls: 0.1779, rpn_box: 0.1213, rcnn_cls: 0.4746, rcnn_box 0.2580
[session 1][epoch 12][iter  100/ 130] training loss: 0.8098,  lr: 1.00e-05
			fg/bg=(21/235), time cost: 13.530334
			rpn_cls: 0.2103, rpn_box: 0.3312, rcnn_cls: 0.4264, rcnn_box 0.1226
[session 1][epoch 12][iter  110/ 130] training loss: 0.8910,  lr: 1.00e-05
			fg/bg=(29/227), time cost: 13.799243
			rpn_cls: 0.1236, rpn_box: 0.0219, rcnn_cls: 0.4566, rcnn_box 0.2643
[session 1][epoch 12][iter  120/ 130] training loss: 0.7882,  lr: 1.00e-05
			fg/bg=(29/227), time cost: 13.748768
			rpn_cls: 0.0909, rpn_box: 0.0281, rcnn_cls: 0.5885, rcnn_box 0.2005
Epoch 12: Training loss: 0.2337, Testing loss: 0.2554
total training time: 2012.780729
[session 1][epoch 13][iter    0/ 130] training loss: 0.3475,  lr: 1.00e-05
			fg/bg=(3/253), time cost: 1.842641
			rpn_cls: 0.1694, rpn_box: 0.0750, rcnn_cls: 0.0884, rcnn_box 0.0147
[session 1][epoch 13][iter   10/ 130] training loss: 0.9627,  lr: 1.00e-05
			fg/bg=(29/227), time cost: 14.274789
			rpn_cls: 0.0895, rpn_box: 0.0154, rcnn_cls: 0.4275, rcnn_box 0.3433
[session 1][epoch 13][iter   20/ 130] training loss: 1.0042,  lr: 1.00e-05
			fg/bg=(43/213), time cost: 14.137439
			rpn_cls: 0.2055, rpn_box: 0.0395, rcnn_cls: 0.7255, rcnn_box 0.4166
[session 1][epoch 13][iter   30/ 130] training loss: 0.9341,  lr: 1.00e-05
			fg/bg=(17/239), time cost: 14.260076
			rpn_cls: 0.2767, rpn_box: 0.1770, rcnn_cls: 0.3198, rcnn_box 0.1432
[session 1][epoch 13][iter   40/ 130] training loss: 0.8743,  lr: 1.00e-05
			fg/bg=(22/234), time cost: 14.314484
			rpn_cls: 0.2867, rpn_box: 0.2446, rcnn_cls: 0.4605, rcnn_box 0.1501
[session 1][epoch 13][iter   50/ 130] training loss: 0.8376,  lr: 1.00e-05
			fg/bg=(16/240), time cost: 14.236173
			rpn_cls: 0.0923, rpn_box: 0.2358, rcnn_cls: 0.3227, rcnn_box 0.0945
[session 1][epoch 13][iter   60/ 130] training loss: 0.7548,  lr: 1.00e-05
			fg/bg=(8/248), time cost: 14.345778
			rpn_cls: 0.0781, rpn_box: 0.0276, rcnn_cls: 0.2204, rcnn_box 0.0811
[session 1][epoch 13][iter   70/ 130] training loss: 0.9923,  lr: 1.00e-05
			fg/bg=(16/240), time cost: 12.665074
			rpn_cls: 0.1737, rpn_box: 0.3355, rcnn_cls: 0.3441, rcnn_box 0.1000
[session 1][epoch 13][iter   80/ 130] training loss: 1.1200,  lr: 1.00e-05
			fg/bg=(42/214), time cost: 13.655505
			rpn_cls: 0.1715, rpn_box: 0.1641, rcnn_cls: 0.6127, rcnn_box 0.3399
[session 1][epoch 13][iter   90/ 130] training loss: 1.1154,  lr: 1.00e-05
			fg/bg=(13/243), time cost: 13.585055
			rpn_cls: 0.1856, rpn_box: 0.3377, rcnn_cls: 0.2533, rcnn_box 0.0770
[session 1][epoch 13][iter  100/ 130] training loss: 0.9327,  lr: 1.00e-05
			fg/bg=(16/240), time cost: 13.798576
			rpn_cls: 0.1200, rpn_box: 0.2796, rcnn_cls: 0.3120, rcnn_box 0.1031
[session 1][epoch 13][iter  110/ 130] training loss: 0.9515,  lr: 1.00e-05
			fg/bg=(20/236), time cost: 13.443593
			rpn_cls: 0.1232, rpn_box: 0.2990, rcnn_cls: 0.2479, rcnn_box 0.1140
[session 1][epoch 13][iter  120/ 130] training loss: 0.8370,  lr: 1.00e-05
			fg/bg=(39/217), time cost: 13.568963
			rpn_cls: 0.1114, rpn_box: 0.0128, rcnn_cls: 0.4669, rcnn_box 0.3869
Epoch 13: Training loss: 0.2331, Testing loss: 0.2549
total training time: 2180.908873
[session 1][epoch 14][iter    0/ 130] training loss: 1.2086,  lr: 1.00e-05
			fg/bg=(33/223), time cost: 1.744655
			rpn_cls: 0.2465, rpn_box: 0.1357, rcnn_cls: 0.5213, rcnn_box 0.3052
[session 1][epoch 14][iter   10/ 130] training loss: 0.8332,  lr: 1.00e-05
			fg/bg=(5/251), time cost: 14.277964
			rpn_cls: 0.1017, rpn_box: 0.0104, rcnn_cls: 0.1416, rcnn_box 0.0231
[session 1][epoch 14][iter   20/ 130] training loss: 0.9862,  lr: 1.00e-05
			fg/bg=(12/244), time cost: 14.223407
			rpn_cls: 0.0856, rpn_box: 0.0023, rcnn_cls: 0.2079, rcnn_box 0.0903
[session 1][epoch 14][iter   30/ 130] training loss: 1.0630,  lr: 1.00e-05
			fg/bg=(17/239), time cost: 14.127238
			rpn_cls: 0.1174, rpn_box: 0.2958, rcnn_cls: 0.3453, rcnn_box 0.0826
[session 1][epoch 14][iter   40/ 130] training loss: 1.0414,  lr: 1.00e-05
			fg/bg=(16/240), time cost: 14.085387
			rpn_cls: 0.1375, rpn_box: 0.1251, rcnn_cls: 0.3040, rcnn_box 0.0941
[session 1][epoch 14][iter   50/ 130] training loss: 1.0498,  lr: 1.00e-05
			fg/bg=(21/235), time cost: 14.335862
			rpn_cls: 0.2656, rpn_box: 0.2444, rcnn_cls: 0.4299, rcnn_box 0.1550
[session 1][epoch 14][iter   60/ 130] training loss: 0.8732,  lr: 1.00e-05
			fg/bg=(23/233), time cost: 14.319556
			rpn_cls: 0.1247, rpn_box: 0.0342, rcnn_cls: 0.2107, rcnn_box 0.1218
[session 1][epoch 14][iter   70/ 130] training loss: 0.9323,  lr: 1.00e-05
			fg/bg=(18/238), time cost: 12.524005
			rpn_cls: 0.2405, rpn_box: 0.3484, rcnn_cls: 0.3775, rcnn_box 0.1327
[session 1][epoch 14][iter   80/ 130] training loss: 0.9206,  lr: 1.00e-05
			fg/bg=(42/214), time cost: 13.634429
			rpn_cls: 0.2246, rpn_box: 0.0572, rcnn_cls: 0.7876, rcnn_box 0.3958
[session 1][epoch 14][iter   90/ 130] training loss: 0.9262,  lr: 1.00e-05
			fg/bg=(26/230), time cost: 13.510628
			rpn_cls: 0.1583, rpn_box: 0.0656, rcnn_cls: 0.3752, rcnn_box 0.2500
[session 1][epoch 14][iter  100/ 130] training loss: 0.8173,  lr: 1.00e-05
			fg/bg=(41/215), time cost: 13.567893
			rpn_cls: 0.1896, rpn_box: 0.2402, rcnn_cls: 0.6097, rcnn_box 0.2857
[session 1][epoch 14][iter  110/ 130] training loss: 0.8552,  lr: 1.00e-05
			fg/bg=(15/241), time cost: 13.513177
			rpn_cls: 0.1722, rpn_box: 0.3354, rcnn_cls: 0.3458, rcnn_box 0.0904
[session 1][epoch 14][iter  120/ 130] training loss: 0.9499,  lr: 1.00e-05
			fg/bg=(36/220), time cost: 13.727182
			rpn_cls: 0.4093, rpn_box: 0.1821, rcnn_cls: 0.5517, rcnn_box 0.2986
Epoch 14: Training loss: 0.2316, Testing loss: 0.2546
total training time: 2348.500258
[session 1][epoch 15][iter    0/ 130] training loss: 1.3659,  lr: 1.00e-05
			fg/bg=(31/225), time cost: 1.775026
			rpn_cls: 0.2517, rpn_box: 0.2951, rcnn_cls: 0.5506, rcnn_box 0.2684
[session 1][epoch 15][iter   10/ 130] training loss: 1.0928,  lr: 1.00e-05
			fg/bg=(27/229), time cost: 14.242387
			rpn_cls: 0.1693, rpn_box: 0.0439, rcnn_cls: 0.4233, rcnn_box 0.2744
[session 1][epoch 15][iter   20/ 130] training loss: 0.9351,  lr: 1.00e-05
			fg/bg=(32/224), time cost: 14.424811
			rpn_cls: 0.1841, rpn_box: 0.1207, rcnn_cls: 0.4795, rcnn_box 0.2547
[session 1][epoch 15][iter   30/ 130] training loss: 0.8524,  lr: 1.00e-05
			fg/bg=(23/233), time cost: 14.354871
			rpn_cls: 0.1294, rpn_box: 0.1526, rcnn_cls: 0.3807, rcnn_box 0.1734
[session 1][epoch 15][iter   40/ 130] training loss: 0.8861,  lr: 1.00e-05
			fg/bg=(19/237), time cost: 14.066091
			rpn_cls: 0.1337, rpn_box: 0.2046, rcnn_cls: 0.2689, rcnn_box 0.1610
[session 1][epoch 15][iter   50/ 130] training loss: 0.8230,  lr: 1.00e-05
			fg/bg=(16/240), time cost: 14.366513
			rpn_cls: 0.1358, rpn_box: 0.3112, rcnn_cls: 0.3400, rcnn_box 0.1125
[session 1][epoch 15][iter   60/ 130] training loss: 0.8567,  lr: 1.00e-05
			fg/bg=(11/245), time cost: 14.092608
			rpn_cls: 0.0847, rpn_box: 0.0023, rcnn_cls: 0.1851, rcnn_box 0.0787
[session 1][epoch 15][iter   70/ 130] training loss: 0.9643,  lr: 1.00e-05
			fg/bg=(18/238), time cost: 12.712116
			rpn_cls: 0.0928, rpn_box: 0.0077, rcnn_cls: 0.4033, rcnn_box 0.1481
[session 1][epoch 15][iter   80/ 130] training loss: 1.0251,  lr: 1.00e-05
			fg/bg=(37/219), time cost: 13.629837
			rpn_cls: 0.2122, rpn_box: 0.1613, rcnn_cls: 0.6267, rcnn_box 0.3022
[session 1][epoch 15][iter   90/ 130] training loss: 0.9960,  lr: 1.00e-05
			fg/bg=(18/238), time cost: 13.587546
			rpn_cls: 0.1198, rpn_box: 0.0243, rcnn_cls: 0.1655, rcnn_box 0.0951
[session 1][epoch 15][iter  100/ 130] training loss: 0.7412,  lr: 1.00e-05
			fg/bg=(18/238), time cost: 13.772870
			rpn_cls: 0.2281, rpn_box: 0.3770, rcnn_cls: 0.3210, rcnn_box 0.1262
[session 1][epoch 15][iter  110/ 130] training loss: 0.9801,  lr: 1.00e-05
			fg/bg=(35/221), time cost: 13.378390
			rpn_cls: 0.2308, rpn_box: 0.2490, rcnn_cls: 0.6115, rcnn_box 0.3434
[session 1][epoch 15][iter  120/ 130] training loss: 0.9408,  lr: 1.00e-05
			fg/bg=(23/233), time cost: 13.547850
			rpn_cls: 0.1084, rpn_box: 0.2548, rcnn_cls: 0.3101, rcnn_box 0.2045
Epoch 15: Training loss: 0.2313, Testing loss: 0.2542
total training time: 2516.451172
[session 1][epoch 16][iter    0/ 130] training loss: 0.8789,  lr: 1.00e-05
			fg/bg=(16/240), time cost: 1.830922
			rpn_cls: 0.1347, rpn_box: 0.3205, rcnn_cls: 0.3260, rcnn_box 0.0977
[session 1][epoch 16][iter   10/ 130] training loss: 0.8888,  lr: 1.00e-05
			fg/bg=(26/230), time cost: 14.073183
			rpn_cls: 0.0900, rpn_box: 0.0540, rcnn_cls: 0.4068, rcnn_box 0.2044
[session 1][epoch 16][iter   20/ 130] training loss: 0.8995,  lr: 1.00e-05
			fg/bg=(12/244), time cost: 14.272392
			rpn_cls: 0.1910, rpn_box: 0.0547, rcnn_cls: 0.1687, rcnn_box 0.1084
[session 1][epoch 16][iter   30/ 130] training loss: 0.8547,  lr: 1.00e-05
			fg/bg=(8/248), time cost: 14.364600
			rpn_cls: 0.0731, rpn_box: 0.0023, rcnn_cls: 0.1411, rcnn_box 0.0489
[session 1][epoch 16][iter   40/ 130] training loss: 1.0881,  lr: 1.00e-05
			fg/bg=(31/225), time cost: 14.275528
			rpn_cls: 0.2024, rpn_box: 0.3452, rcnn_cls: 0.5054, rcnn_box 0.2432
[session 1][epoch 16][iter   50/ 130] training loss: 0.8622,  lr: 1.00e-05
			fg/bg=(25/231), time cost: 14.147813
			rpn_cls: 0.1102, rpn_box: 0.0174, rcnn_cls: 0.3219, rcnn_box 0.2225
[session 1][epoch 16][iter   60/ 130] training loss: 0.9926,  lr: 1.00e-05
			fg/bg=(11/245), time cost: 14.283256
			rpn_cls: 0.0905, rpn_box: 0.0023, rcnn_cls: 0.2048, rcnn_box 0.0797
[session 1][epoch 16][iter   70/ 130] training loss: 0.9783,  lr: 1.00e-05
			fg/bg=(29/227), time cost: 12.697750
			rpn_cls: 0.2673, rpn_box: 0.2680, rcnn_cls: 0.5583, rcnn_box 0.1859
[session 1][epoch 16][iter   80/ 130] training loss: 0.8955,  lr: 1.00e-05
			fg/bg=(40/216), time cost: 13.553123
			rpn_cls: 0.1957, rpn_box: 0.0398, rcnn_cls: 0.6992, rcnn_box 0.3690
[session 1][epoch 16][iter   90/ 130] training loss: 0.7530,  lr: 1.00e-05
			fg/bg=(15/241), time cost: 13.721444
			rpn_cls: 0.1652, rpn_box: 0.3355, rcnn_cls: 0.3125, rcnn_box 0.0883
[session 1][epoch 16][iter  100/ 130] training loss: 0.8837,  lr: 1.00e-05
			fg/bg=(16/240), time cost: 13.413314
			rpn_cls: 0.1428, rpn_box: 0.3111, rcnn_cls: 0.3392, rcnn_box 0.1125
[session 1][epoch 16][iter  110/ 130] training loss: 1.0173,  lr: 1.00e-05
			fg/bg=(29/227), time cost: 13.527359
			rpn_cls: 0.1030, rpn_box: 0.0225, rcnn_cls: 0.4455, rcnn_box 0.2644
[session 1][epoch 16][iter  120/ 130] training loss: 0.9570,  lr: 1.00e-05
			fg/bg=(3/253), time cost: 13.236076
			rpn_cls: 0.1863, rpn_box: 0.0746, rcnn_cls: 0.0881, rcnn_box 0.0147
Epoch 16: Training loss: 0.2304, Testing loss: 0.2557
total training time: 2683.847933
[session 1][epoch 17][iter    0/ 130] training loss: 0.9997,  lr: 1.00e-05
			fg/bg=(11/245), time cost: 1.727350
			rpn_cls: 0.1575, rpn_box: 0.5855, rcnn_cls: 0.2090, rcnn_box 0.0477
[session 1][epoch 17][iter   10/ 130] training loss: 0.7847,  lr: 1.00e-05
			fg/bg=(15/241), time cost: 14.275314
			rpn_cls: 0.2678, rpn_box: 0.1767, rcnn_cls: 0.2925, rcnn_box 0.1222
[session 1][epoch 17][iter   20/ 130] training loss: 1.0017,  lr: 1.00e-05
			fg/bg=(37/219), time cost: 14.242606
			rpn_cls: 0.2620, rpn_box: 0.1356, rcnn_cls: 0.6040, rcnn_box 0.3640
[session 1][epoch 17][iter   30/ 130] training loss: 0.8656,  lr: 1.00e-05
			fg/bg=(13/243), time cost: 14.193637
			rpn_cls: 0.2279, rpn_box: 0.3869, rcnn_cls: 0.2124, rcnn_box 0.0690
[session 1][epoch 17][iter   40/ 130] training loss: 0.9300,  lr: 1.00e-05
			fg/bg=(40/216), time cost: 14.365543
			rpn_cls: 0.1005, rpn_box: 0.0760, rcnn_cls: 0.7587, rcnn_box 0.3840
[session 1][epoch 17][iter   50/ 130] training loss: 0.9279,  lr: 1.00e-05
			fg/bg=(16/240), time cost: 14.210583
			rpn_cls: 0.1374, rpn_box: 0.1240, rcnn_cls: 0.3139, rcnn_box 0.0924
[session 1][epoch 17][iter   60/ 130] training loss: 0.9292,  lr: 1.00e-05
			fg/bg=(38/218), time cost: 14.201384
			rpn_cls: 0.1162, rpn_box: 0.0130, rcnn_cls: 0.4340, rcnn_box 0.3715
[session 1][epoch 17][iter   70/ 130] training loss: 0.8541,  lr: 1.00e-05
			fg/bg=(26/230), time cost: 12.473467
			rpn_cls: 0.1345, rpn_box: 0.1224, rcnn_cls: 0.3943, rcnn_box 0.1747
[session 1][epoch 17][iter   80/ 130] training loss: 1.0438,  lr: 1.00e-05
			fg/bg=(27/229), time cost: 13.471586
			rpn_cls: 0.2988, rpn_box: 0.3680, rcnn_cls: 0.5311, rcnn_box 0.1826
[session 1][epoch 17][iter   90/ 130] training loss: 0.7223,  lr: 1.00e-05
			fg/bg=(21/235), time cost: 13.610831
			rpn_cls: 0.0697, rpn_box: 0.0088, rcnn_cls: 0.3356, rcnn_box 0.1844
[session 1][epoch 17][iter  100/ 130] training loss: 1.0290,  lr: 1.00e-05
			fg/bg=(29/227), time cost: 13.446217
			rpn_cls: 0.1707, rpn_box: 0.0435, rcnn_cls: 0.4261, rcnn_box 0.2968
[session 1][epoch 17][iter  110/ 130] training loss: 0.9557,  lr: 1.00e-05
			fg/bg=(30/226), time cost: 13.486284
			rpn_cls: 0.2506, rpn_box: 0.2569, rcnn_cls: 0.4796, rcnn_box 0.1774
[session 1][epoch 17][iter  120/ 130] training loss: 0.9136,  lr: 1.00e-05
			fg/bg=(18/238), time cost: 13.944328
			rpn_cls: 0.0898, rpn_box: 0.0076, rcnn_cls: 0.4022, rcnn_box 0.1476
Epoch 17: Training loss: 0.2302, Testing loss: 0.2542
total training time: 2851.497063
[session 1][epoch 18][iter    0/ 130] training loss: 1.5617,  lr: 1.00e-06
			fg/bg=(42/214), time cost: 1.798073
			rpn_cls: 0.5231, rpn_box: 0.1600, rcnn_cls: 0.5541, rcnn_box 0.3244
[session 1][epoch 18][iter   10/ 130] training loss: 0.8141,  lr: 1.00e-06
			fg/bg=(41/215), time cost: 14.300077
			rpn_cls: 0.1734, rpn_box: 0.2398, rcnn_cls: 0.6084, rcnn_box 0.2818
[session 1][epoch 18][iter   20/ 130] training loss: 0.9499,  lr: 1.00e-06
			fg/bg=(30/226), time cost: 14.180208
			rpn_cls: 0.2525, rpn_box: 0.2571, rcnn_cls: 0.4825, rcnn_box 0.1773
[session 1][epoch 18][iter   30/ 130] training loss: 0.9263,  lr: 1.00e-06
			fg/bg=(31/225), time cost: 14.145236
			rpn_cls: 0.2301, rpn_box: 0.2948, rcnn_cls: 0.5589, rcnn_box 0.2677
[session 1][epoch 18][iter   40/ 130] training loss: 0.9129,  lr: 1.00e-06
			fg/bg=(37/219), time cost: 14.249960
			rpn_cls: 0.2006, rpn_box: 0.1615, rcnn_cls: 0.6276, rcnn_box 0.3024
[session 1][epoch 18][iter   50/ 130] training loss: 0.9561,  lr: 1.00e-06
			fg/bg=(42/214), time cost: 14.186068
			rpn_cls: 0.4209, rpn_box: 0.1901, rcnn_cls: 0.5770, rcnn_box 0.3346
[session 1][epoch 18][iter   60/ 130] training loss: 1.0097,  lr: 1.00e-06
			fg/bg=(22/234), time cost: 14.253084
			rpn_cls: 0.1396, rpn_box: 0.3666, rcnn_cls: 0.3602, rcnn_box 0.1356
[session 1][epoch 18][iter   70/ 130] training loss: 1.0181,  lr: 1.00e-06
			fg/bg=(43/213), time cost: 12.464788
			rpn_cls: 0.3341, rpn_box: 0.3870, rcnn_cls: 0.5342, rcnn_box 0.3393
[session 1][epoch 18][iter   80/ 130] training loss: 0.8848,  lr: 1.00e-06
			fg/bg=(16/240), time cost: 13.579642
			rpn_cls: 0.0863, rpn_box: 0.2361, rcnn_cls: 0.3146, rcnn_box 0.0935
[session 1][epoch 18][iter   90/ 130] training loss: 0.8490,  lr: 1.00e-06
			fg/bg=(20/236), time cost: 13.504447
			rpn_cls: 0.1120, rpn_box: 0.0243, rcnn_cls: 0.1749, rcnn_box 0.1071
[session 1][epoch 18][iter  100/ 130] training loss: 0.7938,  lr: 1.00e-06
			fg/bg=(13/243), time cost: 13.408808
			rpn_cls: 0.2223, rpn_box: 0.2817, rcnn_cls: 0.2510, rcnn_box 0.0755
[session 1][epoch 18][iter  110/ 130] training loss: 0.8500,  lr: 1.00e-06
			fg/bg=(8/248), time cost: 13.580112
			rpn_cls: 0.0606, rpn_box: 0.0181, rcnn_cls: 0.2202, rcnn_box 0.0796
[session 1][epoch 18][iter  120/ 130] training loss: 1.0037,  lr: 1.00e-06
			fg/bg=(28/228), time cost: 13.601043
			rpn_cls: 0.2150, rpn_box: 0.2062, rcnn_cls: 0.4755, rcnn_box 0.2503
Epoch 18: Training loss: 0.2294, Testing loss: 0.2543
total training time: 3018.748608
[session 1][epoch 19][iter    0/ 130] training loss: 0.7296,  lr: 1.00e-06
			fg/bg=(12/244), time cost: 1.803724
			rpn_cls: 0.1130, rpn_box: 0.3102, rcnn_cls: 0.2455, rcnn_box 0.0609
[session 1][epoch 19][iter   10/ 130] training loss: 0.8896,  lr: 1.00e-06
			fg/bg=(21/235), time cost: 14.295216
			rpn_cls: 0.0645, rpn_box: 0.0088, rcnn_cls: 0.3268, rcnn_box 0.1822
[session 1][epoch 19][iter   20/ 130] training loss: 0.8989,  lr: 1.00e-06
			fg/bg=(24/232), time cost: 14.070252
			rpn_cls: 0.1919, rpn_box: 0.3442, rcnn_cls: 0.4025, rcnn_box 0.1722
[session 1][epoch 19][iter   30/ 130] training loss: 0.9198,  lr: 1.00e-06
			fg/bg=(19/237), time cost: 14.437463
			rpn_cls: 0.2380, rpn_box: 0.3766, rcnn_cls: 0.3268, rcnn_box 0.1359
[session 1][epoch 19][iter   40/ 130] training loss: 0.8285,  lr: 1.00e-06
			fg/bg=(20/236), time cost: 14.121293
			rpn_cls: 0.1180, rpn_box: 0.0243, rcnn_cls: 0.1740, rcnn_box 0.1066
[session 1][epoch 19][iter   50/ 130] training loss: 0.9650,  lr: 1.00e-06
			fg/bg=(13/243), time cost: 14.363678
			rpn_cls: 0.2499, rpn_box: 0.3862, rcnn_cls: 0.2267, rcnn_box 0.0689
[session 1][epoch 19][iter   60/ 130] training loss: 0.9729,  lr: 1.00e-06
			fg/bg=(18/238), time cost: 14.286974
			rpn_cls: 0.0929, rpn_box: 0.0069, rcnn_cls: 0.3992, rcnn_box 0.1514
[session 1][epoch 19][iter   70/ 130] training loss: 0.9419,  lr: 1.00e-06
			fg/bg=(8/248), time cost: 12.507728
			rpn_cls: 0.0583, rpn_box: 0.0181, rcnn_cls: 0.2274, rcnn_box 0.0797
[session 1][epoch 19][iter   80/ 130] training loss: 0.9594,  lr: 1.00e-06
			fg/bg=(26/230), time cost: 13.433951
			rpn_cls: 0.1355, rpn_box: 0.1223, rcnn_cls: 0.4112, rcnn_box 0.1769
[session 1][epoch 19][iter   90/ 130] training loss: 1.0067,  lr: 1.00e-06
			fg/bg=(39/217), time cost: 13.336555
			rpn_cls: 0.3050, rpn_box: 0.0971, rcnn_cls: 0.5973, rcnn_box 0.3063
[session 1][epoch 19][iter  100/ 130] training loss: 0.9756,  lr: 1.00e-06
			fg/bg=(30/226), time cost: 13.574367
			rpn_cls: 0.1338, rpn_box: 0.1274, rcnn_cls: 0.4871, rcnn_box 0.2514
[session 1][epoch 19][iter  110/ 130] training loss: 1.0267,  lr: 1.00e-06
			fg/bg=(23/233), time cost: 13.645163
			rpn_cls: 0.3115, rpn_box: 0.3461, rcnn_cls: 0.3556, rcnn_box 0.1552
[session 1][epoch 19][iter  120/ 130] training loss: 0.9154,  lr: 1.00e-06
			fg/bg=(2/254), time cost: 13.506675
			rpn_cls: 0.1615, rpn_box: 0.0744, rcnn_cls: 0.0720, rcnn_box 0.0017
Epoch 19: Training loss: 0.2295, Testing loss: 0.2533
total training time: 3186.131646
[session 1][epoch 20][iter    0/ 130] training loss: 1.1999,  lr: 1.00e-06
			fg/bg=(20/236), time cost: 1.740837
			rpn_cls: 0.2437, rpn_box: 0.4429, rcnn_cls: 0.3987, rcnn_box 0.1146
[session 1][epoch 20][iter   10/ 130] training loss: 0.9679,  lr: 1.00e-06
			fg/bg=(26/230), time cost: 14.119391
			rpn_cls: 0.1425, rpn_box: 0.1223, rcnn_cls: 0.4115, rcnn_box 0.1747
[session 1][epoch 20][iter   20/ 130] training loss: 0.9421,  lr: 1.00e-06
			fg/bg=(36/220), time cost: 14.192693
			rpn_cls: 0.0884, rpn_box: 0.0280, rcnn_cls: 0.6190, rcnn_box 0.3309
[session 1][epoch 20][iter   30/ 130] training loss: 1.0336,  lr: 1.00e-06
			fg/bg=(44/212), time cost: 14.242724
			rpn_cls: 0.3596, rpn_box: 0.3868, rcnn_cls: 0.5539, rcnn_box 0.3458
[session 1][epoch 20][iter   40/ 130] training loss: 1.0181,  lr: 1.00e-06
			fg/bg=(42/214), time cost: 14.346941
			rpn_cls: 0.3239, rpn_box: 0.1456, rcnn_cls: 0.5697, rcnn_box 0.3652
[session 1][epoch 20][iter   50/ 130] training loss: 0.8604,  lr: 1.00e-06
			fg/bg=(10/246), time cost: 14.251839
			rpn_cls: 0.1488, rpn_box: 0.2622, rcnn_cls: 0.2253, rcnn_box 0.0267
[session 1][epoch 20][iter   60/ 130] training loss: 0.7933,  lr: 1.00e-06
			fg/bg=(23/233), time cost: 14.432308
			rpn_cls: 0.1438, rpn_box: 0.3626, rcnn_cls: 0.3177, rcnn_box 0.1394
[session 1][epoch 20][iter   70/ 130] training loss: 0.8964,  lr: 1.00e-06
			fg/bg=(23/233), time cost: 12.168744
			rpn_cls: 0.1111, rpn_box: 0.2543, rcnn_cls: 0.3033, rcnn_box 0.2044
[session 1][epoch 20][iter   80/ 130] training loss: 0.8329,  lr: 1.00e-06
			fg/bg=(5/251), time cost: 13.721113
			rpn_cls: 0.0953, rpn_box: 0.0147, rcnn_cls: 0.1304, rcnn_box 0.0425
[session 1][epoch 20][iter   90/ 130] training loss: 0.8877,  lr: 1.00e-06
			fg/bg=(8/248), time cost: 13.677931
			rpn_cls: 0.0632, rpn_box: 0.0181, rcnn_cls: 0.2292, rcnn_box 0.0797
[session 1][epoch 20][iter  100/ 130] training loss: 0.8836,  lr: 1.00e-06
			fg/bg=(2/254), time cost: 13.719554
			rpn_cls: 0.1812, rpn_box: 0.0744, rcnn_cls: 0.0660, rcnn_box 0.0017
[session 1][epoch 20][iter  110/ 130] training loss: 0.8154,  lr: 1.00e-06
			fg/bg=(37/219), time cost: 13.704154
			rpn_cls: 0.2124, rpn_box: 0.1615, rcnn_cls: 0.6190, rcnn_box 0.3025
[session 1][epoch 20][iter  120/ 130] training loss: 0.9159,  lr: 1.00e-06
			fg/bg=(12/244), time cost: 13.374494
			rpn_cls: 0.1472, rpn_box: 0.2664, rcnn_cls: 0.2755, rcnn_box 0.0435
Epoch 20: Training loss: 0.2288, Testing loss: 0.2543
total training time: 3353.824368
save model: models/res101/pascal_voc/faster_rcnn_1_20_129.pth
