Called with args:
Namespace(batch_size=2, checkepoch=1, checkpoint=0, checkpoint_interval=10000, checksession=1, class_agnostic=False, cuda=True, dataset='pascal_voc', disp_interval=10, large_scale=False, lr=0.001, lr_decay_gamma=0.1, lr_decay_step=5, mGPUs=False, max_epochs=20, net='res101', num_workers=1, optimizer='sgd', resume=False, save_dir='models', session=1, start_epoch=1, use_tfboard=False)
Using config:
{'ANCHOR_RATIOS': [0.5, 1, 2],
 'ANCHOR_SCALES': [8, 16, 32],
 'CROP_RESIZE_WITH_MAX_POOL': False,
 'CUDA': False,
 'DATA_DIR': '/home/jason/faster-rcnn.pytorch-1.0/data',
 'DEDUP_BOXES': 0.0625,
 'EPS': 1e-14,
 'EXP_DIR': 'res101',
 'FEAT_STRIDE': [16],
 'GPU_ID': 0,
 'MATLAB': 'matlab',
 'MAX_NUM_GT_BOXES': 20,
 'MOBILENET': {'DEPTH_MULTIPLIER': 1.0,
               'FIXED_LAYERS': 5,
               'REGU_DEPTH': False,
               'WEIGHT_DECAY': 4e-05},
 'PIXEL_MEANS': array([[[102.9801, 115.9465, 122.7717]]]),
 'POOLING_MODE': 'align',
 'POOLING_SIZE': 7,
 'RESNET': {'FIXED_BLOCKS': 1, 'MAX_POOL': False},
 'RNG_SEED': 3,
 'ROOT_DIR': '/home/jason/faster-rcnn.pytorch-1.0',
 'TEST': {'BBOX_REG': True,
          'HAS_RPN': True,
          'MAX_SIZE': 1000,
          'MODE': 'nms',
          'NMS': 0.3,
          'PROPOSAL_METHOD': 'gt',
          'RPN_MIN_SIZE': 16,
          'RPN_NMS_THRESH': 0.7,
          'RPN_POST_NMS_TOP_N': 300,
          'RPN_PRE_NMS_TOP_N': 6000,
          'RPN_TOP_N': 5000,
          'SCALES': [600],
          'SVM': False},
 'TRAIN': {'ASPECT_GROUPING': False,
           'BATCH_SIZE': 128,
           'BBOX_INSIDE_WEIGHTS': [1.0, 1.0, 1.0, 1.0],
           'BBOX_NORMALIZE_MEANS': [0.0, 0.0, 0.0, 0.0],
           'BBOX_NORMALIZE_STDS': [0.1, 0.1, 0.2, 0.2],
           'BBOX_NORMALIZE_TARGETS': True,
           'BBOX_NORMALIZE_TARGETS_PRECOMPUTED': True,
           'BBOX_REG': True,
           'BBOX_THRESH': 0.5,
           'BG_THRESH_HI': 0.5,
           'BG_THRESH_LO': 0.0,
           'BIAS_DECAY': False,
           'BN_TRAIN': False,
           'BRIGHTNESS_CHANGE': False,
           'DISPLAY': 20,
           'DOUBLE_BIAS': False,
           'FG_FRACTION': 0.25,
           'FG_THRESH': 0.5,
           'GAMMA': 0.1,
           'HAS_RPN': True,
           'IMS_PER_BATCH': 1,
           'LEARNING_RATE': 0.001,
           'MAX_SIZE': 1000,
           'MOMENTUM': 0.9,
           'PROPOSAL_METHOD': 'gt',
           'ROTATE_90': False,
           'RPN_BATCHSIZE': 256,
           'RPN_BBOX_INSIDE_WEIGHTS': [1.0, 1.0, 1.0, 1.0],
           'RPN_CLOBBER_POSITIVES': False,
           'RPN_FG_FRACTION': 0.5,
           'RPN_MIN_SIZE': 8,
           'RPN_NEGATIVE_OVERLAP': 0.3,
           'RPN_NMS_THRESH': 0.7,
           'RPN_POSITIVE_OVERLAP': 0.7,
           'RPN_POSITIVE_WEIGHT': -1.0,
           'RPN_POST_NMS_TOP_N': 2000,
           'RPN_PRE_NMS_TOP_N': 12000,
           'SCALES': [600],
           'SNAPSHOT_ITERS': 5000,
           'SNAPSHOT_KEPT': 3,
           'SNAPSHOT_PREFIX': 'res101_faster_rcnn',
           'STEPSIZE': [30000],
           'SUMMARY_INTERVAL': 180,
           'TRIM_HEIGHT': 600,
           'TRIM_WIDTH': 600,
           'TRUNCATED': False,
           'USE_ALL_GT': True,
           'USE_FLIPPED': True,
           'USE_GT': False,
           'USE_VERTICAL_FLIPPED': False,
           'WEIGHT_DECAY': 0.0001},
 'USE_GPU_NMS': True}
['voc_2007_trainval']
Loaded dataset `voc_2007_trainval` for training
Set proposal method: gt
Preparing training data...
voc_2007_trainval gt roidb loaded from /home/jason/faster-rcnn.pytorch-1.0/data/cache/voc_2007_trainval_gt_roidb.pkl
done
before filtering, there are 130 images...
after filtering, there are 130 images...
['voc_2007_test']
Loaded dataset `voc_2007_test` for training
Set proposal method: gt
Preparing training data...
voc_2007_test gt roidb loaded from /home/jason/faster-rcnn.pytorch-1.0/data/cache/voc_2007_test_gt_roidb.pkl
done
before filtering, there are 130 images...
after filtering, there are 130 images...
130 roidb entries
130 roidb2 entries
[session 1][epoch  1][iter    0/  65] training loss: 12.4427,  lr: 1.00e-03
			fg/bg=(8/248), time cost: 1.852458
			rpn_cls: 0.5918, rpn_box: 0.2390, rcnn_cls: 11.5651, rcnn_box 0.0468
[session 1][epoch  1][iter   10/  65] training loss: 6.4655,  lr: 1.00e-03
			fg/bg=(2/254), time cost: 14.269951
			rpn_cls: 0.4716, rpn_box: 0.0564, rcnn_cls: 0.0913, rcnn_box 0.0000
[session 1][epoch  1][iter   20/  65] training loss: 12.1966,  lr: 1.00e-03
			fg/bg=(6/250), time cost: 14.252707
			rpn_cls: 0.7966, rpn_box: 0.5182, rcnn_cls: 1.2543, rcnn_box 0.0018
[session 1][epoch  1][iter   30/  65] training loss: 6.7856,  lr: 1.00e-03
			fg/bg=(6/250), time cost: 14.201777
			rpn_cls: 0.4735, rpn_box: 0.9041, rcnn_cls: 0.6809, rcnn_box 0.0012
[session 1][epoch  1][iter   40/  65] training loss: 1.8954,  lr: 1.00e-03
			fg/bg=(9/247), time cost: 14.201790
			rpn_cls: 0.4030, rpn_box: 0.0171, rcnn_cls: 0.9597, rcnn_box 0.1286
[session 1][epoch  1][iter   50/  65] training loss: 2.4823,  lr: 1.00e-03
			fg/bg=(6/250), time cost: 14.528224
			rpn_cls: 0.5176, rpn_box: 0.0064, rcnn_cls: 0.4032, rcnn_box 0.0425
[session 1][epoch  1][iter   60/  65] training loss: 1.7942,  lr: 1.00e-03
			fg/bg=(13/243), time cost: 14.138626
			rpn_cls: 0.5127, rpn_box: 0.3267, rcnn_cls: 0.5719, rcnn_box 0.1514
Epoch 1: Training loss: 1.2477, Testing loss: 1.3473
total training time: 87.445535
[session 1][epoch  2][iter    0/  65] training loss: 1.8589,  lr: 1.00e-03
			fg/bg=(35/221), time cost: 1.821060
			rpn_cls: 0.4400, rpn_box: 0.0676, rcnn_cls: 1.0471, rcnn_box 0.3043
[session 1][epoch  2][iter   10/  65] training loss: 1.0977,  lr: 1.00e-03
			fg/bg=(11/245), time cost: 14.559216
			rpn_cls: 0.5328, rpn_box: 0.0151, rcnn_cls: 0.3368, rcnn_box 0.0834
[session 1][epoch  2][iter   20/  65] training loss: 1.3289,  lr: 1.00e-03
			fg/bg=(38/218), time cost: 14.101290
			rpn_cls: 0.4122, rpn_box: 0.0134, rcnn_cls: 0.8409, rcnn_box 0.3822
[session 1][epoch  2][iter   30/  65] training loss: 1.0984,  lr: 1.00e-03
			fg/bg=(18/238), time cost: 14.233356
			rpn_cls: 0.3241, rpn_box: 0.1448, rcnn_cls: 0.5461, rcnn_box 0.1199
[session 1][epoch  2][iter   40/  65] training loss: 1.2000,  lr: 1.00e-03
			fg/bg=(49/207), time cost: 14.171608
			rpn_cls: 0.4143, rpn_box: 0.1123, rcnn_cls: 1.5750, rcnn_box 0.4927
[session 1][epoch  2][iter   50/  65] training loss: 1.0906,  lr: 1.00e-03
			fg/bg=(6/250), time cost: 14.218812
			rpn_cls: 0.3057, rpn_box: 0.1399, rcnn_cls: 0.2114, rcnn_box 0.0361
[session 1][epoch  2][iter   60/  65] training loss: 0.9681,  lr: 1.00e-03
			fg/bg=(4/252), time cost: 14.137481
			rpn_cls: 0.2653, rpn_box: 0.1977, rcnn_cls: 0.1426, rcnn_box 0.0003
Epoch 2: Training loss: 0.2771, Testing loss: 0.2832
total training time: 174.688359
[session 1][epoch  3][iter    0/  65] training loss: 0.7429,  lr: 1.00e-03
			fg/bg=(15/241), time cost: 1.862232
			rpn_cls: 0.1955, rpn_box: 0.0339, rcnn_cls: 0.3856, rcnn_box 0.1279
[session 1][epoch  3][iter   10/  65] training loss: 1.1845,  lr: 1.00e-03
			fg/bg=(11/245), time cost: 14.278196
			rpn_cls: 0.3864, rpn_box: 0.3457, rcnn_cls: 0.4362, rcnn_box 0.0440
[session 1][epoch  3][iter   20/  65] training loss: 1.1933,  lr: 1.00e-03
			fg/bg=(6/250), time cost: 14.311380
			rpn_cls: 0.1360, rpn_box: 0.0018, rcnn_cls: 0.1538, rcnn_box 0.0520
[session 1][epoch  3][iter   30/  65] training loss: 1.5234,  lr: 1.00e-03
			fg/bg=(29/227), time cost: 14.228731
			rpn_cls: 0.4623, rpn_box: 0.2660, rcnn_cls: 0.7966, rcnn_box 0.2292
[session 1][epoch  3][iter   40/  65] training loss: 1.1203,  lr: 1.00e-03
			fg/bg=(14/242), time cost: 14.276290
			rpn_cls: 0.3127, rpn_box: 0.2456, rcnn_cls: 0.4248, rcnn_box 0.0807
[session 1][epoch  3][iter   50/  65] training loss: 1.2592,  lr: 1.00e-03
			fg/bg=(18/238), time cost: 14.183400
			rpn_cls: 0.2777, rpn_box: 0.1354, rcnn_cls: 0.4770, rcnn_box 0.1822
[session 1][epoch  3][iter   60/  65] training loss: 1.0753,  lr: 1.00e-03
			fg/bg=(6/250), time cost: 14.319222
			rpn_cls: 0.3382, rpn_box: 0.4063, rcnn_cls: 0.2227, rcnn_box 0.0046
Epoch 3: Training loss: 0.3064, Testing loss: 0.3040
total training time: 262.147811
[session 1][epoch  4][iter    0/  65] training loss: 1.0409,  lr: 1.00e-03
			fg/bg=(12/244), time cost: 1.788890
			rpn_cls: 0.3247, rpn_box: 0.2925, rcnn_cls: 0.3692, rcnn_box 0.0545
[session 1][epoch  4][iter   10/  65] training loss: 1.1928,  lr: 1.00e-03
			fg/bg=(33/223), time cost: 14.246079
			rpn_cls: 0.2421, rpn_box: 0.1488, rcnn_cls: 0.7998, rcnn_box 0.2560
[session 1][epoch  4][iter   20/  65] training loss: 1.2235,  lr: 1.00e-03
			fg/bg=(9/247), time cost: 14.144840
			rpn_cls: 0.3816, rpn_box: 0.2859, rcnn_cls: 0.3366, rcnn_box 0.0378
[session 1][epoch  4][iter   30/  65] training loss: 1.2547,  lr: 1.00e-03
			fg/bg=(37/219), time cost: 14.308717
			rpn_cls: 0.4521, rpn_box: 0.0810, rcnn_cls: 1.1421, rcnn_box 0.3527
[session 1][epoch  4][iter   40/  65] training loss: 1.1042,  lr: 1.00e-03
			fg/bg=(12/244), time cost: 14.308598
			rpn_cls: 0.3781, rpn_box: 0.3625, rcnn_cls: 0.3251, rcnn_box 0.0811
[session 1][epoch  4][iter   50/  65] training loss: 1.1678,  lr: 1.00e-03
			fg/bg=(38/218), time cost: 14.308889
			rpn_cls: 0.4293, rpn_box: 0.1903, rcnn_cls: 0.8905, rcnn_box 0.3277
[session 1][epoch  4][iter   60/  65] training loss: 1.2489,  lr: 1.00e-03
			fg/bg=(13/243), time cost: 14.241153
			rpn_cls: 0.1326, rpn_box: 0.0106, rcnn_cls: 0.5708, rcnn_box 0.1356
Epoch 4: Training loss: 0.2951, Testing loss: 0.2912
total training time: 349.494976
[session 1][epoch  5][iter    0/  65] training loss: 1.8310,  lr: 1.00e-03
			fg/bg=(41/215), time cost: 1.829978
			rpn_cls: 0.4137, rpn_box: 0.1609, rcnn_cls: 0.8380, rcnn_box 0.4185
[session 1][epoch  5][iter   10/  65] training loss: 1.4551,  lr: 1.00e-03
			fg/bg=(14/242), time cost: 14.302999
			rpn_cls: 0.3044, rpn_box: 0.5674, rcnn_cls: 0.4013, rcnn_box 0.1021
[session 1][epoch  5][iter   20/  65] training loss: 1.2331,  lr: 1.00e-03
			fg/bg=(19/237), time cost: 14.059582
			rpn_cls: 0.2617, rpn_box: 0.1310, rcnn_cls: 0.4756, rcnn_box 0.1947
[session 1][epoch  5][iter   30/  65] training loss: 1.1278,  lr: 1.00e-03
			fg/bg=(27/229), time cost: 14.173699
			rpn_cls: 0.1793, rpn_box: 0.0798, rcnn_cls: 0.7005, rcnn_box 0.2677
[session 1][epoch  5][iter   40/  65] training loss: 1.2147,  lr: 1.00e-03
			fg/bg=(22/234), time cost: 14.319479
			rpn_cls: 0.2465, rpn_box: 0.0260, rcnn_cls: 0.6540, rcnn_box 0.1675
[session 1][epoch  5][iter   50/  65] training loss: 1.3169,  lr: 1.00e-03
			fg/bg=(19/237), time cost: 14.208223
			rpn_cls: 0.2153, rpn_box: 0.1898, rcnn_cls: 0.4778, rcnn_box 0.1329
[session 1][epoch  5][iter   60/  65] training loss: 0.9656,  lr: 1.00e-03
			fg/bg=(14/242), time cost: 14.427220
			rpn_cls: 0.1147, rpn_box: 0.0138, rcnn_cls: 0.3618, rcnn_box 0.1561
Epoch 5: Training loss: 0.3009, Testing loss: 0.3036
total training time: 436.816155
[session 1][epoch  6][iter    0/  65] training loss: 1.8385,  lr: 1.00e-04
			fg/bg=(35/221), time cost: 1.791406
			rpn_cls: 0.5500, rpn_box: 0.2429, rcnn_cls: 0.7653, rcnn_box 0.2804
[session 1][epoch  6][iter   10/  65] training loss: 1.3092,  lr: 1.00e-04
			fg/bg=(14/242), time cost: 14.495464
			rpn_cls: 0.2881, rpn_box: 0.3779, rcnn_cls: 0.4150, rcnn_box 0.0918
[session 1][epoch  6][iter   20/  65] training loss: 1.2594,  lr: 1.00e-04
			fg/bg=(15/241), time cost: 14.188605
			rpn_cls: 0.1624, rpn_box: 0.0137, rcnn_cls: 0.3899, rcnn_box 0.1208
[session 1][epoch  6][iter   30/  65] training loss: 1.0245,  lr: 1.00e-04
			fg/bg=(27/229), time cost: 14.145948
			rpn_cls: 0.1850, rpn_box: 0.0352, rcnn_cls: 0.5678, rcnn_box 0.2202
[session 1][epoch  6][iter   40/  65] training loss: 1.2252,  lr: 1.00e-04
			fg/bg=(20/236), time cost: 14.424314
			rpn_cls: 0.1447, rpn_box: 0.1227, rcnn_cls: 0.4766, rcnn_box 0.1371
[session 1][epoch  6][iter   50/  65] training loss: 1.2792,  lr: 1.00e-04
			fg/bg=(10/246), time cost: 14.241155
			rpn_cls: 0.1629, rpn_box: 0.0116, rcnn_cls: 0.2945, rcnn_box 0.1126
[session 1][epoch  6][iter   60/  65] training loss: 1.1040,  lr: 1.00e-04
			fg/bg=(17/239), time cost: 14.190781
			rpn_cls: 0.1980, rpn_box: 0.1106, rcnn_cls: 0.4092, rcnn_box 0.0700
Epoch 6: Training loss: 0.2926, Testing loss: 0.3028
total training time: 524.293829
[session 1][epoch  7][iter    0/  65] training loss: 1.2919,  lr: 1.00e-04
			fg/bg=(30/226), time cost: 1.878437
			rpn_cls: 0.2267, rpn_box: 0.1229, rcnn_cls: 0.7239, rcnn_box 0.2184
[session 1][epoch  7][iter   10/  65] training loss: 1.3188,  lr: 1.00e-04
			fg/bg=(22/234), time cost: 14.233183
			rpn_cls: 0.2032, rpn_box: 0.2508, rcnn_cls: 0.5453, rcnn_box 0.1951
[session 1][epoch  7][iter   20/  65] training loss: 1.1190,  lr: 1.00e-04
			fg/bg=(7/249), time cost: 14.309182
			rpn_cls: 0.2580, rpn_box: 0.2956, rcnn_cls: 0.2240, rcnn_box 0.0128
[session 1][epoch  7][iter   30/  65] training loss: 1.1763,  lr: 1.00e-04
			fg/bg=(42/214), time cost: 14.363688
			rpn_cls: 0.4621, rpn_box: 0.2018, rcnn_cls: 0.9022, rcnn_box 0.3657
[session 1][epoch  7][iter   40/  65] training loss: 1.1769,  lr: 1.00e-04
			fg/bg=(44/212), time cost: 14.389831
			rpn_cls: 0.1107, rpn_box: 0.0073, rcnn_cls: 0.9797, rcnn_box 0.3780
[session 1][epoch  7][iter   50/  65] training loss: 1.0630,  lr: 1.00e-04
			fg/bg=(35/221), time cost: 14.330334
			rpn_cls: 0.2090, rpn_box: 0.1412, rcnn_cls: 0.7341, rcnn_box 0.2927
[session 1][epoch  7][iter   60/  65] training loss: 1.0512,  lr: 1.00e-04
			fg/bg=(12/244), time cost: 14.404105
			rpn_cls: 0.1586, rpn_box: 0.0533, rcnn_cls: 0.2645, rcnn_box 0.1348
Epoch 7: Training loss: 0.2868, Testing loss: 0.3017
total training time: 612.202589
[session 1][epoch  8][iter    0/  65] training loss: 0.8421,  lr: 1.00e-04
			fg/bg=(22/234), time cost: 1.905937
			rpn_cls: 0.1449, rpn_box: 0.0039, rcnn_cls: 0.4943, rcnn_box 0.1989
[session 1][epoch  8][iter   10/  65] training loss: 1.1903,  lr: 1.00e-04
			fg/bg=(8/248), time cost: 14.310982
			rpn_cls: 0.0846, rpn_box: 0.0024, rcnn_cls: 0.2402, rcnn_box 0.0586
[session 1][epoch  8][iter   20/  65] training loss: 1.0834,  lr: 1.00e-04
			fg/bg=(43/213), time cost: 14.494560
			rpn_cls: 0.2681, rpn_box: 0.0824, rcnn_cls: 0.9453, rcnn_box 0.4462
[session 1][epoch  8][iter   30/  65] training loss: 1.0756,  lr: 1.00e-04
			fg/bg=(2/254), time cost: 14.449893
			rpn_cls: 0.3070, rpn_box: 0.1422, rcnn_cls: 0.1674, rcnn_box 0.0000
[session 1][epoch  8][iter   40/  65] training loss: 1.2059,  lr: 1.00e-04
			fg/bg=(20/236), time cost: 14.336877
			rpn_cls: 0.2369, rpn_box: 0.2980, rcnn_cls: 0.4508, rcnn_box 0.1287
[session 1][epoch  8][iter   50/  65] training loss: 1.1081,  lr: 1.00e-04
			fg/bg=(34/222), time cost: 14.411767
			rpn_cls: 0.2951, rpn_box: 0.2405, rcnn_cls: 0.7019, rcnn_box 0.2234
[session 1][epoch  8][iter   60/  65] training loss: 1.2028,  lr: 1.00e-04
			fg/bg=(18/238), time cost: 14.148101
			rpn_cls: 0.2435, rpn_box: 0.3266, rcnn_cls: 0.3598, rcnn_box 0.1142
Epoch 8: Training loss: 0.2867, Testing loss: 0.2984
total training time: 700.260706
[session 1][epoch  9][iter    0/  65] training loss: 1.0705,  lr: 1.00e-04
			fg/bg=(29/227), time cost: 1.868131
			rpn_cls: 0.1452, rpn_box: 0.0185, rcnn_cls: 0.6409, rcnn_box 0.2659
[session 1][epoch  9][iter   10/  65] training loss: 1.2659,  lr: 1.00e-04
			fg/bg=(31/225), time cost: 14.185191
			rpn_cls: 0.3097, rpn_box: 0.3153, rcnn_cls: 0.7188, rcnn_box 0.2899
[session 1][epoch  9][iter   20/  65] training loss: 1.0950,  lr: 1.00e-04
			fg/bg=(34/222), time cost: 14.339995
			rpn_cls: 0.1347, rpn_box: 0.1324, rcnn_cls: 0.5716, rcnn_box 0.3329
[session 1][epoch  9][iter   30/  65] training loss: 1.0194,  lr: 1.00e-04
			fg/bg=(25/231), time cost: 14.439487
			rpn_cls: 0.1965, rpn_box: 0.1496, rcnn_cls: 0.5584, rcnn_box 0.1982
[session 1][epoch  9][iter   40/  65] training loss: 1.0364,  lr: 1.00e-04
			fg/bg=(17/239), time cost: 14.131467
			rpn_cls: 0.1746, rpn_box: 0.1111, rcnn_cls: 0.4242, rcnn_box 0.0774
[session 1][epoch  9][iter   50/  65] training loss: 1.1475,  lr: 1.00e-04
			fg/bg=(36/220), time cost: 14.259863
			rpn_cls: 0.3810, rpn_box: 0.1528, rcnn_cls: 0.7225, rcnn_box 0.3409
[session 1][epoch  9][iter   60/  65] training loss: 1.1209,  lr: 1.00e-04
			fg/bg=(26/230), time cost: 14.363291
			rpn_cls: 0.1396, rpn_box: 0.0243, rcnn_cls: 0.5439, rcnn_box 0.2184
Epoch 9: Training loss: 0.2816, Testing loss: 0.2948
total training time: 787.848132
[session 1][epoch 10][iter    0/  65] training loss: 1.1725,  lr: 1.00e-04
			fg/bg=(17/239), time cost: 1.794262
			rpn_cls: 0.2721, rpn_box: 0.3686, rcnn_cls: 0.3946, rcnn_box 0.1373
[session 1][epoch 10][iter   10/  65] training loss: 1.3806,  lr: 1.00e-04
			fg/bg=(17/239), time cost: 14.311975
			rpn_cls: 0.1545, rpn_box: 0.0265, rcnn_cls: 0.4385, rcnn_box 0.1301
[session 1][epoch 10][iter   20/  65] training loss: 1.1451,  lr: 1.00e-04
			fg/bg=(13/243), time cost: 14.346156
			rpn_cls: 0.2432, rpn_box: 0.5341, rcnn_cls: 0.3005, rcnn_box 0.0767
[session 1][epoch 10][iter   30/  65] training loss: 1.1339,  lr: 1.00e-04
			fg/bg=(19/237), time cost: 14.325110
			rpn_cls: 0.2097, rpn_box: 0.2996, rcnn_cls: 0.4132, rcnn_box 0.1201
[session 1][epoch 10][iter   40/  65] training loss: 1.0465,  lr: 1.00e-04
			fg/bg=(30/226), time cost: 14.286620
			rpn_cls: 0.1348, rpn_box: 0.0132, rcnn_cls: 0.6519, rcnn_box 0.2550
[session 1][epoch 10][iter   50/  65] training loss: 1.0772,  lr: 1.00e-04
			fg/bg=(9/247), time cost: 14.362899
			rpn_cls: 0.1760, rpn_box: 0.0120, rcnn_cls: 0.2601, rcnn_box 0.0921
[session 1][epoch 10][iter   60/  65] training loss: 1.1050,  lr: 1.00e-04
			fg/bg=(40/216), time cost: 14.266746
			rpn_cls: 0.3742, rpn_box: 0.1467, rcnn_cls: 0.7690, rcnn_box 0.3909
Epoch 10: Training loss: 0.2825, Testing loss: 0.2924
total training time: 875.541898
[session 1][epoch 11][iter    0/  65] training loss: 0.9462,  lr: 1.00e-04
			fg/bg=(25/231), time cost: 1.807308
			rpn_cls: 0.1606, rpn_box: 0.0730, rcnn_cls: 0.4881, rcnn_box 0.2245
[session 1][epoch 11][iter   10/  65] training loss: 1.2594,  lr: 1.00e-04
			fg/bg=(47/209), time cost: 14.398359
			rpn_cls: 0.4017, rpn_box: 0.1929, rcnn_cls: 0.8936, rcnn_box 0.4323
[session 1][epoch 11][iter   20/  65] training loss: 1.1917,  lr: 1.00e-04
			fg/bg=(18/238), time cost: 14.401404
			rpn_cls: 0.2291, rpn_box: 0.3077, rcnn_cls: 0.4110, rcnn_box 0.1346
[session 1][epoch 11][iter   30/  65] training loss: 1.0538,  lr: 1.00e-04
			fg/bg=(12/244), time cost: 14.423352
			rpn_cls: 0.2245, rpn_box: 0.3324, rcnn_cls: 0.2966, rcnn_box 0.0805
[session 1][epoch 11][iter   40/  65] training loss: 1.1971,  lr: 1.00e-04
			fg/bg=(13/243), time cost: 14.311671
			rpn_cls: 0.2547, rpn_box: 0.5295, rcnn_cls: 0.2885, rcnn_box 0.0737
[session 1][epoch 11][iter   50/  65] training loss: 1.0824,  lr: 1.00e-04
			fg/bg=(17/239), time cost: 14.231229
			rpn_cls: 0.2012, rpn_box: 0.3041, rcnn_cls: 0.3694, rcnn_box 0.1341
[session 1][epoch 11][iter   60/  65] training loss: 1.0621,  lr: 1.00e-04
			fg/bg=(42/214), time cost: 14.317455
			rpn_cls: 0.2734, rpn_box: 0.0816, rcnn_cls: 0.8741, rcnn_box 0.4301
Epoch 11: Training loss: 0.2808, Testing loss: 0.2903
total training time: 963.432677
[session 1][epoch 12][iter    0/  65] training loss: 1.7131,  lr: 1.00e-05
			fg/bg=(42/214), time cost: 1.787588
			rpn_cls: 0.2612, rpn_box: 0.2495, rcnn_cls: 0.8249, rcnn_box 0.3775
[session 1][epoch 12][iter   10/  65] training loss: 1.1246,  lr: 1.00e-05
			fg/bg=(30/226), time cost: 14.270724
			rpn_cls: 0.1600, rpn_box: 0.2819, rcnn_cls: 0.4838, rcnn_box 0.2440
[session 1][epoch 12][iter   20/  65] training loss: 1.1012,  lr: 1.00e-05
			fg/bg=(22/234), time cost: 14.174210
			rpn_cls: 0.2223, rpn_box: 0.3261, rcnn_cls: 0.4078, rcnn_box 0.1303
[session 1][epoch 12][iter   30/  65] training loss: 1.0764,  lr: 1.00e-05
			fg/bg=(24/232), time cost: 14.336235
			rpn_cls: 0.1818, rpn_box: 0.2107, rcnn_cls: 0.4111, rcnn_box 0.1659
[session 1][epoch 12][iter   40/  65] training loss: 1.0578,  lr: 1.00e-05
			fg/bg=(17/239), time cost: 14.336639
			rpn_cls: 0.1864, rpn_box: 0.1679, rcnn_cls: 0.3810, rcnn_box 0.1784
[session 1][epoch 12][iter   50/  65] training loss: 1.2245,  lr: 1.00e-05
			fg/bg=(48/208), time cost: 14.266783
			rpn_cls: 0.2881, rpn_box: 0.1210, rcnn_cls: 0.8050, rcnn_box 0.4557
[session 1][epoch 12][iter   60/  65] training loss: 1.0267,  lr: 1.00e-05
			fg/bg=(13/243), time cost: 14.320228
			rpn_cls: 0.2153, rpn_box: 0.2326, rcnn_cls: 0.3347, rcnn_box 0.0681
Epoch 12: Training loss: 0.2749, Testing loss: 0.2911
total training time: 1050.925082
[session 1][epoch 13][iter    0/  65] training loss: 1.1587,  lr: 1.00e-05
			fg/bg=(16/240), time cost: 1.816364
			rpn_cls: 0.2382, rpn_box: 0.3704, rcnn_cls: 0.4132, rcnn_box 0.1369
[session 1][epoch 13][iter   10/  65] training loss: 0.9062,  lr: 1.00e-05
			fg/bg=(14/242), time cost: 14.317289
			rpn_cls: 0.0832, rpn_box: 0.0149, rcnn_cls: 0.3501, rcnn_box 0.1571
[session 1][epoch 13][iter   20/  65] training loss: 1.2845,  lr: 1.00e-05
			fg/bg=(18/238), time cost: 14.319730
			rpn_cls: 0.2650, rpn_box: 0.3696, rcnn_cls: 0.4315, rcnn_box 0.1452
[session 1][epoch 13][iter   30/  65] training loss: 1.0279,  lr: 1.00e-05
			fg/bg=(20/236), time cost: 14.284502
			rpn_cls: 0.1461, rpn_box: 0.0038, rcnn_cls: 0.4245, rcnn_box 0.1703
[session 1][epoch 13][iter   40/  65] training loss: 1.2134,  lr: 1.00e-05
			fg/bg=(35/221), time cost: 14.189201
			rpn_cls: 0.1237, rpn_box: 0.1325, rcnn_cls: 0.5756, rcnn_box 0.3250
[session 1][epoch 13][iter   50/  65] training loss: 1.1806,  lr: 1.00e-05
			fg/bg=(26/230), time cost: 14.345877
			rpn_cls: 0.2308, rpn_box: 0.2944, rcnn_cls: 0.5611, rcnn_box 0.1835
[session 1][epoch 13][iter   60/  65] training loss: 0.9452,  lr: 1.00e-05
			fg/bg=(18/238), time cost: 14.386360
			rpn_cls: 0.1614, rpn_box: 0.1127, rcnn_cls: 0.3972, rcnn_box 0.0796
Epoch 13: Training loss: 0.2770, Testing loss: 0.2903
total training time: 1138.584405
[session 1][epoch 14][iter    0/  65] training loss: 0.6779,  lr: 1.00e-05
			fg/bg=(18/238), time cost: 1.856972
			rpn_cls: 0.1263, rpn_box: 0.0293, rcnn_cls: 0.3838, rcnn_box 0.1386
[session 1][epoch 14][iter   10/  65] training loss: 1.1168,  lr: 1.00e-05
			fg/bg=(35/221), time cost: 14.230210
			rpn_cls: 0.1167, rpn_box: 0.1316, rcnn_cls: 0.5521, rcnn_box 0.3236
[session 1][epoch 14][iter   20/  65] training loss: 1.1138,  lr: 1.00e-05
			fg/bg=(21/235), time cost: 14.478540
			rpn_cls: 0.1726, rpn_box: 0.2449, rcnn_cls: 0.4792, rcnn_box 0.1781
[session 1][epoch 14][iter   30/  65] training loss: 1.0546,  lr: 1.00e-05
			fg/bg=(16/240), time cost: 14.398557
			rpn_cls: 0.1696, rpn_box: 0.1680, rcnn_cls: 0.3552, rcnn_box 0.1557
[session 1][epoch 14][iter   40/  65] training loss: 1.1728,  lr: 1.00e-05
			fg/bg=(35/221), time cost: 14.414172
			rpn_cls: 0.1996, rpn_box: 0.2975, rcnn_cls: 0.7158, rcnn_box 0.3297
[session 1][epoch 14][iter   50/  65] training loss: 1.1368,  lr: 1.00e-05
			fg/bg=(24/232), time cost: 14.214581
			rpn_cls: 0.2237, rpn_box: 0.3109, rcnn_cls: 0.4823, rcnn_box 0.1598
[session 1][epoch 14][iter   60/  65] training loss: 1.0571,  lr: 1.00e-05
			fg/bg=(22/234), time cost: 14.339653
			rpn_cls: 0.1630, rpn_box: 0.1871, rcnn_cls: 0.5281, rcnn_box 0.1995
Epoch 14: Training loss: 0.2759, Testing loss: 0.2900
total training time: 1226.517090
[session 1][epoch 15][iter    0/  65] training loss: 1.7173,  lr: 1.00e-05
			fg/bg=(43/213), time cost: 1.847487
			rpn_cls: 0.2790, rpn_box: 0.0811, rcnn_cls: 0.8928, rcnn_box 0.4644
[session 1][epoch 15][iter   10/  65] training loss: 1.2718,  lr: 1.00e-05
			fg/bg=(31/225), time cost: 14.248814
			rpn_cls: 0.1214, rpn_box: 0.0203, rcnn_cls: 0.6825, rcnn_box 0.2828
[session 1][epoch 15][iter   20/  65] training loss: 1.0423,  lr: 1.00e-05
			fg/bg=(28/228), time cost: 14.283708
			rpn_cls: 0.1599, rpn_box: 0.2816, rcnn_cls: 0.4657, rcnn_box 0.2207
[session 1][epoch 15][iter   30/  65] training loss: 1.1239,  lr: 1.00e-05
			fg/bg=(21/235), time cost: 14.178173
			rpn_cls: 0.2251, rpn_box: 0.3261, rcnn_cls: 0.3936, rcnn_box 0.1251
[session 1][epoch 15][iter   40/  65] training loss: 1.2081,  lr: 1.00e-05
			fg/bg=(22/234), time cost: 14.205719
			rpn_cls: 0.1726, rpn_box: 0.1507, rcnn_cls: 0.4909, rcnn_box 0.1623
[session 1][epoch 15][iter   50/  65] training loss: 0.9081,  lr: 1.00e-05
			fg/bg=(14/242), time cost: 14.324423
			rpn_cls: 0.1599, rpn_box: 0.0534, rcnn_cls: 0.2902, rcnn_box 0.1656
[session 1][epoch 15][iter   60/  65] training loss: 1.0748,  lr: 1.00e-05
			fg/bg=(16/240), time cost: 14.182337
			rpn_cls: 0.2315, rpn_box: 0.3698, rcnn_cls: 0.4201, rcnn_box 0.1383
Epoch 15: Training loss: 0.2766, Testing loss: 0.2912
total training time: 1313.787751
[session 1][epoch 16][iter    0/  65] training loss: 0.9947,  lr: 1.00e-05
			fg/bg=(22/234), time cost: 1.820679
			rpn_cls: 0.1708, rpn_box: 0.1507, rcnn_cls: 0.5106, rcnn_box 0.1624
[session 1][epoch 16][iter   10/  65] training loss: 1.1390,  lr: 1.00e-05
			fg/bg=(13/243), time cost: 14.161321
			rpn_cls: 0.2894, rpn_box: 0.5506, rcnn_cls: 0.2860, rcnn_box 0.0989
[session 1][epoch 16][iter   20/  65] training loss: 1.1489,  lr: 1.00e-05
			fg/bg=(9/247), time cost: 14.358433
			rpn_cls: 0.1393, rpn_box: 0.0128, rcnn_cls: 0.2571, rcnn_box 0.0874
[session 1][epoch 16][iter   30/  65] training loss: 1.0562,  lr: 1.00e-05
			fg/bg=(23/233), time cost: 14.409991
			rpn_cls: 0.1698, rpn_box: 0.2111, rcnn_cls: 0.4146, rcnn_box 0.1574
[session 1][epoch 16][iter   40/  65] training loss: 1.0342,  lr: 1.00e-05
			fg/bg=(9/247), time cost: 14.406447
			rpn_cls: 0.0837, rpn_box: 0.0022, rcnn_cls: 0.2381, rcnn_box 0.0665
[session 1][epoch 16][iter   50/  65] training loss: 1.0272,  lr: 1.00e-05
			fg/bg=(23/233), time cost: 14.171403
			rpn_cls: 0.0971, rpn_box: 0.0020, rcnn_cls: 0.4339, rcnn_box 0.2185
[session 1][epoch 16][iter   60/  65] training loss: 1.2591,  lr: 1.00e-05
			fg/bg=(32/224), time cost: 14.438678
			rpn_cls: 0.2379, rpn_box: 0.1231, rcnn_cls: 0.6993, rcnn_box 0.2333
Epoch 16: Training loss: 0.2753, Testing loss: 0.2890
total training time: 1401.554703
[session 1][epoch 17][iter    0/  65] training loss: 1.9473,  lr: 1.00e-05
			fg/bg=(53/203), time cost: 1.818517
			rpn_cls: 0.2529, rpn_box: 0.0536, rcnn_cls: 1.1714, rcnn_box 0.4693
[session 1][epoch 17][iter   10/  65] training loss: 1.2828,  lr: 1.00e-05
			fg/bg=(28/228), time cost: 14.280873
			rpn_cls: 0.1405, rpn_box: 0.0240, rcnn_cls: 0.5651, rcnn_box 0.2338
[session 1][epoch 17][iter   20/  65] training loss: 1.0976,  lr: 1.00e-05
			fg/bg=(27/229), time cost: 14.333977
			rpn_cls: 0.1468, rpn_box: 0.0032, rcnn_cls: 0.6115, rcnn_box 0.2453
[session 1][epoch 17][iter   30/  65] training loss: 1.1254,  lr: 1.00e-05
			fg/bg=(41/215), time cost: 14.265635
			rpn_cls: 0.2610, rpn_box: 0.2403, rcnn_cls: 0.7574, rcnn_box 0.2835
[session 1][epoch 17][iter   40/  65] training loss: 1.0362,  lr: 1.00e-05
			fg/bg=(32/224), time cost: 14.455952
			rpn_cls: 0.4068, rpn_box: 0.2425, rcnn_cls: 0.6058, rcnn_box 0.2068
[session 1][epoch 17][iter   50/  65] training loss: 0.9804,  lr: 1.00e-05
			fg/bg=(24/232), time cost: 14.298771
			rpn_cls: 0.1808, rpn_box: 0.2112, rcnn_cls: 0.4191, rcnn_box 0.1696
[session 1][epoch 17][iter   60/  65] training loss: 1.0777,  lr: 1.00e-05
			fg/bg=(30/226), time cost: 14.304279
			rpn_cls: 0.1297, rpn_box: 0.0147, rcnn_cls: 0.5907, rcnn_box 0.2612
Epoch 17: Training loss: 0.2766, Testing loss: 0.2905
total training time: 1489.312708
[session 1][epoch 18][iter    0/  65] training loss: 0.5450,  lr: 1.00e-06
			fg/bg=(15/241), time cost: 1.873039
			rpn_cls: 0.1051, rpn_box: 0.0128, rcnn_cls: 0.3191, rcnn_box 0.1079
[session 1][epoch 18][iter   10/  65] training loss: 0.8421,  lr: 1.00e-06
			fg/bg=(22/234), time cost: 14.440829
			rpn_cls: 0.2188, rpn_box: 0.3265, rcnn_cls: 0.4059, rcnn_box 0.1346
[session 1][epoch 18][iter   20/  65] training loss: 0.9542,  lr: 1.00e-06
			fg/bg=(15/241), time cost: 14.339715
			rpn_cls: 0.2120, rpn_box: 0.3037, rcnn_cls: 0.3294, rcnn_box 0.0933
[session 1][epoch 18][iter   30/  65] training loss: 1.1442,  lr: 1.00e-06
			fg/bg=(10/246), time cost: 14.263712
			rpn_cls: 0.2270, rpn_box: 0.2885, rcnn_cls: 0.2748, rcnn_box 0.0568
[session 1][epoch 18][iter   40/  65] training loss: 1.3589,  lr: 1.00e-06
			fg/bg=(54/202), time cost: 14.378065
			rpn_cls: 0.2310, rpn_box: 0.0538, rcnn_cls: 1.1904, rcnn_box 0.4751
[session 1][epoch 18][iter   50/  65] training loss: 1.3493,  lr: 1.00e-06
			fg/bg=(33/223), time cost: 14.205816
			rpn_cls: 0.4238, rpn_box: 0.2428, rcnn_cls: 0.6284, rcnn_box 0.2206
[session 1][epoch 18][iter   60/  65] training loss: 0.9453,  lr: 1.00e-06
			fg/bg=(19/237), time cost: 14.477188
			rpn_cls: 0.2182, rpn_box: 0.3077, rcnn_cls: 0.3929, rcnn_box 0.1376
Epoch 18: Training loss: 0.2763, Testing loss: 0.2906
total training time: 1577.291071
[session 1][epoch 19][iter    0/  65] training loss: 1.7323,  lr: 1.00e-06
			fg/bg=(51/205), time cost: 1.824663
			rpn_cls: 0.2871, rpn_box: 0.1210, rcnn_cls: 0.8525, rcnn_box 0.4717
[session 1][epoch 19][iter   10/  65] training loss: 1.0359,  lr: 1.00e-06
			fg/bg=(21/235), time cost: 14.467997
			rpn_cls: 0.1450, rpn_box: 0.0038, rcnn_cls: 0.4461, rcnn_box 0.1804
[session 1][epoch 19][iter   20/  65] training loss: 1.2000,  lr: 1.00e-06
			fg/bg=(19/237), time cost: 14.229310
			rpn_cls: 0.2031, rpn_box: 0.2973, rcnn_cls: 0.4093, rcnn_box 0.1232
[session 1][epoch 19][iter   30/  65] training loss: 1.0949,  lr: 1.00e-06
			fg/bg=(25/231), time cost: 14.402854
			rpn_cls: 0.2655, rpn_box: 0.1328, rcnn_cls: 0.5456, rcnn_box 0.2277
[session 1][epoch 19][iter   40/  65] training loss: 1.1037,  lr: 1.00e-06
			fg/bg=(49/207), time cost: 14.502966
			rpn_cls: 0.1213, rpn_box: 0.0074, rcnn_cls: 0.9080, rcnn_box 0.4234
[session 1][epoch 19][iter   50/  65] training loss: 1.1320,  lr: 1.00e-06
			fg/bg=(25/231), time cost: 14.339464
			rpn_cls: 0.2301, rpn_box: 0.2938, rcnn_cls: 0.5514, rcnn_box 0.1694
[session 1][epoch 19][iter   60/  65] training loss: 0.9858,  lr: 1.00e-06
			fg/bg=(15/241), time cost: 14.270864
			rpn_cls: 0.2065, rpn_box: 0.2825, rcnn_cls: 0.3781, rcnn_box 0.0859
Epoch 19: Training loss: 0.2752, Testing loss: 0.2906
total training time: 1665.329191
[session 1][epoch 20][iter    0/  65] training loss: 0.7184,  lr: 1.00e-06
			fg/bg=(6/250), time cost: 1.794039
			rpn_cls: 0.1658, rpn_box: 0.3855, rcnn_cls: 0.1670, rcnn_box 0.0000
[session 1][epoch 20][iter   10/  65] training loss: 0.9786,  lr: 1.00e-06
			fg/bg=(23/233), time cost: 14.435988
			rpn_cls: 0.1610, rpn_box: 0.0734, rcnn_cls: 0.4363, rcnn_box 0.2032
[session 1][epoch 20][iter   20/  65] training loss: 1.0975,  lr: 1.00e-06
			fg/bg=(49/207), time cost: 14.282953
			rpn_cls: 0.1060, rpn_box: 0.0074, rcnn_cls: 0.9013, rcnn_box 0.4294
[session 1][epoch 20][iter   30/  65] training loss: 1.0506,  lr: 1.00e-06
			fg/bg=(17/239), time cost: 14.174577
			rpn_cls: 0.1229, rpn_box: 0.0295, rcnn_cls: 0.3608, rcnn_box 0.1246
[session 1][epoch 20][iter   40/  65] training loss: 1.1005,  lr: 1.00e-06
			fg/bg=(15/241), time cost: 14.345558
			rpn_cls: 0.2211, rpn_box: 0.2825, rcnn_cls: 0.3671, rcnn_box 0.0859
[session 1][epoch 20][iter   50/  65] training loss: 1.0848,  lr: 1.00e-06
			fg/bg=(2/254), time cost: 14.495497
			rpn_cls: 0.3329, rpn_box: 0.1420, rcnn_cls: 0.1248, rcnn_box 0.0001
[session 1][epoch 20][iter   60/  65] training loss: 1.2006,  lr: 1.00e-06
			fg/bg=(53/203), time cost: 14.257571
			rpn_cls: 0.2485, rpn_box: 0.0539, rcnn_cls: 1.1415, rcnn_box 0.4507
Epoch 20: Training loss: 0.2754, Testing loss: 0.2905
total training time: 1753.115372
save model: models/res101/pascal_voc/faster_rcnn_1_20_64.pth
