Called with args:
Namespace(batch_size=2, checkepoch=1, checkpoint=0, checkpoint_interval=10000, checksession=1, class_agnostic=False, cuda=True, dataset='pascal_voc', disp_interval=10, large_scale=False, lr=0.001, lr_decay_gamma=0.1, lr_decay_step=5, mGPUs=False, max_epochs=20, net='res101', num_workers=1, optimizer='sgd', resume=False, save_dir='models', session=1, start_epoch=1, use_tfboard=False)
Using config:
{'ANCHOR_RATIOS': [0.5, 1, 2],
 'ANCHOR_SCALES': [8, 16, 32],
 'CROP_RESIZE_WITH_MAX_POOL': False,
 'CUDA': False,
 'DATA_DIR': '/home/jason/faster-rcnn.pytorch-1.0/data',
 'DEDUP_BOXES': 0.0625,
 'EPS': 1e-14,
 'EXP_DIR': 'res101',
 'FEAT_STRIDE': [16],
 'GPU_ID': 0,
 'MATLAB': 'matlab',
 'MAX_NUM_GT_BOXES': 20,
 'MOBILENET': {'DEPTH_MULTIPLIER': 1.0,
               'FIXED_LAYERS': 5,
               'REGU_DEPTH': False,
               'WEIGHT_DECAY': 4e-05},
 'PIXEL_MEANS': array([[[102.9801, 115.9465, 122.7717]]]),
 'POOLING_MODE': 'align',
 'POOLING_SIZE': 7,
 'RESNET': {'FIXED_BLOCKS': 1, 'MAX_POOL': False},
 'RNG_SEED': 3,
 'ROOT_DIR': '/home/jason/faster-rcnn.pytorch-1.0',
 'TEST': {'BBOX_REG': True,
          'HAS_RPN': True,
          'MAX_SIZE': 1000,
          'MODE': 'nms',
          'NMS': 0.3,
          'PROPOSAL_METHOD': 'gt',
          'RPN_MIN_SIZE': 16,
          'RPN_NMS_THRESH': 0.7,
          'RPN_POST_NMS_TOP_N': 300,
          'RPN_PRE_NMS_TOP_N': 6000,
          'RPN_TOP_N': 5000,
          'SCALES': [600],
          'SVM': False},
 'TRAIN': {'ASPECT_GROUPING': False,
           'BATCH_SIZE': 128,
           'BBOX_INSIDE_WEIGHTS': [1.0, 1.0, 1.0, 1.0],
           'BBOX_NORMALIZE_MEANS': [0.0, 0.0, 0.0, 0.0],
           'BBOX_NORMALIZE_STDS': [0.1, 0.1, 0.2, 0.2],
           'BBOX_NORMALIZE_TARGETS': True,
           'BBOX_NORMALIZE_TARGETS_PRECOMPUTED': True,
           'BBOX_REG': True,
           'BBOX_THRESH': 0.5,
           'BG_THRESH_HI': 0.5,
           'BG_THRESH_LO': 0.0,
           'BIAS_DECAY': False,
           'BN_TRAIN': False,
           'BRIGHTNESS_CHANGE': False,
           'DISPLAY': 20,
           'DOUBLE_BIAS': False,
           'FG_FRACTION': 0.25,
           'FG_THRESH': 0.5,
           'GAMMA': 0.1,
           'HAS_RPN': True,
           'IMS_PER_BATCH': 1,
           'LEARNING_RATE': 0.001,
           'MAX_SIZE': 1000,
           'MOMENTUM': 0.9,
           'PROPOSAL_METHOD': 'gt',
           'ROTATE_90': False,
           'RPN_BATCHSIZE': 256,
           'RPN_BBOX_INSIDE_WEIGHTS': [1.0, 1.0, 1.0, 1.0],
           'RPN_CLOBBER_POSITIVES': False,
           'RPN_FG_FRACTION': 0.5,
           'RPN_MIN_SIZE': 8,
           'RPN_NEGATIVE_OVERLAP': 0.3,
           'RPN_NMS_THRESH': 0.7,
           'RPN_POSITIVE_OVERLAP': 0.7,
           'RPN_POSITIVE_WEIGHT': -1.0,
           'RPN_POST_NMS_TOP_N': 2000,
           'RPN_PRE_NMS_TOP_N': 12000,
           'SCALES': [600],
           'SNAPSHOT_ITERS': 5000,
           'SNAPSHOT_KEPT': 3,
           'SNAPSHOT_PREFIX': 'res101_faster_rcnn',
           'STEPSIZE': [30000],
           'SUMMARY_INTERVAL': 180,
           'TRIM_HEIGHT': 600,
           'TRIM_WIDTH': 600,
           'TRUNCATED': False,
           'USE_ALL_GT': True,
           'USE_FLIPPED': True,
           'USE_GT': False,
           'USE_VERTICAL_FLIPPED': False,
           'WEIGHT_DECAY': 0.0001},
 'USE_GPU_NMS': True}
['voc_2007_trainval']
Loaded dataset `voc_2007_trainval` for training
Set proposal method: gt
Appending horizontally-flipped training examples...
voc_2007_trainval gt roidb loaded from /home/jason/faster-rcnn.pytorch-1.0/data/cache/voc_2007_trainval_gt_roidb.pkl
done
Preparing training data...
done
before filtering, there are 200 images...
after filtering, there are 200 images...
['voc_2007_test']
Loaded dataset `voc_2007_test` for training
Set proposal method: gt
Preparing training data...
voc_2007_test gt roidb loaded from /home/jason/faster-rcnn.pytorch-1.0/data/cache/voc_2007_test_gt_roidb.pkl
done
before filtering, there are 100 images...
after filtering, there are 100 images...
200 roidb entries
100 roidb2 entries
[session 1][epoch  1][iter    0/ 100] training loss: 14.2923,  lr: 1.00e-03
			fg/bg=(6/250), time cost: 1.776999
			rpn_cls: 1.2126, rpn_box: 1.3901, rcnn_cls: 11.6234, rcnn_box 0.0663
[session 1][epoch  1][iter   10/ 100] training loss: 12.0819,  lr: 1.00e-03
			fg/bg=(6/250), time cost: 14.179834
			rpn_cls: 0.8422, rpn_box: 1.1010, rcnn_cls: 2.4786, rcnn_box 0.0028
[session 1][epoch  1][iter   20/ 100] training loss: 5.3171,  lr: 1.00e-03
			fg/bg=(6/250), time cost: 14.213936
			rpn_cls: 0.4060, rpn_box: 0.6508, rcnn_cls: 15.3568, rcnn_box 0.0067
[session 1][epoch  1][iter   30/ 100] training loss: 3.9248,  lr: 1.00e-03
			fg/bg=(44/212), time cost: 14.286284
			rpn_cls: 0.5773, rpn_box: 0.1274, rcnn_cls: 0.8970, rcnn_box 0.3607
[session 1][epoch  1][iter   40/ 100] training loss: 2.7225,  lr: 1.00e-03
			fg/bg=(40/216), time cost: 14.163607
			rpn_cls: 0.5505, rpn_box: 0.1255, rcnn_cls: 1.0437, rcnn_box 0.3540
[session 1][epoch  1][iter   50/ 100] training loss: 1.7900,  lr: 1.00e-03
			fg/bg=(9/247), time cost: 13.134439
			rpn_cls: 0.6349, rpn_box: 0.3620, rcnn_cls: 0.2600, rcnn_box 0.0268
[session 1][epoch  1][iter   60/ 100] training loss: 2.0087,  lr: 1.00e-03
			fg/bg=(6/250), time cost: 13.283348
			rpn_cls: 0.5222, rpn_box: 0.1314, rcnn_cls: 1.0111, rcnn_box 0.0012
[session 1][epoch  1][iter   70/ 100] training loss: 1.3282,  lr: 1.00e-03
			fg/bg=(6/250), time cost: 13.688566
			rpn_cls: 0.3596, rpn_box: 0.4212, rcnn_cls: 0.5046, rcnn_box 0.0050
[session 1][epoch  1][iter   80/ 100] training loss: 1.3468,  lr: 1.00e-03
			fg/bg=(2/254), time cost: 13.550264
			rpn_cls: 0.4767, rpn_box: 0.0060, rcnn_cls: 0.1334, rcnn_box 0.0000
[session 1][epoch  1][iter   90/ 100] training loss: 2.0682,  lr: 1.00e-03
			fg/bg=(17/239), time cost: 13.352176
			rpn_cls: 0.5631, rpn_box: 0.3656, rcnn_cls: 0.7468, rcnn_box 0.1057
Epoch 1: Training loss: 0.8434, Testing loss: 2.0908
total training time: 125.629451
[session 1][epoch  2][iter    0/ 100] training loss: 1.6032,  lr: 1.00e-03
			fg/bg=(25/231), time cost: 1.721106
			rpn_cls: 0.5219, rpn_box: 0.2144, rcnn_cls: 0.6809, rcnn_box 0.1859
[session 1][epoch  2][iter   10/ 100] training loss: 1.0745,  lr: 1.00e-03
			fg/bg=(2/254), time cost: 14.194209
			rpn_cls: 0.4386, rpn_box: 0.1595, rcnn_cls: 0.2076, rcnn_box 0.0001
[session 1][epoch  2][iter   20/ 100] training loss: 0.9156,  lr: 1.00e-03
			fg/bg=(13/243), time cost: 14.056288
			rpn_cls: 0.4121, rpn_box: 0.3082, rcnn_cls: 0.3815, rcnn_box 0.0832
[session 1][epoch  2][iter   30/ 100] training loss: 1.1248,  lr: 1.00e-03
			fg/bg=(6/250), time cost: 14.222551
			rpn_cls: 0.4653, rpn_box: 0.3694, rcnn_cls: 0.2502, rcnn_box 0.0000
[session 1][epoch  2][iter   40/ 100] training loss: 1.3474,  lr: 1.00e-03
			fg/bg=(19/237), time cost: 14.073657
			rpn_cls: 0.2894, rpn_box: 0.1348, rcnn_cls: 0.4854, rcnn_box 0.1774
[session 1][epoch  2][iter   50/ 100] training loss: 1.4397,  lr: 1.00e-03
			fg/bg=(21/235), time cost: 13.106725
			rpn_cls: 0.4733, rpn_box: 0.3065, rcnn_cls: 0.5851, rcnn_box 0.1360
[session 1][epoch  2][iter   60/ 100] training loss: 1.1143,  lr: 1.00e-03
			fg/bg=(10/246), time cost: 13.493860
			rpn_cls: 0.3023, rpn_box: 0.3684, rcnn_cls: 0.2622, rcnn_box 0.0497
[session 1][epoch  2][iter   70/ 100] training loss: 1.2636,  lr: 1.00e-03
			fg/bg=(11/245), time cost: 13.441590
			rpn_cls: 0.1751, rpn_box: 0.0464, rcnn_cls: 0.3234, rcnn_box 0.1329
[session 1][epoch  2][iter   80/ 100] training loss: 1.2131,  lr: 1.00e-03
			fg/bg=(16/240), time cost: 13.693640
			rpn_cls: 0.3932, rpn_box: 0.3910, rcnn_cls: 0.4255, rcnn_box 0.0827
[session 1][epoch  2][iter   90/ 100] training loss: 1.2562,  lr: 1.00e-03
			fg/bg=(12/244), time cost: 13.430201
			rpn_cls: 0.3007, rpn_box: 0.3895, rcnn_cls: 0.3946, rcnn_box 0.0654
Epoch 2: Training loss: 0.2999, Testing loss: 0.2841
total training time: 251.063278
[session 1][epoch  3][iter    0/ 100] training loss: 1.1417,  lr: 1.00e-03
			fg/bg=(22/234), time cost: 1.797127
			rpn_cls: 0.2882, rpn_box: 0.1363, rcnn_cls: 0.5069, rcnn_box 0.2103
[session 1][epoch  3][iter   10/ 100] training loss: 1.2025,  lr: 1.00e-03
			fg/bg=(21/235), time cost: 14.208724
			rpn_cls: 0.2924, rpn_box: 0.1623, rcnn_cls: 0.5424, rcnn_box 0.2192
[session 1][epoch  3][iter   20/ 100] training loss: 1.0968,  lr: 1.00e-03
			fg/bg=(17/239), time cost: 14.123491
			rpn_cls: 0.1783, rpn_box: 0.1668, rcnn_cls: 0.5755, rcnn_box 0.1474
[session 1][epoch  3][iter   30/ 100] training loss: 1.3440,  lr: 1.00e-03
			fg/bg=(19/237), time cost: 14.115287
			rpn_cls: 0.3191, rpn_box: 0.3222, rcnn_cls: 0.6617, rcnn_box 0.1280
[session 1][epoch  3][iter   40/ 100] training loss: 1.2273,  lr: 1.00e-03
			fg/bg=(26/230), time cost: 14.139696
			rpn_cls: 0.1832, rpn_box: 0.1817, rcnn_cls: 0.6611, rcnn_box 0.2291
[session 1][epoch  3][iter   50/ 100] training loss: 1.3223,  lr: 1.00e-03
			fg/bg=(17/239), time cost: 13.603327
			rpn_cls: 0.2140, rpn_box: 0.1320, rcnn_cls: 0.3781, rcnn_box 0.1189
[session 1][epoch  3][iter   60/ 100] training loss: 1.3275,  lr: 1.00e-03
			fg/bg=(7/249), time cost: 13.433935
			rpn_cls: 0.6082, rpn_box: 0.3659, rcnn_cls: 0.2935, rcnn_box 0.0155
[session 1][epoch  3][iter   70/ 100] training loss: 1.3909,  lr: 1.00e-03
			fg/bg=(18/238), time cost: 13.358612
			rpn_cls: 0.1714, rpn_box: 0.0107, rcnn_cls: 0.4864, rcnn_box 0.1664
[session 1][epoch  3][iter   80/ 100] training loss: 1.1805,  lr: 1.00e-03
			fg/bg=(21/235), time cost: 13.575227
			rpn_cls: 0.3229, rpn_box: 0.3104, rcnn_cls: 0.5457, rcnn_box 0.1564
[session 1][epoch  3][iter   90/ 100] training loss: 1.1809,  lr: 1.00e-03
			fg/bg=(17/239), time cost: 13.578722
			rpn_cls: 0.2487, rpn_box: 0.3213, rcnn_cls: 0.5662, rcnn_box 0.1229
Epoch 3: Training loss: 0.3108, Testing loss: 0.3038
total training time: 376.997426
[session 1][epoch  4][iter    0/ 100] training loss: 1.1952,  lr: 1.00e-03
			fg/bg=(28/228), time cost: 1.708232
			rpn_cls: 0.2150, rpn_box: 0.2234, rcnn_cls: 0.5242, rcnn_box 0.2326
[session 1][epoch  4][iter   10/ 100] training loss: 1.1470,  lr: 1.00e-03
			fg/bg=(27/229), time cost: 14.294422
			rpn_cls: 0.1557, rpn_box: 0.1465, rcnn_cls: 0.4837, rcnn_box 0.2335
[session 1][epoch  4][iter   20/ 100] training loss: 1.0624,  lr: 1.00e-03
			fg/bg=(13/243), time cost: 14.089853
			rpn_cls: 0.1893, rpn_box: 0.3076, rcnn_cls: 0.3029, rcnn_box 0.0778
[session 1][epoch  4][iter   30/ 100] training loss: 1.2262,  lr: 1.00e-03
			fg/bg=(43/213), time cost: 14.131475
			rpn_cls: 0.2912, rpn_box: 0.1735, rcnn_cls: 0.7722, rcnn_box 0.4660
[session 1][epoch  4][iter   40/ 100] training loss: 1.0106,  lr: 1.00e-03
			fg/bg=(46/210), time cost: 14.126127
			rpn_cls: 0.3937, rpn_box: 0.1198, rcnn_cls: 0.8462, rcnn_box 0.5654
[session 1][epoch  4][iter   50/ 100] training loss: 1.1375,  lr: 1.00e-03
			fg/bg=(12/244), time cost: 13.248394
			rpn_cls: 0.1430, rpn_box: 0.0019, rcnn_cls: 0.2610, rcnn_box 0.0845
[session 1][epoch  4][iter   60/ 100] training loss: 0.9605,  lr: 1.00e-03
			fg/bg=(22/234), time cost: 13.599304
			rpn_cls: 0.2455, rpn_box: 0.3560, rcnn_cls: 0.4698, rcnn_box 0.1548
[session 1][epoch  4][iter   70/ 100] training loss: 1.1581,  lr: 1.00e-03
			fg/bg=(12/244), time cost: 13.272029
			rpn_cls: 0.2611, rpn_box: 0.3630, rcnn_cls: 0.3312, rcnn_box 0.0612
[session 1][epoch  4][iter   80/ 100] training loss: 1.0744,  lr: 1.00e-03
			fg/bg=(27/229), time cost: 13.465760
			rpn_cls: 0.2542, rpn_box: 0.1177, rcnn_cls: 0.6418, rcnn_box 0.2081
[session 1][epoch  4][iter   90/ 100] training loss: 1.2625,  lr: 1.00e-03
			fg/bg=(16/240), time cost: 13.280856
			rpn_cls: 0.1985, rpn_box: 0.1450, rcnn_cls: 0.3752, rcnn_box 0.0659
Epoch 4: Training loss: 0.2823, Testing loss: 0.2634
total training time: 502.213879
[session 1][epoch  5][iter    0/ 100] training loss: 0.7875,  lr: 1.00e-03
			fg/bg=(10/246), time cost: 1.712116
			rpn_cls: 0.2339, rpn_box: 0.2763, rcnn_cls: 0.2293, rcnn_box 0.0480
[session 1][epoch  5][iter   10/ 100] training loss: 1.2289,  lr: 1.00e-03
			fg/bg=(38/218), time cost: 14.162246
			rpn_cls: 0.3058, rpn_box: 0.0755, rcnn_cls: 0.6969, rcnn_box 0.4571
[session 1][epoch  5][iter   20/ 100] training loss: 1.0412,  lr: 1.00e-03
			fg/bg=(6/250), time cost: 14.091006
			rpn_cls: 0.1698, rpn_box: 0.7035, rcnn_cls: 0.1526, rcnn_box 0.0001
[session 1][epoch  5][iter   30/ 100] training loss: 1.0315,  lr: 1.00e-03
			fg/bg=(15/241), time cost: 14.124327
			rpn_cls: 0.2210, rpn_box: 0.3533, rcnn_cls: 0.3960, rcnn_box 0.0972
[session 1][epoch  5][iter   40/ 100] training loss: 0.9753,  lr: 1.00e-03
			fg/bg=(24/232), time cost: 14.263773
			rpn_cls: 0.1950, rpn_box: 0.3175, rcnn_cls: 0.4485, rcnn_box 0.1771
[session 1][epoch  5][iter   50/ 100] training loss: 1.0539,  lr: 1.00e-03
			fg/bg=(16/240), time cost: 13.145888
			rpn_cls: 0.2163, rpn_box: 0.4864, rcnn_cls: 0.3131, rcnn_box 0.1042
[session 1][epoch  5][iter   60/ 100] training loss: 0.9185,  lr: 1.00e-03
			fg/bg=(37/219), time cost: 13.661388
			rpn_cls: 0.3776, rpn_box: 0.1571, rcnn_cls: 0.5647, rcnn_box 0.3335
[session 1][epoch  5][iter   70/ 100] training loss: 1.1171,  lr: 1.00e-03
			fg/bg=(21/235), time cost: 13.326707
			rpn_cls: 0.1581, rpn_box: 0.2308, rcnn_cls: 0.3660, rcnn_box 0.1236
[session 1][epoch  5][iter   80/ 100] training loss: 1.2204,  lr: 1.00e-03
			fg/bg=(34/222), time cost: 13.468214
			rpn_cls: 0.2495, rpn_box: 0.1362, rcnn_cls: 0.4984, rcnn_box 0.3274
[session 1][epoch  5][iter   90/ 100] training loss: 1.1338,  lr: 1.00e-03
			fg/bg=(31/225), time cost: 13.618283
			rpn_cls: 0.2756, rpn_box: 0.1082, rcnn_cls: 0.5021, rcnn_box 0.2573
Epoch 5: Training loss: 0.2653, Testing loss: 0.2618
total training time: 627.787827
[session 1][epoch  6][iter    0/ 100] training loss: 0.8090,  lr: 1.00e-04
			fg/bg=(15/241), time cost: 1.775484
			rpn_cls: 0.1174, rpn_box: 0.3057, rcnn_cls: 0.3072, rcnn_box 0.0787
[session 1][epoch  6][iter   10/ 100] training loss: 1.0535,  lr: 1.00e-04
			fg/bg=(44/212), time cost: 13.974962
			rpn_cls: 0.5609, rpn_box: 0.1735, rcnn_cls: 0.8037, rcnn_box 0.3585
[session 1][epoch  6][iter   20/ 100] training loss: 0.9003,  lr: 1.00e-04
			fg/bg=(31/225), time cost: 14.150228
			rpn_cls: 0.1854, rpn_box: 0.2674, rcnn_cls: 0.5431, rcnn_box 0.2178
[session 1][epoch  6][iter   30/ 100] training loss: 1.1013,  lr: 1.00e-04
			fg/bg=(14/242), time cost: 14.145247
			rpn_cls: 0.2961, rpn_box: 0.4687, rcnn_cls: 0.2878, rcnn_box 0.0880
[session 1][epoch  6][iter   40/ 100] training loss: 0.8840,  lr: 1.00e-04
			fg/bg=(20/236), time cost: 14.214873
			rpn_cls: 0.2312, rpn_box: 0.3236, rcnn_cls: 0.3351, rcnn_box 0.1419
[session 1][epoch  6][iter   50/ 100] training loss: 0.9065,  lr: 1.00e-04
			fg/bg=(35/221), time cost: 13.580573
			rpn_cls: 0.2478, rpn_box: 0.1721, rcnn_cls: 0.5856, rcnn_box 0.3099
[session 1][epoch  6][iter   60/ 100] training loss: 1.0034,  lr: 1.00e-04
			fg/bg=(23/233), time cost: 13.415976
			rpn_cls: 0.1215, rpn_box: 0.1578, rcnn_cls: 0.4837, rcnn_box 0.2349
[session 1][epoch  6][iter   70/ 100] training loss: 1.0643,  lr: 1.00e-04
			fg/bg=(24/232), time cost: 13.542948
			rpn_cls: 0.1775, rpn_box: 0.2186, rcnn_cls: 0.4305, rcnn_box 0.2225
[session 1][epoch  6][iter   80/ 100] training loss: 1.1229,  lr: 1.00e-04
			fg/bg=(36/220), time cost: 13.523746
			rpn_cls: 0.3568, rpn_box: 0.2438, rcnn_cls: 0.5264, rcnn_box 0.2402
[session 1][epoch  6][iter   90/ 100] training loss: 1.0570,  lr: 1.00e-04
			fg/bg=(48/208), time cost: 13.711181
			rpn_cls: 0.3452, rpn_box: 0.1272, rcnn_cls: 0.7442, rcnn_box 0.5353
Epoch 6: Training loss: 0.2548, Testing loss: 0.2557
total training time: 753.823045
[session 1][epoch  7][iter    0/ 100] training loss: 1.1481,  lr: 1.00e-04
			fg/bg=(25/231), time cost: 1.770978
			rpn_cls: 0.2452, rpn_box: 0.1901, rcnn_cls: 0.4877, rcnn_box 0.2251
[session 1][epoch  7][iter   10/ 100] training loss: 1.1157,  lr: 1.00e-04
			fg/bg=(19/237), time cost: 14.127527
			rpn_cls: 0.0960, rpn_box: 0.1167, rcnn_cls: 0.3806, rcnn_box 0.2304
[session 1][epoch  7][iter   20/ 100] training loss: 0.9639,  lr: 1.00e-04
			fg/bg=(23/233), time cost: 14.314477
			rpn_cls: 0.2335, rpn_box: 0.3867, rcnn_cls: 0.4561, rcnn_box 0.1891
[session 1][epoch  7][iter   30/ 100] training loss: 1.1207,  lr: 1.00e-04
			fg/bg=(19/237), time cost: 14.208087
			rpn_cls: 0.1431, rpn_box: 0.1681, rcnn_cls: 0.3274, rcnn_box 0.1834
[session 1][epoch  7][iter   40/ 100] training loss: 1.0198,  lr: 1.00e-04
			fg/bg=(45/211), time cost: 14.138375
			rpn_cls: 0.2207, rpn_box: 0.1432, rcnn_cls: 0.6023, rcnn_box 0.3740
[session 1][epoch  7][iter   50/ 100] training loss: 0.8968,  lr: 1.00e-04
			fg/bg=(14/242), time cost: 13.078586
			rpn_cls: 0.2869, rpn_box: 0.4723, rcnn_cls: 0.2681, rcnn_box 0.0863
[session 1][epoch  7][iter   60/ 100] training loss: 0.9886,  lr: 1.00e-04
			fg/bg=(37/219), time cost: 13.409671
			rpn_cls: 0.1746, rpn_box: 0.0037, rcnn_cls: 0.5056, rcnn_box 0.3586
[session 1][epoch  7][iter   70/ 100] training loss: 1.0018,  lr: 1.00e-04
			fg/bg=(16/240), time cost: 13.342382
			rpn_cls: 0.2239, rpn_box: 0.3573, rcnn_cls: 0.3604, rcnn_box 0.1135
[session 1][epoch  7][iter   80/ 100] training loss: 0.9363,  lr: 1.00e-04
			fg/bg=(31/225), time cost: 13.773013
			rpn_cls: 0.1517, rpn_box: 0.0828, rcnn_cls: 0.5774, rcnn_box 0.2907
[session 1][epoch  7][iter   90/ 100] training loss: 0.9494,  lr: 1.00e-04
			fg/bg=(21/235), time cost: 13.407944
			rpn_cls: 0.1755, rpn_box: 0.2910, rcnn_cls: 0.3654, rcnn_box 0.1740
Epoch 7: Training loss: 0.2506, Testing loss: 0.2507
total training time: 879.394086
[session 1][epoch  8][iter    0/ 100] training loss: 0.7479,  lr: 1.00e-04
			fg/bg=(14/242), time cost: 1.709523
			rpn_cls: 0.1346, rpn_box: 0.2865, rcnn_cls: 0.2321, rcnn_box 0.0947
[session 1][epoch  8][iter   10/ 100] training loss: 1.0192,  lr: 1.00e-04
			fg/bg=(26/230), time cost: 14.213861
			rpn_cls: 0.3145, rpn_box: 0.2997, rcnn_cls: 0.4373, rcnn_box 0.1593
[session 1][epoch  8][iter   20/ 100] training loss: 0.9697,  lr: 1.00e-04
			fg/bg=(20/236), time cost: 14.171000
			rpn_cls: 0.1741, rpn_box: 0.0076, rcnn_cls: 0.4173, rcnn_box 0.1947
[session 1][epoch  8][iter   30/ 100] training loss: 1.0848,  lr: 1.00e-04
			fg/bg=(15/241), time cost: 14.149459
			rpn_cls: 0.1336, rpn_box: 0.1558, rcnn_cls: 0.2669, rcnn_box 0.0779
[session 1][epoch  8][iter   40/ 100] training loss: 0.9661,  lr: 1.00e-04
			fg/bg=(21/235), time cost: 14.236578
			rpn_cls: 0.1495, rpn_box: 0.1681, rcnn_cls: 0.3842, rcnn_box 0.2065
[session 1][epoch  8][iter   50/ 100] training loss: 0.9068,  lr: 1.00e-04
			fg/bg=(17/239), time cost: 13.038527
			rpn_cls: 0.0690, rpn_box: 0.0111, rcnn_cls: 0.3973, rcnn_box 0.1360
[session 1][epoch  8][iter   60/ 100] training loss: 0.9182,  lr: 1.00e-04
			fg/bg=(2/254), time cost: 13.507595
			rpn_cls: 0.3495, rpn_box: 0.1463, rcnn_cls: 0.1062, rcnn_box 0.0003
[session 1][epoch  8][iter   70/ 100] training loss: 0.8212,  lr: 1.00e-04
			fg/bg=(17/239), time cost: 13.609399
			rpn_cls: 0.1429, rpn_box: 0.2750, rcnn_cls: 0.3260, rcnn_box 0.1085
[session 1][epoch  8][iter   80/ 100] training loss: 1.0232,  lr: 1.00e-04
			fg/bg=(38/218), time cost: 13.495755
			rpn_cls: 0.1701, rpn_box: 0.0037, rcnn_cls: 0.4990, rcnn_box 0.3400
[session 1][epoch  8][iter   90/ 100] training loss: 1.0397,  lr: 1.00e-04
			fg/bg=(37/219), time cost: 13.500015
			rpn_cls: 0.2119, rpn_box: 0.1127, rcnn_cls: 0.6831, rcnn_box 0.3119
Epoch 8: Training loss: 0.2479, Testing loss: 0.2527
total training time: 1005.025798
[session 1][epoch  9][iter    0/ 100] training loss: 0.5522,  lr: 1.00e-04
			fg/bg=(15/241), time cost: 1.840743
			rpn_cls: 0.0762, rpn_box: 0.0106, rcnn_cls: 0.3517, rcnn_box 0.1136
[session 1][epoch  9][iter   10/ 100] training loss: 0.8578,  lr: 1.00e-04
			fg/bg=(24/232), time cost: 14.128065
			rpn_cls: 0.1626, rpn_box: 0.0038, rcnn_cls: 0.3328, rcnn_box 0.2115
[session 1][epoch  9][iter   20/ 100] training loss: 0.9111,  lr: 1.00e-04
			fg/bg=(16/240), time cost: 14.067330
			rpn_cls: 0.1850, rpn_box: 0.3347, rcnn_cls: 0.3009, rcnn_box 0.1279
[session 1][epoch  9][iter   30/ 100] training loss: 1.0697,  lr: 1.00e-04
			fg/bg=(31/225), time cost: 14.095047
			rpn_cls: 0.1454, rpn_box: 0.2124, rcnn_cls: 0.5092, rcnn_box 0.2501
[session 1][epoch  9][iter   40/ 100] training loss: 0.9456,  lr: 1.00e-04
			fg/bg=(17/239), time cost: 14.256532
			rpn_cls: 0.0785, rpn_box: 0.0131, rcnn_cls: 0.3950, rcnn_box 0.1411
[session 1][epoch  9][iter   50/ 100] training loss: 1.0610,  lr: 1.00e-04
			fg/bg=(23/233), time cost: 13.104230
			rpn_cls: 0.1027, rpn_box: 0.1798, rcnn_cls: 0.3492, rcnn_box 0.2015
[session 1][epoch  9][iter   60/ 100] training loss: 1.0230,  lr: 1.00e-04
			fg/bg=(18/238), time cost: 13.220739
			rpn_cls: 0.1513, rpn_box: 0.2695, rcnn_cls: 0.3312, rcnn_box 0.1331
[session 1][epoch  9][iter   70/ 100] training loss: 1.0003,  lr: 1.00e-04
			fg/bg=(43/213), time cost: 13.627193
			rpn_cls: 0.2881, rpn_box: 0.1001, rcnn_cls: 0.6344, rcnn_box 0.3835
[session 1][epoch  9][iter   80/ 100] training loss: 1.0061,  lr: 1.00e-04
			fg/bg=(30/226), time cost: 13.430838
			rpn_cls: 0.1824, rpn_box: 0.3515, rcnn_cls: 0.5428, rcnn_box 0.2504
[session 1][epoch  9][iter   90/ 100] training loss: 0.9720,  lr: 1.00e-04
			fg/bg=(14/242), time cost: 13.458541
			rpn_cls: 0.3416, rpn_box: 0.4540, rcnn_cls: 0.2843, rcnn_box 0.0901
Epoch 9: Training loss: 0.2456, Testing loss: 0.2520
total training time: 1130.255055
[session 1][epoch 10][iter    0/ 100] training loss: 1.0277,  lr: 1.00e-04
			fg/bg=(15/241), time cost: 1.752234
			rpn_cls: 0.2016, rpn_box: 0.3507, rcnn_cls: 0.3626, rcnn_box 0.1128
[session 1][epoch 10][iter   10/ 100] training loss: 0.8851,  lr: 1.00e-04
			fg/bg=(2/254), time cost: 14.272970
			rpn_cls: 0.3250, rpn_box: 0.1547, rcnn_cls: 0.1093, rcnn_box 0.0003
[session 1][epoch 10][iter   20/ 100] training loss: 0.9584,  lr: 1.00e-04
			fg/bg=(35/221), time cost: 14.098182
			rpn_cls: 0.1594, rpn_box: 0.0036, rcnn_cls: 0.4129, rcnn_box 0.3123
[session 1][epoch 10][iter   30/ 100] training loss: 0.9018,  lr: 1.00e-04
			fg/bg=(15/241), time cost: 14.060061
			rpn_cls: 0.1293, rpn_box: 0.2383, rcnn_cls: 0.2767, rcnn_box 0.0895
[session 1][epoch 10][iter   40/ 100] training loss: 0.9123,  lr: 1.00e-04
			fg/bg=(19/237), time cost: 14.159269
			rpn_cls: 0.1876, rpn_box: 0.2919, rcnn_cls: 0.2955, rcnn_box 0.1003
[session 1][epoch 10][iter   50/ 100] training loss: 1.1009,  lr: 1.00e-04
			fg/bg=(27/229), time cost: 13.425667
			rpn_cls: 0.0984, rpn_box: 0.1295, rcnn_cls: 0.4439, rcnn_box 0.2208
[session 1][epoch 10][iter   60/ 100] training loss: 1.0951,  lr: 1.00e-04
			fg/bg=(19/237), time cost: 13.357452
			rpn_cls: 0.1339, rpn_box: 0.1683, rcnn_cls: 0.3210, rcnn_box 0.1699
[session 1][epoch 10][iter   70/ 100] training loss: 0.9167,  lr: 1.00e-04
			fg/bg=(14/242), time cost: 13.642059
			rpn_cls: 0.2125, rpn_box: 0.3268, rcnn_cls: 0.2772, rcnn_box 0.0846
[session 1][epoch 10][iter   80/ 100] training loss: 0.9071,  lr: 1.00e-04
			fg/bg=(38/218), time cost: 13.489600
			rpn_cls: 0.2056, rpn_box: 0.1137, rcnn_cls: 0.7908, rcnn_box 0.3081
[session 1][epoch 10][iter   90/ 100] training loss: 0.9366,  lr: 1.00e-04
			fg/bg=(15/241), time cost: 13.244254
			rpn_cls: 0.1351, rpn_box: 0.1324, rcnn_cls: 0.3547, rcnn_box 0.1351
Epoch 10: Training loss: 0.2417, Testing loss: 0.2475
total training time: 1255.756804
[session 1][epoch 11][iter    0/ 100] training loss: 0.6561,  lr: 1.00e-04
			fg/bg=(17/239), time cost: 1.827260
			rpn_cls: 0.0788, rpn_box: 0.0138, rcnn_cls: 0.4216, rcnn_box 0.1418
[session 1][epoch 11][iter   10/ 100] training loss: 0.9787,  lr: 1.00e-04
			fg/bg=(37/219), time cost: 14.142015
			rpn_cls: 0.1947, rpn_box: 0.2712, rcnn_cls: 0.5913, rcnn_box 0.2700
[session 1][epoch 11][iter   20/ 100] training loss: 1.0722,  lr: 1.00e-04
			fg/bg=(34/222), time cost: 14.072444
			rpn_cls: 0.2078, rpn_box: 0.0844, rcnn_cls: 0.5499, rcnn_box 0.4050
[session 1][epoch 11][iter   30/ 100] training loss: 1.0847,  lr: 1.00e-04
			fg/bg=(19/237), time cost: 14.128674
			rpn_cls: 0.2432, rpn_box: 0.3471, rcnn_cls: 0.3601, rcnn_box 0.1488
[session 1][epoch 11][iter   40/ 100] training loss: 1.0382,  lr: 1.00e-04
			fg/bg=(26/230), time cost: 13.970378
			rpn_cls: 0.1494, rpn_box: 0.0040, rcnn_cls: 0.3374, rcnn_box 0.2340
[session 1][epoch 11][iter   50/ 100] training loss: 0.8998,  lr: 1.00e-04
			fg/bg=(29/227), time cost: 13.604441
			rpn_cls: 0.1356, rpn_box: 0.2045, rcnn_cls: 0.5010, rcnn_box 0.1950
[session 1][epoch 11][iter   60/ 100] training loss: 0.9705,  lr: 1.00e-04
			fg/bg=(46/210), time cost: 13.560443
			rpn_cls: 0.3229, rpn_box: 0.1308, rcnn_cls: 0.6669, rcnn_box 0.5199
[session 1][epoch 11][iter   70/ 100] training loss: 0.9257,  lr: 1.00e-04
			fg/bg=(32/224), time cost: 13.466306
			rpn_cls: 0.1558, rpn_box: 0.2310, rcnn_cls: 0.4669, rcnn_box 0.2666
[session 1][epoch 11][iter   80/ 100] training loss: 0.9170,  lr: 1.00e-04
			fg/bg=(48/208), time cost: 13.599500
			rpn_cls: 0.2431, rpn_box: 0.1432, rcnn_cls: 0.6137, rcnn_box 0.4377
[session 1][epoch 11][iter   90/ 100] training loss: 0.9363,  lr: 1.00e-04
			fg/bg=(10/246), time cost: 13.584729
			rpn_cls: 0.1082, rpn_box: 0.0017, rcnn_cls: 0.1812, rcnn_box 0.0633
Epoch 11: Training loss: 0.2418, Testing loss: 0.2499
total training time: 1381.712993
[session 1][epoch 12][iter    0/ 100] training loss: 1.0073,  lr: 1.00e-05
			fg/bg=(19/237), time cost: 1.753881
			rpn_cls: 0.1684, rpn_box: 0.3535, rcnn_cls: 0.3362, rcnn_box 0.1492
[session 1][epoch 12][iter   10/ 100] training loss: 0.9601,  lr: 1.00e-05
			fg/bg=(32/224), time cost: 14.027082
			rpn_cls: 0.2054, rpn_box: 0.2726, rcnn_cls: 0.5197, rcnn_box 0.2257
[session 1][epoch 12][iter   20/ 100] training loss: 1.1511,  lr: 1.00e-05
			fg/bg=(22/234), time cost: 14.214993
			rpn_cls: 0.1136, rpn_box: 0.3173, rcnn_cls: 0.3899, rcnn_box 0.1531
[session 1][epoch 12][iter   30/ 100] training loss: 1.0471,  lr: 1.00e-05
			fg/bg=(34/222), time cost: 14.215913
			rpn_cls: 0.1895, rpn_box: 0.3271, rcnn_cls: 0.5039, rcnn_box 0.2883
[session 1][epoch 12][iter   40/ 100] training loss: 0.8586,  lr: 1.00e-05
			fg/bg=(31/225), time cost: 14.097836
			rpn_cls: 0.2485, rpn_box: 0.1688, rcnn_cls: 0.4928, rcnn_box 0.2439
[session 1][epoch 12][iter   50/ 100] training loss: 0.8553,  lr: 1.00e-05
			fg/bg=(21/235), time cost: 13.474670
			rpn_cls: 0.2480, rpn_box: 0.1885, rcnn_cls: 0.4052, rcnn_box 0.1569
[session 1][epoch 12][iter   60/ 100] training loss: 0.9556,  lr: 1.00e-05
			fg/bg=(18/238), time cost: 13.600802
			rpn_cls: 0.2752, rpn_box: 0.2959, rcnn_cls: 0.2817, rcnn_box 0.0967
[session 1][epoch 12][iter   70/ 100] training loss: 1.1164,  lr: 1.00e-05
			fg/bg=(27/229), time cost: 13.577664
			rpn_cls: 0.1484, rpn_box: 0.1772, rcnn_cls: 0.5471, rcnn_box 0.2178
[session 1][epoch 12][iter   80/ 100] training loss: 0.9506,  lr: 1.00e-05
			fg/bg=(18/238), time cost: 13.470403
			rpn_cls: 0.1356, rpn_box: 0.3133, rcnn_cls: 0.3145, rcnn_box 0.1458
[session 1][epoch 12][iter   90/ 100] training loss: 0.8682,  lr: 1.00e-05
			fg/bg=(6/250), time cost: 13.782286
			rpn_cls: 0.1064, rpn_box: 0.2732, rcnn_cls: 0.1416, rcnn_box 0.0002
Epoch 12: Training loss: 0.2423, Testing loss: 0.2474
total training time: 1507.928524
[session 1][epoch 13][iter    0/ 100] training loss: 0.3557,  lr: 1.00e-05
			fg/bg=(10/246), time cost: 1.865346
			rpn_cls: 0.1042, rpn_box: 0.0017, rcnn_cls: 0.1879, rcnn_box 0.0619
[session 1][epoch 13][iter   10/ 100] training loss: 0.9930,  lr: 1.00e-05
			fg/bg=(21/235), time cost: 14.112388
			rpn_cls: 0.1111, rpn_box: 0.3143, rcnn_cls: 0.3535, rcnn_box 0.1393
[session 1][epoch 13][iter   20/ 100] training loss: 0.8755,  lr: 1.00e-05
			fg/bg=(34/222), time cost: 14.093263
			rpn_cls: 0.2028, rpn_box: 0.2284, rcnn_cls: 0.4768, rcnn_box 0.2824
[session 1][epoch 13][iter   30/ 100] training loss: 0.9738,  lr: 1.00e-05
			fg/bg=(40/216), time cost: 14.093686
			rpn_cls: 0.3064, rpn_box: 0.1319, rcnn_cls: 0.4992, rcnn_box 0.3145
[session 1][epoch 13][iter   40/ 100] training loss: 1.0413,  lr: 1.00e-05
			fg/bg=(35/221), time cost: 14.200465
			rpn_cls: 0.2093, rpn_box: 0.3272, rcnn_cls: 0.5285, rcnn_box 0.2969
[session 1][epoch 13][iter   50/ 100] training loss: 0.8741,  lr: 1.00e-05
			fg/bg=(22/234), time cost: 12.999588
			rpn_cls: 0.0950, rpn_box: 0.1625, rcnn_cls: 0.3957, rcnn_box 0.2002
[session 1][epoch 13][iter   60/ 100] training loss: 0.9682,  lr: 1.00e-05
			fg/bg=(28/228), time cost: 13.553211
			rpn_cls: 0.1596, rpn_box: 0.1769, rcnn_cls: 0.5648, rcnn_box 0.2281
[session 1][epoch 13][iter   70/ 100] training loss: 0.8718,  lr: 1.00e-05
			fg/bg=(17/239), time cost: 13.615414
			rpn_cls: 0.0619, rpn_box: 0.0109, rcnn_cls: 0.4143, rcnn_box 0.1362
[session 1][epoch 13][iter   80/ 100] training loss: 1.0547,  lr: 1.00e-05
			fg/bg=(28/228), time cost: 13.487360
			rpn_cls: 0.1752, rpn_box: 0.3510, rcnn_cls: 0.4661, rcnn_box 0.2338
[session 1][epoch 13][iter   90/ 100] training loss: 1.0856,  lr: 1.00e-05
			fg/bg=(20/236), time cost: 13.487203
			rpn_cls: 0.1698, rpn_box: 0.2869, rcnn_cls: 0.3032, rcnn_box 0.1176
Epoch 13: Training loss: 0.2415, Testing loss: 0.2478
total training time: 1633.436447
[session 1][epoch 14][iter    0/ 100] training loss: 1.0505,  lr: 1.00e-05
			fg/bg=(32/224), time cost: 1.720255
			rpn_cls: 0.2526, rpn_box: 0.0889, rcnn_cls: 0.4667, rcnn_box 0.2423
[session 1][epoch 14][iter   10/ 100] training loss: 1.0928,  lr: 1.00e-05
			fg/bg=(41/215), time cost: 13.998887
			rpn_cls: 0.4557, rpn_box: 0.2594, rcnn_cls: 0.5099, rcnn_box 0.3119
[session 1][epoch 14][iter   20/ 100] training loss: 0.9810,  lr: 1.00e-05
			fg/bg=(19/237), time cost: 14.127845
			rpn_cls: 0.1389, rpn_box: 0.2881, rcnn_cls: 0.3260, rcnn_box 0.1623
[session 1][epoch 14][iter   30/ 100] training loss: 0.9250,  lr: 1.00e-05
			fg/bg=(36/220), time cost: 14.113624
			rpn_cls: 0.2112, rpn_box: 0.1123, rcnn_cls: 0.6493, rcnn_box 0.2904
[session 1][epoch 14][iter   40/ 100] training loss: 0.9155,  lr: 1.00e-05
			fg/bg=(27/229), time cost: 14.291044
			rpn_cls: 0.1357, rpn_box: 0.2087, rcnn_cls: 0.4627, rcnn_box 0.1582
[session 1][epoch 14][iter   50/ 100] training loss: 1.1262,  lr: 1.00e-05
			fg/bg=(45/211), time cost: 13.121992
			rpn_cls: 0.3021, rpn_box: 0.1307, rcnn_cls: 0.6851, rcnn_box 0.5077
[session 1][epoch 14][iter   60/ 100] training loss: 0.9604,  lr: 1.00e-05
			fg/bg=(22/234), time cost: 13.710934
			rpn_cls: 0.2346, rpn_box: 0.3214, rcnn_cls: 0.3829, rcnn_box 0.1661
[session 1][epoch 14][iter   70/ 100] training loss: 0.8720,  lr: 1.00e-05
			fg/bg=(14/242), time cost: 13.725365
			rpn_cls: 0.2649, rpn_box: 0.4706, rcnn_cls: 0.2817, rcnn_box 0.0724
[session 1][epoch 14][iter   80/ 100] training loss: 0.9381,  lr: 1.00e-05
			fg/bg=(13/243), time cost: 13.378312
			rpn_cls: 0.1674, rpn_box: 0.3371, rcnn_cls: 0.2569, rcnn_box 0.0508
[session 1][epoch 14][iter   90/ 100] training loss: 0.9527,  lr: 1.00e-05
			fg/bg=(18/238), time cost: 13.136116
			rpn_cls: 0.1425, rpn_box: 0.3124, rcnn_cls: 0.3132, rcnn_box 0.1414
Epoch 14: Training loss: 0.2414, Testing loss: 0.2475
total training time: 1758.760822
[session 1][epoch 15][iter    0/ 100] training loss: 0.8851,  lr: 1.00e-05
			fg/bg=(24/232), time cost: 1.848813
			rpn_cls: 0.1790, rpn_box: 0.0077, rcnn_cls: 0.4581, rcnn_box 0.2404
[session 1][epoch 15][iter   10/ 100] training loss: 0.9673,  lr: 1.00e-05
			fg/bg=(45/211), time cost: 14.126613
			rpn_cls: 0.2164, rpn_box: 0.1411, rcnn_cls: 0.5674, rcnn_box 0.3750
[session 1][epoch 15][iter   20/ 100] training loss: 0.9625,  lr: 1.00e-05
			fg/bg=(25/231), time cost: 14.281339
			rpn_cls: 0.1672, rpn_box: 0.2128, rcnn_cls: 0.4441, rcnn_box 0.2138
[session 1][epoch 15][iter   30/ 100] training loss: 0.9549,  lr: 1.00e-05
			fg/bg=(41/215), time cost: 14.244423
			rpn_cls: 0.2321, rpn_box: 0.0812, rcnn_cls: 0.6059, rcnn_box 0.2595
[session 1][epoch 15][iter   40/ 100] training loss: 0.9826,  lr: 1.00e-05
			fg/bg=(34/222), time cost: 14.152134
			rpn_cls: 0.2007, rpn_box: 0.3274, rcnn_cls: 0.5162, rcnn_box 0.2856
[session 1][epoch 15][iter   50/ 100] training loss: 0.9791,  lr: 1.00e-05
			fg/bg=(10/246), time cost: 13.091873
			rpn_cls: 0.1083, rpn_box: 0.0017, rcnn_cls: 0.1891, rcnn_box 0.0682
[session 1][epoch 15][iter   60/ 100] training loss: 0.9997,  lr: 1.00e-05
			fg/bg=(14/242), time cost: 13.135413
			rpn_cls: 0.1635, rpn_box: 0.2774, rcnn_cls: 0.2926, rcnn_box 0.0763
[session 1][epoch 15][iter   70/ 100] training loss: 0.9191,  lr: 1.00e-05
			fg/bg=(6/250), time cost: 13.535896
			rpn_cls: 0.1140, rpn_box: 0.2737, rcnn_cls: 0.1468, rcnn_box 0.0002
[session 1][epoch 15][iter   80/ 100] training loss: 0.9264,  lr: 1.00e-05
			fg/bg=(11/245), time cost: 13.432614
			rpn_cls: 0.1079, rpn_box: 0.3195, rcnn_cls: 0.2078, rcnn_box 0.0511
[session 1][epoch 15][iter   90/ 100] training loss: 0.8863,  lr: 1.00e-05
			fg/bg=(13/243), time cost: 13.576896
			rpn_cls: 0.1624, rpn_box: 0.3372, rcnn_cls: 0.2521, rcnn_box 0.0506
Epoch 15: Training loss: 0.2408, Testing loss: 0.2467
total training time: 1884.186836
[session 1][epoch 16][iter    0/ 100] training loss: 0.7826,  lr: 1.00e-05
			fg/bg=(22/234), time cost: 1.765252
			rpn_cls: 0.1573, rpn_box: 0.1270, rcnn_cls: 0.3209, rcnn_box 0.1774
[session 1][epoch 16][iter   10/ 100] training loss: 0.8505,  lr: 1.00e-05
			fg/bg=(17/239), time cost: 14.264345
			rpn_cls: 0.2550, rpn_box: 0.2954, rcnn_cls: 0.2605, rcnn_box 0.0857
[session 1][epoch 16][iter   20/ 100] training loss: 0.9303,  lr: 1.00e-05
			fg/bg=(17/239), time cost: 14.099908
			rpn_cls: 0.1945, rpn_box: 0.3492, rcnn_cls: 0.3776, rcnn_box 0.1160
[session 1][epoch 16][iter   30/ 100] training loss: 1.0851,  lr: 1.00e-05
			fg/bg=(32/224), time cost: 14.184901
			rpn_cls: 0.2212, rpn_box: 0.1705, rcnn_cls: 0.5321, rcnn_box 0.2768
[session 1][epoch 16][iter   40/ 100] training loss: 0.9665,  lr: 1.00e-05
			fg/bg=(32/224), time cost: 14.143167
			rpn_cls: 0.2381, rpn_box: 0.0889, rcnn_cls: 0.4665, rcnn_box 0.2430
[session 1][epoch 16][iter   50/ 100] training loss: 0.8961,  lr: 1.00e-05
			fg/bg=(44/212), time cost: 12.976818
			rpn_cls: 0.3076, rpn_box: 0.1298, rcnn_cls: 0.6643, rcnn_box 0.4968
[session 1][epoch 16][iter   60/ 100] training loss: 1.0197,  lr: 1.00e-05
			fg/bg=(41/215), time cost: 13.517687
			rpn_cls: 0.3084, rpn_box: 0.1316, rcnn_cls: 0.5220, rcnn_box 0.3300
[session 1][epoch 16][iter   70/ 100] training loss: 1.0043,  lr: 1.00e-05
			fg/bg=(24/232), time cost: 13.580114
			rpn_cls: 0.1807, rpn_box: 0.0807, rcnn_cls: 0.4120, rcnn_box 0.1978
[session 1][epoch 16][iter   80/ 100] training loss: 0.9797,  lr: 1.00e-05
			fg/bg=(17/239), time cost: 13.470329
			rpn_cls: 0.2083, rpn_box: 0.5236, rcnn_cls: 0.3517, rcnn_box 0.1018
[session 1][epoch 16][iter   90/ 100] training loss: 1.0137,  lr: 1.00e-05
			fg/bg=(26/230), time cost: 13.391784
			rpn_cls: 0.2986, rpn_box: 0.2966, rcnn_cls: 0.4047, rcnn_box 0.1647
Epoch 16: Training loss: 0.2410, Testing loss: 0.2479
total training time: 2009.581141
[session 1][epoch 17][iter    0/ 100] training loss: 0.8152,  lr: 1.00e-05
			fg/bg=(24/232), time cost: 1.714075
			rpn_cls: 0.0771, rpn_box: 0.1780, rcnn_cls: 0.3743, rcnn_box 0.1857
[session 1][epoch 17][iter   10/ 100] training loss: 1.0836,  lr: 1.00e-05
			fg/bg=(32/224), time cost: 14.156394
			rpn_cls: 0.2417, rpn_box: 0.0888, rcnn_cls: 0.4754, rcnn_box 0.2416
[session 1][epoch 17][iter   20/ 100] training loss: 0.9271,  lr: 1.00e-05
			fg/bg=(14/242), time cost: 14.106614
			rpn_cls: 0.1691, rpn_box: 0.3330, rcnn_cls: 0.2503, rcnn_box 0.0975
[session 1][epoch 17][iter   30/ 100] training loss: 0.9827,  lr: 1.00e-05
			fg/bg=(18/238), time cost: 14.259639
			rpn_cls: 0.1550, rpn_box: 0.2034, rcnn_cls: 0.3404, rcnn_box 0.1390
[session 1][epoch 17][iter   40/ 100] training loss: 0.8905,  lr: 1.00e-05
			fg/bg=(10/246), time cost: 14.163801
			rpn_cls: 0.1357, rpn_box: 0.0429, rcnn_cls: 0.2114, rcnn_box 0.1049
[session 1][epoch 17][iter   50/ 100] training loss: 0.9144,  lr: 1.00e-05
			fg/bg=(14/242), time cost: 13.062426
			rpn_cls: 0.2609, rpn_box: 0.3902, rcnn_cls: 0.2675, rcnn_box 0.0490
[session 1][epoch 17][iter   60/ 100] training loss: 0.9255,  lr: 1.00e-05
			fg/bg=(10/246), time cost: 13.714640
			rpn_cls: 0.1231, rpn_box: 0.2648, rcnn_cls: 0.1828, rcnn_box 0.0284
[session 1][epoch 17][iter   70/ 100] training loss: 0.9327,  lr: 1.00e-05
			fg/bg=(14/242), time cost: 13.448130
			rpn_cls: 0.2324, rpn_box: 0.2669, rcnn_cls: 0.2903, rcnn_box 0.0843
[session 1][epoch 17][iter   80/ 100] training loss: 0.8895,  lr: 1.00e-05
			fg/bg=(22/234), time cost: 13.423425
			rpn_cls: 0.1878, rpn_box: 0.0062, rcnn_cls: 0.4210, rcnn_box 0.2215
[session 1][epoch 17][iter   90/ 100] training loss: 1.0955,  lr: 1.00e-05
			fg/bg=(34/222), time cost: 13.765337
			rpn_cls: 0.2272, rpn_box: 0.2715, rcnn_cls: 0.5523, rcnn_box 0.2473
Epoch 17: Training loss: 0.2410, Testing loss: 0.2471
total training time: 2135.395620
[session 1][epoch 18][iter    0/ 100] training loss: 1.3085,  lr: 1.00e-06
			fg/bg=(35/221), time cost: 1.776286
			rpn_cls: 0.1856, rpn_box: 0.3272, rcnn_cls: 0.4988, rcnn_box 0.2968
[session 1][epoch 18][iter   10/ 100] training loss: 0.9977,  lr: 1.00e-06
			fg/bg=(34/222), time cost: 14.140721
			rpn_cls: 0.1688, rpn_box: 0.2284, rcnn_cls: 0.4430, rcnn_box 0.2728
[session 1][epoch 18][iter   20/ 100] training loss: 0.8987,  lr: 1.00e-06
			fg/bg=(16/240), time cost: 14.451618
			rpn_cls: 0.1804, rpn_box: 0.4759, rcnn_cls: 0.2863, rcnn_box 0.0804
[session 1][epoch 18][iter   30/ 100] training loss: 0.8777,  lr: 1.00e-06
			fg/bg=(36/220), time cost: 14.324308
			rpn_cls: 0.1713, rpn_box: 0.0036, rcnn_cls: 0.4243, rcnn_box 0.3126
[session 1][epoch 18][iter   40/ 100] training loss: 0.8887,  lr: 1.00e-06
			fg/bg=(22/234), time cost: 14.343699
			rpn_cls: 0.1119, rpn_box: 0.2231, rcnn_cls: 0.3635, rcnn_box 0.2013
[session 1][epoch 18][iter   50/ 100] training loss: 1.1022,  lr: 1.00e-06
			fg/bg=(37/219), time cost: 12.964989
			rpn_cls: 0.1735, rpn_box: 0.0040, rcnn_cls: 0.4548, rcnn_box 0.3434
[session 1][epoch 18][iter   60/ 100] training loss: 1.1561,  lr: 1.00e-06
			fg/bg=(17/239), time cost: 13.382823
			rpn_cls: 0.1291, rpn_box: 0.2711, rcnn_cls: 0.3108, rcnn_box 0.1151
[session 1][epoch 18][iter   70/ 100] training loss: 0.9281,  lr: 1.00e-06
			fg/bg=(15/241), time cost: 13.552037
			rpn_cls: 0.1781, rpn_box: 0.1963, rcnn_cls: 0.3750, rcnn_box 0.0773
[session 1][epoch 18][iter   80/ 100] training loss: 0.9067,  lr: 1.00e-06
			fg/bg=(26/230), time cost: 13.688767
			rpn_cls: 0.1461, rpn_box: 0.0042, rcnn_cls: 0.3449, rcnn_box 0.2362
[session 1][epoch 18][iter   90/ 100] training loss: 0.8347,  lr: 1.00e-06
			fg/bg=(21/235), time cost: 13.761393
			rpn_cls: 0.1355, rpn_box: 0.1269, rcnn_cls: 0.3369, rcnn_box 0.1554
Epoch 18: Training loss: 0.2407, Testing loss: 0.2456
total training time: 2261.782260
[session 1][epoch 19][iter    0/ 100] training loss: 1.1587,  lr: 1.00e-06
			fg/bg=(26/230), time cost: 1.724174
			rpn_cls: 0.3121, rpn_box: 0.2965, rcnn_cls: 0.3854, rcnn_box 0.1647
[session 1][epoch 19][iter   10/ 100] training loss: 0.9462,  lr: 1.00e-06
			fg/bg=(2/254), time cost: 14.378827
			rpn_cls: 0.3480, rpn_box: 0.1408, rcnn_cls: 0.1032, rcnn_box 0.0004
[session 1][epoch 19][iter   20/ 100] training loss: 0.9555,  lr: 1.00e-06
			fg/bg=(40/216), time cost: 14.152971
			rpn_cls: 0.2214, rpn_box: 0.1526, rcnn_cls: 0.7502, rcnn_box 0.3285
[session 1][epoch 19][iter   30/ 100] training loss: 0.9176,  lr: 1.00e-06
			fg/bg=(31/225), time cost: 14.052811
			rpn_cls: 0.1311, rpn_box: 0.2030, rcnn_cls: 0.5206, rcnn_box 0.2251
[session 1][epoch 19][iter   40/ 100] training loss: 1.0035,  lr: 1.00e-06
			fg/bg=(23/233), time cost: 14.183693
			rpn_cls: 0.2186, rpn_box: 0.3205, rcnn_cls: 0.3673, rcnn_box 0.1676
[session 1][epoch 19][iter   50/ 100] training loss: 0.9842,  lr: 1.00e-06
			fg/bg=(2/254), time cost: 12.919847
			rpn_cls: 0.1823, rpn_box: 0.1000, rcnn_cls: 0.0690, rcnn_box 0.0002
[session 1][epoch 19][iter   60/ 100] training loss: 0.9437,  lr: 1.00e-06
			fg/bg=(16/240), time cost: 13.257968
			rpn_cls: 0.0999, rpn_box: 0.1144, rcnn_cls: 0.3188, rcnn_box 0.1840
[session 1][epoch 19][iter   70/ 100] training loss: 0.8764,  lr: 1.00e-06
			fg/bg=(17/239), time cost: 13.809868
			rpn_cls: 0.0575, rpn_box: 0.0138, rcnn_cls: 0.3963, rcnn_box 0.1444
[session 1][epoch 19][iter   80/ 100] training loss: 0.9672,  lr: 1.00e-06
			fg/bg=(33/223), time cost: 13.580158
			rpn_cls: 0.1446, rpn_box: 0.1222, rcnn_cls: 0.4424, rcnn_box 0.2258
[session 1][epoch 19][iter   90/ 100] training loss: 1.0487,  lr: 1.00e-06
			fg/bg=(21/235), time cost: 13.522397
			rpn_cls: 0.1087, rpn_box: 0.1624, rcnn_cls: 0.3676, rcnn_box 0.1881
Epoch 19: Training loss: 0.2415, Testing loss: 0.2472
total training time: 2387.364973
[session 1][epoch 20][iter    0/ 100] training loss: 1.3523,  lr: 1.00e-06
			fg/bg=(42/214), time cost: 1.770964
			rpn_cls: 0.2929, rpn_box: 0.1006, rcnn_cls: 0.5980, rcnn_box 0.3609
[session 1][epoch 20][iter   10/ 100] training loss: 1.0374,  lr: 1.00e-06
			fg/bg=(20/236), time cost: 14.310890
			rpn_cls: 0.2504, rpn_box: 0.3459, rcnn_cls: 0.3741, rcnn_box 0.1479
[session 1][epoch 20][iter   20/ 100] training loss: 0.9957,  lr: 1.00e-06
			fg/bg=(2/254), time cost: 14.324971
			rpn_cls: 0.3457, rpn_box: 0.1408, rcnn_cls: 0.0871, rcnn_box 0.0004
[session 1][epoch 20][iter   30/ 100] training loss: 1.0941,  lr: 1.00e-06
			fg/bg=(14/242), time cost: 14.141307
			rpn_cls: 0.2800, rpn_box: 0.3899, rcnn_cls: 0.2682, rcnn_box 0.0492
[session 1][epoch 20][iter   40/ 100] training loss: 0.9325,  lr: 1.00e-06
			fg/bg=(10/246), time cost: 14.118739
			rpn_cls: 0.1225, rpn_box: 0.0017, rcnn_cls: 0.1827, rcnn_box 0.0625
[session 1][epoch 20][iter   50/ 100] training loss: 0.9356,  lr: 1.00e-06
			fg/bg=(24/232), time cost: 13.054575
			rpn_cls: 0.1007, rpn_box: 0.1783, rcnn_cls: 0.3724, rcnn_box 0.1857
[session 1][epoch 20][iter   60/ 100] training loss: 0.9544,  lr: 1.00e-06
			fg/bg=(9/247), time cost: 13.444677
			rpn_cls: 0.1151, rpn_box: 0.5923, rcnn_cls: 0.1879, rcnn_box 0.0415
[session 1][epoch 20][iter   70/ 100] training loss: 0.9881,  lr: 1.00e-06
			fg/bg=(39/217), time cost: 13.489524
			rpn_cls: 0.3475, rpn_box: 0.2388, rcnn_cls: 0.4691, rcnn_box 0.2752
[session 1][epoch 20][iter   80/ 100] training loss: 0.9916,  lr: 1.00e-06
			fg/bg=(17/239), time cost: 13.651596
			rpn_cls: 0.0758, rpn_box: 0.0138, rcnn_cls: 0.4031, rcnn_box 0.1444
[session 1][epoch 20][iter   90/ 100] training loss: 0.8656,  lr: 1.00e-06
			fg/bg=(2/254), time cost: 13.570949
			rpn_cls: 0.1838, rpn_box: 0.1000, rcnn_cls: 0.0654, rcnn_box 0.0002
Epoch 20: Training loss: 0.2406, Testing loss: 0.2459
total training time: 2513.243165
save model: models/res101/pascal_voc/faster_rcnn_1_20_99.pth
