Called with args:
Namespace(batch_size=8, checkepoch=1, checkpoint=0, checkpoint_interval=10000, checksession=1, class_agnostic=False, cuda=True, dataset='pascal_voc', disp_interval=100, large_scale=False, lr=0.001, lr_decay_gamma=0.1, lr_decay_step=5, mGPUs=False, max_epochs=20, net='res101', num_workers=1, optimizer='sgd', resume=False, save_dir='models', session=1, start_epoch=1, use_tfboard=False)
Using config:
{'ANCHOR_RATIOS': [0.5, 1, 2],
 'ANCHOR_SCALES': [8, 16, 32],
 'CROP_RESIZE_WITH_MAX_POOL': False,
 'CUDA': False,
 'DATA_DIR': '/home/jason/faster-rcnn.pytorch-1.0/data',
 'DEDUP_BOXES': 0.0625,
 'EPS': 1e-14,
 'EXP_DIR': 'res101',
 'FEAT_STRIDE': [16],
 'GPU_ID': 0,
 'MATLAB': 'matlab',
 'MAX_NUM_GT_BOXES': 20,
 'MOBILENET': {'DEPTH_MULTIPLIER': 1.0,
               'FIXED_LAYERS': 5,
               'REGU_DEPTH': False,
               'WEIGHT_DECAY': 4e-05},
 'PIXEL_MEANS': array([[[102.9801, 115.9465, 122.7717]]]),
 'POOLING_MODE': 'align',
 'POOLING_SIZE': 7,
 'RESNET': {'FIXED_BLOCKS': 1, 'MAX_POOL': False},
 'RNG_SEED': 3,
 'ROOT_DIR': '/home/jason/faster-rcnn.pytorch-1.0',
 'TEST': {'BBOX_REG': True,
          'HAS_RPN': True,
          'MAX_SIZE': 1000,
          'MODE': 'nms',
          'NMS': 0.3,
          'PROPOSAL_METHOD': 'gt',
          'RPN_MIN_SIZE': 16,
          'RPN_NMS_THRESH': 0.7,
          'RPN_POST_NMS_TOP_N': 300,
          'RPN_PRE_NMS_TOP_N': 6000,
          'RPN_TOP_N': 5000,
          'SCALES': [600],
          'SVM': False},
 'TRAIN': {'ASPECT_GROUPING': False,
           'BATCH_SIZE': 128,
           'BBOX_INSIDE_WEIGHTS': [1.0, 1.0, 1.0, 1.0],
           'BBOX_NORMALIZE_MEANS': [0.0, 0.0, 0.0, 0.0],
           'BBOX_NORMALIZE_STDS': [0.1, 0.1, 0.2, 0.2],
           'BBOX_NORMALIZE_TARGETS': True,
           'BBOX_NORMALIZE_TARGETS_PRECOMPUTED': True,
           'BBOX_REG': True,
           'BBOX_THRESH': 0.5,
           'BG_THRESH_HI': 0.5,
           'BG_THRESH_LO': 0.0,
           'BIAS_DECAY': False,
           'BN_TRAIN': False,
           'DISPLAY': 20,
           'DOUBLE_BIAS': False,
           'FG_FRACTION': 0.25,
           'FG_THRESH': 0.5,
           'GAMMA': 0.1,
           'HAS_RPN': True,
           'IMS_PER_BATCH': 1,
           'LEARNING_RATE': 0.001,
           'MAX_SIZE': 1000,
           'MOMENTUM': 0.9,
           'PROPOSAL_METHOD': 'gt',
           'RPN_BATCHSIZE': 256,
           'RPN_BBOX_INSIDE_WEIGHTS': [1.0, 1.0, 1.0, 1.0],
           'RPN_CLOBBER_POSITIVES': False,
           'RPN_FG_FRACTION': 0.5,
           'RPN_MIN_SIZE': 8,
           'RPN_NEGATIVE_OVERLAP': 0.3,
           'RPN_NMS_THRESH': 0.7,
           'RPN_POSITIVE_OVERLAP': 0.7,
           'RPN_POSITIVE_WEIGHT': -1.0,
           'RPN_POST_NMS_TOP_N': 2000,
           'RPN_PRE_NMS_TOP_N': 12000,
           'SCALES': [600],
           'SNAPSHOT_ITERS': 5000,
           'SNAPSHOT_KEPT': 3,
           'SNAPSHOT_PREFIX': 'res101_faster_rcnn',
           'STEPSIZE': [30000],
           'SUMMARY_INTERVAL': 180,
           'TRIM_HEIGHT': 600,
           'TRIM_WIDTH': 600,
           'TRUNCATED': False,
           'USE_ALL_GT': True,
           'USE_FLIPPED': True,
           'USE_GT': False,
           'WEIGHT_DECAY': 0.0001},
 'USE_GPU_NMS': True}
['voc_2007_trainval']
Loaded dataset `voc_2007_trainval` for training
Set proposal method: gt
Appending horizontally-flipped training examples...
wrote gt roidb to /home/jason/faster-rcnn.pytorch-1.0/data/cache/voc_2007_trainval_gt_roidb.pkl
done
Preparing training data...
done
before filtering, there are 15186 images...
after filtering, there are 15184 images...
15184 roidb entries
Loading pretrained weights from data/pretrained_model/resnet101_caffe.pth
[session 1][epoch  1][iter    0/1898] loss: 4.9646, lr: 1.00e-03
			fg/bg=(70/954), time cost: 6.272732
			rpn_cls: 0.7163, rpn_box: 0.1628, rcnn_cls: 3.9432, rcnn_box 0.1425
[session 1][epoch  1][iter  100/1898] loss: 1.2291, lr: 1.00e-03
			fg/bg=(140/884), time cost: 543.061915
			rpn_cls: 0.0985, rpn_box: 0.0431, rcnn_cls: 0.6382, rcnn_box 0.3596
[session 1][epoch  1][iter  200/1898] loss: 1.2367, lr: 1.00e-03
			fg/bg=(97/927), time cost: 544.946039
			rpn_cls: 0.0563, rpn_box: 0.0503, rcnn_cls: 0.3936, rcnn_box 0.2083
[session 1][epoch  1][iter  300/1898] loss: 1.2074, lr: 1.00e-03
			fg/bg=(198/826), time cost: 566.002457
			rpn_cls: 0.2197, rpn_box: 0.1886, rcnn_cls: 0.9888, rcnn_box 0.4585
[session 1][epoch  1][iter  400/1898] loss: 1.1753, lr: 1.00e-03
			fg/bg=(142/882), time cost: 564.832596
			rpn_cls: 0.1149, rpn_box: 0.2262, rcnn_cls: 0.5706, rcnn_box 0.3018
[session 1][epoch  1][iter  500/1898] loss: 1.1651, lr: 1.00e-03
			fg/bg=(179/845), time cost: 546.603688
			rpn_cls: 0.0740, rpn_box: 0.0235, rcnn_cls: 0.6330, rcnn_box 0.4091
[session 1][epoch  1][iter  600/1898] loss: 1.1407, lr: 1.00e-03
			fg/bg=(241/783), time cost: 546.824169
			rpn_cls: 0.1090, rpn_box: 0.1574, rcnn_cls: 0.4537, rcnn_box 0.5437
[session 1][epoch  1][iter  700/1898] loss: 1.0868, lr: 1.00e-03
			fg/bg=(181/843), time cost: 566.263920
			rpn_cls: 0.0637, rpn_box: 0.0317, rcnn_cls: 0.4655, rcnn_box 0.3698
[session 1][epoch  1][iter  800/1898] loss: 1.0847, lr: 1.00e-03
			fg/bg=(173/851), time cost: 569.369074
			rpn_cls: 0.0772, rpn_box: 0.0118, rcnn_cls: 0.3946, rcnn_box 0.3947
[session 1][epoch  1][iter  900/1898] loss: 1.0245, lr: 1.00e-03
			fg/bg=(137/887), time cost: 556.253159
			rpn_cls: 0.0734, rpn_box: 0.0773, rcnn_cls: 0.3843, rcnn_box 0.2586
[session 1][epoch  1][iter 1000/1898] loss: 1.0111, lr: 1.00e-03
			fg/bg=(206/818), time cost: 542.877898
			rpn_cls: 0.0784, rpn_box: 0.0366, rcnn_cls: 0.6940, rcnn_box 0.4475
[session 1][epoch  1][iter 1100/1898] loss: 0.9512, lr: 1.00e-03
			fg/bg=(201/823), time cost: 548.165330
			rpn_cls: 0.1880, rpn_box: 0.0607, rcnn_cls: 0.6190, rcnn_box 0.4878
[session 1][epoch  1][iter 1200/1898] loss: 0.9673, lr: 1.00e-03
			fg/bg=(256/768), time cost: 564.487482
			rpn_cls: 0.1218, rpn_box: 0.0739, rcnn_cls: 0.5548, rcnn_box 0.5361
[session 1][epoch  1][iter 1300/1898] loss: 0.9467, lr: 1.00e-03
			fg/bg=(195/829), time cost: 565.956985
			rpn_cls: 0.0475, rpn_box: 0.0642, rcnn_cls: 0.5670, rcnn_box 0.3746
[session 1][epoch  1][iter 1400/1898] loss: 0.8648, lr: 1.00e-03
			fg/bg=(205/819), time cost: 553.762671
			rpn_cls: 0.0836, rpn_box: 0.0757, rcnn_cls: 0.3949, rcnn_box 0.3302
[session 1][epoch  1][iter 1500/1898] loss: 0.8621, lr: 1.00e-03
			fg/bg=(167/857), time cost: 563.977563
			rpn_cls: 0.0505, rpn_box: 0.1324, rcnn_cls: 0.3474, rcnn_box 0.2705
[session 1][epoch  1][iter 1600/1898] loss: 0.8358, lr: 1.00e-03
			fg/bg=(206/818), time cost: 563.177543
			rpn_cls: 0.0513, rpn_box: 0.0461, rcnn_cls: 0.3323, rcnn_box 0.3085
[session 1][epoch  1][iter 1700/1898] loss: 0.8453, lr: 1.00e-03
			fg/bg=(203/821), time cost: 552.169607
			rpn_cls: 0.0569, rpn_box: 0.0615, rcnn_cls: 0.5730, rcnn_box 0.3576
[session 1][epoch  1][iter 1800/1898] loss: 0.7880, lr: 1.00e-03
			fg/bg=(233/791), time cost: 562.080000
			rpn_cls: 0.0738, rpn_box: 0.2132, rcnn_cls: 0.2391, rcnn_box 0.3555
total training time: 10027.084829
[session 1][epoch  2][iter    0/1898] loss: 0.6287, lr: 1.00e-03
			fg/bg=(174/850), time cost: 6.378741
			rpn_cls: 0.0238, rpn_box: 0.0303, rcnn_cls: 0.3167, rcnn_box 0.2578
[session 1][epoch  2][iter  100/1898] loss: 0.7251, lr: 1.00e-03
			fg/bg=(256/768), time cost: 565.126713
			rpn_cls: 0.0999, rpn_box: 0.1531, rcnn_cls: 0.3454, rcnn_box 0.3347
[session 1][epoch  2][iter  200/1898] loss: 0.7054, lr: 1.00e-03
			fg/bg=(228/796), time cost: 545.347822
			rpn_cls: 0.0568, rpn_box: 0.0194, rcnn_cls: 0.2989, rcnn_box 0.2655
[session 1][epoch  2][iter  300/1898] loss: 0.6892, lr: 1.00e-03
			fg/bg=(187/837), time cost: 548.405446
			rpn_cls: 0.0774, rpn_box: 0.1034, rcnn_cls: 0.4136, rcnn_box 0.2536
[session 1][epoch  2][iter  400/1898] loss: 0.6547, lr: 1.00e-03
			fg/bg=(211/813), time cost: 557.617684
			rpn_cls: 0.0444, rpn_box: 0.0365, rcnn_cls: 0.3333, rcnn_box 0.2541
[session 1][epoch  2][iter  500/1898] loss: 0.6847, lr: 1.00e-03
			fg/bg=(148/876), time cost: 557.992763
			rpn_cls: 0.0421, rpn_box: 0.0415, rcnn_cls: 0.2916, rcnn_box 0.2404
[session 1][epoch  2][iter  600/1898] loss: 0.6709, lr: 1.00e-03
			fg/bg=(182/842), time cost: 544.629035
			rpn_cls: 0.1075, rpn_box: 0.0551, rcnn_cls: 0.3563, rcnn_box 0.2826
[session 1][epoch  2][iter  700/1898] loss: 0.6477, lr: 1.00e-03
			fg/bg=(256/768), time cost: 553.513258
			rpn_cls: 0.1211, rpn_box: 0.0847, rcnn_cls: 0.1947, rcnn_box 0.3294
[session 1][epoch  2][iter  800/1898] loss: 0.6263, lr: 1.00e-03
			fg/bg=(243/781), time cost: 570.068001
			rpn_cls: 0.0411, rpn_box: 0.0871, rcnn_cls: 0.1651, rcnn_box 0.2680
[session 1][epoch  2][iter  900/1898] loss: 0.6339, lr: 1.00e-03
			fg/bg=(183/841), time cost: 568.159743
			rpn_cls: 0.0367, rpn_box: 0.0423, rcnn_cls: 0.3748, rcnn_box 0.2217
[session 1][epoch  2][iter 1000/1898] loss: 0.6882, lr: 1.00e-03
			fg/bg=(171/853), time cost: 570.743118
			rpn_cls: 0.0278, rpn_box: 0.0087, rcnn_cls: 0.1397, rcnn_box 0.2073
[session 1][epoch  2][iter 1100/1898] loss: 0.6557, lr: 1.00e-03
			fg/bg=(187/837), time cost: 563.645634
			rpn_cls: 0.0285, rpn_box: 0.0227, rcnn_cls: 0.2003, rcnn_box 0.2066
[session 1][epoch  2][iter 1200/1898] loss: 0.6343, lr: 1.00e-03
			fg/bg=(202/822), time cost: 548.203606
			rpn_cls: 0.0256, rpn_box: 0.0203, rcnn_cls: 0.3641, rcnn_box 0.3144
[session 1][epoch  2][iter 1300/1898] loss: 0.6312, lr: 1.00e-03
			fg/bg=(223/801), time cost: 546.377449
			rpn_cls: 0.0304, rpn_box: 0.0299, rcnn_cls: 0.5973, rcnn_box 0.3682
[session 1][epoch  2][iter 1400/1898] loss: 0.6300, lr: 1.00e-03
			fg/bg=(235/789), time cost: 543.451142
			rpn_cls: 0.0527, rpn_box: 0.0630, rcnn_cls: 0.5633, rcnn_box 0.3233
[session 1][epoch  2][iter 1500/1898] loss: 0.6072, lr: 1.00e-03
			fg/bg=(163/861), time cost: 545.586947
			rpn_cls: 0.1723, rpn_box: 0.0927, rcnn_cls: 0.3096, rcnn_box 0.3024
[session 1][epoch  2][iter 1600/1898] loss: 0.5678, lr: 1.00e-03
			fg/bg=(213/811), time cost: 544.769621
			rpn_cls: 0.0364, rpn_box: 0.0655, rcnn_cls: 0.5036, rcnn_box 0.1435
[session 1][epoch  2][iter 1700/1898] loss: 0.5872, lr: 1.00e-03
			fg/bg=(194/830), time cost: 541.100679
			rpn_cls: 0.0395, rpn_box: 0.0281, rcnn_cls: 0.1609, rcnn_box 0.1822
[session 1][epoch  2][iter 1800/1898] loss: 0.5722, lr: 1.00e-03
			fg/bg=(178/846), time cost: 546.365084
			rpn_cls: 0.0322, rpn_box: 0.0506, rcnn_cls: 0.1344, rcnn_box 0.1330
total training time: 19994.567314
[session 1][epoch  3][iter    0/1898] loss: 0.4272, lr: 1.00e-03
			fg/bg=(176/848), time cost: 6.555783
			rpn_cls: 0.0372, rpn_box: 0.1059, rcnn_cls: 0.1668, rcnn_box 0.1174
[session 1][epoch  3][iter  100/1898] loss: 0.5234, lr: 1.00e-03
			fg/bg=(213/811), time cost: 563.702255
			rpn_cls: 0.0224, rpn_box: 0.0238, rcnn_cls: 0.2236, rcnn_box 0.1783
[session 1][epoch  3][iter  200/1898] loss: 0.5248, lr: 1.00e-03
			fg/bg=(183/841), time cost: 556.709158
			rpn_cls: 0.0504, rpn_box: 0.0060, rcnn_cls: 0.2821, rcnn_box 0.2005
[session 1][epoch  3][iter  300/1898] loss: 0.5194, lr: 1.00e-03
			fg/bg=(232/792), time cost: 541.412316
			rpn_cls: 0.0445, rpn_box: 0.0617, rcnn_cls: 0.2974, rcnn_box 0.1749
[session 1][epoch  3][iter  400/1898] loss: 0.4668, lr: 1.00e-03
			fg/bg=(191/833), time cost: 541.522779
			rpn_cls: 0.0061, rpn_box: 0.0085, rcnn_cls: 0.1762, rcnn_box 0.1660
[session 1][epoch  3][iter  500/1898] loss: 0.4748, lr: 1.00e-03
			fg/bg=(167/857), time cost: 539.347368
			rpn_cls: 0.0230, rpn_box: 0.0801, rcnn_cls: 0.1737, rcnn_box 0.1230
[session 1][epoch  3][iter  600/1898] loss: 0.4750, lr: 1.00e-03
			fg/bg=(196/828), time cost: 540.918512
			rpn_cls: 0.0120, rpn_box: 0.0220, rcnn_cls: 0.1425, rcnn_box 0.1768
[session 1][epoch  3][iter  700/1898] loss: 0.4742, lr: 1.00e-03
			fg/bg=(176/848), time cost: 542.943521
			rpn_cls: 0.0253, rpn_box: 0.0772, rcnn_cls: 0.2602, rcnn_box 0.2176
[session 1][epoch  3][iter  800/1898] loss: 0.4876, lr: 1.00e-03
			fg/bg=(217/807), time cost: 541.224553
			rpn_cls: 0.0270, rpn_box: 0.0224, rcnn_cls: 0.2491, rcnn_box 0.1801
[session 1][epoch  3][iter  900/1898] loss: 0.4731, lr: 1.00e-03
			fg/bg=(207/817), time cost: 539.920357
			rpn_cls: 0.0120, rpn_box: 0.0056, rcnn_cls: 0.3330, rcnn_box 0.2129
[session 1][epoch  3][iter 1000/1898] loss: 0.5030, lr: 1.00e-03
			fg/bg=(249/775), time cost: 540.583538
			rpn_cls: 0.0734, rpn_box: 0.0798, rcnn_cls: 0.1396, rcnn_box 0.2064
[session 1][epoch  3][iter 1100/1898] loss: 0.4768, lr: 1.00e-03
			fg/bg=(250/774), time cost: 542.286982
			rpn_cls: 0.0467, rpn_box: 0.1270, rcnn_cls: 0.1401, rcnn_box 0.2501
[session 1][epoch  3][iter 1200/1898] loss: 0.4701, lr: 1.00e-03
			fg/bg=(219/805), time cost: 540.340770
			rpn_cls: 0.0195, rpn_box: 0.0376, rcnn_cls: 0.4374, rcnn_box 0.1930
[session 1][epoch  3][iter 1300/1898] loss: 0.4821, lr: 1.00e-03
			fg/bg=(256/768), time cost: 542.573180
			rpn_cls: 0.0356, rpn_box: 0.1581, rcnn_cls: 0.1238, rcnn_box 0.1865
[session 1][epoch  3][iter 1400/1898] loss: 0.4430, lr: 1.00e-03
			fg/bg=(221/803), time cost: 543.918929
			rpn_cls: 0.0218, rpn_box: 0.0216, rcnn_cls: 0.1091, rcnn_box 0.1088
[session 1][epoch  3][iter 1500/1898] loss: 0.4976, lr: 1.00e-03
			fg/bg=(206/818), time cost: 544.377703
			rpn_cls: 0.0243, rpn_box: 0.0306, rcnn_cls: 0.2721, rcnn_box 0.1447
[session 1][epoch  3][iter 1600/1898] loss: 0.4420, lr: 1.00e-03
			fg/bg=(181/843), time cost: 555.163964
			rpn_cls: 0.0145, rpn_box: 0.0233, rcnn_cls: 0.0879, rcnn_box 0.0992
[session 1][epoch  3][iter 1700/1898] loss: 0.4404, lr: 1.00e-03
			fg/bg=(214/810), time cost: 565.220873
			rpn_cls: 0.0108, rpn_box: 0.0411, rcnn_cls: 0.1306, rcnn_box 0.1656
[session 1][epoch  3][iter 1800/1898] loss: 0.4288, lr: 1.00e-03
			fg/bg=(228/796), time cost: 561.660575
			rpn_cls: 0.0375, rpn_box: 0.0872, rcnn_cls: 0.2437, rcnn_box 0.1941
total training time: 29844.950431
[session 1][epoch  4][iter    0/1898] loss: 0.2634, lr: 1.00e-03
			fg/bg=(208/816), time cost: 6.092234
			rpn_cls: 0.0169, rpn_box: 0.0449, rcnn_cls: 0.1344, rcnn_box 0.0671
[session 1][epoch  4][iter  100/1898] loss: 0.3970, lr: 1.00e-03
			fg/bg=(222/802), time cost: 538.943623
			rpn_cls: 0.0276, rpn_box: 0.0334, rcnn_cls: 0.2170, rcnn_box 0.1642
[session 1][epoch  4][iter  200/1898] loss: 0.4107, lr: 1.00e-03
			fg/bg=(226/798), time cost: 559.754143
			rpn_cls: 0.0363, rpn_box: 0.0945, rcnn_cls: 0.2963, rcnn_box 0.1666
[session 1][epoch  4][iter  300/1898] loss: 0.4002, lr: 1.00e-03
			fg/bg=(188/836), time cost: 563.991387
			rpn_cls: 0.0060, rpn_box: 0.0009, rcnn_cls: 0.1133, rcnn_box 0.2698
[session 1][epoch  4][iter  400/1898] loss: 0.3981, lr: 1.00e-03
			fg/bg=(196/828), time cost: 555.126746
			rpn_cls: 0.0149, rpn_box: 0.0331, rcnn_cls: 0.1241, rcnn_box 0.1515
[session 1][epoch  4][iter  500/1898] loss: 0.4039, lr: 1.00e-03
			fg/bg=(197/827), time cost: 552.868899
			rpn_cls: 0.0264, rpn_box: 0.0421, rcnn_cls: 0.0805, rcnn_box 0.1621
[session 1][epoch  4][iter  600/1898] loss: 0.3850, lr: 1.00e-03
			fg/bg=(256/768), time cost: 562.209541
			rpn_cls: 0.0483, rpn_box: 0.0471, rcnn_cls: 0.1166, rcnn_box 0.2408
[session 1][epoch  4][iter  700/1898] loss: 0.3984, lr: 1.00e-03
			fg/bg=(198/826), time cost: 552.994931
			rpn_cls: 0.0401, rpn_box: 0.0556, rcnn_cls: 0.2545, rcnn_box 0.1983
[session 1][epoch  4][iter  800/1898] loss: 0.3866, lr: 1.00e-03
			fg/bg=(210/814), time cost: 556.500748
			rpn_cls: 0.0238, rpn_box: 0.0136, rcnn_cls: 0.1666, rcnn_box 0.2607
[session 1][epoch  4][iter  900/1898] loss: 0.4062, lr: 1.00e-03
			fg/bg=(199/825), time cost: 560.157522
			rpn_cls: 0.0737, rpn_box: 0.0447, rcnn_cls: 0.1598, rcnn_box 0.2214
[session 1][epoch  4][iter 1000/1898] loss: 0.3592, lr: 1.00e-03
			fg/bg=(207/817), time cost: 561.574660
			rpn_cls: 0.0186, rpn_box: 0.0406, rcnn_cls: 0.1042, rcnn_box 0.0991
[session 1][epoch  4][iter 1100/1898] loss: 0.3879, lr: 1.00e-03
			fg/bg=(241/783), time cost: 559.066095
			rpn_cls: 0.0134, rpn_box: 0.0284, rcnn_cls: 0.0994, rcnn_box 0.1201
[session 1][epoch  4][iter 1200/1898] loss: 0.3709, lr: 1.00e-03
			fg/bg=(256/768), time cost: 541.596508
			rpn_cls: 0.0235, rpn_box: 0.1369, rcnn_cls: 0.2718, rcnn_box 0.1508
[session 1][epoch  4][iter 1300/1898] loss: 0.3772, lr: 1.00e-03
			fg/bg=(200/824), time cost: 537.753767
			rpn_cls: 0.0093, rpn_box: 0.0197, rcnn_cls: 0.0939, rcnn_box 0.1595
[session 1][epoch  4][iter 1400/1898] loss: 0.3981, lr: 1.00e-03
			fg/bg=(225/799), time cost: 543.127494
			rpn_cls: 0.0567, rpn_box: 0.1211, rcnn_cls: 0.4334, rcnn_box 0.1961
[session 1][epoch  4][iter 1500/1898] loss: 0.3834, lr: 1.00e-03
			fg/bg=(190/834), time cost: 541.938878
			rpn_cls: 0.0242, rpn_box: 0.0598, rcnn_cls: 0.1971, rcnn_box 0.1168
[session 1][epoch  4][iter 1600/1898] loss: 0.3805, lr: 1.00e-03
			fg/bg=(213/811), time cost: 564.035266
			rpn_cls: 0.0242, rpn_box: 0.0236, rcnn_cls: 0.1143, rcnn_box 0.1491
[session 1][epoch  4][iter 1700/1898] loss: 0.3950, lr: 1.00e-03
			fg/bg=(238/786), time cost: 567.753364
			rpn_cls: 0.0419, rpn_box: 0.0968, rcnn_cls: 0.1042, rcnn_box 0.1654
[session 1][epoch  4][iter 1800/1898] loss: 0.3886, lr: 1.00e-03
			fg/bg=(171/853), time cost: 566.775448
			rpn_cls: 0.0180, rpn_box: 0.0038, rcnn_cls: 0.2051, rcnn_box 0.1460
total training time: 39837.211685
[session 1][epoch  5][iter    0/1898] loss: 0.3139, lr: 1.00e-03
			fg/bg=(203/821), time cost: 6.644159
			rpn_cls: 0.0193, rpn_box: 0.0340, rcnn_cls: 0.0847, rcnn_box 0.1758
[session 1][epoch  5][iter  100/1898] loss: 0.3429, lr: 1.00e-03
			fg/bg=(213/811), time cost: 569.700044
			rpn_cls: 0.0427, rpn_box: 0.0544, rcnn_cls: 0.0924, rcnn_box 0.1227
[session 1][epoch  5][iter  200/1898] loss: 0.3318, lr: 1.00e-03
			fg/bg=(210/814), time cost: 571.442890
			rpn_cls: 0.0071, rpn_box: 0.0111, rcnn_cls: 0.0483, rcnn_box 0.1018
[session 1][epoch  5][iter  300/1898] loss: 0.3546, lr: 1.00e-03
			fg/bg=(204/820), time cost: 569.442380
			rpn_cls: 0.0454, rpn_box: 0.0572, rcnn_cls: 0.1045, rcnn_box 0.1798
[session 1][epoch  5][iter  400/1898] loss: 0.3359, lr: 1.00e-03
			fg/bg=(214/810), time cost: 570.371488
			rpn_cls: 0.0126, rpn_box: 0.0311, rcnn_cls: 0.0566, rcnn_box 0.0636
[session 1][epoch  5][iter  500/1898] loss: 0.3518, lr: 1.00e-03
			fg/bg=(213/811), time cost: 572.646551
			rpn_cls: 0.0120, rpn_box: 0.0166, rcnn_cls: 0.1747, rcnn_box 0.1409
[session 1][epoch  5][iter  600/1898] loss: 0.3255, lr: 1.00e-03
			fg/bg=(180/844), time cost: 571.089605
			rpn_cls: 0.0149, rpn_box: 0.0611, rcnn_cls: 0.1403, rcnn_box 0.0733
[session 1][epoch  5][iter  700/1898] loss: 0.3323, lr: 1.00e-03
			fg/bg=(213/811), time cost: 573.064414
			rpn_cls: 0.0046, rpn_box: 0.0041, rcnn_cls: 0.0589, rcnn_box 0.0955
[session 1][epoch  5][iter  800/1898] loss: 0.3350, lr: 1.00e-03
			fg/bg=(231/793), time cost: 572.300684
			rpn_cls: 0.0076, rpn_box: 0.0205, rcnn_cls: 0.0987, rcnn_box 0.1366
[session 1][epoch  5][iter  900/1898] loss: 0.3464, lr: 1.00e-03
			fg/bg=(164/860), time cost: 572.578082
			rpn_cls: 0.0084, rpn_box: 0.0400, rcnn_cls: 0.0450, rcnn_box 0.1056
[session 1][epoch  5][iter 1000/1898] loss: 0.3267, lr: 1.00e-03
			fg/bg=(234/790), time cost: 572.612098
			rpn_cls: 0.0068, rpn_box: 0.0141, rcnn_cls: 0.0889, rcnn_box 0.0950
[session 1][epoch  5][iter 1100/1898] loss: 0.3516, lr: 1.00e-03
			fg/bg=(244/780), time cost: 572.537681
			rpn_cls: 0.0175, rpn_box: 0.0743, rcnn_cls: 0.1321, rcnn_box 0.1443
[session 1][epoch  5][iter 1200/1898] loss: 0.3347, lr: 1.00e-03
			fg/bg=(195/829), time cost: 573.497603
			rpn_cls: 0.0416, rpn_box: 0.0356, rcnn_cls: 0.1333, rcnn_box 0.1560
[session 1][epoch  5][iter 1300/1898] loss: 0.3306, lr: 1.00e-03
			fg/bg=(230/794), time cost: 570.523176
			rpn_cls: 0.0077, rpn_box: 0.0427, rcnn_cls: 0.1153, rcnn_box 0.0665
[session 1][epoch  5][iter 1400/1898] loss: 0.3205, lr: 1.00e-03
			fg/bg=(256/768), time cost: 572.766471
			rpn_cls: 0.0195, rpn_box: 0.0738, rcnn_cls: 0.1536, rcnn_box 0.1289
[session 1][epoch  5][iter 1500/1898] loss: 0.3018, lr: 1.00e-03
			fg/bg=(217/807), time cost: 575.669381
			rpn_cls: 0.0221, rpn_box: 0.0271, rcnn_cls: 0.1256, rcnn_box 0.1586
[session 1][epoch  5][iter 1600/1898] loss: 0.3100, lr: 1.00e-03
			fg/bg=(255/769), time cost: 573.177505
			rpn_cls: 0.0222, rpn_box: 0.0686, rcnn_cls: 0.1485, rcnn_box 0.1636
[session 1][epoch  5][iter 1700/1898] loss: 0.3347, lr: 1.00e-03
			fg/bg=(201/823), time cost: 573.654590
			rpn_cls: 0.0257, rpn_box: 0.0109, rcnn_cls: 0.0604, rcnn_box 0.1154
[session 1][epoch  5][iter 1800/1898] loss: 0.3223, lr: 1.00e-03
			fg/bg=(256/768), time cost: 572.821432
			rpn_cls: 0.0366, rpn_box: 0.0888, rcnn_cls: 0.8692, rcnn_box 0.2219
total training time: 50143.751918
[session 1][epoch  6][iter    0/1898] loss: 0.2659, lr: 1.00e-04
			fg/bg=(236/788), time cost: 6.458771
			rpn_cls: 0.0067, rpn_box: 0.0033, rcnn_cls: 0.0764, rcnn_box 0.1795
[session 1][epoch  6][iter  100/1898] loss: 0.2718, lr: 1.00e-04
			fg/bg=(205/819), time cost: 566.701709
			rpn_cls: 0.0162, rpn_box: 0.0589, rcnn_cls: 0.1280, rcnn_box 0.1279
[session 1][epoch  6][iter  200/1898] loss: 0.2425, lr: 1.00e-04
			fg/bg=(200/824), time cost: 566.872171
			rpn_cls: 0.0201, rpn_box: 0.0273, rcnn_cls: 0.0931, rcnn_box 0.1895
[session 1][epoch  6][iter  300/1898] loss: 0.2300, lr: 1.00e-04
			fg/bg=(227/797), time cost: 569.164129
			rpn_cls: 0.0114, rpn_box: 0.0081, rcnn_cls: 0.0884, rcnn_box 0.1364
[session 1][epoch  6][iter  400/1898] loss: 0.2314, lr: 1.00e-04
			fg/bg=(218/806), time cost: 568.689399
			rpn_cls: 0.0055, rpn_box: 0.0337, rcnn_cls: 0.0669, rcnn_box 0.0802
[session 1][epoch  6][iter  500/1898] loss: 0.2177, lr: 1.00e-04
			fg/bg=(209/815), time cost: 571.996590
			rpn_cls: 0.0013, rpn_box: 0.0022, rcnn_cls: 0.0339, rcnn_box 0.0411
[session 1][epoch  6][iter  600/1898] loss: 0.2088, lr: 1.00e-04
			fg/bg=(238/786), time cost: 572.479333
			rpn_cls: 0.0192, rpn_box: 0.0477, rcnn_cls: 0.0817, rcnn_box 0.1037
[session 1][epoch  6][iter  700/1898] loss: 0.2142, lr: 1.00e-04
			fg/bg=(236/788), time cost: 570.536146
			rpn_cls: 0.0165, rpn_box: 0.0263, rcnn_cls: 0.1278, rcnn_box 0.1323
[session 1][epoch  6][iter  800/1898] loss: 0.2198, lr: 1.00e-04
			fg/bg=(218/806), time cost: 570.446255
			rpn_cls: 0.0263, rpn_box: 0.0943, rcnn_cls: 0.1024, rcnn_box 0.0954
[session 1][epoch  6][iter  900/1898] loss: 0.2301, lr: 1.00e-04
			fg/bg=(239/785), time cost: 571.989524
			rpn_cls: 0.0063, rpn_box: 0.0029, rcnn_cls: 0.0436, rcnn_box 0.0668
[session 1][epoch  6][iter 1000/1898] loss: 0.2192, lr: 1.00e-04
			fg/bg=(211/813), time cost: 570.164758
			rpn_cls: 0.0081, rpn_box: 0.0628, rcnn_cls: 0.0489, rcnn_box 0.0610
[session 1][epoch  6][iter 1100/1898] loss: 0.2166, lr: 1.00e-04
			fg/bg=(212/812), time cost: 572.688426
			rpn_cls: 0.0159, rpn_box: 0.0361, rcnn_cls: 0.0709, rcnn_box 0.0850
[session 1][epoch  6][iter 1200/1898] loss: 0.2322, lr: 1.00e-04
			fg/bg=(211/813), time cost: 572.382778
			rpn_cls: 0.0070, rpn_box: 0.0190, rcnn_cls: 0.0513, rcnn_box 0.0697
[session 1][epoch  6][iter 1300/1898] loss: 0.2127, lr: 1.00e-04
			fg/bg=(221/803), time cost: 571.302751
			rpn_cls: 0.0157, rpn_box: 0.0775, rcnn_cls: 0.0739, rcnn_box 0.0827
[session 1][epoch  6][iter 1400/1898] loss: 0.2253, lr: 1.00e-04
			fg/bg=(200/824), time cost: 574.566252
			rpn_cls: 0.0065, rpn_box: 0.0241, rcnn_cls: 0.0521, rcnn_box 0.0856
[session 1][epoch  6][iter 1500/1898] loss: 0.2243, lr: 1.00e-04
			fg/bg=(218/806), time cost: 571.720168
			rpn_cls: 0.0110, rpn_box: 0.0225, rcnn_cls: 0.0561, rcnn_box 0.1018
[session 1][epoch  6][iter 1600/1898] loss: 0.2185, lr: 1.00e-04
			fg/bg=(210/814), time cost: 571.450356
			rpn_cls: 0.0098, rpn_box: 0.0165, rcnn_cls: 0.0250, rcnn_box 0.0821
[session 1][epoch  6][iter 1700/1898] loss: 0.2098, lr: 1.00e-04
			fg/bg=(235/789), time cost: 569.949668
			rpn_cls: 0.0108, rpn_box: 0.0369, rcnn_cls: 0.0692, rcnn_box 0.0826
[session 1][epoch  6][iter 1800/1898] loss: 0.2104, lr: 1.00e-04
			fg/bg=(244/780), time cost: 570.281765
			rpn_cls: 0.0048, rpn_box: 0.0061, rcnn_cls: 0.0416, rcnn_box 0.0688
total training time: 60423.592867
[session 1][epoch  7][iter    0/1898] loss: 0.1842, lr: 1.00e-04
			fg/bg=(234/790), time cost: 6.692231
			rpn_cls: 0.0111, rpn_box: 0.0557, rcnn_cls: 0.0612, rcnn_box 0.0562
[session 1][epoch  7][iter  100/1898] loss: 0.2190, lr: 1.00e-04
			fg/bg=(231/793), time cost: 570.470513
			rpn_cls: 0.0193, rpn_box: 0.0570, rcnn_cls: 0.2738, rcnn_box 0.0951
[session 1][epoch  7][iter  200/1898] loss: 0.2038, lr: 1.00e-04
			fg/bg=(215/809), time cost: 574.266331
			rpn_cls: 0.0232, rpn_box: 0.0810, rcnn_cls: 0.0869, rcnn_box 0.0767
[session 1][epoch  7][iter  300/1898] loss: 0.1940, lr: 1.00e-04
			fg/bg=(183/841), time cost: 567.989423
			rpn_cls: 0.0071, rpn_box: 0.0389, rcnn_cls: 0.0408, rcnn_box 0.0422
[session 1][epoch  7][iter  400/1898] loss: 0.1987, lr: 1.00e-04
			fg/bg=(218/806), time cost: 547.013038
			rpn_cls: 0.0097, rpn_box: 0.0156, rcnn_cls: 0.0607, rcnn_box 0.0821
[session 1][epoch  7][iter  500/1898] loss: 0.2058, lr: 1.00e-04
			fg/bg=(212/812), time cost: 545.566988
			rpn_cls: 0.0139, rpn_box: 0.0593, rcnn_cls: 0.0478, rcnn_box 0.1156
[session 1][epoch  7][iter  600/1898] loss: 0.2063, lr: 1.00e-04
			fg/bg=(211/813), time cost: 549.720884
			rpn_cls: 0.0091, rpn_box: 0.0427, rcnn_cls: 0.0689, rcnn_box 0.0537
[session 1][epoch  7][iter  700/1898] loss: 0.1965, lr: 1.00e-04
			fg/bg=(232/792), time cost: 547.448318
			rpn_cls: 0.0096, rpn_box: 0.0218, rcnn_cls: 0.0739, rcnn_box 0.1127
[session 1][epoch  7][iter  800/1898] loss: 0.2041, lr: 1.00e-04
			fg/bg=(230/794), time cost: 550.398121
			rpn_cls: 0.0301, rpn_box: 0.0370, rcnn_cls: 0.1093, rcnn_box 0.0996
[session 1][epoch  7][iter  900/1898] loss: 0.2048, lr: 1.00e-04
			fg/bg=(232/792), time cost: 550.041566
			rpn_cls: 0.0082, rpn_box: 0.0275, rcnn_cls: 0.0547, rcnn_box 0.0507
[session 1][epoch  7][iter 1000/1898] loss: 0.1926, lr: 1.00e-04
			fg/bg=(206/818), time cost: 546.476354
			rpn_cls: 0.0163, rpn_box: 0.0353, rcnn_cls: 0.0295, rcnn_box 0.0686
[session 1][epoch  7][iter 1100/1898] loss: 0.2103, lr: 1.00e-04
			fg/bg=(226/798), time cost: 557.481549
			rpn_cls: 0.0216, rpn_box: 0.0825, rcnn_cls: 0.0448, rcnn_box 0.0631
[session 1][epoch  7][iter 1200/1898] loss: 0.2104, lr: 1.00e-04
			fg/bg=(215/809), time cost: 579.263726
			rpn_cls: 0.0179, rpn_box: 0.0169, rcnn_cls: 0.0572, rcnn_box 0.0967
[session 1][epoch  7][iter 1300/1898] loss: 0.2018, lr: 1.00e-04
			fg/bg=(233/791), time cost: 578.579425
			rpn_cls: 0.0406, rpn_box: 0.0637, rcnn_cls: 0.1025, rcnn_box 0.0623
[session 1][epoch  7][iter 1400/1898] loss: 0.2010, lr: 1.00e-04
			fg/bg=(236/788), time cost: 575.447723
			rpn_cls: 0.0208, rpn_box: 0.0275, rcnn_cls: 0.0639, rcnn_box 0.0819
[session 1][epoch  7][iter 1500/1898] loss: 0.2052, lr: 1.00e-04
			fg/bg=(223/801), time cost: 575.098818
			rpn_cls: 0.0142, rpn_box: 0.0164, rcnn_cls: 0.0465, rcnn_box 0.0729
[session 1][epoch  7][iter 1600/1898] loss: 0.2029, lr: 1.00e-04
			fg/bg=(219/805), time cost: 576.467039
			rpn_cls: 0.0119, rpn_box: 0.0047, rcnn_cls: 0.1022, rcnn_box 0.0641
[session 1][epoch  7][iter 1700/1898] loss: 0.2156, lr: 1.00e-04
			fg/bg=(218/806), time cost: 576.561891
			rpn_cls: 0.0104, rpn_box: 0.0345, rcnn_cls: 0.0462, rcnn_box 0.0666
[session 1][epoch  7][iter 1800/1898] loss: 0.2019, lr: 1.00e-04
			fg/bg=(234/790), time cost: 578.048431
			rpn_cls: 0.0313, rpn_box: 0.0750, rcnn_cls: 0.1502, rcnn_box 0.1000
total training time: 70576.625237
[session 1][epoch  8][iter    0/1898] loss: 0.1781, lr: 1.00e-04
			fg/bg=(200/824), time cost: 6.230165
			rpn_cls: 0.0090, rpn_box: 0.0319, rcnn_cls: 0.0629, rcnn_box 0.0742
[session 1][epoch  8][iter  100/1898] loss: 0.1959, lr: 1.00e-04
			fg/bg=(241/783), time cost: 572.121547
			rpn_cls: 0.0200, rpn_box: 0.0220, rcnn_cls: 0.1081, rcnn_box 0.0567
[session 1][epoch  8][iter  200/1898] loss: 0.1900, lr: 1.00e-04
			fg/bg=(205/819), time cost: 573.672636
			rpn_cls: 0.0134, rpn_box: 0.0071, rcnn_cls: 0.0740, rcnn_box 0.0889
[session 1][epoch  8][iter  300/1898] loss: 0.2176, lr: 1.00e-04
			fg/bg=(256/768), time cost: 572.708977
			rpn_cls: 0.0152, rpn_box: 0.0412, rcnn_cls: 0.1137, rcnn_box 0.1135
[session 1][epoch  8][iter  400/1898] loss: 0.1953, lr: 1.00e-04
			fg/bg=(251/773), time cost: 577.528938
			rpn_cls: 0.0112, rpn_box: 0.0418, rcnn_cls: 0.0901, rcnn_box 0.0796
[session 1][epoch  8][iter  500/1898] loss: 0.1979, lr: 1.00e-04
			fg/bg=(176/848), time cost: 578.253747
			rpn_cls: 0.0224, rpn_box: 0.0051, rcnn_cls: 0.0511, rcnn_box 0.0881
[session 1][epoch  8][iter  600/1898] loss: 0.2001, lr: 1.00e-04
			fg/bg=(195/829), time cost: 575.651319
			rpn_cls: 0.0053, rpn_box: 0.0174, rcnn_cls: 0.0802, rcnn_box 0.0860
[session 1][epoch  8][iter  700/1898] loss: 0.1937, lr: 1.00e-04
			fg/bg=(214/810), time cost: 577.043249
			rpn_cls: 0.0234, rpn_box: 0.0543, rcnn_cls: 0.1275, rcnn_box 0.0633
[session 1][epoch  8][iter  800/1898] loss: 0.1941, lr: 1.00e-04
			fg/bg=(241/783), time cost: 578.488299
			rpn_cls: 0.0287, rpn_box: 0.0194, rcnn_cls: 0.0593, rcnn_box 0.0759
[session 1][epoch  8][iter  900/1898] loss: 0.2051, lr: 1.00e-04
			fg/bg=(207/817), time cost: 578.140371
			rpn_cls: 0.0075, rpn_box: 0.0238, rcnn_cls: 0.0420, rcnn_box 0.0612
[session 1][epoch  8][iter 1000/1898] loss: 0.1993, lr: 1.00e-04
			fg/bg=(213/811), time cost: 576.343522
			rpn_cls: 0.0230, rpn_box: 0.0783, rcnn_cls: 0.0985, rcnn_box 0.1234
[session 1][epoch  8][iter 1100/1898] loss: 0.1811, lr: 1.00e-04
			fg/bg=(227/797), time cost: 578.889865
			rpn_cls: 0.0075, rpn_box: 0.0233, rcnn_cls: 0.0749, rcnn_box 0.0728
[session 1][epoch  8][iter 1200/1898] loss: 0.1908, lr: 1.00e-04
			fg/bg=(250/774), time cost: 579.639016
			rpn_cls: 0.0193, rpn_box: 0.1005, rcnn_cls: 0.0733, rcnn_box 0.0977
[session 1][epoch  8][iter 1300/1898] loss: 0.2010, lr: 1.00e-04
			fg/bg=(207/817), time cost: 577.199543
			rpn_cls: 0.0046, rpn_box: 0.0159, rcnn_cls: 0.0442, rcnn_box 0.0727
[session 1][epoch  8][iter 1400/1898] loss: 0.1809, lr: 1.00e-04
			fg/bg=(256/768), time cost: 578.637382
			rpn_cls: 0.0293, rpn_box: 0.0503, rcnn_cls: 0.2750, rcnn_box 0.0997
[session 1][epoch  8][iter 1500/1898] loss: 0.2017, lr: 1.00e-04
			fg/bg=(189/835), time cost: 575.231708
			rpn_cls: 0.0198, rpn_box: 0.0332, rcnn_cls: 0.0735, rcnn_box 0.0945
[session 1][epoch  8][iter 1600/1898] loss: 0.1908, lr: 1.00e-04
			fg/bg=(229/795), time cost: 578.427240
			rpn_cls: 0.0090, rpn_box: 0.0171, rcnn_cls: 0.0514, rcnn_box 0.0535
[session 1][epoch  8][iter 1700/1898] loss: 0.2037, lr: 1.00e-04
			fg/bg=(177/847), time cost: 577.343447
			rpn_cls: 0.0033, rpn_box: 0.0034, rcnn_cls: 0.0485, rcnn_box 0.0389
[session 1][epoch  8][iter 1800/1898] loss: 0.1949, lr: 1.00e-04
			fg/bg=(256/768), time cost: 576.268279
			rpn_cls: 0.0200, rpn_box: 0.0790, rcnn_cls: 0.0573, rcnn_box 0.0743
total training time: 80964.444490
[session 1][epoch  9][iter    0/1898] loss: 0.2406, lr: 1.00e-04
			fg/bg=(238/786), time cost: 7.048905
			rpn_cls: 0.0276, rpn_box: 0.0585, rcnn_cls: 0.0658, rcnn_box 0.0887
[session 1][epoch  9][iter  100/1898] loss: 0.1912, lr: 1.00e-04
			fg/bg=(190/834), time cost: 574.630667
			rpn_cls: 0.0080, rpn_box: 0.0281, rcnn_cls: 0.0376, rcnn_box 0.0459
[session 1][epoch  9][iter  200/1898] loss: 0.1746, lr: 1.00e-04
			fg/bg=(207/817), time cost: 577.041924
			rpn_cls: 0.0133, rpn_box: 0.0197, rcnn_cls: 0.0396, rcnn_box 0.0463
[session 1][epoch  9][iter  300/1898] loss: 0.1885, lr: 1.00e-04
			fg/bg=(196/828), time cost: 573.847989
			rpn_cls: 0.0053, rpn_box: 0.0076, rcnn_cls: 0.0424, rcnn_box 0.0593
[session 1][epoch  9][iter  400/1898] loss: 0.1846, lr: 1.00e-04
			fg/bg=(256/768), time cost: 573.966105
			rpn_cls: 0.0116, rpn_box: 0.0825, rcnn_cls: 0.0519, rcnn_box 0.0746
[session 1][epoch  9][iter  500/1898] loss: 0.1916, lr: 1.00e-04
			fg/bg=(256/768), time cost: 575.626554
			rpn_cls: 0.0204, rpn_box: 0.0891, rcnn_cls: 0.0848, rcnn_box 0.0755
[session 1][epoch  9][iter  600/1898] loss: 0.1887, lr: 1.00e-04
			fg/bg=(208/816), time cost: 575.366667
			rpn_cls: 0.0083, rpn_box: 0.0335, rcnn_cls: 0.0720, rcnn_box 0.0599
[session 1][epoch  9][iter  700/1898] loss: 0.1872, lr: 1.00e-04
			fg/bg=(212/812), time cost: 575.059318
			rpn_cls: 0.0097, rpn_box: 0.0210, rcnn_cls: 0.0413, rcnn_box 0.0631
[session 1][epoch  9][iter  800/1898] loss: 0.2045, lr: 1.00e-04
			fg/bg=(215/809), time cost: 571.806560
			rpn_cls: 0.0099, rpn_box: 0.0117, rcnn_cls: 0.0662, rcnn_box 0.0684
[session 1][epoch  9][iter  900/1898] loss: 0.2002, lr: 1.00e-04
			fg/bg=(234/790), time cost: 571.998074
			rpn_cls: 0.0036, rpn_box: 0.0173, rcnn_cls: 0.0383, rcnn_box 0.1134
[session 1][epoch  9][iter 1000/1898] loss: 0.1859, lr: 1.00e-04
			fg/bg=(239/785), time cost: 574.365871
			rpn_cls: 0.0078, rpn_box: 0.0457, rcnn_cls: 0.0582, rcnn_box 0.0755
[session 1][epoch  9][iter 1100/1898] loss: 0.1870, lr: 1.00e-04
			fg/bg=(229/795), time cost: 576.209638
			rpn_cls: 0.0155, rpn_box: 0.0655, rcnn_cls: 0.0862, rcnn_box 0.0786
[session 1][epoch  9][iter 1200/1898] loss: 0.2035, lr: 1.00e-04
			fg/bg=(209/815), time cost: 572.044740
			rpn_cls: 0.0079, rpn_box: 0.0302, rcnn_cls: 0.0308, rcnn_box 0.0360
[session 1][epoch  9][iter 1300/1898] loss: 0.1891, lr: 1.00e-04
			fg/bg=(256/768), time cost: 571.461980
			rpn_cls: 0.0177, rpn_box: 0.0996, rcnn_cls: 0.0760, rcnn_box 0.0956
[session 1][epoch  9][iter 1400/1898] loss: 0.1889, lr: 1.00e-04
			fg/bg=(251/773), time cost: 574.709208
			rpn_cls: 0.0148, rpn_box: 0.0088, rcnn_cls: 0.0946, rcnn_box 0.1343
[session 1][epoch  9][iter 1500/1898] loss: 0.1845, lr: 1.00e-04
			fg/bg=(199/825), time cost: 575.407665
			rpn_cls: 0.0094, rpn_box: 0.0250, rcnn_cls: 0.0502, rcnn_box 0.0642
[session 1][epoch  9][iter 1600/1898] loss: 0.1818, lr: 1.00e-04
			fg/bg=(216/808), time cost: 575.652211
			rpn_cls: 0.0106, rpn_box: 0.0294, rcnn_cls: 0.0429, rcnn_box 0.0351
[session 1][epoch  9][iter 1700/1898] loss: 0.1935, lr: 1.00e-04
			fg/bg=(223/801), time cost: 573.324440
			rpn_cls: 0.0125, rpn_box: 0.0216, rcnn_cls: 0.2168, rcnn_box 0.0693
[session 1][epoch  9][iter 1800/1898] loss: 0.1969, lr: 1.00e-04
			fg/bg=(236/788), time cost: 543.012289
			rpn_cls: 0.0023, rpn_box: 0.0182, rcnn_cls: 0.0547, rcnn_box 0.0583
total training time: 91277.025296
[session 1][epoch 10][iter    0/1898] loss: 0.2642, lr: 1.00e-04
			fg/bg=(218/806), time cost: 6.096131
			rpn_cls: 0.0235, rpn_box: 0.0943, rcnn_cls: 0.0731, rcnn_box 0.0732
[session 1][epoch 10][iter  100/1898] loss: 0.1809, lr: 1.00e-04
			fg/bg=(230/794), time cost: 544.723319
			rpn_cls: 0.0102, rpn_box: 0.0293, rcnn_cls: 0.0477, rcnn_box 0.0664
[session 1][epoch 10][iter  200/1898] loss: 0.1805, lr: 1.00e-04
			fg/bg=(236/788), time cost: 545.637341
			rpn_cls: 0.0137, rpn_box: 0.0252, rcnn_cls: 0.0960, rcnn_box 0.0626
[session 1][epoch 10][iter  300/1898] loss: 0.1740, lr: 1.00e-04
			fg/bg=(237/787), time cost: 546.499753
			rpn_cls: 0.0100, rpn_box: 0.0364, rcnn_cls: 0.0728, rcnn_box 0.0900
[session 1][epoch 10][iter  400/1898] loss: 0.1844, lr: 1.00e-04
			fg/bg=(256/768), time cost: 546.166673
			rpn_cls: 0.0207, rpn_box: 0.0853, rcnn_cls: 0.0912, rcnn_box 0.0969
[session 1][epoch 10][iter  500/1898] loss: 0.1863, lr: 1.00e-04
			fg/bg=(224/800), time cost: 544.678685
			rpn_cls: 0.0015, rpn_box: 0.0028, rcnn_cls: 0.0437, rcnn_box 0.0450
[session 1][epoch 10][iter  600/1898] loss: 0.1775, lr: 1.00e-04
			fg/bg=(206/818), time cost: 545.764962
			rpn_cls: 0.0214, rpn_box: 0.0398, rcnn_cls: 0.0759, rcnn_box 0.0909
[session 1][epoch 10][iter  700/1898] loss: 0.1886, lr: 1.00e-04
			fg/bg=(224/800), time cost: 542.476649
			rpn_cls: 0.0069, rpn_box: 0.0329, rcnn_cls: 0.0506, rcnn_box 0.0494
[session 1][epoch 10][iter  800/1898] loss: 0.1776, lr: 1.00e-04
			fg/bg=(215/809), time cost: 546.615233
			rpn_cls: 0.0113, rpn_box: 0.0189, rcnn_cls: 0.0497, rcnn_box 0.0589
[session 1][epoch 10][iter  900/1898] loss: 0.1810, lr: 1.00e-04
			fg/bg=(214/810), time cost: 543.952924
			rpn_cls: 0.0051, rpn_box: 0.0144, rcnn_cls: 0.0356, rcnn_box 0.0606
[session 1][epoch 10][iter 1000/1898] loss: 0.1733, lr: 1.00e-04
			fg/bg=(180/844), time cost: 545.459619
			rpn_cls: 0.0175, rpn_box: 0.0466, rcnn_cls: 0.0731, rcnn_box 0.0897
[session 1][epoch 10][iter 1100/1898] loss: 0.1849, lr: 1.00e-04
			fg/bg=(256/768), time cost: 544.113021
			rpn_cls: 0.0162, rpn_box: 0.0575, rcnn_cls: 0.0650, rcnn_box 0.1150
[session 1][epoch 10][iter 1200/1898] loss: 0.1815, lr: 1.00e-04
			fg/bg=(256/768), time cost: 546.395463
			rpn_cls: 0.0304, rpn_box: 0.0715, rcnn_cls: 0.0685, rcnn_box 0.0783
[session 1][epoch 10][iter 1300/1898] loss: 0.1873, lr: 1.00e-04
			fg/bg=(217/807), time cost: 544.615453
			rpn_cls: 0.0047, rpn_box: 0.0105, rcnn_cls: 0.0423, rcnn_box 0.0340
[session 1][epoch 10][iter 1400/1898] loss: 0.1915, lr: 1.00e-04
			fg/bg=(224/800), time cost: 547.174600
			rpn_cls: 0.0087, rpn_box: 0.0155, rcnn_cls: 0.0725, rcnn_box 0.0683
[session 1][epoch 10][iter 1500/1898] loss: 0.1875, lr: 1.00e-04
			fg/bg=(225/799), time cost: 546.854200
			rpn_cls: 0.0048, rpn_box: 0.0024, rcnn_cls: 0.0249, rcnn_box 0.0362
[session 1][epoch 10][iter 1600/1898] loss: 0.1775, lr: 1.00e-04
			fg/bg=(190/834), time cost: 558.204040
			rpn_cls: 0.0066, rpn_box: 0.0326, rcnn_cls: 0.0600, rcnn_box 0.0534
[session 1][epoch 10][iter 1700/1898] loss: 0.2042, lr: 1.00e-04
			fg/bg=(237/787), time cost: 567.121641
			rpn_cls: 0.0048, rpn_box: 0.0220, rcnn_cls: 0.0692, rcnn_box 0.0912
[session 1][epoch 10][iter 1800/1898] loss: 0.1844, lr: 1.00e-04
			fg/bg=(216/808), time cost: 569.111451
			rpn_cls: 0.0166, rpn_box: 0.0366, rcnn_cls: 0.0910, rcnn_box 0.0872
total training time: 101158.686456
[session 1][epoch 11][iter    0/1898] loss: 0.2500, lr: 1.00e-04
			fg/bg=(256/768), time cost: 6.240920
			rpn_cls: 0.0242, rpn_box: 0.0909, rcnn_cls: 0.0630, rcnn_box 0.0718
[session 1][epoch 11][iter  100/1898] loss: 0.1838, lr: 1.00e-04
			fg/bg=(207/817), time cost: 563.401505
			rpn_cls: 0.0194, rpn_box: 0.0392, rcnn_cls: 0.1395, rcnn_box 0.0830
[session 1][epoch 11][iter  200/1898] loss: 0.1788, lr: 1.00e-04
			fg/bg=(224/800), time cost: 573.074708
			rpn_cls: 0.0090, rpn_box: 0.0671, rcnn_cls: 0.0716, rcnn_box 0.0834
[session 1][epoch 11][iter  300/1898] loss: 0.1741, lr: 1.00e-04
			fg/bg=(221/803), time cost: 572.853134
			rpn_cls: 0.0299, rpn_box: 0.0975, rcnn_cls: 0.1099, rcnn_box 0.0895
[session 1][epoch 11][iter  400/1898] loss: 0.1871, lr: 1.00e-04
			fg/bg=(213/811), time cost: 567.862134
			rpn_cls: 0.0078, rpn_box: 0.0085, rcnn_cls: 0.0509, rcnn_box 0.0827
[session 1][epoch 11][iter  500/1898] loss: 0.1735, lr: 1.00e-04
			fg/bg=(242/782), time cost: 548.624332
			rpn_cls: 0.0170, rpn_box: 0.0262, rcnn_cls: 0.0841, rcnn_box 0.0699
[session 1][epoch 11][iter  600/1898] loss: 0.1668, lr: 1.00e-04
			fg/bg=(210/814), time cost: 547.398871
			rpn_cls: 0.0314, rpn_box: 0.1264, rcnn_cls: 0.0764, rcnn_box 0.0782
[session 1][epoch 11][iter  700/1898] loss: 0.1685, lr: 1.00e-04
			fg/bg=(256/768), time cost: 549.749389
			rpn_cls: 0.0220, rpn_box: 0.0232, rcnn_cls: 0.0745, rcnn_box 0.0735
[session 1][epoch 11][iter  800/1898] loss: 0.1877, lr: 1.00e-04
			fg/bg=(220/804), time cost: 547.264675
			rpn_cls: 0.0483, rpn_box: 0.0990, rcnn_cls: 0.1220, rcnn_box 0.1077
[session 1][epoch 11][iter  900/1898] loss: 0.1721, lr: 1.00e-04
			fg/bg=(229/795), time cost: 549.495416
			rpn_cls: 0.0087, rpn_box: 0.0213, rcnn_cls: 0.0629, rcnn_box 0.0705
[session 1][epoch 11][iter 1000/1898] loss: 0.1780, lr: 1.00e-04
			fg/bg=(237/787), time cost: 550.219169
			rpn_cls: 0.0142, rpn_box: 0.0125, rcnn_cls: 0.0536, rcnn_box 0.0670
[session 1][epoch 11][iter 1100/1898] loss: 0.1863, lr: 1.00e-04
			fg/bg=(231/793), time cost: 547.690804
			rpn_cls: 0.0326, rpn_box: 0.0225, rcnn_cls: 0.1001, rcnn_box 0.0949
[session 1][epoch 11][iter 1200/1898] loss: 0.1815, lr: 1.00e-04
			fg/bg=(184/840), time cost: 548.660967
			rpn_cls: 0.0149, rpn_box: 0.0343, rcnn_cls: 0.0493, rcnn_box 0.0648
[session 1][epoch 11][iter 1300/1898] loss: 0.1867, lr: 1.00e-04
			fg/bg=(256/768), time cost: 549.000390
			rpn_cls: 0.0136, rpn_box: 0.0945, rcnn_cls: 0.0943, rcnn_box 0.0817
[session 1][epoch 11][iter 1400/1898] loss: 0.1731, lr: 1.00e-04
			fg/bg=(171/853), time cost: 551.576994
			rpn_cls: 0.0022, rpn_box: 0.0021, rcnn_cls: 0.0400, rcnn_box 0.0472
[session 1][epoch 11][iter 1500/1898] loss: 0.1791, lr: 1.00e-04
			fg/bg=(220/804), time cost: 548.921927
			rpn_cls: 0.0117, rpn_box: 0.0602, rcnn_cls: 0.0767, rcnn_box 0.0952
[session 1][epoch 11][iter 1600/1898] loss: 0.1628, lr: 1.00e-04
			fg/bg=(186/838), time cost: 549.058870
			rpn_cls: 0.0055, rpn_box: 0.0040, rcnn_cls: 0.0530, rcnn_box 0.0650
[session 1][epoch 11][iter 1700/1898] loss: 0.1913, lr: 1.00e-04
			fg/bg=(228/796), time cost: 548.598016
			rpn_cls: 0.0331, rpn_box: 0.0169, rcnn_cls: 0.0765, rcnn_box 0.1179
[session 1][epoch 11][iter 1800/1898] loss: 0.1784, lr: 1.00e-04
			fg/bg=(192/832), time cost: 549.346009
			rpn_cls: 0.0087, rpn_box: 0.0313, rcnn_cls: 0.1285, rcnn_box 0.0520
total training time: 111127.724685
[session 1][epoch 12][iter    0/1898] loss: 0.1264, lr: 1.00e-05
			fg/bg=(229/795), time cost: 6.256244
			rpn_cls: 0.0044, rpn_box: 0.0142, rcnn_cls: 0.0453, rcnn_box 0.0625
[session 1][epoch 12][iter  100/1898] loss: 0.1760, lr: 1.00e-05
			fg/bg=(252/772), time cost: 542.335710
			rpn_cls: 0.0171, rpn_box: 0.0957, rcnn_cls: 0.0404, rcnn_box 0.0699
[session 1][epoch 12][iter  200/1898] loss: 0.1819, lr: 1.00e-05
			fg/bg=(230/794), time cost: 541.396372
			rpn_cls: 0.0265, rpn_box: 0.0975, rcnn_cls: 0.0842, rcnn_box 0.0818
[session 1][epoch 12][iter  300/1898] loss: 0.1827, lr: 1.00e-05
			fg/bg=(206/818), time cost: 542.293826
			rpn_cls: 0.0085, rpn_box: 0.0245, rcnn_cls: 0.0402, rcnn_box 0.0462
[session 1][epoch 12][iter  400/1898] loss: 0.1684, lr: 1.00e-05
			fg/bg=(217/807), time cost: 540.892776
			rpn_cls: 0.0212, rpn_box: 0.0162, rcnn_cls: 0.0554, rcnn_box 0.0790
[session 1][epoch 12][iter  500/1898] loss: 0.1725, lr: 1.00e-05
			fg/bg=(232/792), time cost: 543.528476
			rpn_cls: 0.0114, rpn_box: 0.0188, rcnn_cls: 0.0675, rcnn_box 0.0729
[session 1][epoch 12][iter  600/1898] loss: 0.1678, lr: 1.00e-05
			fg/bg=(198/826), time cost: 543.956519
			rpn_cls: 0.0164, rpn_box: 0.0239, rcnn_cls: 0.0385, rcnn_box 0.0629
[session 1][epoch 12][iter  700/1898] loss: 0.1655, lr: 1.00e-05
			fg/bg=(215/809), time cost: 541.700001
			rpn_cls: 0.0088, rpn_box: 0.0077, rcnn_cls: 0.0498, rcnn_box 0.0448
[session 1][epoch 12][iter  800/1898] loss: 0.1639, lr: 1.00e-05
			fg/bg=(246/778), time cost: 541.482490
			rpn_cls: 0.0054, rpn_box: 0.0066, rcnn_cls: 0.0352, rcnn_box 0.0518
[session 1][epoch 12][iter  900/1898] loss: 0.1825, lr: 1.00e-05
			fg/bg=(202/822), time cost: 541.834430
			rpn_cls: 0.0209, rpn_box: 0.0695, rcnn_cls: 0.0477, rcnn_box 0.0820
[session 1][epoch 12][iter 1000/1898] loss: 0.1786, lr: 1.00e-05
			fg/bg=(203/821), time cost: 539.734240
			rpn_cls: 0.0123, rpn_box: 0.0835, rcnn_cls: 0.0572, rcnn_box 0.0563
[session 1][epoch 12][iter 1100/1898] loss: 0.1617, lr: 1.00e-05
			fg/bg=(156/868), time cost: 540.635458
			rpn_cls: 0.0109, rpn_box: 0.0521, rcnn_cls: 0.0306, rcnn_box 0.0460
[session 1][epoch 12][iter 1200/1898] loss: 0.1645, lr: 1.00e-05
			fg/bg=(256/768), time cost: 542.168248
			rpn_cls: 0.0157, rpn_box: 0.1220, rcnn_cls: 0.0782, rcnn_box 0.0931
[session 1][epoch 12][iter 1300/1898] loss: 0.1765, lr: 1.00e-05
			fg/bg=(256/768), time cost: 539.315490
			rpn_cls: 0.0085, rpn_box: 0.0262, rcnn_cls: 0.0747, rcnn_box 0.0547
[session 1][epoch 12][iter 1400/1898] loss: 0.1655, lr: 1.00e-05
			fg/bg=(235/789), time cost: 556.269197
			rpn_cls: 0.0098, rpn_box: 0.0154, rcnn_cls: 0.0511, rcnn_box 0.0642
[session 1][epoch 12][iter 1500/1898] loss: 0.1726, lr: 1.00e-05
			fg/bg=(226/798), time cost: 567.274300
			rpn_cls: 0.0245, rpn_box: 0.0469, rcnn_cls: 0.0867, rcnn_box 0.0591
[session 1][epoch 12][iter 1600/1898] loss: 0.1625, lr: 1.00e-05
			fg/bg=(221/803), time cost: 565.523337
			rpn_cls: 0.0153, rpn_box: 0.0538, rcnn_cls: 0.1600, rcnn_box 0.0569
[session 1][epoch 12][iter 1700/1898] loss: 0.1683, lr: 1.00e-05
			fg/bg=(215/809), time cost: 559.632561
			rpn_cls: 0.0035, rpn_box: 0.0091, rcnn_cls: 0.0240, rcnn_box 0.0471
[session 1][epoch 12][iter 1800/1898] loss: 0.1764, lr: 1.00e-05
			fg/bg=(253/771), time cost: 547.108346
			rpn_cls: 0.0172, rpn_box: 0.0787, rcnn_cls: 0.0621, rcnn_box 0.0724
total training time: 120971.062704
[session 1][epoch 13][iter    0/1898] loss: 0.2072, lr: 1.00e-05
			fg/bg=(216/808), time cost: 6.577985
			rpn_cls: 0.0197, rpn_box: 0.0395, rcnn_cls: 0.0824, rcnn_box 0.0656
[session 1][epoch 13][iter  100/1898] loss: 0.1735, lr: 1.00e-05
			fg/bg=(241/783), time cost: 567.477135
			rpn_cls: 0.0199, rpn_box: 0.0690, rcnn_cls: 0.0308, rcnn_box 0.0615
[session 1][epoch 13][iter  200/1898] loss: 0.1647, lr: 1.00e-05
			fg/bg=(169/855), time cost: 562.462988
			rpn_cls: 0.0057, rpn_box: 0.0247, rcnn_cls: 0.0398, rcnn_box 0.0545
[session 1][epoch 13][iter  300/1898] loss: 0.1774, lr: 1.00e-05
			fg/bg=(201/823), time cost: 549.447010
			rpn_cls: 0.0101, rpn_box: 0.0419, rcnn_cls: 0.0819, rcnn_box 0.1030
[session 1][epoch 13][iter  400/1898] loss: 0.1600, lr: 1.00e-05
			fg/bg=(242/782), time cost: 540.197964
			rpn_cls: 0.0115, rpn_box: 0.0093, rcnn_cls: 0.1077, rcnn_box 0.0727
[session 1][epoch 13][iter  500/1898] loss: 0.1744, lr: 1.00e-05
			fg/bg=(194/830), time cost: 545.576416
			rpn_cls: 0.0050, rpn_box: 0.0173, rcnn_cls: 0.0490, rcnn_box 0.0518
[session 1][epoch 13][iter  600/1898] loss: 0.1646, lr: 1.00e-05
			fg/bg=(255/769), time cost: 544.775525
			rpn_cls: 0.0281, rpn_box: 0.0284, rcnn_cls: 0.0883, rcnn_box 0.0621
[session 1][epoch 13][iter  700/1898] loss: 0.1579, lr: 1.00e-05
			fg/bg=(181/843), time cost: 545.001458
			rpn_cls: 0.0177, rpn_box: 0.0305, rcnn_cls: 0.0478, rcnn_box 0.0430
[session 1][epoch 13][iter  800/1898] loss: 0.1560, lr: 1.00e-05
			fg/bg=(212/812), time cost: 555.225014
			rpn_cls: 0.0042, rpn_box: 0.0336, rcnn_cls: 0.0456, rcnn_box 0.0492
[session 1][epoch 13][iter  900/1898] loss: 0.1867, lr: 1.00e-05
			fg/bg=(207/817), time cost: 567.929322
			rpn_cls: 0.0311, rpn_box: 0.0647, rcnn_cls: 0.0610, rcnn_box 0.0606
[session 1][epoch 13][iter 1000/1898] loss: 0.1670, lr: 1.00e-05
			fg/bg=(219/805), time cost: 565.491474
			rpn_cls: 0.0134, rpn_box: 0.0176, rcnn_cls: 0.0372, rcnn_box 0.0685
[session 1][epoch 13][iter 1100/1898] loss: 0.1779, lr: 1.00e-05
			fg/bg=(214/810), time cost: 562.057636
			rpn_cls: 0.0011, rpn_box: 0.0029, rcnn_cls: 0.0482, rcnn_box 0.0424
[session 1][epoch 13][iter 1200/1898] loss: 0.1639, lr: 1.00e-05
			fg/bg=(129/895), time cost: 557.730246
			rpn_cls: 0.0060, rpn_box: 0.0350, rcnn_cls: 0.0263, rcnn_box 0.0359
[session 1][epoch 13][iter 1300/1898] loss: 0.1712, lr: 1.00e-05
			fg/bg=(247/777), time cost: 548.571100
			rpn_cls: 0.0054, rpn_box: 0.0103, rcnn_cls: 0.0567, rcnn_box 0.0459
[session 1][epoch 13][iter 1400/1898] loss: 0.1690, lr: 1.00e-05
			fg/bg=(205/819), time cost: 562.505225
			rpn_cls: 0.0045, rpn_box: 0.0042, rcnn_cls: 0.0291, rcnn_box 0.0516
[session 1][epoch 13][iter 1500/1898] loss: 0.1699, lr: 1.00e-05
			fg/bg=(237/787), time cost: 565.127844
			rpn_cls: 0.0056, rpn_box: 0.0058, rcnn_cls: 0.0357, rcnn_box 0.0528
[session 1][epoch 13][iter 1600/1898] loss: 0.1781, lr: 1.00e-05
			fg/bg=(230/794), time cost: 559.815812
			rpn_cls: 0.0246, rpn_box: 0.0238, rcnn_cls: 0.0953, rcnn_box 0.0862
[session 1][epoch 13][iter 1700/1898] loss: 0.1685, lr: 1.00e-05
			fg/bg=(226/798), time cost: 553.070865
			rpn_cls: 0.0041, rpn_box: 0.0160, rcnn_cls: 0.0308, rcnn_box 0.0434
[session 1][epoch 13][iter 1800/1898] loss: 0.1771, lr: 1.00e-05
			fg/bg=(206/818), time cost: 546.812386
			rpn_cls: 0.0169, rpn_box: 0.0394, rcnn_cls: 0.0523, rcnn_box 0.0534
total training time: 130976.916107
[session 1][epoch 14][iter    0/1898] loss: 0.1856, lr: 1.00e-05
			fg/bg=(223/801), time cost: 6.288731
			rpn_cls: 0.0095, rpn_box: 0.0343, rcnn_cls: 0.0891, rcnn_box 0.0527
[session 1][epoch 14][iter  100/1898] loss: 0.1643, lr: 1.00e-05
			fg/bg=(232/792), time cost: 544.127806
			rpn_cls: 0.0080, rpn_box: 0.0041, rcnn_cls: 0.0514, rcnn_box 0.0560
[session 1][epoch 14][iter  200/1898] loss: 0.1684, lr: 1.00e-05
			fg/bg=(230/794), time cost: 542.726220
			rpn_cls: 0.0030, rpn_box: 0.0050, rcnn_cls: 0.0387, rcnn_box 0.0621
[session 1][epoch 14][iter  300/1898] loss: 0.1756, lr: 1.00e-05
			fg/bg=(205/819), time cost: 542.031141
			rpn_cls: 0.0118, rpn_box: 0.0318, rcnn_cls: 0.1294, rcnn_box 0.1019
[session 1][epoch 14][iter  400/1898] loss: 0.1673, lr: 1.00e-05
			fg/bg=(256/768), time cost: 541.661566
			rpn_cls: 0.0139, rpn_box: 0.0348, rcnn_cls: 0.0444, rcnn_box 0.0595
[session 1][epoch 14][iter  500/1898] loss: 0.1629, lr: 1.00e-05
			fg/bg=(181/843), time cost: 543.422289
			rpn_cls: 0.0065, rpn_box: 0.0025, rcnn_cls: 0.0422, rcnn_box 0.0485
[session 1][epoch 14][iter  600/1898] loss: 0.1682, lr: 1.00e-05
			fg/bg=(202/822), time cost: 541.174379
			rpn_cls: 0.0115, rpn_box: 0.0176, rcnn_cls: 0.0670, rcnn_box 0.0650
[session 1][epoch 14][iter  700/1898] loss: 0.1652, lr: 1.00e-05
			fg/bg=(181/843), time cost: 544.053083
			rpn_cls: 0.0058, rpn_box: 0.0147, rcnn_cls: 0.0382, rcnn_box 0.0569
[session 1][epoch 14][iter  800/1898] loss: 0.1859, lr: 1.00e-05
			fg/bg=(210/814), time cost: 541.982489
			rpn_cls: 0.0028, rpn_box: 0.0038, rcnn_cls: 0.0320, rcnn_box 0.0439
[session 1][epoch 14][iter  900/1898] loss: 0.1799, lr: 1.00e-05
			fg/bg=(220/804), time cost: 541.469004
			rpn_cls: 0.0186, rpn_box: 0.0691, rcnn_cls: 0.0524, rcnn_box 0.0554
[session 1][epoch 14][iter 1000/1898] loss: 0.1771, lr: 1.00e-05
			fg/bg=(230/794), time cost: 541.527713
			rpn_cls: 0.0046, rpn_box: 0.0140, rcnn_cls: 0.0471, rcnn_box 0.0326
[session 1][epoch 14][iter 1100/1898] loss: 0.1672, lr: 1.00e-05
			fg/bg=(214/810), time cost: 542.244730
			rpn_cls: 0.0063, rpn_box: 0.0454, rcnn_cls: 0.0416, rcnn_box 0.0518
[session 1][epoch 14][iter 1200/1898] loss: 0.1645, lr: 1.00e-05
			fg/bg=(222/802), time cost: 543.323546
			rpn_cls: 0.0042, rpn_box: 0.0106, rcnn_cls: 0.0461, rcnn_box 0.0469
[session 1][epoch 14][iter 1300/1898] loss: 0.1707, lr: 1.00e-05
			fg/bg=(256/768), time cost: 544.320026
			rpn_cls: 0.0215, rpn_box: 0.0723, rcnn_cls: 0.0601, rcnn_box 0.0736
[session 1][epoch 14][iter 1400/1898] loss: 0.1633, lr: 1.00e-05
			fg/bg=(198/826), time cost: 541.370062
			rpn_cls: 0.0086, rpn_box: 0.0191, rcnn_cls: 0.0776, rcnn_box 0.0762
[session 1][epoch 14][iter 1500/1898] loss: 0.1780, lr: 1.00e-05
			fg/bg=(203/821), time cost: 540.305091
			rpn_cls: 0.0278, rpn_box: 0.0267, rcnn_cls: 0.1374, rcnn_box 0.0984
[session 1][epoch 14][iter 1600/1898] loss: 0.1573, lr: 1.00e-05
			fg/bg=(222/802), time cost: 542.575976
			rpn_cls: 0.0106, rpn_box: 0.0092, rcnn_cls: 0.0481, rcnn_box 0.0600
[session 1][epoch 14][iter 1700/1898] loss: 0.1739, lr: 1.00e-05
			fg/bg=(236/788), time cost: 543.183287
			rpn_cls: 0.0142, rpn_box: 0.0618, rcnn_cls: 0.0389, rcnn_box 0.0525
[session 1][epoch 14][iter 1800/1898] loss: 0.1720, lr: 1.00e-05
			fg/bg=(223/801), time cost: 542.280624
			rpn_cls: 0.0060, rpn_box: 0.0521, rcnn_cls: 0.0545, rcnn_box 0.0544
total training time: 140746.983870
[session 1][epoch 15][iter    0/1898] loss: 0.0835, lr: 1.00e-05
			fg/bg=(190/834), time cost: 6.213396
			rpn_cls: 0.0088, rpn_box: 0.0083, rcnn_cls: 0.0375, rcnn_box 0.0289
[session 1][epoch 15][iter  100/1898] loss: 0.1597, lr: 1.00e-05
			fg/bg=(225/799), time cost: 543.010468
			rpn_cls: 0.0163, rpn_box: 0.0443, rcnn_cls: 0.0299, rcnn_box 0.0402
[session 1][epoch 15][iter  200/1898] loss: 0.1717, lr: 1.00e-05
			fg/bg=(231/793), time cost: 541.973473
			rpn_cls: 0.0061, rpn_box: 0.0173, rcnn_cls: 0.0308, rcnn_box 0.0541
[session 1][epoch 15][iter  300/1898] loss: 0.1661, lr: 1.00e-05
			fg/bg=(204/820), time cost: 540.712080
			rpn_cls: 0.0087, rpn_box: 0.0106, rcnn_cls: 0.0531, rcnn_box 0.0674
[session 1][epoch 15][iter  400/1898] loss: 0.1771, lr: 1.00e-05
			fg/bg=(194/830), time cost: 541.377533
			rpn_cls: 0.0160, rpn_box: 0.0289, rcnn_cls: 0.0684, rcnn_box 0.0520
[session 1][epoch 15][iter  500/1898] loss: 0.1581, lr: 1.00e-05
			fg/bg=(199/825), time cost: 542.768927
			rpn_cls: 0.0143, rpn_box: 0.0454, rcnn_cls: 0.0698, rcnn_box 0.0524
[session 1][epoch 15][iter  600/1898] loss: 0.1634, lr: 1.00e-05
			fg/bg=(218/806), time cost: 542.364387
			rpn_cls: 0.0091, rpn_box: 0.0268, rcnn_cls: 0.0633, rcnn_box 0.0868
[session 1][epoch 15][iter  700/1898] loss: 0.1580, lr: 1.00e-05
			fg/bg=(235/789), time cost: 544.072732
			rpn_cls: 0.0034, rpn_box: 0.0064, rcnn_cls: 0.0315, rcnn_box 0.0453
[session 1][epoch 15][iter  800/1898] loss: 0.1634, lr: 1.00e-05
			fg/bg=(216/808), time cost: 541.795207
			rpn_cls: 0.0073, rpn_box: 0.0225, rcnn_cls: 0.0300, rcnn_box 0.0365
[session 1][epoch 15][iter  900/1898] loss: 0.1619, lr: 1.00e-05
			fg/bg=(233/791), time cost: 542.539408
			rpn_cls: 0.0072, rpn_box: 0.0073, rcnn_cls: 0.0646, rcnn_box 0.0626
[session 1][epoch 15][iter 1000/1898] loss: 0.1762, lr: 1.00e-05
			fg/bg=(195/829), time cost: 542.307147
			rpn_cls: 0.0056, rpn_box: 0.0384, rcnn_cls: 0.0384, rcnn_box 0.0380
[session 1][epoch 15][iter 1100/1898] loss: 0.1762, lr: 1.00e-05
			fg/bg=(194/830), time cost: 541.263462
			rpn_cls: 0.0087, rpn_box: 0.0022, rcnn_cls: 0.0318, rcnn_box 0.0577
[session 1][epoch 15][iter 1200/1898] loss: 0.1721, lr: 1.00e-05
			fg/bg=(256/768), time cost: 542.018379
			rpn_cls: 0.0125, rpn_box: 0.0743, rcnn_cls: 0.0836, rcnn_box 0.0889
[session 1][epoch 15][iter 1300/1898] loss: 0.1746, lr: 1.00e-05
			fg/bg=(229/795), time cost: 543.170748
			rpn_cls: 0.0203, rpn_box: 0.0656, rcnn_cls: 0.0710, rcnn_box 0.0985
[session 1][epoch 15][iter 1400/1898] loss: 0.1602, lr: 1.00e-05
			fg/bg=(255/769), time cost: 545.907489
			rpn_cls: 0.0183, rpn_box: 0.0199, rcnn_cls: 0.0431, rcnn_box 0.0798
[session 1][epoch 15][iter 1500/1898] loss: 0.1725, lr: 1.00e-05
			fg/bg=(213/811), time cost: 541.364274
			rpn_cls: 0.0026, rpn_box: 0.0253, rcnn_cls: 0.0534, rcnn_box 0.0395
[session 1][epoch 15][iter 1600/1898] loss: 0.1763, lr: 1.00e-05
			fg/bg=(227/797), time cost: 540.807180
			rpn_cls: 0.0085, rpn_box: 0.0820, rcnn_cls: 0.0698, rcnn_box 0.0559
[session 1][epoch 15][iter 1700/1898] loss: 0.1690, lr: 1.00e-05
			fg/bg=(228/796), time cost: 540.222774
			rpn_cls: 0.0124, rpn_box: 0.0055, rcnn_cls: 0.0624, rcnn_box 0.0509
[session 1][epoch 15][iter 1800/1898] loss: 0.1722, lr: 1.00e-05
			fg/bg=(256/768), time cost: 544.279485
			rpn_cls: 0.0152, rpn_box: 0.0945, rcnn_cls: 0.0595, rcnn_box 0.0552
total training time: 150515.152418
[session 1][epoch 16][iter    0/1898] loss: 0.1491, lr: 1.00e-05
			fg/bg=(202/822), time cost: 6.229609
			rpn_cls: 0.0111, rpn_box: 0.0155, rcnn_cls: 0.0785, rcnn_box 0.0440
[session 1][epoch 16][iter  100/1898] loss: 0.1801, lr: 1.00e-05
			fg/bg=(246/778), time cost: 555.987522
			rpn_cls: 0.0455, rpn_box: 0.0203, rcnn_cls: 0.1202, rcnn_box 0.1449
[session 1][epoch 16][iter  200/1898] loss: 0.1680, lr: 1.00e-05
			fg/bg=(222/802), time cost: 573.189205
			rpn_cls: 0.0056, rpn_box: 0.0056, rcnn_cls: 0.0755, rcnn_box 0.1038
[session 1][epoch 16][iter  300/1898] loss: 0.1626, lr: 1.00e-05
			fg/bg=(212/812), time cost: 570.228955
			rpn_cls: 0.0053, rpn_box: 0.0039, rcnn_cls: 0.0416, rcnn_box 0.0480
[session 1][epoch 16][iter  400/1898] loss: 0.1584, lr: 1.00e-05
			fg/bg=(233/791), time cost: 570.955809
			rpn_cls: 0.0126, rpn_box: 0.0150, rcnn_cls: 0.0516, rcnn_box 0.0430
[session 1][epoch 16][iter  500/1898] loss: 0.1750, lr: 1.00e-05
			fg/bg=(236/788), time cost: 569.287153
			rpn_cls: 0.0089, rpn_box: 0.0370, rcnn_cls: 0.0466, rcnn_box 0.0698
[session 1][epoch 16][iter  600/1898] loss: 0.1669, lr: 1.00e-05
			fg/bg=(241/783), time cost: 570.212780
			rpn_cls: 0.0185, rpn_box: 0.0477, rcnn_cls: 0.0630, rcnn_box 0.0636
[session 1][epoch 16][iter  700/1898] loss: 0.1627, lr: 1.00e-05
			fg/bg=(212/812), time cost: 573.801223
			rpn_cls: 0.0069, rpn_box: 0.0459, rcnn_cls: 0.0328, rcnn_box 0.0441
[session 1][epoch 16][iter  800/1898] loss: 0.1770, lr: 1.00e-05
			fg/bg=(177/847), time cost: 578.505312
			rpn_cls: 0.0073, rpn_box: 0.0260, rcnn_cls: 0.0348, rcnn_box 0.0568
[session 1][epoch 16][iter  900/1898] loss: 0.1749, lr: 1.00e-05
			fg/bg=(229/795), time cost: 573.383200
			rpn_cls: 0.0087, rpn_box: 0.0415, rcnn_cls: 0.1071, rcnn_box 0.0701
[session 1][epoch 16][iter 1000/1898] loss: 0.1634, lr: 1.00e-05
			fg/bg=(210/814), time cost: 572.259061
			rpn_cls: 0.0236, rpn_box: 0.0247, rcnn_cls: 0.0605, rcnn_box 0.0881
[session 1][epoch 16][iter 1100/1898] loss: 0.1730, lr: 1.00e-05
			fg/bg=(250/774), time cost: 570.900758
			rpn_cls: 0.0208, rpn_box: 0.0157, rcnn_cls: 0.0723, rcnn_box 0.0855
[session 1][epoch 16][iter 1200/1898] loss: 0.1730, lr: 1.00e-05
			fg/bg=(187/837), time cost: 573.449584
			rpn_cls: 0.0036, rpn_box: 0.0197, rcnn_cls: 0.0394, rcnn_box 0.0493
[session 1][epoch 16][iter 1300/1898] loss: 0.1567, lr: 1.00e-05
			fg/bg=(237/787), time cost: 578.040957
			rpn_cls: 0.0040, rpn_box: 0.0152, rcnn_cls: 0.0304, rcnn_box 0.0427
[session 1][epoch 16][iter 1400/1898] loss: 0.1775, lr: 1.00e-05
			fg/bg=(256/768), time cost: 575.254838
			rpn_cls: 0.0155, rpn_box: 0.0635, rcnn_cls: 0.0896, rcnn_box 0.0830
[session 1][epoch 16][iter 1500/1898] loss: 0.1620, lr: 1.00e-05
			fg/bg=(223/801), time cost: 577.169219
			rpn_cls: 0.0106, rpn_box: 0.0317, rcnn_cls: 0.0570, rcnn_box 0.0517
[session 1][epoch 16][iter 1600/1898] loss: 0.1683, lr: 1.00e-05
			fg/bg=(221/803), time cost: 576.607034
			rpn_cls: 0.0203, rpn_box: 0.0671, rcnn_cls: 0.0960, rcnn_box 0.1016
[session 1][epoch 16][iter 1700/1898] loss: 0.1673, lr: 1.00e-05
			fg/bg=(216/808), time cost: 576.021788
			rpn_cls: 0.0070, rpn_box: 0.0374, rcnn_cls: 0.0588, rcnn_box 0.0380
[session 1][epoch 16][iter 1800/1898] loss: 0.1613, lr: 1.00e-05
			fg/bg=(202/822), time cost: 577.699046
			rpn_cls: 0.0085, rpn_box: 0.0194, rcnn_cls: 0.0493, rcnn_box 0.0603
total training time: 160834.335470
[session 1][epoch 17][iter    0/1898] loss: 0.1193, lr: 1.00e-05
			fg/bg=(241/783), time cost: 6.495750
			rpn_cls: 0.0118, rpn_box: 0.0096, rcnn_cls: 0.0562, rcnn_box 0.0417
[session 1][epoch 17][iter  100/1898] loss: 0.1655, lr: 1.00e-05
			fg/bg=(247/777), time cost: 571.836264
			rpn_cls: 0.0118, rpn_box: 0.0845, rcnn_cls: 0.0798, rcnn_box 0.0673
[session 1][epoch 17][iter  200/1898] loss: 0.1742, lr: 1.00e-05
			fg/bg=(229/795), time cost: 569.158957
			rpn_cls: 0.0031, rpn_box: 0.0019, rcnn_cls: 0.0502, rcnn_box 0.0453
[session 1][epoch 17][iter  300/1898] loss: 0.1718, lr: 1.00e-05
			fg/bg=(212/812), time cost: 566.605520
			rpn_cls: 0.0042, rpn_box: 0.0133, rcnn_cls: 0.0301, rcnn_box 0.0516
[session 1][epoch 17][iter  400/1898] loss: 0.1644, lr: 1.00e-05
			fg/bg=(234/790), time cost: 568.815243
			rpn_cls: 0.0325, rpn_box: 0.0669, rcnn_cls: 0.1507, rcnn_box 0.0907
[session 1][epoch 17][iter  500/1898] loss: 0.1602, lr: 1.00e-05
			fg/bg=(235/789), time cost: 569.463217
			rpn_cls: 0.0103, rpn_box: 0.0304, rcnn_cls: 0.0673, rcnn_box 0.0616
[session 1][epoch 17][iter  600/1898] loss: 0.1667, lr: 1.00e-05
			fg/bg=(190/834), time cost: 569.501388
			rpn_cls: 0.0065, rpn_box: 0.0037, rcnn_cls: 0.0633, rcnn_box 0.0514
[session 1][epoch 17][iter  700/1898] loss: 0.1649, lr: 1.00e-05
			fg/bg=(228/796), time cost: 568.374178
			rpn_cls: 0.0115, rpn_box: 0.0557, rcnn_cls: 0.0565, rcnn_box 0.0650
[session 1][epoch 17][iter  800/1898] loss: 0.1744, lr: 1.00e-05
			fg/bg=(256/768), time cost: 569.504792
			rpn_cls: 0.0253, rpn_box: 0.0659, rcnn_cls: 0.0779, rcnn_box 0.0773
[session 1][epoch 17][iter  900/1898] loss: 0.1632, lr: 1.00e-05
			fg/bg=(256/768), time cost: 567.774303
			rpn_cls: 0.0161, rpn_box: 0.0766, rcnn_cls: 0.0585, rcnn_box 0.0574
[session 1][epoch 17][iter 1000/1898] loss: 0.1741, lr: 1.00e-05
			fg/bg=(233/791), time cost: 567.811350
			rpn_cls: 0.0225, rpn_box: 0.0670, rcnn_cls: 0.0508, rcnn_box 0.0500
[session 1][epoch 17][iter 1100/1898] loss: 0.1688, lr: 1.00e-05
			fg/bg=(213/811), time cost: 569.986076
			rpn_cls: 0.0044, rpn_box: 0.0214, rcnn_cls: 0.0581, rcnn_box 0.0492
[session 1][epoch 17][iter 1200/1898] loss: 0.1683, lr: 1.00e-05
			fg/bg=(237/787), time cost: 571.422408
			rpn_cls: 0.0023, rpn_box: 0.0261, rcnn_cls: 0.0576, rcnn_box 0.0569
[session 1][epoch 17][iter 1300/1898] loss: 0.1727, lr: 1.00e-05
			fg/bg=(240/784), time cost: 570.765659
			rpn_cls: 0.0147, rpn_box: 0.0569, rcnn_cls: 0.2946, rcnn_box 0.0890
[session 1][epoch 17][iter 1400/1898] loss: 0.1725, lr: 1.00e-05
			fg/bg=(256/768), time cost: 582.677664
			rpn_cls: 0.0186, rpn_box: 0.0705, rcnn_cls: 0.0647, rcnn_box 0.0699
[session 1][epoch 17][iter 1500/1898] loss: 0.1661, lr: 1.00e-05
			fg/bg=(256/768), time cost: 585.073570
			rpn_cls: 0.0210, rpn_box: 0.0701, rcnn_cls: 0.0526, rcnn_box 0.0413
[session 1][epoch 17][iter 1600/1898] loss: 0.1736, lr: 1.00e-05
			fg/bg=(256/768), time cost: 589.580465
			rpn_cls: 0.0237, rpn_box: 0.0435, rcnn_cls: 0.0833, rcnn_box 0.0651
[session 1][epoch 17][iter 1700/1898] loss: 0.1648, lr: 1.00e-05
			fg/bg=(228/796), time cost: 593.575795
			rpn_cls: 0.0063, rpn_box: 0.0325, rcnn_cls: 0.0527, rcnn_box 0.0421
[session 1][epoch 17][iter 1800/1898] loss: 0.1569, lr: 1.00e-05
			fg/bg=(240/784), time cost: 592.953729
			rpn_cls: 0.0231, rpn_box: 0.0549, rcnn_cls: 0.0729, rcnn_box 0.0515
total training time: 171185.711797
[session 1][epoch 18][iter    0/1898] loss: 0.1898, lr: 1.00e-06
			fg/bg=(236/788), time cost: 6.823891
			rpn_cls: 0.0165, rpn_box: 0.0186, rcnn_cls: 0.0773, rcnn_box 0.0775
[session 1][epoch 18][iter  100/1898] loss: 0.1595, lr: 1.00e-06
			fg/bg=(194/830), time cost: 591.780586
			rpn_cls: 0.0025, rpn_box: 0.0234, rcnn_cls: 0.0205, rcnn_box 0.0278
[session 1][epoch 18][iter  200/1898] loss: 0.1756, lr: 1.00e-06
			fg/bg=(187/837), time cost: 578.070189
			rpn_cls: 0.0023, rpn_box: 0.0212, rcnn_cls: 0.0367, rcnn_box 0.0442
[session 1][epoch 18][iter  300/1898] loss: 0.1767, lr: 1.00e-06
			fg/bg=(227/797), time cost: 569.069075
			rpn_cls: 0.0194, rpn_box: 0.0568, rcnn_cls: 0.0526, rcnn_box 0.0761
[session 1][epoch 18][iter  400/1898] loss: 0.1628, lr: 1.00e-06
			fg/bg=(195/829), time cost: 570.900398
			rpn_cls: 0.0073, rpn_box: 0.0255, rcnn_cls: 0.0635, rcnn_box 0.0673
[session 1][epoch 18][iter  500/1898] loss: 0.1601, lr: 1.00e-06
			fg/bg=(256/768), time cost: 572.505581
			rpn_cls: 0.0238, rpn_box: 0.1036, rcnn_cls: 0.0525, rcnn_box 0.0766
[session 1][epoch 18][iter  600/1898] loss: 0.1704, lr: 1.00e-06
			fg/bg=(222/802), time cost: 575.509752
			rpn_cls: 0.0070, rpn_box: 0.0183, rcnn_cls: 0.0615, rcnn_box 0.0555
[session 1][epoch 18][iter  700/1898] loss: 0.1723, lr: 1.00e-06
			fg/bg=(227/797), time cost: 586.956461
			rpn_cls: 0.0022, rpn_box: 0.0112, rcnn_cls: 0.0368, rcnn_box 0.0386
[session 1][epoch 18][iter  800/1898] loss: 0.1702, lr: 1.00e-06
			fg/bg=(256/768), time cost: 586.820460
			rpn_cls: 0.0159, rpn_box: 0.0505, rcnn_cls: 0.0580, rcnn_box 0.0528
[session 1][epoch 18][iter  900/1898] loss: 0.1614, lr: 1.00e-06
			fg/bg=(222/802), time cost: 595.540381
			rpn_cls: 0.0039, rpn_box: 0.0250, rcnn_cls: 0.0428, rcnn_box 0.0759
[session 1][epoch 18][iter 1000/1898] loss: 0.1769, lr: 1.00e-06
			fg/bg=(216/808), time cost: 594.514791
			rpn_cls: 0.0250, rpn_box: 0.0244, rcnn_cls: 0.0615, rcnn_box 0.0891
[session 1][epoch 18][iter 1100/1898] loss: 0.1653, lr: 1.00e-06
			fg/bg=(187/837), time cost: 597.884913
			rpn_cls: 0.0029, rpn_box: 0.0283, rcnn_cls: 0.0287, rcnn_box 0.0377
[session 1][epoch 18][iter 1200/1898] loss: 0.1717, lr: 1.00e-06
			fg/bg=(225/799), time cost: 594.815627
			rpn_cls: 0.0126, rpn_box: 0.0281, rcnn_cls: 0.0509, rcnn_box 0.0661
[session 1][epoch 18][iter 1300/1898] loss: 0.1668, lr: 1.00e-06
			fg/bg=(227/797), time cost: 594.429525
			rpn_cls: 0.0085, rpn_box: 0.0163, rcnn_cls: 0.0534, rcnn_box 0.0676
[session 1][epoch 18][iter 1400/1898] loss: 0.1616, lr: 1.00e-06
			fg/bg=(212/812), time cost: 588.667048
			rpn_cls: 0.0067, rpn_box: 0.0293, rcnn_cls: 0.0644, rcnn_box 0.1002
[session 1][epoch 18][iter 1500/1898] loss: 0.1686, lr: 1.00e-06
			fg/bg=(230/794), time cost: 576.612699
			rpn_cls: 0.0085, rpn_box: 0.0405, rcnn_cls: 0.0472, rcnn_box 0.0561
[session 1][epoch 18][iter 1600/1898] loss: 0.1581, lr: 1.00e-06
			fg/bg=(181/843), time cost: 586.714474
			rpn_cls: 0.0076, rpn_box: 0.0322, rcnn_cls: 0.0562, rcnn_box 0.0499
[session 1][epoch 18][iter 1700/1898] loss: 0.1697, lr: 1.00e-06
			fg/bg=(194/830), time cost: 579.998023
			rpn_cls: 0.0137, rpn_box: 0.0102, rcnn_cls: 0.0544, rcnn_box 0.0673
[session 1][epoch 18][iter 1800/1898] loss: 0.1635, lr: 1.00e-06
			fg/bg=(213/811), time cost: 574.200346
			rpn_cls: 0.0081, rpn_box: 0.0260, rcnn_cls: 0.0521, rcnn_box 0.0645
total training time: 181707.526015
[session 1][epoch 19][iter    0/1898] loss: 0.3023, lr: 1.00e-06
			fg/bg=(256/768), time cost: 6.479873
			rpn_cls: 0.0365, rpn_box: 0.0929, rcnn_cls: 0.0875, rcnn_box 0.0854
[session 1][epoch 19][iter  100/1898] loss: 0.1635, lr: 1.00e-06
			fg/bg=(216/808), time cost: 570.962691
			rpn_cls: 0.0038, rpn_box: 0.0097, rcnn_cls: 0.0258, rcnn_box 0.0486
[session 1][epoch 19][iter  200/1898] loss: 0.1783, lr: 1.00e-06
			fg/bg=(200/824), time cost: 540.929954
			rpn_cls: 0.0255, rpn_box: 0.0367, rcnn_cls: 0.0557, rcnn_box 0.0497
[session 1][epoch 19][iter  300/1898] loss: 0.1652, lr: 1.00e-06
			fg/bg=(233/791), time cost: 543.616718
			rpn_cls: 0.0219, rpn_box: 0.0207, rcnn_cls: 0.0605, rcnn_box 0.0692
[session 1][epoch 19][iter  400/1898] loss: 0.1737, lr: 1.00e-06
			fg/bg=(256/768), time cost: 545.030329
			rpn_cls: 0.0420, rpn_box: 0.1206, rcnn_cls: 0.0857, rcnn_box 0.0758
[session 1][epoch 19][iter  500/1898] loss: 0.1652, lr: 1.00e-06
			fg/bg=(198/826), time cost: 543.913244
			rpn_cls: 0.0122, rpn_box: 0.0375, rcnn_cls: 0.0526, rcnn_box 0.0726
[session 1][epoch 19][iter  600/1898] loss: 0.1519, lr: 1.00e-06
			fg/bg=(229/795), time cost: 567.910305
			rpn_cls: 0.0142, rpn_box: 0.0635, rcnn_cls: 0.0547, rcnn_box 0.0578
[session 1][epoch 19][iter  700/1898] loss: 0.1663, lr: 1.00e-06
			fg/bg=(167/857), time cost: 579.846794
			rpn_cls: 0.0199, rpn_box: 0.0477, rcnn_cls: 0.0361, rcnn_box 0.0568
[session 1][epoch 19][iter  800/1898] loss: 0.1638, lr: 1.00e-06
			fg/bg=(219/805), time cost: 581.036962
			rpn_cls: 0.0044, rpn_box: 0.0093, rcnn_cls: 0.0519, rcnn_box 0.0756
[session 1][epoch 19][iter  900/1898] loss: 0.1512, lr: 1.00e-06
			fg/bg=(220/804), time cost: 584.399411
			rpn_cls: 0.0105, rpn_box: 0.0348, rcnn_cls: 0.0390, rcnn_box 0.0441
[session 1][epoch 19][iter 1000/1898] loss: 0.1622, lr: 1.00e-06
			fg/bg=(225/799), time cost: 582.034292
			rpn_cls: 0.0186, rpn_box: 0.0516, rcnn_cls: 0.0860, rcnn_box 0.0417
[session 1][epoch 19][iter 1100/1898] loss: 0.1739, lr: 1.00e-06
			fg/bg=(224/800), time cost: 581.573492
			rpn_cls: 0.0075, rpn_box: 0.0596, rcnn_cls: 0.0499, rcnn_box 0.0441
[session 1][epoch 19][iter 1200/1898] loss: 0.1710, lr: 1.00e-06
			fg/bg=(197/827), time cost: 580.435146
			rpn_cls: 0.0107, rpn_box: 0.0459, rcnn_cls: 0.1121, rcnn_box 0.0797
[session 1][epoch 19][iter 1300/1898] loss: 0.1599, lr: 1.00e-06
			fg/bg=(191/833), time cost: 581.743670
			rpn_cls: 0.0096, rpn_box: 0.0472, rcnn_cls: 0.0780, rcnn_box 0.0678
[session 1][epoch 19][iter 1400/1898] loss: 0.1710, lr: 1.00e-06
			fg/bg=(234/790), time cost: 561.814745
			rpn_cls: 0.0057, rpn_box: 0.0167, rcnn_cls: 0.2983, rcnn_box 0.0735
[session 1][epoch 19][iter 1500/1898] loss: 0.1720, lr: 1.00e-06
			fg/bg=(208/816), time cost: 544.754718
			rpn_cls: 0.0038, rpn_box: 0.0110, rcnn_cls: 0.0527, rcnn_box 0.0467
[session 1][epoch 19][iter 1600/1898] loss: 0.1691, lr: 1.00e-06
			fg/bg=(228/796), time cost: 541.925485
			rpn_cls: 0.0076, rpn_box: 0.0285, rcnn_cls: 0.0721, rcnn_box 0.0794
[session 1][epoch 19][iter 1700/1898] loss: 0.1714, lr: 1.00e-06
			fg/bg=(204/820), time cost: 543.589392
			rpn_cls: 0.0026, rpn_box: 0.0241, rcnn_cls: 0.0530, rcnn_box 0.0582
[session 1][epoch 19][iter 1800/1898] loss: 0.1696, lr: 1.00e-06
			fg/bg=(245/779), time cost: 563.763577
			rpn_cls: 0.0076, rpn_box: 0.0101, rcnn_cls: 0.0427, rcnn_box 0.0579
total training time: 191853.286813
[session 1][epoch 20][iter    0/1898] loss: 0.2271, lr: 1.00e-06
			fg/bg=(241/783), time cost: 6.494505
			rpn_cls: 0.0171, rpn_box: 0.0551, rcnn_cls: 0.0947, rcnn_box 0.0603
[session 1][epoch 20][iter  100/1898] loss: 0.1636, lr: 1.00e-06
			fg/bg=(228/796), time cost: 581.529223
			rpn_cls: 0.0264, rpn_box: 0.0748, rcnn_cls: 0.0605, rcnn_box 0.0569
[session 1][epoch 20][iter  200/1898] loss: 0.1632, lr: 1.00e-06
			fg/bg=(217/807), time cost: 581.273017
			rpn_cls: 0.0063, rpn_box: 0.0097, rcnn_cls: 0.0289, rcnn_box 0.0297
[session 1][epoch 20][iter  300/1898] loss: 0.1791, lr: 1.00e-06
			fg/bg=(202/822), time cost: 580.074750
			rpn_cls: 0.0099, rpn_box: 0.0489, rcnn_cls: 0.0721, rcnn_box 0.0944
[session 1][epoch 20][iter  400/1898] loss: 0.1647, lr: 1.00e-06
			fg/bg=(222/802), time cost: 582.425377
			rpn_cls: 0.0029, rpn_box: 0.0272, rcnn_cls: 0.0425, rcnn_box 0.0515
[session 1][epoch 20][iter  500/1898] loss: 0.1682, lr: 1.00e-06
			fg/bg=(256/768), time cost: 579.737549
			rpn_cls: 0.0168, rpn_box: 0.0364, rcnn_cls: 0.0939, rcnn_box 0.0879
[session 1][epoch 20][iter  600/1898] loss: 0.1645, lr: 1.00e-06
			fg/bg=(238/786), time cost: 581.374234
			rpn_cls: 0.0119, rpn_box: 0.0803, rcnn_cls: 0.0859, rcnn_box 0.0779
[session 1][epoch 20][iter  700/1898] loss: 0.1573, lr: 1.00e-06
			fg/bg=(234/790), time cost: 581.073072
			rpn_cls: 0.0077, rpn_box: 0.0070, rcnn_cls: 0.0832, rcnn_box 0.0596
[session 1][epoch 20][iter  800/1898] loss: 0.1621, lr: 1.00e-06
			fg/bg=(227/797), time cost: 581.781139
			rpn_cls: 0.0092, rpn_box: 0.0191, rcnn_cls: 0.0396, rcnn_box 0.0374
[session 1][epoch 20][iter  900/1898] loss: 0.1724, lr: 1.00e-06
			fg/bg=(201/823), time cost: 578.778974
			rpn_cls: 0.0130, rpn_box: 0.0448, rcnn_cls: 0.0746, rcnn_box 0.0567
[session 1][epoch 20][iter 1000/1898] loss: 0.1622, lr: 1.00e-06
			fg/bg=(178/846), time cost: 581.871367
			rpn_cls: 0.0048, rpn_box: 0.0214, rcnn_cls: 0.0380, rcnn_box 0.0494
[session 1][epoch 20][iter 1100/1898] loss: 0.1561, lr: 1.00e-06
			fg/bg=(249/775), time cost: 581.739570
			rpn_cls: 0.0141, rpn_box: 0.0659, rcnn_cls: 0.0514, rcnn_box 0.0685
[session 1][epoch 20][iter 1200/1898] loss: 0.1710, lr: 1.00e-06
			fg/bg=(217/807), time cost: 582.772338
			rpn_cls: 0.0085, rpn_box: 0.0176, rcnn_cls: 0.0478, rcnn_box 0.0491
[session 1][epoch 20][iter 1300/1898] loss: 0.1673, lr: 1.00e-06
			fg/bg=(206/818), time cost: 580.445222
			rpn_cls: 0.0096, rpn_box: 0.0279, rcnn_cls: 0.0437, rcnn_box 0.1246
[session 1][epoch 20][iter 1400/1898] loss: 0.1662, lr: 1.00e-06
			fg/bg=(222/802), time cost: 580.327343
			rpn_cls: 0.0016, rpn_box: 0.0128, rcnn_cls: 0.0446, rcnn_box 0.0429
[session 1][epoch 20][iter 1500/1898] loss: 0.1745, lr: 1.00e-06
			fg/bg=(220/804), time cost: 584.125100
			rpn_cls: 0.0161, rpn_box: 0.0284, rcnn_cls: 0.0599, rcnn_box 0.0578
[session 1][epoch 20][iter 1600/1898] loss: 0.1834, lr: 1.00e-06
			fg/bg=(240/784), time cost: 581.772969
			rpn_cls: 0.0076, rpn_box: 0.0320, rcnn_cls: 0.0496, rcnn_box 0.0752
[session 1][epoch 20][iter 1700/1898] loss: 0.1748, lr: 1.00e-06
			fg/bg=(208/816), time cost: 581.815112
			rpn_cls: 0.0122, rpn_box: 0.0431, rcnn_cls: 0.0764, rcnn_box 0.0804
[session 1][epoch 20][iter 1800/1898] loss: 0.1613, lr: 1.00e-06
			fg/bg=(256/768), time cost: 582.035861
			rpn_cls: 0.0214, rpn_box: 0.0699, rcnn_cls: 0.0659, rcnn_box 0.0683
total training time: 202324.733535
save model: models/res101/pascal_voc/faster_rcnn_1_20_1897.pth
