Called with args:
Namespace(batch_size=2, checkepoch=1, checkpoint=0, checkpoint_interval=10000, checksession=1, class_agnostic=False, cuda=True, dataset='pascal_voc', disp_interval=20, large_scale=False, lr=0.001, lr_decay_gamma=0.1, lr_decay_step=5, mGPUs=False, max_epochs=20, net='res101', num_workers=1, optimizer='adam', resume=False, save_dir='models', session=1, start_epoch=1, use_tfboard=False)
Using config:
{'ANCHOR_RATIOS': [0.5, 1, 2],
 'ANCHOR_SCALES': [8, 16, 32],
 'CROP_RESIZE_WITH_MAX_POOL': False,
 'CUDA': False,
 'DATA_DIR': '/home/jason/faster-rcnn.pytorch-1.0/data',
 'DEDUP_BOXES': 0.0625,
 'EPS': 1e-14,
 'EXP_DIR': 'res101',
 'FEAT_STRIDE': [16],
 'GPU_ID': 0,
 'MATLAB': 'matlab',
 'MAX_NUM_GT_BOXES': 20,
 'MOBILENET': {'DEPTH_MULTIPLIER': 1.0,
               'FIXED_LAYERS': 5,
               'REGU_DEPTH': False,
               'WEIGHT_DECAY': 4e-05},
 'PIXEL_MEANS': array([[[102.9801, 115.9465, 122.7717]]]),
 'POOLING_MODE': 'align',
 'POOLING_SIZE': 7,
 'RESNET': {'FIXED_BLOCKS': 1, 'MAX_POOL': False},
 'RNG_SEED': 3,
 'ROOT_DIR': '/home/jason/faster-rcnn.pytorch-1.0',
 'TEST': {'BBOX_REG': True,
          'HAS_RPN': True,
          'MAX_SIZE': 1000,
          'MODE': 'nms',
          'NMS': 0.3,
          'PROPOSAL_METHOD': 'gt',
          'RPN_MIN_SIZE': 16,
          'RPN_NMS_THRESH': 0.7,
          'RPN_POST_NMS_TOP_N': 300,
          'RPN_PRE_NMS_TOP_N': 6000,
          'RPN_TOP_N': 5000,
          'SCALES': [600],
          'SVM': False},
 'TRAIN': {'ASPECT_GROUPING': False,
           'BATCH_SIZE': 128,
           'BBOX_INSIDE_WEIGHTS': [1.0, 1.0, 1.0, 1.0],
           'BBOX_NORMALIZE_MEANS': [0.0, 0.0, 0.0, 0.0],
           'BBOX_NORMALIZE_STDS': [0.1, 0.1, 0.2, 0.2],
           'BBOX_NORMALIZE_TARGETS': True,
           'BBOX_NORMALIZE_TARGETS_PRECOMPUTED': True,
           'BBOX_REG': True,
           'BBOX_THRESH': 0.5,
           'BG_THRESH_HI': 0.5,
           'BG_THRESH_LO': 0.0,
           'BIAS_DECAY': False,
           'BN_TRAIN': False,
           'BRIGHTNESS_CHANGE': False,
           'DISPLAY': 20,
           'DOUBLE_BIAS': False,
           'FG_FRACTION': 0.25,
           'FG_THRESH': 0.5,
           'GAMMA': 0.1,
           'HAS_RPN': True,
           'IMS_PER_BATCH': 1,
           'LEARNING_RATE': 0.001,
           'MAX_SIZE': 1000,
           'MOMENTUM': 0.9,
           'PROPOSAL_METHOD': 'gt',
           'ROTATE_90': False,
           'RPN_BATCHSIZE': 256,
           'RPN_BBOX_INSIDE_WEIGHTS': [1.0, 1.0, 1.0, 1.0],
           'RPN_CLOBBER_POSITIVES': False,
           'RPN_FG_FRACTION': 0.5,
           'RPN_MIN_SIZE': 8,
           'RPN_NEGATIVE_OVERLAP': 0.3,
           'RPN_NMS_THRESH': 0.7,
           'RPN_POSITIVE_OVERLAP': 0.7,
           'RPN_POSITIVE_WEIGHT': -1.0,
           'RPN_POST_NMS_TOP_N': 2000,
           'RPN_PRE_NMS_TOP_N': 12000,
           'SCALES': [600],
           'SNAPSHOT_ITERS': 5000,
           'SNAPSHOT_KEPT': 3,
           'SNAPSHOT_PREFIX': 'res101_faster_rcnn',
           'STEPSIZE': [30000],
           'SUMMARY_INTERVAL': 180,
           'TRIM_HEIGHT': 600,
           'TRIM_WIDTH': 600,
           'TRUNCATED': False,
           'USE_ALL_GT': True,
           'USE_FLIPPED': True,
           'USE_GT': False,
           'USE_VERTICAL_FLIPPED': False,
           'WEIGHT_DECAY': 0.0001},
 'USE_GPU_NMS': True}
['voc_2007_trainval']
Loaded dataset `voc_2007_trainval` for training
Set proposal method: gt
Appending horizontally-flipped training examples...
voc_2007_trainval gt roidb loaded from /home/jason/faster-rcnn.pytorch-1.0/data/cache/voc_2007_trainval_gt_roidb.pkl
done
Preparing training data...
done
before filtering, there are 260 images...
after filtering, there are 260 images...
['voc_2007_test']
Loaded dataset `voc_2007_test` for training
Set proposal method: gt
Preparing training data...
voc_2007_test gt roidb loaded from /home/jason/faster-rcnn.pytorch-1.0/data/cache/voc_2007_test_gt_roidb.pkl
done
before filtering, there are 130 images...
after filtering, there are 130 images...
260 roidb entries
130 roidb2 entries
[session 1][epoch  1][iter    0/ 130] training loss: 23.4323,  lr: 1.00e-04
			fg/bg=(3/253), time cost: 2.052341
			rpn_cls: 0.6436, rpn_box: 0.0433, rcnn_cls: 22.7285, rcnn_box 0.0169
[session 1][epoch  1][iter   20/ 130] training loss: 17.1959,  lr: 1.00e-04
			fg/bg=(10/246), time cost: 30.277866
			rpn_cls: 0.4883, rpn_box: 0.2501, rcnn_cls: 1.1301, rcnn_box 0.0755
[session 1][epoch  1][iter   40/ 130] training loss: 2.1362,  lr: 1.00e-04
			fg/bg=(12/244), time cost: 30.317514
			rpn_cls: 0.2758, rpn_box: 0.1647, rcnn_cls: 0.3085, rcnn_box 0.1321
[session 1][epoch  1][iter   60/ 130] training loss: 1.4335,  lr: 1.00e-04
			fg/bg=(32/224), time cost: 30.295202
			rpn_cls: 0.4676, rpn_box: 0.3978, rcnn_cls: 0.9647, rcnn_box 0.3518
[session 1][epoch  1][iter   80/ 130] training loss: 1.3390,  lr: 1.00e-04
			fg/bg=(34/222), time cost: 27.695758
			rpn_cls: 0.3285, rpn_box: 0.2762, rcnn_cls: 0.7390, rcnn_box 0.3230
[session 1][epoch  1][iter  100/ 130] training loss: 1.4106,  lr: 1.00e-04
			fg/bg=(31/225), time cost: 29.576208
			rpn_cls: 0.4351, rpn_box: 0.1480, rcnn_cls: 0.6879, rcnn_box 0.2736
[session 1][epoch  1][iter  120/ 130] training loss: 1.2826,  lr: 1.00e-04
			fg/bg=(34/222), time cost: 29.216070
			rpn_cls: 0.3478, rpn_box: 0.2297, rcnn_cls: 0.6185, rcnn_box 0.2878
Epoch 1: Training loss: 0.9723, Testing loss: 0.8957
total training time: 179.430958
[session 1][epoch  2][iter    0/ 130] training loss: 0.8337,  lr: 1.00e-04
			fg/bg=(6/250), time cost: 1.952324
			rpn_cls: 0.2748, rpn_box: 0.3592, rcnn_cls: 0.1990, rcnn_box 0.0007
[session 1][epoch  2][iter   20/ 130] training loss: 1.1356,  lr: 1.00e-04
			fg/bg=(25/231), time cost: 30.234708
			rpn_cls: 0.1097, rpn_box: 0.0052, rcnn_cls: 0.4746, rcnn_box 0.2574
[session 1][epoch  2][iter   40/ 130] training loss: 1.3164,  lr: 1.00e-04
			fg/bg=(18/238), time cost: 30.014593
			rpn_cls: 0.2799, rpn_box: 0.2123, rcnn_cls: 0.3428, rcnn_box 0.1515
[session 1][epoch  2][iter   60/ 130] training loss: 1.2071,  lr: 1.00e-04
			fg/bg=(21/235), time cost: 30.502702
			rpn_cls: 0.1089, rpn_box: 0.0123, rcnn_cls: 0.6128, rcnn_box 0.2339
[session 1][epoch  2][iter   80/ 130] training loss: 1.3071,  lr: 1.00e-04
			fg/bg=(23/233), time cost: 28.408870
			rpn_cls: 0.3009, rpn_box: 0.3776, rcnn_cls: 0.4971, rcnn_box 0.1800
[session 1][epoch  2][iter  100/ 130] training loss: 1.2843,  lr: 1.00e-04
			fg/bg=(10/246), time cost: 29.472915
			rpn_cls: 0.2799, rpn_box: 0.3577, rcnn_cls: 0.1934, rcnn_box 0.0434
[session 1][epoch  2][iter  120/ 130] training loss: 1.2702,  lr: 1.00e-04
			fg/bg=(29/227), time cost: 29.592890
			rpn_cls: 0.3852, rpn_box: 0.2169, rcnn_cls: 0.6827, rcnn_box 0.2438
Epoch 2: Training loss: 0.3127, Testing loss: 0.3024
total training time: 359.609959
[session 1][epoch  3][iter    0/ 130] training loss: 1.9858,  lr: 1.00e-04
			fg/bg=(45/211), time cost: 1.963382
			rpn_cls: 0.3833, rpn_box: 0.0833, rcnn_cls: 0.9986, rcnn_box 0.5205
[session 1][epoch  3][iter   20/ 130] training loss: 1.3079,  lr: 1.00e-04
			fg/bg=(17/239), time cost: 30.406713
			rpn_cls: 0.2973, rpn_box: 0.4004, rcnn_cls: 0.3689, rcnn_box 0.1351
[session 1][epoch  3][iter   40/ 130] training loss: 1.1889,  lr: 1.00e-04
			fg/bg=(26/230), time cost: 30.457918
			rpn_cls: 0.3058, rpn_box: 0.2629, rcnn_cls: 0.4279, rcnn_box 0.2129
[session 1][epoch  3][iter   60/ 130] training loss: 1.2136,  lr: 1.00e-04
			fg/bg=(29/227), time cost: 29.986231
			rpn_cls: 0.1423, rpn_box: 0.0219, rcnn_cls: 0.5612, rcnn_box 0.2553
[session 1][epoch  3][iter   80/ 130] training loss: 1.0198,  lr: 1.00e-04
			fg/bg=(12/244), time cost: 27.944217
			rpn_cls: 0.4234, rpn_box: 0.2830, rcnn_cls: 0.3163, rcnn_box 0.0776
[session 1][epoch  3][iter  100/ 130] training loss: 1.1177,  lr: 1.00e-04
			fg/bg=(50/206), time cost: 29.376933
			rpn_cls: 0.4293, rpn_box: 0.3143, rcnn_cls: 0.7433, rcnn_box 0.4919
[session 1][epoch  3][iter  120/ 130] training loss: 0.9879,  lr: 1.00e-04
			fg/bg=(37/219), time cost: 29.643745
			rpn_cls: 0.1148, rpn_box: 0.0218, rcnn_cls: 0.7157, rcnn_box 0.3606
Epoch 3: Training loss: 0.2845, Testing loss: 0.2970
total training time: 539.389097
[session 1][epoch  4][iter    0/ 130] training loss: 1.0203,  lr: 1.00e-04
			fg/bg=(28/228), time cost: 2.013993
			rpn_cls: 0.1865, rpn_box: 0.1249, rcnn_cls: 0.5102, rcnn_box 0.1988
[session 1][epoch  4][iter   20/ 130] training loss: 1.1137,  lr: 1.00e-04
			fg/bg=(6/250), time cost: 30.176477
			rpn_cls: 0.3270, rpn_box: 0.3574, rcnn_cls: 0.1952, rcnn_box 0.0062
[session 1][epoch  4][iter   40/ 130] training loss: 1.1895,  lr: 1.00e-04
			fg/bg=(10/246), time cost: 30.238866
			rpn_cls: 0.5103, rpn_box: 0.4929, rcnn_cls: 0.3043, rcnn_box 0.0271
[session 1][epoch  4][iter   60/ 130] training loss: 1.2490,  lr: 1.00e-04
			fg/bg=(15/241), time cost: 30.437844
			rpn_cls: 0.3903, rpn_box: 0.3005, rcnn_cls: 0.4713, rcnn_box 0.0924
[session 1][epoch  4][iter   80/ 130] training loss: 1.1880,  lr: 1.00e-04
			fg/bg=(29/227), time cost: 29.265193
			rpn_cls: 0.1702, rpn_box: 0.1507, rcnn_cls: 0.5658, rcnn_box 0.2347
[session 1][epoch  4][iter  100/ 130] training loss: 1.2174,  lr: 1.00e-04
			fg/bg=(32/224), time cost: 29.677907
			rpn_cls: 0.1426, rpn_box: 0.0148, rcnn_cls: 0.4537, rcnn_box 0.2733
[session 1][epoch  4][iter  120/ 130] training loss: 1.1142,  lr: 1.00e-04
			fg/bg=(35/221), time cost: 29.680617
			rpn_cls: 0.3239, rpn_box: 0.2592, rcnn_cls: 0.4588, rcnn_box 0.3099
Epoch 4: Training loss: 0.2946, Testing loss: 0.3069
total training time: 720.879994
[session 1][epoch  5][iter    0/ 130] training loss: 2.3248,  lr: 1.00e-04
			fg/bg=(64/192), time cost: 1.920811
			rpn_cls: 0.4400, rpn_box: 0.2172, rcnn_cls: 1.0505, rcnn_box 0.6170
[session 1][epoch  5][iter   20/ 130] training loss: 1.1673,  lr: 1.00e-04
			fg/bg=(25/231), time cost: 30.585989
			rpn_cls: 0.1339, rpn_box: 0.3606, rcnn_cls: 0.4617, rcnn_box 0.2464
[session 1][epoch  5][iter   40/ 130] training loss: 1.2788,  lr: 1.00e-04
			fg/bg=(45/211), time cost: 30.377464
			rpn_cls: 0.3976, rpn_box: 0.2504, rcnn_cls: 0.6418, rcnn_box 0.4271
[session 1][epoch  5][iter   60/ 130] training loss: 1.0191,  lr: 1.00e-04
			fg/bg=(37/219), time cost: 30.371528
			rpn_cls: 0.0509, rpn_box: 0.1561, rcnn_cls: 0.4905, rcnn_box 0.3008
[session 1][epoch  5][iter   80/ 130] training loss: 1.0506,  lr: 1.00e-04
			fg/bg=(18/238), time cost: 27.546493
			rpn_cls: 0.2933, rpn_box: 0.3167, rcnn_cls: 0.2857, rcnn_box 0.1447
[session 1][epoch  5][iter  100/ 130] training loss: 1.1604,  lr: 1.00e-04
			fg/bg=(36/220), time cost: 29.849279
			rpn_cls: 0.1744, rpn_box: 0.0654, rcnn_cls: 0.5820, rcnn_box 0.3612
[session 1][epoch  5][iter  120/ 130] training loss: 1.0402,  lr: 1.00e-04
			fg/bg=(19/237), time cost: 29.448632
			rpn_cls: 0.2201, rpn_box: 0.3711, rcnn_cls: 0.2851, rcnn_box 0.1434
Epoch 5: Training loss: 0.2773, Testing loss: 0.3072
total training time: 900.980190
[session 1][epoch  6][iter    0/ 130] training loss: 1.2311,  lr: 1.00e-05
			fg/bg=(25/231), time cost: 1.955394
			rpn_cls: 0.3346, rpn_box: 0.2788, rcnn_cls: 0.3841, rcnn_box 0.2335
[session 1][epoch  6][iter   20/ 130] training loss: 1.0146,  lr: 1.00e-05
			fg/bg=(10/246), time cost: 30.372236
			rpn_cls: 0.1115, rpn_box: 0.0130, rcnn_cls: 0.2580, rcnn_box 0.0749
[session 1][epoch  6][iter   40/ 130] training loss: 1.0824,  lr: 1.00e-05
			fg/bg=(40/216), time cost: 30.069366
			rpn_cls: 0.2006, rpn_box: 0.2538, rcnn_cls: 0.5011, rcnn_box 0.3823
[session 1][epoch  6][iter   60/ 130] training loss: 1.0482,  lr: 1.00e-05
			fg/bg=(33/223), time cost: 30.343604
			rpn_cls: 0.1615, rpn_box: 0.2229, rcnn_cls: 0.4354, rcnn_box 0.2738
[session 1][epoch  6][iter   80/ 130] training loss: 1.0540,  lr: 1.00e-05
			fg/bg=(26/230), time cost: 28.021530
			rpn_cls: 0.1110, rpn_box: 0.3113, rcnn_cls: 0.3704, rcnn_box 0.1796
[session 1][epoch  6][iter  100/ 130] training loss: 0.9568,  lr: 1.00e-05
			fg/bg=(22/234), time cost: 29.774207
			rpn_cls: 0.1192, rpn_box: 0.4447, rcnn_cls: 0.2991, rcnn_box 0.1464
[session 1][epoch  6][iter  120/ 130] training loss: 1.1482,  lr: 1.00e-05
			fg/bg=(46/210), time cost: 29.728734
			rpn_cls: 0.1781, rpn_box: 0.1534, rcnn_cls: 0.6074, rcnn_box 0.3721
Epoch 6: Training loss: 0.2630, Testing loss: 0.2839
total training time: 1081.245259
[session 1][epoch  7][iter    0/ 130] training loss: 0.7556,  lr: 1.00e-05
			fg/bg=(40/216), time cost: 2.010800
			rpn_cls: 0.1221, rpn_box: 0.0065, rcnn_cls: 0.3366, rcnn_box 0.2904
[session 1][epoch  7][iter   20/ 130] training loss: 1.0656,  lr: 1.00e-05
			fg/bg=(34/222), time cost: 30.232965
			rpn_cls: 0.1436, rpn_box: 0.0462, rcnn_cls: 0.4515, rcnn_box 0.3010
[session 1][epoch  7][iter   40/ 130] training loss: 1.1232,  lr: 1.00e-05
			fg/bg=(30/226), time cost: 30.303419
			rpn_cls: 0.0956, rpn_box: 0.3220, rcnn_cls: 0.3869, rcnn_box 0.1709
[session 1][epoch  7][iter   60/ 130] training loss: 0.9756,  lr: 1.00e-05
			fg/bg=(23/233), time cost: 30.197677
			rpn_cls: 0.1453, rpn_box: 0.4019, rcnn_cls: 0.3148, rcnn_box 0.1471
[session 1][epoch  7][iter   80/ 130] training loss: 0.9420,  lr: 1.00e-05
			fg/bg=(37/219), time cost: 27.958406
			rpn_cls: 0.0808, rpn_box: 0.0125, rcnn_cls: 0.4514, rcnn_box 0.4156
[session 1][epoch  7][iter  100/ 130] training loss: 1.1028,  lr: 1.00e-05
			fg/bg=(41/215), time cost: 29.619672
			rpn_cls: 0.1733, rpn_box: 0.2994, rcnn_cls: 0.5654, rcnn_box 0.2893
[session 1][epoch  7][iter  120/ 130] training loss: 1.0492,  lr: 1.00e-05
			fg/bg=(28/228), time cost: 29.665436
			rpn_cls: 0.2868, rpn_box: 0.2618, rcnn_cls: 0.3033, rcnn_box 0.1877
Epoch 7: Training loss: 0.2602, Testing loss: 0.3018
total training time: 1261.233634
[session 1][epoch  8][iter    0/ 130] training loss: 0.8139,  lr: 1.00e-05
			fg/bg=(22/234), time cost: 2.006295
			rpn_cls: 0.1620, rpn_box: 0.1932, rcnn_cls: 0.3382, rcnn_box 0.1205
[session 1][epoch  8][iter   20/ 130] training loss: 1.0101,  lr: 1.00e-05
			fg/bg=(47/209), time cost: 30.534506
			rpn_cls: 0.0833, rpn_box: 0.0074, rcnn_cls: 0.3514, rcnn_box 0.3047
[session 1][epoch  8][iter   40/ 130] training loss: 0.9709,  lr: 1.00e-05
			fg/bg=(48/208), time cost: 30.358319
			rpn_cls: 0.1713, rpn_box: 0.1870, rcnn_cls: 0.5375, rcnn_box 0.3462
[session 1][epoch  8][iter   60/ 130] training loss: 1.0849,  lr: 1.00e-05
			fg/bg=(34/222), time cost: 30.226506
			rpn_cls: 0.1090, rpn_box: 0.0282, rcnn_cls: 0.5653, rcnn_box 0.2671
[session 1][epoch  8][iter   80/ 130] training loss: 1.0983,  lr: 1.00e-05
			fg/bg=(64/192), time cost: 28.261109
			rpn_cls: 0.1739, rpn_box: 0.0302, rcnn_cls: 0.8691, rcnn_box 0.4509
[session 1][epoch  8][iter  100/ 130] training loss: 1.0770,  lr: 1.00e-05
			fg/bg=(57/199), time cost: 29.359975
			rpn_cls: 0.1107, rpn_box: 0.1956, rcnn_cls: 0.6578, rcnn_box 0.3659
[session 1][epoch  8][iter  120/ 130] training loss: 1.0139,  lr: 1.00e-05
			fg/bg=(17/239), time cost: 29.406161
			rpn_cls: 0.0939, rpn_box: 0.2330, rcnn_cls: 0.2574, rcnn_box 0.1107
Epoch 8: Training loss: 0.2588, Testing loss: 0.2936
total training time: 1441.386504
[session 1][epoch  9][iter    0/ 130] training loss: 1.3515,  lr: 1.00e-05
			fg/bg=(56/200), time cost: 2.006664
			rpn_cls: 0.1371, rpn_box: 0.1312, rcnn_cls: 0.6706, rcnn_box 0.4126
[session 1][epoch  9][iter   20/ 130] training loss: 1.0533,  lr: 1.00e-05
			fg/bg=(25/231), time cost: 30.082049
			rpn_cls: 0.0696, rpn_box: 0.0030, rcnn_cls: 0.4098, rcnn_box 0.1728
[session 1][epoch  9][iter   40/ 130] training loss: 1.0626,  lr: 1.00e-05
			fg/bg=(27/229), time cost: 30.242603
			rpn_cls: 0.1291, rpn_box: 0.2776, rcnn_cls: 0.3383, rcnn_box 0.1686
[session 1][epoch  9][iter   60/ 130] training loss: 1.0143,  lr: 1.00e-05
			fg/bg=(6/250), time cost: 30.442344
			rpn_cls: 0.0597, rpn_box: 0.0144, rcnn_cls: 0.1800, rcnn_box 0.0269
[session 1][epoch  9][iter   80/ 130] training loss: 1.1009,  lr: 1.00e-05
			fg/bg=(53/203), time cost: 27.580204
			rpn_cls: 0.1542, rpn_box: 0.2861, rcnn_cls: 0.6216, rcnn_box 0.3864
[session 1][epoch  9][iter  100/ 130] training loss: 0.9944,  lr: 1.00e-05
			fg/bg=(37/219), time cost: 29.541620
			rpn_cls: 0.3322, rpn_box: 0.3749, rcnn_cls: 0.4019, rcnn_box 0.2720
[session 1][epoch  9][iter  120/ 130] training loss: 1.0220,  lr: 1.00e-05
			fg/bg=(36/220), time cost: 29.903596
			rpn_cls: 0.1259, rpn_box: 0.0061, rcnn_cls: 0.3356, rcnn_box 0.2461
Epoch 9: Training loss: 0.2596, Testing loss: 0.2973
total training time: 1621.185583
[session 1][epoch 10][iter    0/ 130] training loss: 1.2787,  lr: 1.00e-05
			fg/bg=(52/204), time cost: 1.994294
			rpn_cls: 0.1238, rpn_box: 0.2882, rcnn_cls: 0.5573, rcnn_box 0.3095
[session 1][epoch 10][iter   20/ 130] training loss: 0.9150,  lr: 1.00e-05
			fg/bg=(33/223), time cost: 30.224997
			rpn_cls: 0.1248, rpn_box: 0.1728, rcnn_cls: 0.3446, rcnn_box 0.2097
[session 1][epoch 10][iter   40/ 130] training loss: 1.0699,  lr: 1.00e-05
			fg/bg=(48/208), time cost: 30.395153
			rpn_cls: 0.1724, rpn_box: 0.0346, rcnn_cls: 0.7985, rcnn_box 0.3878
[session 1][epoch 10][iter   60/ 130] training loss: 0.9206,  lr: 1.00e-05
			fg/bg=(64/192), time cost: 29.994689
			rpn_cls: 0.1852, rpn_box: 0.0142, rcnn_cls: 0.8975, rcnn_box 0.4083
[session 1][epoch 10][iter   80/ 130] training loss: 0.9578,  lr: 1.00e-05
			fg/bg=(45/211), time cost: 29.494983
			rpn_cls: 0.1616, rpn_box: 0.1484, rcnn_cls: 0.5643, rcnn_box 0.2863
[session 1][epoch 10][iter  100/ 130] training loss: 1.1030,  lr: 1.00e-05
			fg/bg=(57/199), time cost: 29.578338
			rpn_cls: 0.0969, rpn_box: 0.1675, rcnn_cls: 0.4711, rcnn_box 0.3986
[session 1][epoch 10][iter  120/ 130] training loss: 1.0522,  lr: 1.00e-05
			fg/bg=(22/234), time cost: 29.658064
			rpn_cls: 0.1709, rpn_box: 0.4107, rcnn_cls: 0.3470, rcnn_box 0.1303
Epoch 10: Training loss: 0.2511, Testing loss: 0.3017
total training time: 1802.526102
[session 1][epoch 11][iter    0/ 130] training loss: 1.2104,  lr: 1.00e-05
			fg/bg=(47/209), time cost: 1.932803
			rpn_cls: 0.0820, rpn_box: 0.2861, rcnn_cls: 0.4836, rcnn_box 0.3587
[session 1][epoch 11][iter   20/ 130] training loss: 1.0375,  lr: 1.00e-05
			fg/bg=(30/226), time cost: 30.177318
			rpn_cls: 0.1018, rpn_box: 0.1314, rcnn_cls: 0.3655, rcnn_box 0.1795
[session 1][epoch 11][iter   40/ 130] training loss: 1.0379,  lr: 1.00e-05
			fg/bg=(47/209), time cost: 30.407817
			rpn_cls: 0.0809, rpn_box: 0.1713, rcnn_cls: 0.4670, rcnn_box 0.2867
[session 1][epoch 11][iter   60/ 130] training loss: 0.9991,  lr: 1.00e-05
			fg/bg=(17/239), time cost: 30.262307
			rpn_cls: 0.0629, rpn_box: 0.3547, rcnn_cls: 0.2021, rcnn_box 0.0974
[session 1][epoch 11][iter   80/ 130] training loss: 0.9050,  lr: 1.00e-05
			fg/bg=(39/217), time cost: 28.109726
			rpn_cls: 0.1524, rpn_box: 0.2367, rcnn_cls: 0.3287, rcnn_box 0.2871
[session 1][epoch 11][iter  100/ 130] training loss: 0.9376,  lr: 1.00e-05
			fg/bg=(49/207), time cost: 29.768471
			rpn_cls: 0.0896, rpn_box: 0.0993, rcnn_cls: 0.5873, rcnn_box 0.3250
[session 1][epoch 11][iter  120/ 130] training loss: 0.9910,  lr: 1.00e-05
			fg/bg=(23/233), time cost: 30.009946
			rpn_cls: 0.1579, rpn_box: 0.3884, rcnn_cls: 0.3950, rcnn_box 0.1246
Epoch 11: Training loss: 0.2470, Testing loss: 0.3084
total training time: 1983.194490
[session 1][epoch 12][iter    0/ 130] training loss: 0.9593,  lr: 1.00e-06
			fg/bg=(36/220), time cost: 2.006570
			rpn_cls: 0.0869, rpn_box: 0.1451, rcnn_cls: 0.5014, rcnn_box 0.2259
[session 1][epoch 12][iter   20/ 130] training loss: 0.9354,  lr: 1.00e-06
			fg/bg=(34/222), time cost: 30.452908
			rpn_cls: 0.0884, rpn_box: 0.0069, rcnn_cls: 0.2986, rcnn_box 0.2675
[session 1][epoch 12][iter   40/ 130] training loss: 0.9211,  lr: 1.00e-06
			fg/bg=(28/228), time cost: 30.308270
			rpn_cls: 0.0798, rpn_box: 0.1704, rcnn_cls: 0.2649, rcnn_box 0.1563
[session 1][epoch 12][iter   60/ 130] training loss: 1.0647,  lr: 1.00e-06
			fg/bg=(31/225), time cost: 30.157528
			rpn_cls: 0.0829, rpn_box: 0.0033, rcnn_cls: 0.3995, rcnn_box 0.2073
[session 1][epoch 12][iter   80/ 130] training loss: 0.9066,  lr: 1.00e-06
			fg/bg=(6/250), time cost: 28.415841
			rpn_cls: 0.0560, rpn_box: 0.0143, rcnn_cls: 0.1651, rcnn_box 0.0199
[session 1][epoch 12][iter  100/ 130] training loss: 0.8968,  lr: 1.00e-06
			fg/bg=(59/197), time cost: 29.719350
			rpn_cls: 0.1005, rpn_box: 0.0898, rcnn_cls: 0.5700, rcnn_box 0.3755
[session 1][epoch 12][iter  120/ 130] training loss: 0.8911,  lr: 1.00e-06
			fg/bg=(38/218), time cost: 29.916054
			rpn_cls: 0.0886, rpn_box: 0.1284, rcnn_cls: 0.4815, rcnn_box 0.2238
Epoch 12: Training loss: 0.2369, Testing loss: 0.3052
total training time: 2164.171011
[session 1][epoch 13][iter    0/ 130] training loss: 1.1854,  lr: 1.00e-06
			fg/bg=(36/220), time cost: 1.930894
			rpn_cls: 0.2387, rpn_box: 0.3587, rcnn_cls: 0.3508, rcnn_box 0.2372
[session 1][epoch 13][iter   20/ 130] training loss: 0.9386,  lr: 1.00e-06
			fg/bg=(44/212), time cost: 30.193251
			rpn_cls: 0.0614, rpn_box: 0.0283, rcnn_cls: 0.4221, rcnn_box 0.3110
[session 1][epoch 13][iter   40/ 130] training loss: 0.9004,  lr: 1.00e-06
			fg/bg=(45/211), time cost: 30.330938
			rpn_cls: 0.1422, rpn_box: 0.0781, rcnn_cls: 0.5283, rcnn_box 0.2306
[session 1][epoch 13][iter   60/ 130] training loss: 1.0139,  lr: 1.00e-06
			fg/bg=(32/224), time cost: 30.615796
			rpn_cls: 0.0593, rpn_box: 0.3860, rcnn_cls: 0.3388, rcnn_box 0.2173
[session 1][epoch 13][iter   80/ 130] training loss: 0.8604,  lr: 1.00e-06
			fg/bg=(36/220), time cost: 28.523078
			rpn_cls: 0.0857, rpn_box: 0.0034, rcnn_cls: 0.4073, rcnn_box 0.2745
[session 1][epoch 13][iter  100/ 130] training loss: 0.8970,  lr: 1.00e-06
			fg/bg=(54/202), time cost: 29.350002
			rpn_cls: 0.1586, rpn_box: 0.1789, rcnn_cls: 0.4380, rcnn_box 0.3477
[session 1][epoch 13][iter  120/ 130] training loss: 0.9506,  lr: 1.00e-06
			fg/bg=(45/211), time cost: 30.077186
			rpn_cls: 0.0815, rpn_box: 0.0031, rcnn_cls: 0.5100, rcnn_box 0.2905
Epoch 13: Training loss: 0.2335, Testing loss: 0.3052
total training time: 2345.192155
[session 1][epoch 14][iter    0/ 130] training loss: 0.9448,  lr: 1.00e-06
			fg/bg=(46/210), time cost: 2.075148
			rpn_cls: 0.1922, rpn_box: 0.1441, rcnn_cls: 0.3633, rcnn_box 0.2452
[session 1][epoch 14][iter   20/ 130] training loss: 0.9064,  lr: 1.00e-06
			fg/bg=(63/193), time cost: 30.431632
			rpn_cls: 0.1570, rpn_box: 0.1856, rcnn_cls: 0.5977, rcnn_box 0.3337
[session 1][epoch 14][iter   40/ 130] training loss: 0.8350,  lr: 1.00e-06
			fg/bg=(62/194), time cost: 30.565565
			rpn_cls: 0.1472, rpn_box: 0.1948, rcnn_cls: 0.5836, rcnn_box 0.4175
[session 1][epoch 14][iter   60/ 130] training loss: 1.0529,  lr: 1.00e-06
			fg/bg=(51/205), time cost: 30.012745
			rpn_cls: 0.1364, rpn_box: 0.1760, rcnn_cls: 0.4133, rcnn_box 0.3124
[session 1][epoch 14][iter   80/ 130] training loss: 0.9126,  lr: 1.00e-06
			fg/bg=(64/192), time cost: 27.946828
			rpn_cls: 0.1504, rpn_box: 0.0127, rcnn_cls: 0.7004, rcnn_box 0.3795
[session 1][epoch 14][iter  100/ 130] training loss: 0.8951,  lr: 1.00e-06
			fg/bg=(47/209), time cost: 30.125718
			rpn_cls: 0.1780, rpn_box: 0.2331, rcnn_cls: 0.6882, rcnn_box 0.2721
[session 1][epoch 14][iter  120/ 130] training loss: 0.9325,  lr: 1.00e-06
			fg/bg=(54/202), time cost: 29.860575
			rpn_cls: 0.1288, rpn_box: 0.2827, rcnn_cls: 0.5335, rcnn_box 0.3409
Epoch 14: Training loss: 0.2314, Testing loss: 0.3089
total training time: 2526.210366
[session 1][epoch 15][iter    0/ 130] training loss: 1.2153,  lr: 1.00e-06
			fg/bg=(64/192), time cost: 1.997321
			rpn_cls: 0.1666, rpn_box: 0.0257, rcnn_cls: 0.7309, rcnn_box 0.2922
[session 1][epoch 15][iter   20/ 130] training loss: 0.9697,  lr: 1.00e-06
			fg/bg=(53/203), time cost: 30.182208
			rpn_cls: 0.1780, rpn_box: 0.1191, rcnn_cls: 0.5373, rcnn_box 0.3307
[session 1][epoch 15][iter   40/ 130] training loss: 0.9102,  lr: 1.00e-06
			fg/bg=(42/214), time cost: 30.435266
			rpn_cls: 0.0820, rpn_box: 0.2324, rcnn_cls: 0.2828, rcnn_box 0.2135
[session 1][epoch 15][iter   60/ 130] training loss: 0.8504,  lr: 1.00e-06
			fg/bg=(55/201), time cost: 30.288179
			rpn_cls: 0.3734, rpn_box: 0.1628, rcnn_cls: 0.4763, rcnn_box 0.3152
[session 1][epoch 15][iter   80/ 130] training loss: 0.9245,  lr: 1.00e-06
			fg/bg=(47/209), time cost: 28.226544
			rpn_cls: 0.0883, rpn_box: 0.0912, rcnn_cls: 0.4886, rcnn_box 0.2958
[session 1][epoch 15][iter  100/ 130] training loss: 0.9579,  lr: 1.00e-06
			fg/bg=(64/192), time cost: 29.376740
			rpn_cls: 0.1517, rpn_box: 0.0163, rcnn_cls: 0.6155, rcnn_box 0.3268
[session 1][epoch 15][iter  120/ 130] training loss: 0.9770,  lr: 1.00e-06
			fg/bg=(51/205), time cost: 29.823550
			rpn_cls: 0.2721, rpn_box: 0.1755, rcnn_cls: 0.4271, rcnn_box 0.2983
Epoch 15: Training loss: 0.2296, Testing loss: 0.3100
total training time: 2706.540175
[session 1][epoch 16][iter    0/ 130] training loss: 0.8604,  lr: 1.00e-06
			fg/bg=(38/218), time cost: 1.953074
			rpn_cls: 0.0738, rpn_box: 0.2260, rcnn_cls: 0.2966, rcnn_box 0.2640
[session 1][epoch 16][iter   20/ 130] training loss: 0.9400,  lr: 1.00e-06
			fg/bg=(49/207), time cost: 30.433259
			rpn_cls: 0.0621, rpn_box: 0.0101, rcnn_cls: 0.2166, rcnn_box 0.2190
[session 1][epoch 16][iter   40/ 130] training loss: 0.8963,  lr: 1.00e-06
			fg/bg=(53/203), time cost: 30.347756
			rpn_cls: 0.0936, rpn_box: 0.1532, rcnn_cls: 0.3840, rcnn_box 0.2936
[session 1][epoch 16][iter   60/ 130] training loss: 0.8871,  lr: 1.00e-06
			fg/bg=(20/236), time cost: 30.651285
			rpn_cls: 0.0987, rpn_box: 0.0575, rcnn_cls: 0.2706, rcnn_box 0.1233
[session 1][epoch 16][iter   80/ 130] training loss: 0.9029,  lr: 1.00e-06
			fg/bg=(59/197), time cost: 28.177195
			rpn_cls: 0.0937, rpn_box: 0.1994, rcnn_cls: 0.5209, rcnn_box 0.3819
[session 1][epoch 16][iter  100/ 130] training loss: 0.8170,  lr: 1.00e-06
			fg/bg=(60/196), time cost: 29.767394
			rpn_cls: 0.1229, rpn_box: 0.1882, rcnn_cls: 0.5511, rcnn_box 0.2947
[session 1][epoch 16][iter  120/ 130] training loss: 0.9931,  lr: 1.00e-06
			fg/bg=(23/233), time cost: 29.408360
			rpn_cls: 0.0375, rpn_box: 0.0025, rcnn_cls: 0.2318, rcnn_box 0.1448
Epoch 16: Training loss: 0.2279, Testing loss: 0.3100
total training time: 2887.278500
[session 1][epoch 17][iter    0/ 130] training loss: 0.9827,  lr: 1.00e-06
			fg/bg=(50/206), time cost: 1.929628
			rpn_cls: 0.0928, rpn_box: 0.0697, rcnn_cls: 0.5406, rcnn_box 0.2796
[session 1][epoch 17][iter   20/ 130] training loss: 0.9496,  lr: 1.00e-06
			fg/bg=(20/236), time cost: 30.043447
			rpn_cls: 0.1029, rpn_box: 0.0567, rcnn_cls: 0.2491, rcnn_box 0.1199
[session 1][epoch 17][iter   40/ 130] training loss: 0.8592,  lr: 1.00e-06
			fg/bg=(47/209), time cost: 30.914546
			rpn_cls: 0.0837, rpn_box: 0.0030, rcnn_cls: 0.4441, rcnn_box 0.3127
[session 1][epoch 17][iter   60/ 130] training loss: 0.9675,  lr: 1.00e-06
			fg/bg=(34/222), time cost: 30.428457
			rpn_cls: 0.0477, rpn_box: 0.2733, rcnn_cls: 0.3033, rcnn_box 0.2069
[session 1][epoch 17][iter   80/ 130] training loss: 0.8810,  lr: 1.00e-06
			fg/bg=(52/204), time cost: 28.481636
			rpn_cls: 0.1235, rpn_box: 0.1905, rcnn_cls: 0.5817, rcnn_box 0.2780
[session 1][epoch 17][iter  100/ 130] training loss: 0.8327,  lr: 1.00e-06
			fg/bg=(58/198), time cost: 29.514525
			rpn_cls: 0.2031, rpn_box: 0.1812, rcnn_cls: 0.5900, rcnn_box 0.2862
[session 1][epoch 17][iter  120/ 130] training loss: 0.9982,  lr: 1.00e-06
			fg/bg=(55/201), time cost: 29.206447
			rpn_cls: 0.1204, rpn_box: 0.2805, rcnn_cls: 0.4990, rcnn_box 0.3360
Epoch 17: Training loss: 0.2274, Testing loss: 0.3091
total training time: 3067.797185
[session 1][epoch 18][iter    0/ 130] training loss: 0.8427,  lr: 1.00e-07
			fg/bg=(37/219), time cost: 1.942239
			rpn_cls: 0.1117, rpn_box: 0.1615, rcnn_cls: 0.3389, rcnn_box 0.2307
[session 1][epoch 18][iter   20/ 130] training loss: 0.9042,  lr: 1.00e-07
			fg/bg=(51/205), time cost: 30.609530
			rpn_cls: 0.0647, rpn_box: 0.1623, rcnn_cls: 0.3282, rcnn_box 0.3108
[session 1][epoch 18][iter   40/ 130] training loss: 0.8910,  lr: 1.00e-07
			fg/bg=(45/211), time cost: 30.209481
			rpn_cls: 0.0836, rpn_box: 0.0906, rcnn_cls: 0.3970, rcnn_box 0.2750
[session 1][epoch 18][iter   60/ 130] training loss: 0.8179,  lr: 1.00e-07
			fg/bg=(11/245), time cost: 30.156132
			rpn_cls: 0.0743, rpn_box: 0.0205, rcnn_cls: 0.2016, rcnn_box 0.0610
[session 1][epoch 18][iter   80/ 130] training loss: 0.8657,  lr: 1.00e-07
			fg/bg=(43/213), time cost: 28.511380
			rpn_cls: 0.0835, rpn_box: 0.2386, rcnn_cls: 0.3267, rcnn_box 0.1978
[session 1][epoch 18][iter  100/ 130] training loss: 0.8619,  lr: 1.00e-07
			fg/bg=(13/243), time cost: 29.729914
			rpn_cls: 0.0620, rpn_box: 0.0038, rcnn_cls: 0.1210, rcnn_box 0.0706
[session 1][epoch 18][iter  120/ 130] training loss: 0.9786,  lr: 1.00e-07
			fg/bg=(55/201), time cost: 29.596598
			rpn_cls: 0.1029, rpn_box: 0.1288, rcnn_cls: 0.4374, rcnn_box 0.3067
Epoch 18: Training loss: 0.2232, Testing loss: 0.3074
total training time: 3248.552459
[session 1][epoch 19][iter    0/ 130] training loss: 0.5037,  lr: 1.00e-07
			fg/bg=(38/218), time cost: 1.949721
			rpn_cls: 0.0641, rpn_box: 0.0120, rcnn_cls: 0.1847, rcnn_box 0.2429
[session 1][epoch 19][iter   20/ 130] training loss: 0.8217,  lr: 1.00e-07
			fg/bg=(43/213), time cost: 30.306659
			rpn_cls: 0.1024, rpn_box: 0.0635, rcnn_cls: 0.4567, rcnn_box 0.2173
[session 1][epoch 19][iter   40/ 130] training loss: 0.9353,  lr: 1.00e-07
			fg/bg=(22/234), time cost: 30.219240
			rpn_cls: 0.0737, rpn_box: 0.2124, rcnn_cls: 0.2103, rcnn_box 0.1513
[session 1][epoch 19][iter   60/ 130] training loss: 0.9104,  lr: 1.00e-07
			fg/bg=(44/212), time cost: 30.319341
			rpn_cls: 0.0819, rpn_box: 0.3120, rcnn_cls: 0.4481, rcnn_box 0.2677
[session 1][epoch 19][iter   80/ 130] training loss: 0.8929,  lr: 1.00e-07
			fg/bg=(37/219), time cost: 28.318224
			rpn_cls: 0.1119, rpn_box: 0.1613, rcnn_cls: 0.3071, rcnn_box 0.2316
[session 1][epoch 19][iter  100/ 130] training loss: 0.9221,  lr: 1.00e-07
			fg/bg=(59/197), time cost: 29.585343
			rpn_cls: 0.1241, rpn_box: 0.1976, rcnn_cls: 0.4934, rcnn_box 0.3648
[session 1][epoch 19][iter  120/ 130] training loss: 0.9086,  lr: 1.00e-07
			fg/bg=(42/214), time cost: 29.464286
			rpn_cls: 0.1366, rpn_box: 0.0413, rcnn_cls: 0.3960, rcnn_box 0.2088
Epoch 19: Training loss: 0.2245, Testing loss: 0.3130
total training time: 3428.715273
[session 1][epoch 20][iter    0/ 130] training loss: 0.7975,  lr: 1.00e-07
			fg/bg=(32/224), time cost: 1.930729
			rpn_cls: 0.0937, rpn_box: 0.2444, rcnn_cls: 0.3098, rcnn_box 0.1497
[session 1][epoch 20][iter   20/ 130] training loss: 0.8603,  lr: 1.00e-07
			fg/bg=(35/221), time cost: 30.472174
			rpn_cls: 0.0865, rpn_box: 0.0087, rcnn_cls: 0.1786, rcnn_box 0.2058
[session 1][epoch 20][iter   40/ 130] training loss: 0.9048,  lr: 1.00e-07
			fg/bg=(50/206), time cost: 30.304808
			rpn_cls: 0.1104, rpn_box: 0.0694, rcnn_cls: 0.5839, rcnn_box 0.2541
[session 1][epoch 20][iter   60/ 130] training loss: 0.9562,  lr: 1.00e-07
			fg/bg=(33/223), time cost: 30.546707
			rpn_cls: 0.1188, rpn_box: 0.1568, rcnn_cls: 0.4637, rcnn_box 0.1468
[session 1][epoch 20][iter   80/ 130] training loss: 0.8675,  lr: 1.00e-07
			fg/bg=(26/230), time cost: 27.928171
			rpn_cls: 0.0586, rpn_box: 0.0065, rcnn_cls: 0.2899, rcnn_box 0.1622
[session 1][epoch 20][iter  100/ 130] training loss: 0.8928,  lr: 1.00e-07
			fg/bg=(9/247), time cost: 29.772899
			rpn_cls: 0.0968, rpn_box: 0.0119, rcnn_cls: 0.1903, rcnn_box 0.0712
[session 1][epoch 20][iter  120/ 130] training loss: 0.8690,  lr: 1.00e-07
			fg/bg=(39/217), time cost: 29.849829
			rpn_cls: 0.0856, rpn_box: 0.1342, rcnn_cls: 0.4750, rcnn_box 0.2155
Epoch 20: Training loss: 0.2229, Testing loss: 0.3126
total training time: 3609.520590
save model: models/res101/pascal_voc/faster_rcnn_1_20_129.pth
Called with args:
Namespace(batch_size=2, checkepoch=1, checkpoint=0, checkpoint_interval=10000, checksession=1, class_agnostic=False, cuda=True, dataset='pascal_voc', disp_interval=50, large_scale=False, lr=0.001, lr_decay_gamma=0.1, lr_decay_step=5, mGPUs=False, max_epochs=20, net='res101', num_workers=1, optimizer='adam', resume=False, save_dir='models', session=1, start_epoch=1, use_tfboard=False)
Using config:
{'ANCHOR_RATIOS': [0.5, 1, 2],
 'ANCHOR_SCALES': [8, 16, 32],
 'CROP_RESIZE_WITH_MAX_POOL': False,
 'CUDA': False,
 'DATA_DIR': '/home/jason/faster-rcnn.pytorch-1.0/data',
 'DEDUP_BOXES': 0.0625,
 'EPS': 1e-14,
 'EXP_DIR': 'res101',
 'FEAT_STRIDE': [16],
 'GPU_ID': 0,
 'MATLAB': 'matlab',
 'MAX_NUM_GT_BOXES': 20,
 'MOBILENET': {'DEPTH_MULTIPLIER': 1.0,
               'FIXED_LAYERS': 5,
               'REGU_DEPTH': False,
               'WEIGHT_DECAY': 4e-05},
 'PIXEL_MEANS': array([[[102.9801, 115.9465, 122.7717]]]),
 'POOLING_MODE': 'align',
 'POOLING_SIZE': 7,
 'RESNET': {'FIXED_BLOCKS': 1, 'MAX_POOL': False},
 'RNG_SEED': 3,
 'ROOT_DIR': '/home/jason/faster-rcnn.pytorch-1.0',
 'TEST': {'BBOX_REG': True,
          'HAS_RPN': True,
          'MAX_SIZE': 1000,
          'MODE': 'nms',
          'NMS': 0.3,
          'PROPOSAL_METHOD': 'gt',
          'RPN_MIN_SIZE': 16,
          'RPN_NMS_THRESH': 0.7,
          'RPN_POST_NMS_TOP_N': 300,
          'RPN_PRE_NMS_TOP_N': 6000,
          'RPN_TOP_N': 5000,
          'SCALES': [600],
          'SVM': False},
 'TRAIN': {'ASPECT_GROUPING': False,
           'BATCH_SIZE': 128,
           'BBOX_INSIDE_WEIGHTS': [1.0, 1.0, 1.0, 1.0],
           'BBOX_NORMALIZE_MEANS': [0.0, 0.0, 0.0, 0.0],
           'BBOX_NORMALIZE_STDS': [0.1, 0.1, 0.2, 0.2],
           'BBOX_NORMALIZE_TARGETS': True,
           'BBOX_NORMALIZE_TARGETS_PRECOMPUTED': True,
           'BBOX_REG': True,
           'BBOX_THRESH': 0.5,
           'BG_THRESH_HI': 0.5,
           'BG_THRESH_LO': 0.0,
           'BIAS_DECAY': False,
           'BN_TRAIN': False,
           'BRIGHTNESS_CHANGE': False,
           'DISPLAY': 20,
           'DOUBLE_BIAS': False,
           'FG_FRACTION': 0.25,
           'FG_THRESH': 0.5,
           'GAMMA': 0.1,
           'HAS_RPN': True,
           'IMS_PER_BATCH': 1,
           'LEARNING_RATE': 0.001,
           'MAX_SIZE': 1000,
           'MOMENTUM': 0.9,
           'PROPOSAL_METHOD': 'gt',
           'ROTATE_90': False,
           'RPN_BATCHSIZE': 256,
           'RPN_BBOX_INSIDE_WEIGHTS': [1.0, 1.0, 1.0, 1.0],
           'RPN_CLOBBER_POSITIVES': False,
           'RPN_FG_FRACTION': 0.5,
           'RPN_MIN_SIZE': 8,
           'RPN_NEGATIVE_OVERLAP': 0.3,
           'RPN_NMS_THRESH': 0.7,
           'RPN_POSITIVE_OVERLAP': 0.7,
           'RPN_POSITIVE_WEIGHT': -1.0,
           'RPN_POST_NMS_TOP_N': 2000,
           'RPN_PRE_NMS_TOP_N': 12000,
           'SCALES': [600],
           'SNAPSHOT_ITERS': 5000,
           'SNAPSHOT_KEPT': 3,
           'SNAPSHOT_PREFIX': 'res101_faster_rcnn',
           'STEPSIZE': [30000],
           'SUMMARY_INTERVAL': 180,
           'TRIM_HEIGHT': 600,
           'TRIM_WIDTH': 600,
           'TRUNCATED': False,
           'USE_ALL_GT': True,
           'USE_FLIPPED': True,
           'USE_GT': False,
           'USE_VERTICAL_FLIPPED': False,
           'WEIGHT_DECAY': 0.0001},
 'USE_GPU_NMS': True}
['voc_2007_trainval']
Loaded dataset `voc_2007_trainval` for training
Set proposal method: gt
Appending vertically-flipped training examples...
wrote gt roidb to /home/jason/faster-rcnn.pytorch-1.0/data/cache/voc_2007_trainval_gt_roidb.pkl
done
Preparing training data...
done
before filtering, there are 260 images...
after filtering, there are 260 images...
['voc_2007_test']
Loaded dataset `voc_2007_test` for training
Set proposal method: gt
Preparing training data...
wrote gt roidb to /home/jason/faster-rcnn.pytorch-1.0/data/cache/voc_2007_test_gt_roidb.pkl
done
before filtering, there are 130 images...
after filtering, there are 130 images...
260 roidb entries
130 roidb2 entries
[session 1][epoch  1][iter    0/ 130] training loss: 28.8853,  lr: 1.00e-04
			fg/bg=(6/250), time cost: 2.083162
			rpn_cls: 1.0338, rpn_box: 1.4447, rcnn_cls: 26.3013, rcnn_box 0.1056
Traceback (most recent call last):
  File "/usr/local/lib/python3.6/dist-packages/torch/utils/data/dataloader.py", line 761, in _try_get_data
    data = self._data_queue.get(timeout=timeout)
  File "/usr/lib/python3.6/multiprocessing/queues.py", line 104, in get
    if not self._poll(timeout):
  File "/usr/lib/python3.6/multiprocessing/connection.py", line 257, in poll
    return self._poll(timeout)
  File "/usr/lib/python3.6/multiprocessing/connection.py", line 414, in _poll
    r = wait([self], timeout)
  File "/usr/lib/python3.6/multiprocessing/connection.py", line 911, in wait
    ready = selector.select(timeout)
  File "/usr/lib/python3.6/selectors.py", line 376, in select
    fd_event_list = self._poll.poll(timeout)
  File "/usr/local/lib/python3.6/dist-packages/torch/utils/data/_utils/signal_handling.py", line 66, in handler
    _error_if_any_worker_fails()
RuntimeError: DataLoader worker (pid 23925) is killed by signal: Terminated. 

During handling of the above exception, another exception occurred:

Traceback (most recent call last):
  File "trainval_net.py", line 355, in <module>
    data = next(data_iter)
  File "/usr/local/lib/python3.6/dist-packages/torch/utils/data/dataloader.py", line 345, in __next__
    data = self._next_data()
  File "/usr/local/lib/python3.6/dist-packages/torch/utils/data/dataloader.py", line 841, in _next_data
    idx, data = self._get_data()
  File "/usr/local/lib/python3.6/dist-packages/torch/utils/data/dataloader.py", line 808, in _get_data
    success, data = self._try_get_data()
  File "/usr/local/lib/python3.6/dist-packages/torch/utils/data/dataloader.py", line 774, in _try_get_data
    raise RuntimeError('DataLoader worker (pid(s) {}) exited unexpectedly'.format(pids_str))
RuntimeError: DataLoader worker (pid(s) 23925) exited unexpectedly
