Called with args:
Namespace(batch_size=8, checkepoch=1, checkpoint=0, checkpoint_interval=10000, checksession=1, class_agnostic=False, cuda=True, dataset='pascal_voc', disp_interval=100, large_scale=False, lr=0.001, lr_decay_gamma=0.1, lr_decay_step=5, mGPUs=False, max_epochs=20, net='vgg16', num_workers=1, optimizer='sgd', resume=False, save_dir='models', session=1, start_epoch=1, use_tfboard=False)
Using config:
{'ANCHOR_RATIOS': [0.5, 1, 2],
 'ANCHOR_SCALES': [8, 16, 32],
 'CROP_RESIZE_WITH_MAX_POOL': False,
 'CUDA': False,
 'DATA_DIR': '/home/jason/faster-rcnn.pytorch-1.0/data',
 'DEDUP_BOXES': 0.0625,
 'EPS': 1e-14,
 'EXP_DIR': 'vgg16',
 'FEAT_STRIDE': [16],
 'GPU_ID': 0,
 'MATLAB': 'matlab',
 'MAX_NUM_GT_BOXES': 20,
 'MOBILENET': {'DEPTH_MULTIPLIER': 1.0,
               'FIXED_LAYERS': 5,
               'REGU_DEPTH': False,
               'WEIGHT_DECAY': 4e-05},
 'PIXEL_MEANS': array([[[102.9801, 115.9465, 122.7717]]]),
 'POOLING_MODE': 'align',
 'POOLING_SIZE': 7,
 'RESNET': {'FIXED_BLOCKS': 1, 'MAX_POOL': False},
 'RNG_SEED': 3,
 'ROOT_DIR': '/home/jason/faster-rcnn.pytorch-1.0',
 'TEST': {'BBOX_REG': True,
          'HAS_RPN': True,
          'MAX_SIZE': 1000,
          'MODE': 'nms',
          'NMS': 0.3,
          'PROPOSAL_METHOD': 'gt',
          'RPN_MIN_SIZE': 16,
          'RPN_NMS_THRESH': 0.7,
          'RPN_POST_NMS_TOP_N': 300,
          'RPN_PRE_NMS_TOP_N': 6000,
          'RPN_TOP_N': 5000,
          'SCALES': [600],
          'SVM': False},
 'TRAIN': {'ASPECT_GROUPING': False,
           'BATCH_SIZE': 256,
           'BBOX_INSIDE_WEIGHTS': [1.0, 1.0, 1.0, 1.0],
           'BBOX_NORMALIZE_MEANS': [0.0, 0.0, 0.0, 0.0],
           'BBOX_NORMALIZE_STDS': [0.1, 0.1, 0.2, 0.2],
           'BBOX_NORMALIZE_TARGETS': True,
           'BBOX_NORMALIZE_TARGETS_PRECOMPUTED': True,
           'BBOX_REG': True,
           'BBOX_THRESH': 0.5,
           'BG_THRESH_HI': 0.5,
           'BG_THRESH_LO': 0.0,
           'BIAS_DECAY': False,
           'BN_TRAIN': False,
           'DISPLAY': 10,
           'DOUBLE_BIAS': True,
           'FG_FRACTION': 0.25,
           'FG_THRESH': 0.5,
           'GAMMA': 0.1,
           'HAS_RPN': True,
           'IMS_PER_BATCH': 1,
           'LEARNING_RATE': 0.01,
           'MAX_SIZE': 1000,
           'MOMENTUM': 0.9,
           'PROPOSAL_METHOD': 'gt',
           'RPN_BATCHSIZE': 256,
           'RPN_BBOX_INSIDE_WEIGHTS': [1.0, 1.0, 1.0, 1.0],
           'RPN_CLOBBER_POSITIVES': False,
           'RPN_FG_FRACTION': 0.5,
           'RPN_MIN_SIZE': 8,
           'RPN_NEGATIVE_OVERLAP': 0.3,
           'RPN_NMS_THRESH': 0.7,
           'RPN_POSITIVE_OVERLAP': 0.7,
           'RPN_POSITIVE_WEIGHT': -1.0,
           'RPN_POST_NMS_TOP_N': 2000,
           'RPN_PRE_NMS_TOP_N': 12000,
           'SCALES': [600],
           'SNAPSHOT_ITERS': 5000,
           'SNAPSHOT_KEPT': 3,
           'SNAPSHOT_PREFIX': 'res101_faster_rcnn',
           'STEPSIZE': [30000],
           'SUMMARY_INTERVAL': 180,
           'TRIM_HEIGHT': 600,
           'TRIM_WIDTH': 600,
           'TRUNCATED': False,
           'USE_ALL_GT': True,
           'USE_FLIPPED': True,
           'USE_GT': False,
           'WEIGHT_DECAY': 0.0005},
 'USE_GPU_NMS': True}
['voc_2007_trainval']
Loaded dataset `voc_2007_trainval` for training
Set proposal method: gt
Appending horizontally-flipped training examples...
voc_2007_trainval gt roidb loaded from /home/jason/faster-rcnn.pytorch-1.0/data/cache/voc_2007_trainval_gt_roidb.pkl
done
Preparing training data...
done
before filtering, there are 15186 images...
after filtering, there are 15184 images...
15184 roidb entries
Loading pretrained weights from data/pretrained_model/vgg16_caffe.pth
[session 1][epoch  1][iter    0/1898] loss: 4.7570, lr: 1.00e-03
			fg/bg=(59/1989), time cost: 6.844135
			rpn_cls: 0.6759, rpn_box: 0.1432, rcnn_cls: 3.8718, rcnn_box 0.0660
[session 1][epoch  1][iter  100/1898] loss: 0.9635, lr: 1.00e-03
			fg/bg=(157/1891), time cost: 582.511775
			rpn_cls: 0.1070, rpn_box: 0.0474, rcnn_cls: 0.4690, rcnn_box 0.1993
[session 1][epoch  1][iter  200/1898] loss: 0.7893, lr: 1.00e-03
			fg/bg=(352/1696), time cost: 586.823366
			rpn_cls: 0.2209, rpn_box: 0.2411, rcnn_cls: 0.7495, rcnn_box 0.4187
[session 1][epoch  1][iter  300/1898] loss: 0.8178, lr: 1.00e-03
			fg/bg=(130/1918), time cost: 586.359618
			rpn_cls: 0.0761, rpn_box: 0.1196, rcnn_cls: 0.2583, rcnn_box 0.1588
[session 1][epoch  1][iter  400/1898] loss: 0.7849, lr: 1.00e-03
			fg/bg=(225/1823), time cost: 589.779543
			rpn_cls: 0.1326, rpn_box: 0.2071, rcnn_cls: 0.3083, rcnn_box 0.2478
[session 1][epoch  1][iter  500/1898] loss: 0.7813, lr: 1.00e-03
			fg/bg=(128/1920), time cost: 586.937856
			rpn_cls: 0.0607, rpn_box: 0.0334, rcnn_cls: 0.3167, rcnn_box 0.1522
[session 1][epoch  1][iter  600/1898] loss: 0.7421, lr: 1.00e-03
			fg/bg=(181/1867), time cost: 599.562144
			rpn_cls: 0.1010, rpn_box: 0.0817, rcnn_cls: 0.3539, rcnn_box 0.2122
[session 1][epoch  1][iter  700/1898] loss: 0.6959, lr: 1.00e-03
			fg/bg=(351/1697), time cost: 602.684435
			rpn_cls: 0.1014, rpn_box: 0.1617, rcnn_cls: 0.2991, rcnn_box 0.3902
[session 1][epoch  1][iter  800/1898] loss: 0.7534, lr: 1.00e-03
			fg/bg=(176/1872), time cost: 598.296332
			rpn_cls: 0.0684, rpn_box: 0.0441, rcnn_cls: 0.3027, rcnn_box 0.1962
[session 1][epoch  1][iter  900/1898] loss: 0.6919, lr: 1.00e-03
			fg/bg=(332/1716), time cost: 599.536644
			rpn_cls: 0.0850, rpn_box: 0.1097, rcnn_cls: 0.2690, rcnn_box 0.3355
[session 1][epoch  1][iter 1000/1898] loss: 0.6932, lr: 1.00e-03
			fg/bg=(192/1856), time cost: 601.719403
			rpn_cls: 0.0459, rpn_box: 0.0662, rcnn_cls: 0.3169, rcnn_box 0.2143
[session 1][epoch  1][iter 1100/1898] loss: 0.7160, lr: 1.00e-03
			fg/bg=(194/1854), time cost: 602.774418
			rpn_cls: 0.0720, rpn_box: 0.1424, rcnn_cls: 0.3110, rcnn_box 0.2052
[session 1][epoch  1][iter 1200/1898] loss: 0.6941, lr: 1.00e-03
			fg/bg=(197/1851), time cost: 597.245151
			rpn_cls: 0.0583, rpn_box: 0.0512, rcnn_cls: 0.3623, rcnn_box 0.2191
[session 1][epoch  1][iter 1300/1898] loss: 0.6579, lr: 1.00e-03
			fg/bg=(236/1812), time cost: 601.345837
			rpn_cls: 0.1238, rpn_box: 0.1399, rcnn_cls: 0.3003, rcnn_box 0.2582
[session 1][epoch  1][iter 1400/1898] loss: 0.6488, lr: 1.00e-03
			fg/bg=(146/1902), time cost: 603.423712
			rpn_cls: 0.0407, rpn_box: 0.0840, rcnn_cls: 0.2671, rcnn_box 0.1514
[session 1][epoch  1][iter 1500/1898] loss: 0.6492, lr: 1.00e-03
			fg/bg=(157/1891), time cost: 600.108979
			rpn_cls: 0.0390, rpn_box: 0.0428, rcnn_cls: 0.2069, rcnn_box 0.1676
[session 1][epoch  1][iter 1600/1898] loss: 0.6669, lr: 1.00e-03
			fg/bg=(152/1896), time cost: 603.568795
			rpn_cls: 0.0467, rpn_box: 0.0685, rcnn_cls: 0.1520, rcnn_box 0.1410
[session 1][epoch  1][iter 1700/1898] loss: 0.6253, lr: 1.00e-03
			fg/bg=(151/1897), time cost: 600.204801
			rpn_cls: 0.0594, rpn_box: 0.0515, rcnn_cls: 0.1563, rcnn_box 0.1311
[session 1][epoch  1][iter 1800/1898] loss: 0.6229, lr: 1.00e-03
			fg/bg=(285/1763), time cost: 617.733985
			rpn_cls: 0.1276, rpn_box: 0.0554, rcnn_cls: 0.4177, rcnn_box 0.3303
total training time: 10767.460930
[session 1][epoch  2][iter    0/1898] loss: 0.4614, lr: 1.00e-03
			fg/bg=(196/1852), time cost: 6.896058
			rpn_cls: 0.0394, rpn_box: 0.0403, rcnn_cls: 0.2174, rcnn_box 0.1642
[session 1][epoch  2][iter  100/1898] loss: 0.6061, lr: 1.00e-03
			fg/bg=(220/1828), time cost: 593.655567
			rpn_cls: 0.0607, rpn_box: 0.0291, rcnn_cls: 0.3054, rcnn_box 0.2010
[session 1][epoch  2][iter  200/1898] loss: 0.5830, lr: 1.00e-03
			fg/bg=(184/1864), time cost: 593.337229
			rpn_cls: 0.0289, rpn_box: 0.0135, rcnn_cls: 0.3348, rcnn_box 0.1529
[session 1][epoch  2][iter  300/1898] loss: 0.5874, lr: 1.00e-03
			fg/bg=(205/1843), time cost: 595.595697
			rpn_cls: 0.0454, rpn_box: 0.0284, rcnn_cls: 0.3449, rcnn_box 0.1416
[session 1][epoch  2][iter  400/1898] loss: 0.5409, lr: 1.00e-03
			fg/bg=(206/1842), time cost: 595.795124
			rpn_cls: 0.0693, rpn_box: 0.0322, rcnn_cls: 0.2645, rcnn_box 0.1656
[session 1][epoch  2][iter  500/1898] loss: 0.5843, lr: 1.00e-03
			fg/bg=(124/1924), time cost: 658.274530
			rpn_cls: 0.0430, rpn_box: 0.0046, rcnn_cls: 0.2441, rcnn_box 0.0915
[session 1][epoch  2][iter  600/1898] loss: 0.5572, lr: 1.00e-03
			fg/bg=(172/1876), time cost: 964.509280
			rpn_cls: 0.0597, rpn_box: 0.0500, rcnn_cls: 0.3112, rcnn_box 0.1224
[session 1][epoch  2][iter  700/1898] loss: 0.5472, lr: 1.00e-03
			fg/bg=(237/1811), time cost: 977.674635
			rpn_cls: 0.0418, rpn_box: 0.1635, rcnn_cls: 0.1863, rcnn_box 0.1757
[session 1][epoch  2][iter  800/1898] loss: 0.4923, lr: 1.00e-03
			fg/bg=(179/1869), time cost: 1008.546314
			rpn_cls: 0.0553, rpn_box: 0.0065, rcnn_cls: 0.1871, rcnn_box 0.1285
[session 1][epoch  2][iter  900/1898] loss: 0.5041, lr: 1.00e-03
			fg/bg=(132/1916), time cost: 797.552091
			rpn_cls: 0.2269, rpn_box: 0.0845, rcnn_cls: 0.4437, rcnn_box 0.1357
[session 1][epoch  2][iter 1000/1898] loss: 0.5082, lr: 1.00e-03
			fg/bg=(167/1881), time cost: 589.863939
			rpn_cls: 0.0247, rpn_box: 0.0569, rcnn_cls: 0.1861, rcnn_box 0.1034
[session 1][epoch  2][iter 1100/1898] loss: 0.4926, lr: 1.00e-03
			fg/bg=(63/1985), time cost: 601.800050
			rpn_cls: 0.0195, rpn_box: 0.0028, rcnn_cls: 0.0999, rcnn_box 0.0278
[session 1][epoch  2][iter 1200/1898] loss: 0.4723, lr: 1.00e-03
			fg/bg=(384/1664), time cost: 590.581428
			rpn_cls: 0.1138, rpn_box: 0.0575, rcnn_cls: 0.6482, rcnn_box 0.2658
[session 1][epoch  2][iter 1300/1898] loss: 0.5178, lr: 1.00e-03
			fg/bg=(161/1887), time cost: 582.044099
			rpn_cls: 0.0361, rpn_box: 0.0400, rcnn_cls: 0.3504, rcnn_box 0.1031
[session 1][epoch  2][iter 1400/1898] loss: 0.4995, lr: 1.00e-03
			fg/bg=(176/1872), time cost: 596.682917
			rpn_cls: 0.2082, rpn_box: 0.0611, rcnn_cls: 0.3502, rcnn_box 0.1645
[session 1][epoch  2][iter 1500/1898] loss: 0.4766, lr: 1.00e-03
			fg/bg=(291/1757), time cost: 599.252061
			rpn_cls: 0.0882, rpn_box: 0.0998, rcnn_cls: 0.1661, rcnn_box 0.2035
[session 1][epoch  2][iter 1600/1898] loss: 0.4968, lr: 1.00e-03
			fg/bg=(327/1721), time cost: 597.946084
			rpn_cls: 0.0321, rpn_box: 0.2082, rcnn_cls: 0.1843, rcnn_box 0.2169
[session 1][epoch  2][iter 1700/1898] loss: 0.4268, lr: 1.00e-03
			fg/bg=(258/1790), time cost: 598.946888
			rpn_cls: 0.0450, rpn_box: 0.0787, rcnn_cls: 0.1666, rcnn_box 0.1325
[session 1][epoch  2][iter 1800/1898] loss: 0.4534, lr: 1.00e-03
			fg/bg=(200/1848), time cost: 598.305425
			rpn_cls: 0.0576, rpn_box: 0.0123, rcnn_cls: 0.2073, rcnn_box 0.1139
total training time: 22914.720346
[session 1][epoch  3][iter    0/1898] loss: 0.6316, lr: 1.00e-03
			fg/bg=(308/1740), time cost: 7.106120
			rpn_cls: 0.1048, rpn_box: 0.1499, rcnn_cls: 0.2122, rcnn_box 0.1647
[session 1][epoch  3][iter  100/1898] loss: 0.4492, lr: 1.00e-03
			fg/bg=(226/1822), time cost: 601.386981
			rpn_cls: 0.0430, rpn_box: 0.0465, rcnn_cls: 0.1740, rcnn_box 0.1098
[session 1][epoch  3][iter  200/1898] loss: 0.4358, lr: 1.00e-03
			fg/bg=(204/1844), time cost: 602.714696
			rpn_cls: 0.0452, rpn_box: 0.0452, rcnn_cls: 0.0961, rcnn_box 0.1068
[session 1][epoch  3][iter  300/1898] loss: 0.4291, lr: 1.00e-03
			fg/bg=(172/1876), time cost: 602.836828
			rpn_cls: 0.0242, rpn_box: 0.0581, rcnn_cls: 0.1488, rcnn_box 0.1212
[session 1][epoch  3][iter  400/1898] loss: 0.4351, lr: 1.00e-03
			fg/bg=(164/1884), time cost: 598.150190
			rpn_cls: 0.0188, rpn_box: 0.0517, rcnn_cls: 0.1840, rcnn_box 0.0906
[session 1][epoch  3][iter  500/1898] loss: 0.4155, lr: 1.00e-03
			fg/bg=(161/1887), time cost: 602.781452
			rpn_cls: 0.0235, rpn_box: 0.0290, rcnn_cls: 0.1106, rcnn_box 0.0689
[session 1][epoch  3][iter  600/1898] loss: 0.4211, lr: 1.00e-03
			fg/bg=(453/1595), time cost: 603.478308
			rpn_cls: 0.0730, rpn_box: 0.1291, rcnn_cls: 0.2015, rcnn_box 0.2639
[session 1][epoch  3][iter  700/1898] loss: 0.3994, lr: 1.00e-03
			fg/bg=(305/1743), time cost: 607.087401
			rpn_cls: 0.0907, rpn_box: 0.1751, rcnn_cls: 0.4233, rcnn_box 0.1803
[session 1][epoch  3][iter  800/1898] loss: 0.4216, lr: 1.00e-03
			fg/bg=(166/1882), time cost: 602.973847
			rpn_cls: 0.0915, rpn_box: 0.1907, rcnn_cls: 0.0721, rcnn_box 0.0929
[session 1][epoch  3][iter  900/1898] loss: 0.4263, lr: 1.00e-03
			fg/bg=(247/1801), time cost: 604.486431
			rpn_cls: 0.0526, rpn_box: 0.1351, rcnn_cls: 0.1988, rcnn_box 0.1534
[session 1][epoch  3][iter 1000/1898] loss: 0.4275, lr: 1.00e-03
			fg/bg=(139/1909), time cost: 601.307959
			rpn_cls: 0.0444, rpn_box: 0.0844, rcnn_cls: 0.2628, rcnn_box 0.0981
[session 1][epoch  3][iter 1100/1898] loss: 0.4099, lr: 1.00e-03
			fg/bg=(193/1855), time cost: 605.166386
			rpn_cls: 0.0355, rpn_box: 0.0081, rcnn_cls: 0.1083, rcnn_box 0.1140
[session 1][epoch  3][iter 1200/1898] loss: 0.3898, lr: 1.00e-03
			fg/bg=(181/1867), time cost: 594.244481
			rpn_cls: 0.0483, rpn_box: 0.1128, rcnn_cls: 0.1169, rcnn_box 0.0960
[session 1][epoch  3][iter 1300/1898] loss: 0.4066, lr: 1.00e-03
			fg/bg=(224/1824), time cost: 586.767784
			rpn_cls: 0.0535, rpn_box: 0.0368, rcnn_cls: 0.2036, rcnn_box 0.1532
[session 1][epoch  3][iter 1400/1898] loss: 0.4073, lr: 1.00e-03
			fg/bg=(179/1869), time cost: 585.289494
			rpn_cls: 0.0473, rpn_box: 0.0116, rcnn_cls: 0.1534, rcnn_box 0.0933
[session 1][epoch  3][iter 1500/1898] loss: 0.3553, lr: 1.00e-03
			fg/bg=(87/1961), time cost: 586.352963
			rpn_cls: 0.0422, rpn_box: 0.0632, rcnn_cls: 0.1278, rcnn_box 0.0566
[session 1][epoch  3][iter 1600/1898] loss: 0.4013, lr: 1.00e-03
			fg/bg=(154/1894), time cost: 582.083596
			rpn_cls: 0.0314, rpn_box: 0.0179, rcnn_cls: 0.1292, rcnn_box 0.0785
[session 1][epoch  3][iter 1700/1898] loss: 0.3828, lr: 1.00e-03
			fg/bg=(193/1855), time cost: 587.209612
			rpn_cls: 0.0666, rpn_box: 0.0096, rcnn_cls: 0.2207, rcnn_box 0.0941
[session 1][epoch  3][iter 1800/1898] loss: 0.3946, lr: 1.00e-03
			fg/bg=(177/1871), time cost: 585.771354
			rpn_cls: 0.0374, rpn_box: 0.0375, rcnn_cls: 0.1473, rcnn_box 0.1031
total training time: 33661.916228
[session 1][epoch  4][iter    0/1898] loss: 0.3489, lr: 1.00e-03
			fg/bg=(178/1870), time cost: 6.736995
			rpn_cls: 0.0587, rpn_box: 0.0342, rcnn_cls: 0.1587, rcnn_box 0.0973
[session 1][epoch  4][iter  100/1898] loss: 0.3637, lr: 1.00e-03
			fg/bg=(230/1818), time cost: 577.486258
			rpn_cls: 0.0334, rpn_box: 0.0618, rcnn_cls: 0.2057, rcnn_box 0.1010
[session 1][epoch  4][iter  200/1898] loss: 0.3610, lr: 1.00e-03
			fg/bg=(437/1611), time cost: 586.154019
			rpn_cls: 0.0879, rpn_box: 0.0536, rcnn_cls: 0.1566, rcnn_box 0.1653
[session 1][epoch  4][iter  300/1898] loss: 0.3610, lr: 1.00e-03
			fg/bg=(373/1675), time cost: 579.849855
			rpn_cls: 0.0647, rpn_box: 0.1822, rcnn_cls: 0.2193, rcnn_box 0.1987
[session 1][epoch  4][iter  400/1898] loss: 0.3764, lr: 1.00e-03
			fg/bg=(188/1860), time cost: 578.595045
			rpn_cls: 0.0175, rpn_box: 0.0493, rcnn_cls: 0.1277, rcnn_box 0.0754
[session 1][epoch  4][iter  500/1898] loss: 0.3577, lr: 1.00e-03
			fg/bg=(175/1873), time cost: 577.777954
			rpn_cls: 0.0187, rpn_box: 0.0283, rcnn_cls: 0.0848, rcnn_box 0.0729
[session 1][epoch  4][iter  600/1898] loss: 0.3577, lr: 1.00e-03
			fg/bg=(240/1808), time cost: 579.725139
			rpn_cls: 0.0297, rpn_box: 0.0326, rcnn_cls: 0.1128, rcnn_box 0.1066
[session 1][epoch  4][iter  700/1898] loss: 0.3684, lr: 1.00e-03
			fg/bg=(389/1659), time cost: 578.493080
			rpn_cls: 0.0604, rpn_box: 0.0995, rcnn_cls: 0.3801, rcnn_box 0.2496
[session 1][epoch  4][iter  800/1898] loss: 0.3522, lr: 1.00e-03
			fg/bg=(203/1845), time cost: 579.736426
			rpn_cls: 0.0375, rpn_box: 0.0129, rcnn_cls: 0.1751, rcnn_box 0.1370
[session 1][epoch  4][iter  900/1898] loss: 0.3647, lr: 1.00e-03
			fg/bg=(209/1839), time cost: 577.933365
			rpn_cls: 0.1290, rpn_box: 0.0884, rcnn_cls: 0.1826, rcnn_box 0.1036
[session 1][epoch  4][iter 1000/1898] loss: 0.3567, lr: 1.00e-03
			fg/bg=(398/1650), time cost: 579.075319
			rpn_cls: 0.0945, rpn_box: 0.1924, rcnn_cls: 0.7839, rcnn_box 0.1786
[session 1][epoch  4][iter 1100/1898] loss: 0.3593, lr: 1.00e-03
			fg/bg=(308/1740), time cost: 581.667864
			rpn_cls: 0.0510, rpn_box: 0.1015, rcnn_cls: 0.1166, rcnn_box 0.1265
[session 1][epoch  4][iter 1200/1898] loss: 0.3665, lr: 1.00e-03
			fg/bg=(317/1731), time cost: 580.186104
			rpn_cls: 0.0342, rpn_box: 0.1307, rcnn_cls: 0.1147, rcnn_box 0.1209
[session 1][epoch  4][iter 1300/1898] loss: 0.3758, lr: 1.00e-03
			fg/bg=(301/1747), time cost: 578.626827
			rpn_cls: 0.0550, rpn_box: 0.1921, rcnn_cls: 0.1055, rcnn_box 0.1625
[session 1][epoch  4][iter 1400/1898] loss: 0.3568, lr: 1.00e-03
			fg/bg=(272/1776), time cost: 579.599605
			rpn_cls: 0.0493, rpn_box: 0.1528, rcnn_cls: 0.1683, rcnn_box 0.1117
[session 1][epoch  4][iter 1500/1898] loss: 0.3636, lr: 1.00e-03
			fg/bg=(250/1798), time cost: 578.222625
			rpn_cls: 0.0439, rpn_box: 0.0915, rcnn_cls: 0.1940, rcnn_box 0.1038
[session 1][epoch  4][iter 1600/1898] loss: 0.3362, lr: 1.00e-03
			fg/bg=(204/1844), time cost: 580.748010
			rpn_cls: 0.0271, rpn_box: 0.0052, rcnn_cls: 0.1101, rcnn_box 0.0867
[session 1][epoch  4][iter 1700/1898] loss: 0.3527, lr: 1.00e-03
			fg/bg=(321/1727), time cost: 582.513578
			rpn_cls: 0.0530, rpn_box: 0.1827, rcnn_cls: 0.1704, rcnn_box 0.1215
[session 1][epoch  4][iter 1800/1898] loss: 0.3484, lr: 1.00e-03
			fg/bg=(347/1701), time cost: 579.725512
			rpn_cls: 0.0340, rpn_box: 0.0910, rcnn_cls: 0.1279, rcnn_box 0.1669
total training time: 44104.769806
[session 1][epoch  5][iter    0/1898] loss: 0.4054, lr: 1.00e-03
			fg/bg=(227/1821), time cost: 6.444847
			rpn_cls: 0.0469, rpn_box: 0.1076, rcnn_cls: 0.1389, rcnn_box 0.1120
[session 1][epoch  5][iter  100/1898] loss: 0.3485, lr: 1.00e-03
			fg/bg=(208/1840), time cost: 575.683496
			rpn_cls: 0.0217, rpn_box: 0.0302, rcnn_cls: 0.1962, rcnn_box 0.1043
[session 1][epoch  5][iter  200/1898] loss: 0.3178, lr: 1.00e-03
			fg/bg=(207/1841), time cost: 578.985196
			rpn_cls: 0.0301, rpn_box: 0.0096, rcnn_cls: 0.1657, rcnn_box 0.0804
[session 1][epoch  5][iter  300/1898] loss: 0.3254, lr: 1.00e-03
			fg/bg=(194/1854), time cost: 579.097179
			rpn_cls: 0.0279, rpn_box: 0.0185, rcnn_cls: 0.1368, rcnn_box 0.0818
[session 1][epoch  5][iter  400/1898] loss: 0.3233, lr: 1.00e-03
			fg/bg=(207/1841), time cost: 575.069642
			rpn_cls: 0.0237, rpn_box: 0.0657, rcnn_cls: 0.1475, rcnn_box 0.0776
[session 1][epoch  5][iter  500/1898] loss: 0.3271, lr: 1.00e-03
			fg/bg=(246/1802), time cost: 574.907187
			rpn_cls: 0.0241, rpn_box: 0.0530, rcnn_cls: 0.1428, rcnn_box 0.0879
[session 1][epoch  5][iter  600/1898] loss: 0.3259, lr: 1.00e-03
			fg/bg=(221/1827), time cost: 580.014694
			rpn_cls: 0.0542, rpn_box: 0.0215, rcnn_cls: 0.2197, rcnn_box 0.0934
[session 1][epoch  5][iter  700/1898] loss: 0.3135, lr: 1.00e-03
			fg/bg=(238/1810), time cost: 578.497867
			rpn_cls: 0.0177, rpn_box: 0.0532, rcnn_cls: 0.1797, rcnn_box 0.0771
[session 1][epoch  5][iter  800/1898] loss: 0.3288, lr: 1.00e-03
			fg/bg=(268/1780), time cost: 578.935831
			rpn_cls: 0.1099, rpn_box: 0.0895, rcnn_cls: 0.1589, rcnn_box 0.1771
[session 1][epoch  5][iter  900/1898] loss: 0.3341, lr: 1.00e-03
			fg/bg=(196/1852), time cost: 576.783185
			rpn_cls: 0.0193, rpn_box: 0.0162, rcnn_cls: 0.0697, rcnn_box 0.0467
[session 1][epoch  5][iter 1000/1898] loss: 0.3293, lr: 1.00e-03
			fg/bg=(217/1831), time cost: 577.668912
			rpn_cls: 0.0604, rpn_box: 0.0340, rcnn_cls: 0.1370, rcnn_box 0.0941
[session 1][epoch  5][iter 1100/1898] loss: 0.3283, lr: 1.00e-03
			fg/bg=(215/1833), time cost: 577.006747
			rpn_cls: 0.0632, rpn_box: 0.0948, rcnn_cls: 0.1355, rcnn_box 0.0932
[session 1][epoch  5][iter 1200/1898] loss: 0.3193, lr: 1.00e-03
			fg/bg=(234/1814), time cost: 576.163014
			rpn_cls: 0.0317, rpn_box: 0.0304, rcnn_cls: 0.0884, rcnn_box 0.0907
[session 1][epoch  5][iter 1300/1898] loss: 0.3171, lr: 1.00e-03
			fg/bg=(184/1864), time cost: 579.447754
			rpn_cls: 0.0336, rpn_box: 0.0354, rcnn_cls: 0.0978, rcnn_box 0.0831
[session 1][epoch  5][iter 1400/1898] loss: 0.3151, lr: 1.00e-03
			fg/bg=(253/1795), time cost: 578.426794
			rpn_cls: 0.1478, rpn_box: 0.0952, rcnn_cls: 0.2262, rcnn_box 0.1428
[session 1][epoch  5][iter 1500/1898] loss: 0.3223, lr: 1.00e-03
			fg/bg=(194/1854), time cost: 579.147841
			rpn_cls: 0.0291, rpn_box: 0.0035, rcnn_cls: 0.0742, rcnn_box 0.0725
[session 1][epoch  5][iter 1600/1898] loss: 0.3185, lr: 1.00e-03
			fg/bg=(204/1844), time cost: 576.504329
			rpn_cls: 0.0195, rpn_box: 0.0576, rcnn_cls: 0.1964, rcnn_box 0.0739
[session 1][epoch  5][iter 1700/1898] loss: 0.3301, lr: 1.00e-03
			fg/bg=(439/1609), time cost: 578.802873
			rpn_cls: 0.0524, rpn_box: 0.0917, rcnn_cls: 0.1688, rcnn_box 0.1371
[session 1][epoch  5][iter 1800/1898] loss: 0.3117, lr: 1.00e-03
			fg/bg=(192/1856), time cost: 579.339552
			rpn_cls: 0.0298, rpn_box: 0.0542, rcnn_cls: 0.1708, rcnn_box 0.0793
total training time: 54511.696748
[session 1][epoch  6][iter    0/1898] loss: 0.4293, lr: 1.00e-04
			fg/bg=(350/1698), time cost: 6.269538
			rpn_cls: 0.0558, rpn_box: 0.1519, rcnn_cls: 0.1006, rcnn_box 0.1209
[session 1][epoch  6][iter  100/1898] loss: 0.2973, lr: 1.00e-04
			fg/bg=(179/1869), time cost: 769.918533
			rpn_cls: 0.0195, rpn_box: 0.0428, rcnn_cls: 0.0730, rcnn_box 0.0591
[session 1][epoch  6][iter  200/1898] loss: 0.2800, lr: 1.00e-04
			fg/bg=(171/1877), time cost: 562.673933
			rpn_cls: 0.0099, rpn_box: 0.0215, rcnn_cls: 0.0562, rcnn_box 0.0450
[session 1][epoch  6][iter  300/1898] loss: 0.2740, lr: 1.00e-04
			fg/bg=(197/1851), time cost: 735.441626
			rpn_cls: 0.0168, rpn_box: 0.0333, rcnn_cls: 0.1292, rcnn_box 0.0813
[session 1][epoch  6][iter  400/1898] loss: 0.2613, lr: 1.00e-04
			fg/bg=(237/1811), time cost: 1095.297555
			rpn_cls: 0.0360, rpn_box: 0.0468, rcnn_cls: 0.1420, rcnn_box 0.0689
[session 1][epoch  6][iter  500/1898] loss: 0.2701, lr: 1.00e-04
			fg/bg=(239/1809), time cost: 1107.522404
			rpn_cls: 0.0469, rpn_box: 0.0260, rcnn_cls: 0.0938, rcnn_box 0.0957
[session 1][epoch  6][iter  600/1898] loss: 0.2769, lr: 1.00e-04
			fg/bg=(191/1857), time cost: 1104.376550
			rpn_cls: 0.0169, rpn_box: 0.0036, rcnn_cls: 0.0742, rcnn_box 0.0608
[session 1][epoch  6][iter  700/1898] loss: 0.2747, lr: 1.00e-04
			fg/bg=(207/1841), time cost: 1108.558670
			rpn_cls: 0.0320, rpn_box: 0.0371, rcnn_cls: 0.0825, rcnn_box 0.0906
[session 1][epoch  6][iter  800/1898] loss: 0.2675, lr: 1.00e-04
			fg/bg=(263/1785), time cost: 1104.383031
			rpn_cls: 0.0628, rpn_box: 0.1089, rcnn_cls: 0.1105, rcnn_box 0.1012
[session 1][epoch  6][iter  900/1898] loss: 0.2683, lr: 1.00e-04
			fg/bg=(207/1841), time cost: 1110.421543
			rpn_cls: 0.0231, rpn_box: 0.0319, rcnn_cls: 0.0937, rcnn_box 0.0904
[session 1][epoch  6][iter 1000/1898] loss: 0.2701, lr: 1.00e-04
			fg/bg=(380/1668), time cost: 1108.589472
			rpn_cls: 0.0364, rpn_box: 0.1602, rcnn_cls: 0.1140, rcnn_box 0.1105
[session 1][epoch  6][iter 1100/1898] loss: 0.2629, lr: 1.00e-04
			fg/bg=(200/1848), time cost: 1104.409508
			rpn_cls: 0.0109, rpn_box: 0.0047, rcnn_cls: 0.0620, rcnn_box 0.0571
[session 1][epoch  6][iter 1200/1898] loss: 0.2650, lr: 1.00e-04
			fg/bg=(243/1805), time cost: 1112.191542
			rpn_cls: 0.0174, rpn_box: 0.0749, rcnn_cls: 0.1126, rcnn_box 0.1087
[session 1][epoch  6][iter 1300/1898] loss: 0.2602, lr: 1.00e-04
			fg/bg=(306/1742), time cost: 1110.753065
			rpn_cls: 0.0469, rpn_box: 0.0366, rcnn_cls: 0.1201, rcnn_box 0.0918
[session 1][epoch  6][iter 1400/1898] loss: 0.2675, lr: 1.00e-04
			fg/bg=(213/1835), time cost: 1117.857507
			rpn_cls: 0.0236, rpn_box: 0.0659, rcnn_cls: 0.0701, rcnn_box 0.0681
[session 1][epoch  6][iter 1500/1898] loss: 0.2550, lr: 1.00e-04
			fg/bg=(190/1858), time cost: 918.783879
			rpn_cls: 0.0208, rpn_box: 0.0394, rcnn_cls: 0.0644, rcnn_box 0.0578
[session 1][epoch  6][iter 1600/1898] loss: 0.2688, lr: 1.00e-04
			fg/bg=(214/1834), time cost: 563.994091
			rpn_cls: 0.0161, rpn_box: 0.0056, rcnn_cls: 0.1048, rcnn_box 0.0780
[session 1][epoch  6][iter 1700/1898] loss: 0.2564, lr: 1.00e-04
			fg/bg=(347/1701), time cost: 560.491536
			rpn_cls: 0.0473, rpn_box: 0.0320, rcnn_cls: 0.1080, rcnn_box 0.1027
[session 1][epoch  6][iter 1800/1898] loss: 0.2555, lr: 1.00e-04
			fg/bg=(223/1825), time cost: 564.131733
			rpn_cls: 0.0350, rpn_box: 0.1102, rcnn_cls: 0.1331, rcnn_box 0.0685
total training time: 71377.762465
[session 1][epoch  7][iter    0/1898] loss: 0.3073, lr: 1.00e-04
			fg/bg=(249/1799), time cost: 6.405114
			rpn_cls: 0.0269, rpn_box: 0.0446, rcnn_cls: 0.1437, rcnn_box 0.0921
[session 1][epoch  7][iter  100/1898] loss: 0.2644, lr: 1.00e-04
			fg/bg=(188/1860), time cost: 569.307010
			rpn_cls: 0.0163, rpn_box: 0.0088, rcnn_cls: 0.0560, rcnn_box 0.0494
[session 1][epoch  7][iter  200/1898] loss: 0.2546, lr: 1.00e-04
			fg/bg=(231/1817), time cost: 569.782897
			rpn_cls: 0.0172, rpn_box: 0.0584, rcnn_cls: 0.0985, rcnn_box 0.0767
[session 1][epoch  7][iter  300/1898] loss: 0.2675, lr: 1.00e-04
			fg/bg=(224/1824), time cost: 566.064995
			rpn_cls: 0.0103, rpn_box: 0.0029, rcnn_cls: 0.0712, rcnn_box 0.0607
[session 1][epoch  7][iter  400/1898] loss: 0.2530, lr: 1.00e-04
			fg/bg=(345/1703), time cost: 569.382903
			rpn_cls: 0.0219, rpn_box: 0.1467, rcnn_cls: 0.0920, rcnn_box 0.0979
[session 1][epoch  7][iter  500/1898] loss: 0.2567, lr: 1.00e-04
			fg/bg=(269/1779), time cost: 568.115288
			rpn_cls: 0.0362, rpn_box: 0.0250, rcnn_cls: 0.0914, rcnn_box 0.0817
[session 1][epoch  7][iter  600/1898] loss: 0.2495, lr: 1.00e-04
			fg/bg=(238/1810), time cost: 567.689388
			rpn_cls: 0.0227, rpn_box: 0.0395, rcnn_cls: 0.0902, rcnn_box 0.0551
[session 1][epoch  7][iter  700/1898] loss: 0.2626, lr: 1.00e-04
			fg/bg=(279/1769), time cost: 568.490438
			rpn_cls: 0.0407, rpn_box: 0.1167, rcnn_cls: 0.0795, rcnn_box 0.0792
[session 1][epoch  7][iter  800/1898] loss: 0.2771, lr: 1.00e-04
			fg/bg=(356/1692), time cost: 563.852080
			rpn_cls: 0.0454, rpn_box: 0.1236, rcnn_cls: 0.0892, rcnn_box 0.1115
[session 1][epoch  7][iter  900/1898] loss: 0.2713, lr: 1.00e-04
			fg/bg=(373/1675), time cost: 568.704909
			rpn_cls: 0.0447, rpn_box: 0.1620, rcnn_cls: 0.1156, rcnn_box 0.1305
[session 1][epoch  7][iter 1000/1898] loss: 0.2470, lr: 1.00e-04
			fg/bg=(182/1866), time cost: 568.016194
			rpn_cls: 0.0214, rpn_box: 0.0540, rcnn_cls: 0.1330, rcnn_box 0.0668
[session 1][epoch  7][iter 1100/1898] loss: 0.2480, lr: 1.00e-04
			fg/bg=(235/1813), time cost: 568.466988
			rpn_cls: 0.0130, rpn_box: 0.0155, rcnn_cls: 0.0459, rcnn_box 0.0438
[session 1][epoch  7][iter 1200/1898] loss: 0.2475, lr: 1.00e-04
			fg/bg=(256/1792), time cost: 570.266934
			rpn_cls: 0.0230, rpn_box: 0.0688, rcnn_cls: 0.0909, rcnn_box 0.0976
[session 1][epoch  7][iter 1300/1898] loss: 0.2628, lr: 1.00e-04
			fg/bg=(225/1823), time cost: 570.626839
			rpn_cls: 0.0302, rpn_box: 0.0377, rcnn_cls: 0.0778, rcnn_box 0.0593
[session 1][epoch  7][iter 1400/1898] loss: 0.2608, lr: 1.00e-04
			fg/bg=(284/1764), time cost: 567.454300
			rpn_cls: 0.0390, rpn_box: 0.0253, rcnn_cls: 0.1834, rcnn_box 0.1293
[session 1][epoch  7][iter 1500/1898] loss: 0.2866, lr: 1.00e-04
			fg/bg=(187/1861), time cost: 562.447017
			rpn_cls: 0.0215, rpn_box: 0.1117, rcnn_cls: 0.1625, rcnn_box 0.0643
[session 1][epoch  7][iter 1600/1898] loss: 0.2432, lr: 1.00e-04
			fg/bg=(196/1852), time cost: 564.074906
			rpn_cls: 0.0209, rpn_box: 0.0170, rcnn_cls: 0.0851, rcnn_box 0.0738
[session 1][epoch  7][iter 1700/1898] loss: 0.2525, lr: 1.00e-04
			fg/bg=(220/1828), time cost: 563.315353
			rpn_cls: 0.0250, rpn_box: 0.0465, rcnn_cls: 0.0976, rcnn_box 0.0688
[session 1][epoch  7][iter 1800/1898] loss: 0.2450, lr: 1.00e-04
			fg/bg=(296/1752), time cost: 563.370382
			rpn_cls: 0.0314, rpn_box: 0.0167, rcnn_cls: 0.1153, rcnn_box 0.1180
total training time: 81593.596402
[session 1][epoch  8][iter    0/1898] loss: 0.3533, lr: 1.00e-04
			fg/bg=(260/1788), time cost: 6.688448
			rpn_cls: 0.0422, rpn_box: 0.0569, rcnn_cls: 0.1618, rcnn_box 0.0923
[session 1][epoch  8][iter  100/1898] loss: 0.2505, lr: 1.00e-04
			fg/bg=(234/1814), time cost: 572.906359
			rpn_cls: 0.0492, rpn_box: 0.1355, rcnn_cls: 0.0816, rcnn_box 0.0949
[session 1][epoch  8][iter  200/1898] loss: 0.2379, lr: 1.00e-04
			fg/bg=(165/1883), time cost: 574.872640
			rpn_cls: 0.0325, rpn_box: 0.0818, rcnn_cls: 0.0951, rcnn_box 0.0563
[session 1][epoch  8][iter  300/1898] loss: 0.2429, lr: 1.00e-04
			fg/bg=(275/1773), time cost: 576.983073
			rpn_cls: 0.0651, rpn_box: 0.0334, rcnn_cls: 0.0800, rcnn_box 0.0995
[session 1][epoch  8][iter  400/1898] loss: 0.2430, lr: 1.00e-04
			fg/bg=(254/1794), time cost: 577.234681
			rpn_cls: 0.0192, rpn_box: 0.0088, rcnn_cls: 0.0949, rcnn_box 0.1144
[session 1][epoch  8][iter  500/1898] loss: 0.2666, lr: 1.00e-04
			fg/bg=(218/1830), time cost: 575.421078
			rpn_cls: 0.0057, rpn_box: 0.0165, rcnn_cls: 0.0476, rcnn_box 0.0498
[session 1][epoch  8][iter  600/1898] loss: 0.2510, lr: 1.00e-04
			fg/bg=(232/1816), time cost: 573.465327
			rpn_cls: 0.0333, rpn_box: 0.0202, rcnn_cls: 0.1283, rcnn_box 0.0791
[session 1][epoch  8][iter  700/1898] loss: 0.2578, lr: 1.00e-04
			fg/bg=(212/1836), time cost: 573.963145
			rpn_cls: 0.0267, rpn_box: 0.0100, rcnn_cls: 0.0974, rcnn_box 0.0985
[session 1][epoch  8][iter  800/1898] loss: 0.2587, lr: 1.00e-04
			fg/bg=(227/1821), time cost: 574.366252
			rpn_cls: 0.0289, rpn_box: 0.0089, rcnn_cls: 0.1931, rcnn_box 0.0733
[session 1][epoch  8][iter  900/1898] loss: 0.2607, lr: 1.00e-04
			fg/bg=(467/1581), time cost: 572.140630
			rpn_cls: 0.0268, rpn_box: 0.0408, rcnn_cls: 0.1072, rcnn_box 0.1062
[session 1][epoch  8][iter 1000/1898] loss: 0.2527, lr: 1.00e-04
			fg/bg=(203/1845), time cost: 572.561731
			rpn_cls: 0.0302, rpn_box: 0.0180, rcnn_cls: 0.0860, rcnn_box 0.0883
[session 1][epoch  8][iter 1100/1898] loss: 0.2611, lr: 1.00e-04
			fg/bg=(229/1819), time cost: 572.674418
			rpn_cls: 0.0194, rpn_box: 0.0545, rcnn_cls: 0.0744, rcnn_box 0.0562
[session 1][epoch  8][iter 1200/1898] loss: 0.2465, lr: 1.00e-04
			fg/bg=(409/1639), time cost: 572.846304
			rpn_cls: 0.0303, rpn_box: 0.0820, rcnn_cls: 0.0939, rcnn_box 0.0965
[session 1][epoch  8][iter 1300/1898] loss: 0.2521, lr: 1.00e-04
			fg/bg=(195/1853), time cost: 571.920296
			rpn_cls: 0.0074, rpn_box: 0.0058, rcnn_cls: 0.0592, rcnn_box 0.0527
[session 1][epoch  8][iter 1400/1898] loss: 0.2598, lr: 1.00e-04
			fg/bg=(183/1865), time cost: 579.763192
			rpn_cls: 0.0279, rpn_box: 0.0628, rcnn_cls: 0.1217, rcnn_box 0.0586
[session 1][epoch  8][iter 1500/1898] loss: 0.2519, lr: 1.00e-04
			fg/bg=(226/1822), time cost: 579.920639
			rpn_cls: 0.0183, rpn_box: 0.0255, rcnn_cls: 0.1532, rcnn_box 0.0654
[session 1][epoch  8][iter 1600/1898] loss: 0.2484, lr: 1.00e-04
			fg/bg=(223/1825), time cost: 579.434492
			rpn_cls: 0.0170, rpn_box: 0.0186, rcnn_cls: 0.0719, rcnn_box 0.0707
[session 1][epoch  8][iter 1700/1898] loss: 0.2649, lr: 1.00e-04
			fg/bg=(231/1817), time cost: 581.789899
			rpn_cls: 0.0359, rpn_box: 0.0496, rcnn_cls: 0.0698, rcnn_box 0.0801
[session 1][epoch  8][iter 1800/1898] loss: 0.2336, lr: 1.00e-04
			fg/bg=(183/1865), time cost: 593.908400
			rpn_cls: 0.0169, rpn_box: 0.0154, rcnn_cls: 0.0718, rcnn_box 0.0574
total training time: 91976.457406
[session 1][epoch  9][iter    0/1898] loss: 0.1986, lr: 1.00e-04
			fg/bg=(195/1853), time cost: 6.656223
			rpn_cls: 0.0347, rpn_box: 0.0377, rcnn_cls: 0.0680, rcnn_box 0.0583
[session 1][epoch  9][iter  100/1898] loss: 0.2556, lr: 1.00e-04
			fg/bg=(275/1773), time cost: 583.988704
			rpn_cls: 0.0522, rpn_box: 0.1364, rcnn_cls: 0.0908, rcnn_box 0.0953
[session 1][epoch  9][iter  200/1898] loss: 0.2487, lr: 1.00e-04
			fg/bg=(281/1767), time cost: 578.785586
			rpn_cls: 0.0502, rpn_box: 0.0270, rcnn_cls: 0.1439, rcnn_box 0.1059
[session 1][epoch  9][iter  300/1898] loss: 0.2350, lr: 1.00e-04
			fg/bg=(467/1581), time cost: 581.534401
			rpn_cls: 0.0490, rpn_box: 0.0629, rcnn_cls: 0.1155, rcnn_box 0.1126
[session 1][epoch  9][iter  400/1898] loss: 0.2528, lr: 1.00e-04
			fg/bg=(226/1822), time cost: 580.328205
			rpn_cls: 0.0439, rpn_box: 0.0667, rcnn_cls: 0.1220, rcnn_box 0.0834
[session 1][epoch  9][iter  500/1898] loss: 0.2593, lr: 1.00e-04
			fg/bg=(199/1849), time cost: 578.357633
			rpn_cls: 0.0328, rpn_box: 0.0249, rcnn_cls: 0.0803, rcnn_box 0.0565
[session 1][epoch  9][iter  600/1898] loss: 0.2590, lr: 1.00e-04
			fg/bg=(253/1795), time cost: 580.581214
			rpn_cls: 0.0304, rpn_box: 0.0412, rcnn_cls: 0.0998, rcnn_box 0.0757
[session 1][epoch  9][iter  700/1898] loss: 0.2471, lr: 1.00e-04
			fg/bg=(184/1864), time cost: 579.513212
			rpn_cls: 0.0248, rpn_box: 0.0062, rcnn_cls: 0.0890, rcnn_box 0.0694
[session 1][epoch  9][iter  800/1898] loss: 0.2372, lr: 1.00e-04
			fg/bg=(165/1883), time cost: 580.532876
			rpn_cls: 0.0054, rpn_box: 0.0470, rcnn_cls: 0.0445, rcnn_box 0.0533
[session 1][epoch  9][iter  900/1898] loss: 0.2561, lr: 1.00e-04
			fg/bg=(390/1658), time cost: 579.772769
			rpn_cls: 0.0336, rpn_box: 0.0876, rcnn_cls: 0.1060, rcnn_box 0.1207
[session 1][epoch  9][iter 1000/1898] loss: 0.2554, lr: 1.00e-04
			fg/bg=(201/1847), time cost: 581.800434
			rpn_cls: 0.0167, rpn_box: 0.0067, rcnn_cls: 0.0945, rcnn_box 0.0518
[session 1][epoch  9][iter 1100/1898] loss: 0.2591, lr: 1.00e-04
			fg/bg=(213/1835), time cost: 581.294845
			rpn_cls: 0.0248, rpn_box: 0.0430, rcnn_cls: 0.1074, rcnn_box 0.0707
[session 1][epoch  9][iter 1200/1898] loss: 0.2426, lr: 1.00e-04
			fg/bg=(264/1784), time cost: 582.574178
			rpn_cls: 0.0327, rpn_box: 0.0080, rcnn_cls: 0.0751, rcnn_box 0.0826
[session 1][epoch  9][iter 1300/1898] loss: 0.2430, lr: 1.00e-04
			fg/bg=(225/1823), time cost: 578.938003
			rpn_cls: 0.0370, rpn_box: 0.0728, rcnn_cls: 0.0770, rcnn_box 0.0787
[session 1][epoch  9][iter 1400/1898] loss: 0.2526, lr: 1.00e-04
			fg/bg=(206/1842), time cost: 580.179463
			rpn_cls: 0.1023, rpn_box: 0.0343, rcnn_cls: 0.0997, rcnn_box 0.1022
[session 1][epoch  9][iter 1500/1898] loss: 0.2341, lr: 1.00e-04
			fg/bg=(229/1819), time cost: 582.332776
			rpn_cls: 0.0155, rpn_box: 0.0538, rcnn_cls: 0.0717, rcnn_box 0.0539
[session 1][epoch  9][iter 1600/1898] loss: 0.2376, lr: 1.00e-04
			fg/bg=(243/1805), time cost: 580.556183
			rpn_cls: 0.0171, rpn_box: 0.0419, rcnn_cls: 0.0545, rcnn_box 0.0612
[session 1][epoch  9][iter 1700/1898] loss: 0.2509, lr: 1.00e-04
			fg/bg=(388/1660), time cost: 587.503554
			rpn_cls: 0.1310, rpn_box: 0.0368, rcnn_cls: 0.1515, rcnn_box 0.1660
[session 1][epoch  9][iter 1800/1898] loss: 0.2569, lr: 1.00e-04
			fg/bg=(238/1810), time cost: 579.950079
			rpn_cls: 0.0433, rpn_box: 0.0203, rcnn_cls: 0.0657, rcnn_box 0.0748
total training time: 102441.637744
[session 1][epoch 10][iter    0/1898] loss: 0.1733, lr: 1.00e-04
			fg/bg=(214/1834), time cost: 6.612964
			rpn_cls: 0.0125, rpn_box: 0.0388, rcnn_cls: 0.0695, rcnn_box 0.0525
[session 1][epoch 10][iter  100/1898] loss: 0.2447, lr: 1.00e-04
			fg/bg=(175/1873), time cost: 584.226151
			rpn_cls: 0.0166, rpn_box: 0.0283, rcnn_cls: 0.0570, rcnn_box 0.0739
[session 1][epoch 10][iter  200/1898] loss: 0.2553, lr: 1.00e-04
			fg/bg=(110/1938), time cost: 578.537237
			rpn_cls: 0.0095, rpn_box: 0.0011, rcnn_cls: 0.0324, rcnn_box 0.0231
[session 1][epoch 10][iter  300/1898] loss: 0.2457, lr: 1.00e-04
			fg/bg=(346/1702), time cost: 585.213614
			rpn_cls: 0.0373, rpn_box: 0.0468, rcnn_cls: 0.1385, rcnn_box 0.1370
[session 1][epoch 10][iter  400/1898] loss: 0.2417, lr: 1.00e-04
			fg/bg=(227/1821), time cost: 575.472181
			rpn_cls: 0.0042, rpn_box: 0.0118, rcnn_cls: 0.0603, rcnn_box 0.0813
[session 1][epoch 10][iter  500/1898] loss: 0.2414, lr: 1.00e-04
			fg/bg=(204/1844), time cost: 580.585127
			rpn_cls: 0.0242, rpn_box: 0.0289, rcnn_cls: 0.0591, rcnn_box 0.0578
[session 1][epoch 10][iter  600/1898] loss: 0.2482, lr: 1.00e-04
			fg/bg=(138/1910), time cost: 591.088557
			rpn_cls: 0.0104, rpn_box: 0.0314, rcnn_cls: 0.0310, rcnn_box 0.0372
[session 1][epoch 10][iter  700/1898] loss: 0.2422, lr: 1.00e-04
			fg/bg=(230/1818), time cost: 583.633838
			rpn_cls: 0.0272, rpn_box: 0.0418, rcnn_cls: 0.0646, rcnn_box 0.0564
[session 1][epoch 10][iter  800/1898] loss: 0.2493, lr: 1.00e-04
			fg/bg=(208/1840), time cost: 577.722795
			rpn_cls: 0.0139, rpn_box: 0.0381, rcnn_cls: 0.0700, rcnn_box 0.0493
[session 1][epoch 10][iter  900/1898] loss: 0.2537, lr: 1.00e-04
			fg/bg=(184/1864), time cost: 580.321868
			rpn_cls: 0.0146, rpn_box: 0.0389, rcnn_cls: 0.0585, rcnn_box 0.0407
[session 1][epoch 10][iter 1000/1898] loss: 0.2595, lr: 1.00e-04
			fg/bg=(214/1834), time cost: 583.968328
			rpn_cls: 0.0331, rpn_box: 0.0327, rcnn_cls: 0.0867, rcnn_box 0.0518
[session 1][epoch 10][iter 1100/1898] loss: 0.2484, lr: 1.00e-04
			fg/bg=(218/1830), time cost: 580.963667
			rpn_cls: 0.0265, rpn_box: 0.0403, rcnn_cls: 0.0931, rcnn_box 0.0714
[session 1][epoch 10][iter 1200/1898] loss: 0.2691, lr: 1.00e-04
			fg/bg=(444/1604), time cost: 579.747815
			rpn_cls: 0.0644, rpn_box: 0.0868, rcnn_cls: 0.1291, rcnn_box 0.1523
[session 1][epoch 10][iter 1300/1898] loss: 0.2367, lr: 1.00e-04
			fg/bg=(245/1803), time cost: 579.258885
			rpn_cls: 0.0175, rpn_box: 0.0500, rcnn_cls: 0.0903, rcnn_box 0.0658
[session 1][epoch 10][iter 1400/1898] loss: 0.2386, lr: 1.00e-04
			fg/bg=(250/1798), time cost: 584.438365
			rpn_cls: 0.0125, rpn_box: 0.0205, rcnn_cls: 0.0800, rcnn_box 0.0899
[session 1][epoch 10][iter 1500/1898] loss: 0.2522, lr: 1.00e-04
			fg/bg=(182/1866), time cost: 582.348142
			rpn_cls: 0.0142, rpn_box: 0.0234, rcnn_cls: 0.0618, rcnn_box 0.0532
[session 1][epoch 10][iter 1600/1898] loss: 0.2452, lr: 1.00e-04
			fg/bg=(222/1826), time cost: 581.501665
			rpn_cls: 0.0088, rpn_box: 0.0229, rcnn_cls: 0.0984, rcnn_box 0.0484
[session 1][epoch 10][iter 1700/1898] loss: 0.2418, lr: 1.00e-04
			fg/bg=(227/1821), time cost: 580.899869
			rpn_cls: 0.0330, rpn_box: 0.0146, rcnn_cls: 0.1161, rcnn_box 0.0848
[session 1][epoch 10][iter 1800/1898] loss: 0.2239, lr: 1.00e-04
			fg/bg=(196/1852), time cost: 584.111271
			rpn_cls: 0.0113, rpn_box: 0.0347, rcnn_cls: 0.0561, rcnn_box 0.0755
total training time: 112922.290083
[session 1][epoch 11][iter    0/1898] loss: 0.3120, lr: 1.00e-04
			fg/bg=(479/1569), time cost: 6.389043
			rpn_cls: 0.0366, rpn_box: 0.0555, rcnn_cls: 0.1126, rcnn_box 0.1073
[session 1][epoch 11][iter  100/1898] loss: 0.2447, lr: 1.00e-04
			fg/bg=(198/1850), time cost: 583.415064
			rpn_cls: 0.0155, rpn_box: 0.0167, rcnn_cls: 0.0943, rcnn_box 0.0564
[session 1][epoch 11][iter  200/1898] loss: 0.2312, lr: 1.00e-04
			fg/bg=(169/1879), time cost: 584.772118
			rpn_cls: 0.0039, rpn_box: 0.0027, rcnn_cls: 0.0541, rcnn_box 0.0412
[session 1][epoch 11][iter  300/1898] loss: 0.2448, lr: 1.00e-04
			fg/bg=(213/1835), time cost: 579.780724
			rpn_cls: 0.0229, rpn_box: 0.0121, rcnn_cls: 0.0625, rcnn_box 0.0754
[session 1][epoch 11][iter  400/1898] loss: 0.2494, lr: 1.00e-04
			fg/bg=(385/1663), time cost: 582.114719
			rpn_cls: 0.0487, rpn_box: 0.1338, rcnn_cls: 0.0919, rcnn_box 0.0854
[session 1][epoch 11][iter  500/1898] loss: 0.2322, lr: 1.00e-04
			fg/bg=(227/1821), time cost: 585.968488
			rpn_cls: 0.0220, rpn_box: 0.0316, rcnn_cls: 0.0918, rcnn_box 0.0775
[session 1][epoch 11][iter  600/1898] loss: 0.2505, lr: 1.00e-04
			fg/bg=(196/1852), time cost: 580.125967
			rpn_cls: 0.0220, rpn_box: 0.0507, rcnn_cls: 0.1079, rcnn_box 0.0615
[session 1][epoch 11][iter  700/1898] loss: 0.2457, lr: 1.00e-04
			fg/bg=(202/1846), time cost: 583.067643
			rpn_cls: 0.0120, rpn_box: 0.0273, rcnn_cls: 0.0876, rcnn_box 0.0612
[session 1][epoch 11][iter  800/1898] loss: 0.2418, lr: 1.00e-04
			fg/bg=(194/1854), time cost: 582.172026
			rpn_cls: 0.0074, rpn_box: 0.0162, rcnn_cls: 0.0465, rcnn_box 0.0650
[session 1][epoch 11][iter  900/1898] loss: 0.2438, lr: 1.00e-04
			fg/bg=(254/1794), time cost: 582.909991
			rpn_cls: 0.0898, rpn_box: 0.0508, rcnn_cls: 0.0929, rcnn_box 0.0915
[session 1][epoch 11][iter 1000/1898] loss: 0.2471, lr: 1.00e-04
			fg/bg=(171/1877), time cost: 582.365331
			rpn_cls: 0.0212, rpn_box: 0.0292, rcnn_cls: 0.0672, rcnn_box 0.0495
[session 1][epoch 11][iter 1100/1898] loss: 0.2484, lr: 1.00e-04
			fg/bg=(230/1818), time cost: 585.388062
			rpn_cls: 0.0250, rpn_box: 0.0712, rcnn_cls: 0.0965, rcnn_box 0.0663
[session 1][epoch 11][iter 1200/1898] loss: 0.2362, lr: 1.00e-04
			fg/bg=(239/1809), time cost: 583.499615
			rpn_cls: 0.0120, rpn_box: 0.0037, rcnn_cls: 0.0515, rcnn_box 0.0465
[session 1][epoch 11][iter 1300/1898] loss: 0.2545, lr: 1.00e-04
			fg/bg=(224/1824), time cost: 580.743808
			rpn_cls: 0.0153, rpn_box: 0.0700, rcnn_cls: 0.0564, rcnn_box 0.0450
[session 1][epoch 11][iter 1400/1898] loss: 0.2457, lr: 1.00e-04
			fg/bg=(244/1804), time cost: 581.075244
			rpn_cls: 0.0381, rpn_box: 0.0320, rcnn_cls: 0.0523, rcnn_box 0.0646
[session 1][epoch 11][iter 1500/1898] loss: 0.2370, lr: 1.00e-04
			fg/bg=(167/1881), time cost: 584.041825
			rpn_cls: 0.0071, rpn_box: 0.0044, rcnn_cls: 0.0412, rcnn_box 0.0399
[session 1][epoch 11][iter 1600/1898] loss: 0.2389, lr: 1.00e-04
			fg/bg=(185/1863), time cost: 580.182181
			rpn_cls: 0.0040, rpn_box: 0.0043, rcnn_cls: 0.0526, rcnn_box 0.0552
[session 1][epoch 11][iter 1700/1898] loss: 0.2485, lr: 1.00e-04
			fg/bg=(198/1850), time cost: 581.032297
			rpn_cls: 0.0298, rpn_box: 0.0288, rcnn_cls: 0.1005, rcnn_box 0.0599
[session 1][epoch 11][iter 1800/1898] loss: 0.2417, lr: 1.00e-04
			fg/bg=(281/1767), time cost: 582.870894
			rpn_cls: 0.0332, rpn_box: 0.0158, rcnn_cls: 0.1204, rcnn_box 0.1095
total training time: 123414.205122
[session 1][epoch 12][iter    0/1898] loss: 0.1373, lr: 1.00e-05
			fg/bg=(193/1855), time cost: 6.814408
			rpn_cls: 0.0058, rpn_box: 0.0313, rcnn_cls: 0.0523, rcnn_box 0.0478
[session 1][epoch 12][iter  100/1898] loss: 0.2274, lr: 1.00e-05
			fg/bg=(270/1778), time cost: 582.034537
			rpn_cls: 0.0374, rpn_box: 0.0728, rcnn_cls: 0.1207, rcnn_box 0.0728
[session 1][epoch 12][iter  200/1898] loss: 0.2345, lr: 1.00e-05
			fg/bg=(248/1800), time cost: 584.078429
			rpn_cls: 0.0127, rpn_box: 0.0459, rcnn_cls: 0.1174, rcnn_box 0.0642
[session 1][epoch 12][iter  300/1898] loss: 0.2570, lr: 1.00e-05
			fg/bg=(229/1819), time cost: 582.914701
			rpn_cls: 0.0323, rpn_box: 0.0719, rcnn_cls: 0.1142, rcnn_box 0.0832
[session 1][epoch 12][iter  400/1898] loss: 0.2428, lr: 1.00e-05
			fg/bg=(255/1793), time cost: 582.237089
			rpn_cls: 0.0312, rpn_box: 0.0188, rcnn_cls: 0.1058, rcnn_box 0.1066
[session 1][epoch 12][iter  500/1898] loss: 0.2383, lr: 1.00e-05
			fg/bg=(315/1733), time cost: 584.142600
			rpn_cls: 0.0562, rpn_box: 0.1605, rcnn_cls: 0.0936, rcnn_box 0.0964
[session 1][epoch 12][iter  600/1898] loss: 0.2412, lr: 1.00e-05
			fg/bg=(246/1802), time cost: 583.459742
			rpn_cls: 0.0426, rpn_box: 0.0173, rcnn_cls: 0.0938, rcnn_box 0.1013
[session 1][epoch 12][iter  700/1898] loss: 0.2406, lr: 1.00e-05
			fg/bg=(224/1824), time cost: 584.987328
			rpn_cls: 0.0047, rpn_box: 0.0157, rcnn_cls: 0.0843, rcnn_box 0.0387
[session 1][epoch 12][iter  800/1898] loss: 0.2404, lr: 1.00e-05
			fg/bg=(198/1850), time cost: 585.309100
			rpn_cls: 0.0200, rpn_box: 0.0313, rcnn_cls: 0.0884, rcnn_box 0.0613
[session 1][epoch 12][iter  900/1898] loss: 0.2416, lr: 1.00e-05
			fg/bg=(415/1633), time cost: 582.345059
			rpn_cls: 0.0345, rpn_box: 0.0682, rcnn_cls: 0.0918, rcnn_box 0.0995
[session 1][epoch 12][iter 1000/1898] loss: 0.2265, lr: 1.00e-05
			fg/bg=(180/1868), time cost: 585.544911
			rpn_cls: 0.0066, rpn_box: 0.0023, rcnn_cls: 0.0646, rcnn_box 0.0621
[session 1][epoch 12][iter 1100/1898] loss: 0.2430, lr: 1.00e-05
			fg/bg=(172/1876), time cost: 584.587313
			rpn_cls: 0.0421, rpn_box: 0.0804, rcnn_cls: 0.0837, rcnn_box 0.0559
[session 1][epoch 12][iter 1200/1898] loss: 0.2256, lr: 1.00e-05
			fg/bg=(244/1804), time cost: 583.237726
			rpn_cls: 0.0146, rpn_box: 0.0383, rcnn_cls: 0.0771, rcnn_box 0.0613
[session 1][epoch 12][iter 1300/1898] loss: 0.2252, lr: 1.00e-05
			fg/bg=(251/1797), time cost: 585.941538
			rpn_cls: 0.0244, rpn_box: 0.0441, rcnn_cls: 0.1104, rcnn_box 0.0929
[session 1][epoch 12][iter 1400/1898] loss: 0.2210, lr: 1.00e-05
			fg/bg=(192/1856), time cost: 586.800590
			rpn_cls: 0.0075, rpn_box: 0.0027, rcnn_cls: 0.0632, rcnn_box 0.0438
[session 1][epoch 12][iter 1500/1898] loss: 0.2410, lr: 1.00e-05
			fg/bg=(190/1858), time cost: 580.894528
			rpn_cls: 0.0254, rpn_box: 0.0065, rcnn_cls: 0.0785, rcnn_box 0.0747
[session 1][epoch 12][iter 1600/1898] loss: 0.2398, lr: 1.00e-05
			fg/bg=(227/1821), time cost: 585.966805
			rpn_cls: 0.0218, rpn_box: 0.0275, rcnn_cls: 0.0698, rcnn_box 0.0614
[session 1][epoch 12][iter 1700/1898] loss: 0.2429, lr: 1.00e-05
			fg/bg=(345/1703), time cost: 586.711295
			rpn_cls: 0.0334, rpn_box: 0.1446, rcnn_cls: 0.0836, rcnn_box 0.1059
[session 1][epoch 12][iter 1800/1898] loss: 0.2303, lr: 1.00e-05
			fg/bg=(251/1797), time cost: 584.074632
			rpn_cls: 0.0230, rpn_box: 0.0165, rcnn_cls: 0.1665, rcnn_box 0.0799
total training time: 133936.287452
[session 1][epoch 13][iter    0/1898] loss: 0.3444, lr: 1.00e-05
			fg/bg=(417/1631), time cost: 6.654271
			rpn_cls: 0.0401, rpn_box: 0.1312, rcnn_cls: 0.0732, rcnn_box 0.0999
[session 1][epoch 13][iter  100/1898] loss: 0.2340, lr: 1.00e-05
			fg/bg=(294/1754), time cost: 579.973284
			rpn_cls: 0.0312, rpn_box: 0.0593, rcnn_cls: 0.1059, rcnn_box 0.1053
[session 1][epoch 13][iter  200/1898] loss: 0.2049, lr: 1.00e-05
			fg/bg=(389/1659), time cost: 585.713164
			rpn_cls: 0.0368, rpn_box: 0.0589, rcnn_cls: 0.0898, rcnn_box 0.1028
[session 1][epoch 13][iter  300/1898] loss: 0.2338, lr: 1.00e-05
			fg/bg=(203/1845), time cost: 581.305449
			rpn_cls: 0.0148, rpn_box: 0.0140, rcnn_cls: 0.0555, rcnn_box 0.0568
[session 1][epoch 13][iter  400/1898] loss: 0.2357, lr: 1.00e-05
			fg/bg=(228/1820), time cost: 584.090216
			rpn_cls: 0.0237, rpn_box: 0.0208, rcnn_cls: 0.0781, rcnn_box 0.0599
[session 1][epoch 13][iter  500/1898] loss: 0.2506, lr: 1.00e-05
			fg/bg=(279/1769), time cost: 652.817989
			rpn_cls: 0.0201, rpn_box: 0.0421, rcnn_cls: 0.0871, rcnn_box 0.0646
[session 1][epoch 13][iter  600/1898] loss: 0.2384, lr: 1.00e-05
			fg/bg=(205/1843), time cost: 582.495089
			rpn_cls: 0.0277, rpn_box: 0.0585, rcnn_cls: 0.0810, rcnn_box 0.0889
[session 1][epoch 13][iter  700/1898] loss: 0.2374, lr: 1.00e-05
			fg/bg=(192/1856), time cost: 575.538008
			rpn_cls: 0.0221, rpn_box: 0.0060, rcnn_cls: 0.0758, rcnn_box 0.0838
[session 1][epoch 13][iter  800/1898] loss: 0.2428, lr: 1.00e-05
			fg/bg=(240/1808), time cost: 578.607856
			rpn_cls: 0.0281, rpn_box: 0.0633, rcnn_cls: 0.1405, rcnn_box 0.1003
[session 1][epoch 13][iter  900/1898] loss: 0.2409, lr: 1.00e-05
			fg/bg=(197/1851), time cost: 582.898757
			rpn_cls: 0.0212, rpn_box: 0.0033, rcnn_cls: 0.0690, rcnn_box 0.0691
[session 1][epoch 13][iter 1000/1898] loss: 0.2373, lr: 1.00e-05
			fg/bg=(437/1611), time cost: 582.009832
			rpn_cls: 0.0571, rpn_box: 0.0617, rcnn_cls: 0.2857, rcnn_box 0.1352
[session 1][epoch 13][iter 1100/1898] loss: 0.2510, lr: 1.00e-05
			fg/bg=(248/1800), time cost: 583.116068
			rpn_cls: 0.0408, rpn_box: 0.1451, rcnn_cls: 0.1240, rcnn_box 0.0891
[session 1][epoch 13][iter 1200/1898] loss: 0.2279, lr: 1.00e-05
			fg/bg=(224/1824), time cost: 583.776048
			rpn_cls: 0.0328, rpn_box: 0.0087, rcnn_cls: 0.0582, rcnn_box 0.0948
[session 1][epoch 13][iter 1300/1898] loss: 0.2307, lr: 1.00e-05
			fg/bg=(206/1842), time cost: 581.924006
			rpn_cls: 0.0225, rpn_box: 0.0803, rcnn_cls: 0.0805, rcnn_box 0.0615
[session 1][epoch 13][iter 1400/1898] loss: 0.2243, lr: 1.00e-05
			fg/bg=(214/1834), time cost: 583.537084
			rpn_cls: 0.0138, rpn_box: 0.0637, rcnn_cls: 0.0709, rcnn_box 0.0660
[session 1][epoch 13][iter 1500/1898] loss: 0.2420, lr: 1.00e-05
			fg/bg=(239/1809), time cost: 582.522517
			rpn_cls: 0.0198, rpn_box: 0.0442, rcnn_cls: 0.0737, rcnn_box 0.0577
[session 1][epoch 13][iter 1600/1898] loss: 0.2246, lr: 1.00e-05
			fg/bg=(317/1731), time cost: 585.194164
			rpn_cls: 0.0336, rpn_box: 0.0293, rcnn_cls: 0.0957, rcnn_box 0.0727
[session 1][epoch 13][iter 1700/1898] loss: 0.2347, lr: 1.00e-05
			fg/bg=(231/1817), time cost: 582.386866
			rpn_cls: 0.0239, rpn_box: 0.0153, rcnn_cls: 0.0604, rcnn_box 0.0687
[session 1][epoch 13][iter 1800/1898] loss: 0.2559, lr: 1.00e-05
			fg/bg=(314/1734), time cost: 580.692030
			rpn_cls: 0.0284, rpn_box: 0.1088, rcnn_cls: 0.0834, rcnn_box 0.0805
total training time: 144491.540150
[session 1][epoch 14][iter    0/1898] loss: 0.2938, lr: 1.00e-05
			fg/bg=(266/1782), time cost: 6.804676
			rpn_cls: 0.0408, rpn_box: 0.0208, rcnn_cls: 0.1398, rcnn_box 0.0924
[session 1][epoch 14][iter  100/1898] loss: 0.2496, lr: 1.00e-05
			fg/bg=(486/1562), time cost: 579.111593
			rpn_cls: 0.0410, rpn_box: 0.0269, rcnn_cls: 0.1221, rcnn_box 0.1331
[session 1][epoch 14][iter  200/1898] loss: 0.2309, lr: 1.00e-05
			fg/bg=(393/1655), time cost: 578.140811
			rpn_cls: 0.0332, rpn_box: 0.1487, rcnn_cls: 0.1143, rcnn_box 0.1118
[session 1][epoch 14][iter  300/1898] loss: 0.2274, lr: 1.00e-05
			fg/bg=(237/1811), time cost: 580.104508
			rpn_cls: 0.0106, rpn_box: 0.0064, rcnn_cls: 0.0535, rcnn_box 0.0610
[session 1][epoch 14][iter  400/1898] loss: 0.2412, lr: 1.00e-05
			fg/bg=(325/1723), time cost: 578.873299
			rpn_cls: 0.0229, rpn_box: 0.0969, rcnn_cls: 0.0731, rcnn_box 0.0778
[session 1][epoch 14][iter  500/1898] loss: 0.2312, lr: 1.00e-05
			fg/bg=(220/1828), time cost: 581.280955
			rpn_cls: 0.0338, rpn_box: 0.0506, rcnn_cls: 0.0651, rcnn_box 0.0656
[session 1][epoch 14][iter  600/1898] loss: 0.2281, lr: 1.00e-05
			fg/bg=(249/1799), time cost: 581.091663
			rpn_cls: 0.0245, rpn_box: 0.0610, rcnn_cls: 0.1002, rcnn_box 0.0885
[session 1][epoch 14][iter  700/1898] loss: 0.2308, lr: 1.00e-05
			fg/bg=(393/1655), time cost: 581.346325
			rpn_cls: 0.0417, rpn_box: 0.1284, rcnn_cls: 0.0936, rcnn_box 0.0907
[session 1][epoch 14][iter  800/1898] loss: 0.2390, lr: 1.00e-05
			fg/bg=(225/1823), time cost: 581.908390
			rpn_cls: 0.0223, rpn_box: 0.0296, rcnn_cls: 0.1023, rcnn_box 0.0591
[session 1][epoch 14][iter  900/1898] loss: 0.2263, lr: 1.00e-05
			fg/bg=(200/1848), time cost: 582.181396
			rpn_cls: 0.0192, rpn_box: 0.0296, rcnn_cls: 0.0735, rcnn_box 0.0623
[session 1][epoch 14][iter 1000/1898] loss: 0.2255, lr: 1.00e-05
			fg/bg=(301/1747), time cost: 582.738280
			rpn_cls: 0.0291, rpn_box: 0.1080, rcnn_cls: 0.0916, rcnn_box 0.0721
[session 1][epoch 14][iter 1100/1898] loss: 0.2380, lr: 1.00e-05
			fg/bg=(416/1632), time cost: 580.130720
			rpn_cls: 0.0199, rpn_box: 0.0393, rcnn_cls: 0.1193, rcnn_box 0.0935
[session 1][epoch 14][iter 1200/1898] loss: 0.2342, lr: 1.00e-05
			fg/bg=(227/1821), time cost: 583.012760
			rpn_cls: 0.0366, rpn_box: 0.0379, rcnn_cls: 0.0826, rcnn_box 0.0780
[session 1][epoch 14][iter 1300/1898] loss: 0.2424, lr: 1.00e-05
			fg/bg=(209/1839), time cost: 582.020768
			rpn_cls: 0.0155, rpn_box: 0.0417, rcnn_cls: 0.0711, rcnn_box 0.0579
[session 1][epoch 14][iter 1400/1898] loss: 0.2347, lr: 1.00e-05
			fg/bg=(261/1787), time cost: 585.178953
			rpn_cls: 0.0266, rpn_box: 0.0572, rcnn_cls: 0.1026, rcnn_box 0.0772
[session 1][epoch 14][iter 1500/1898] loss: 0.2527, lr: 1.00e-05
			fg/bg=(247/1801), time cost: 590.824128
			rpn_cls: 0.0395, rpn_box: 0.0421, rcnn_cls: 0.0794, rcnn_box 0.0701
[session 1][epoch 14][iter 1600/1898] loss: 0.2525, lr: 1.00e-05
			fg/bg=(231/1817), time cost: 583.973824
			rpn_cls: 0.0235, rpn_box: 0.0313, rcnn_cls: 0.0711, rcnn_box 0.0718
[session 1][epoch 14][iter 1700/1898] loss: 0.2322, lr: 1.00e-05
			fg/bg=(193/1855), time cost: 583.953258
			rpn_cls: 0.0189, rpn_box: 0.0060, rcnn_cls: 0.0724, rcnn_box 0.0749
[session 1][epoch 14][iter 1800/1898] loss: 0.2395, lr: 1.00e-05
			fg/bg=(335/1713), time cost: 584.449874
			rpn_cls: 0.0139, rpn_box: 0.1017, rcnn_cls: 0.0928, rcnn_box 0.1034
total training time: 154978.666332
[session 1][epoch 15][iter    0/1898] loss: 0.3127, lr: 1.00e-05
			fg/bg=(378/1670), time cost: 6.493700
			rpn_cls: 0.0306, rpn_box: 0.1014, rcnn_cls: 0.0856, rcnn_box 0.0951
[session 1][epoch 15][iter  100/1898] loss: 0.2527, lr: 1.00e-05
			fg/bg=(217/1831), time cost: 605.993147
			rpn_cls: 0.0381, rpn_box: 0.0606, rcnn_cls: 0.1736, rcnn_box 0.0813
[session 1][epoch 15][iter  200/1898] loss: 0.2429, lr: 1.00e-05
			fg/bg=(226/1822), time cost: 608.909335
			rpn_cls: 0.0301, rpn_box: 0.0276, rcnn_cls: 0.0719, rcnn_box 0.0666
[session 1][epoch 15][iter  300/1898] loss: 0.2436, lr: 1.00e-05
			fg/bg=(267/1781), time cost: 590.702364
			rpn_cls: 0.0362, rpn_box: 0.2232, rcnn_cls: 0.0951, rcnn_box 0.1043
[session 1][epoch 15][iter  400/1898] loss: 0.2294, lr: 1.00e-05
			fg/bg=(168/1880), time cost: 584.625350
			rpn_cls: 0.0261, rpn_box: 0.0255, rcnn_cls: 0.0648, rcnn_box 0.0479
[session 1][epoch 15][iter  500/1898] loss: 0.2366, lr: 1.00e-05
			fg/bg=(266/1782), time cost: 581.971654
			rpn_cls: 0.0471, rpn_box: 0.0551, rcnn_cls: 0.0906, rcnn_box 0.1033
[session 1][epoch 15][iter  600/1898] loss: 0.2264, lr: 1.00e-05
			fg/bg=(208/1840), time cost: 584.322414
			rpn_cls: 0.0128, rpn_box: 0.0322, rcnn_cls: 0.0600, rcnn_box 0.0521
[session 1][epoch 15][iter  700/1898] loss: 0.2349, lr: 1.00e-05
			fg/bg=(248/1800), time cost: 656.213754
			rpn_cls: 0.0203, rpn_box: 0.0116, rcnn_cls: 0.0654, rcnn_box 0.0457
[session 1][epoch 15][iter  800/1898] loss: 0.2349, lr: 1.00e-05
			fg/bg=(346/1702), time cost: 583.613222
			rpn_cls: 0.0322, rpn_box: 0.0702, rcnn_cls: 0.0989, rcnn_box 0.0904
[session 1][epoch 15][iter  900/1898] loss: 0.2368, lr: 1.00e-05
			fg/bg=(177/1871), time cost: 578.577178
			rpn_cls: 0.0254, rpn_box: 0.0687, rcnn_cls: 0.0998, rcnn_box 0.0498
[session 1][epoch 15][iter 1000/1898] loss: 0.2329, lr: 1.00e-05
			fg/bg=(240/1808), time cost: 582.101604
			rpn_cls: 0.0196, rpn_box: 0.0086, rcnn_cls: 0.0480, rcnn_box 0.0571
[session 1][epoch 15][iter 1100/1898] loss: 0.2425, lr: 1.00e-05
			fg/bg=(234/1814), time cost: 583.016042
			rpn_cls: 0.0099, rpn_box: 0.0638, rcnn_cls: 0.1133, rcnn_box 0.0631
[session 1][epoch 15][iter 1200/1898] loss: 0.2325, lr: 1.00e-05
			fg/bg=(220/1828), time cost: 582.200446
			rpn_cls: 0.0158, rpn_box: 0.0166, rcnn_cls: 0.0741, rcnn_box 0.0608
[session 1][epoch 15][iter 1300/1898] loss: 0.2494, lr: 1.00e-05
			fg/bg=(240/1808), time cost: 582.585160
			rpn_cls: 0.0215, rpn_box: 0.0181, rcnn_cls: 0.1100, rcnn_box 0.1039
[session 1][epoch 15][iter 1400/1898] loss: 0.2184, lr: 1.00e-05
			fg/bg=(221/1827), time cost: 585.295538
			rpn_cls: 0.0239, rpn_box: 0.0333, rcnn_cls: 0.0747, rcnn_box 0.0624
[session 1][epoch 15][iter 1500/1898] loss: 0.2348, lr: 1.00e-05
			fg/bg=(239/1809), time cost: 587.167004
			rpn_cls: 0.0370, rpn_box: 0.0604, rcnn_cls: 0.0723, rcnn_box 0.0579
[session 1][epoch 15][iter 1600/1898] loss: 0.2262, lr: 1.00e-05
			fg/bg=(206/1842), time cost: 584.600108
			rpn_cls: 0.0213, rpn_box: 0.0502, rcnn_cls: 0.0489, rcnn_box 0.0507
[session 1][epoch 15][iter 1700/1898] loss: 0.2347, lr: 1.00e-05
			fg/bg=(206/1842), time cost: 581.944219
			rpn_cls: 0.0111, rpn_box: 0.0415, rcnn_cls: 0.0834, rcnn_box 0.0630
[session 1][epoch 15][iter 1800/1898] loss: 0.2302, lr: 1.00e-05
			fg/bg=(173/1875), time cost: 582.930414
			rpn_cls: 0.0256, rpn_box: 0.0576, rcnn_cls: 0.0620, rcnn_box 0.0519
total training time: 165611.928985
[session 1][epoch 16][iter    0/1898] loss: 0.3279, lr: 1.00e-05
			fg/bg=(409/1639), time cost: 6.449228
			rpn_cls: 0.0185, rpn_box: 0.0700, rcnn_cls: 0.1169, rcnn_box 0.1225
[session 1][epoch 16][iter  100/1898] loss: 0.2364, lr: 1.00e-05
			fg/bg=(240/1808), time cost: 581.804691
			rpn_cls: 0.0449, rpn_box: 0.0256, rcnn_cls: 0.0864, rcnn_box 0.0815
[session 1][epoch 16][iter  200/1898] loss: 0.2332, lr: 1.00e-05
			fg/bg=(144/1904), time cost: 587.678873
			rpn_cls: 0.0136, rpn_box: 0.0019, rcnn_cls: 0.0324, rcnn_box 0.0276
[session 1][epoch 16][iter  300/1898] loss: 0.2391, lr: 1.00e-05
			fg/bg=(275/1773), time cost: 584.078632
			rpn_cls: 0.0250, rpn_box: 0.0307, rcnn_cls: 0.0740, rcnn_box 0.0711
[session 1][epoch 16][iter  400/1898] loss: 0.2319, lr: 1.00e-05
			fg/bg=(218/1830), time cost: 596.040569
			rpn_cls: 0.0106, rpn_box: 0.0219, rcnn_cls: 0.0461, rcnn_box 0.0522
[session 1][epoch 16][iter  500/1898] loss: 0.2379, lr: 1.00e-05
			fg/bg=(264/1784), time cost: 585.138346
			rpn_cls: 0.0403, rpn_box: 0.1223, rcnn_cls: 0.1033, rcnn_box 0.0854
[session 1][epoch 16][iter  600/1898] loss: 0.2445, lr: 1.00e-05
			fg/bg=(209/1839), time cost: 585.466628
			rpn_cls: 0.0412, rpn_box: 0.0480, rcnn_cls: 0.1127, rcnn_box 0.0996
[session 1][epoch 16][iter  700/1898] loss: 0.2375, lr: 1.00e-05
			fg/bg=(196/1852), time cost: 586.135594
			rpn_cls: 0.0282, rpn_box: 0.1071, rcnn_cls: 0.1485, rcnn_box 0.0612
[session 1][epoch 16][iter  800/1898] loss: 0.2371, lr: 1.00e-05
			fg/bg=(219/1829), time cost: 584.230264
			rpn_cls: 0.0189, rpn_box: 0.0216, rcnn_cls: 0.0635, rcnn_box 0.0556
[session 1][epoch 16][iter  900/1898] loss: 0.2251, lr: 1.00e-05
			fg/bg=(379/1669), time cost: 582.664116
			rpn_cls: 0.0341, rpn_box: 0.1955, rcnn_cls: 0.0850, rcnn_box 0.1236
[session 1][epoch 16][iter 1000/1898] loss: 0.2466, lr: 1.00e-05
			fg/bg=(230/1818), time cost: 584.224839
			rpn_cls: 0.0362, rpn_box: 0.0456, rcnn_cls: 0.0848, rcnn_box 0.0906
[session 1][epoch 16][iter 1100/1898] loss: 0.2309, lr: 1.00e-05
			fg/bg=(262/1786), time cost: 587.199243
			rpn_cls: 0.0745, rpn_box: 0.0352, rcnn_cls: 0.2261, rcnn_box 0.1110
[session 1][epoch 16][iter 1200/1898] loss: 0.2307, lr: 1.00e-05
			fg/bg=(200/1848), time cost: 584.477391
			rpn_cls: 0.0145, rpn_box: 0.0140, rcnn_cls: 0.0550, rcnn_box 0.0572
[session 1][epoch 16][iter 1300/1898] loss: 0.2404, lr: 1.00e-05
			fg/bg=(257/1791), time cost: 586.452665
			rpn_cls: 0.0226, rpn_box: 0.0440, rcnn_cls: 0.0858, rcnn_box 0.0847
[session 1][epoch 16][iter 1400/1898] loss: 0.2207, lr: 1.00e-05
			fg/bg=(211/1837), time cost: 588.312028
			rpn_cls: 0.0155, rpn_box: 0.0671, rcnn_cls: 0.0784, rcnn_box 0.0657
[session 1][epoch 16][iter 1500/1898] loss: 0.2310, lr: 1.00e-05
			fg/bg=(458/1590), time cost: 585.464284
			rpn_cls: 0.0292, rpn_box: 0.0424, rcnn_cls: 0.0925, rcnn_box 0.1044
[session 1][epoch 16][iter 1600/1898] loss: 0.2296, lr: 1.00e-05
			fg/bg=(278/1770), time cost: 586.942322
			rpn_cls: 0.0232, rpn_box: 0.0590, rcnn_cls: 0.0547, rcnn_box 0.0739
[session 1][epoch 16][iter 1700/1898] loss: 0.2345, lr: 1.00e-05
			fg/bg=(223/1825), time cost: 587.092292
			rpn_cls: 0.0274, rpn_box: 0.0377, rcnn_cls: 0.0876, rcnn_box 0.0704
[session 1][epoch 16][iter 1800/1898] loss: 0.2395, lr: 1.00e-05
			fg/bg=(194/1854), time cost: 611.091770
			rpn_cls: 0.0131, rpn_box: 0.0466, rcnn_cls: 0.0549, rcnn_box 0.0486
total training time: 176192.872761
[session 1][epoch 17][iter    0/1898] loss: 0.2878, lr: 1.00e-05
			fg/bg=(395/1653), time cost: 6.899089
			rpn_cls: 0.0196, rpn_box: 0.0778, rcnn_cls: 0.0981, rcnn_box 0.0923
[session 1][epoch 17][iter  100/1898] loss: 0.2397, lr: 1.00e-05
			fg/bg=(212/1836), time cost: 612.267499
			rpn_cls: 0.0230, rpn_box: 0.0321, rcnn_cls: 0.0832, rcnn_box 0.0700
[session 1][epoch 17][iter  200/1898] loss: 0.2346, lr: 1.00e-05
			fg/bg=(355/1693), time cost: 611.086839
			rpn_cls: 0.0302, rpn_box: 0.1127, rcnn_cls: 0.0838, rcnn_box 0.0982
[session 1][epoch 17][iter  300/1898] loss: 0.2422, lr: 1.00e-05
			fg/bg=(218/1830), time cost: 611.491172
			rpn_cls: 0.0417, rpn_box: 0.0064, rcnn_cls: 0.1164, rcnn_box 0.0911
[session 1][epoch 17][iter  400/1898] loss: 0.2252, lr: 1.00e-05
			fg/bg=(238/1810), time cost: 612.155166
			rpn_cls: 0.0138, rpn_box: 0.0209, rcnn_cls: 0.0640, rcnn_box 0.0633
[session 1][epoch 17][iter  500/1898] loss: 0.2404, lr: 1.00e-05
			fg/bg=(217/1831), time cost: 610.062958
			rpn_cls: 0.0219, rpn_box: 0.0502, rcnn_cls: 0.0632, rcnn_box 0.0639
[session 1][epoch 17][iter  600/1898] loss: 0.2225, lr: 1.00e-05
			fg/bg=(364/1684), time cost: 615.666356
			rpn_cls: 0.0387, rpn_box: 0.1318, rcnn_cls: 0.0958, rcnn_box 0.0849
[session 1][epoch 17][iter  700/1898] loss: 0.2335, lr: 1.00e-05
			fg/bg=(219/1829), time cost: 609.245692
			rpn_cls: 0.0548, rpn_box: 0.0343, rcnn_cls: 0.1222, rcnn_box 0.0840
[session 1][epoch 17][iter  800/1898] loss: 0.2516, lr: 1.00e-05
			fg/bg=(241/1807), time cost: 611.046634
			rpn_cls: 0.0406, rpn_box: 0.0190, rcnn_cls: 0.0652, rcnn_box 0.0717
[session 1][epoch 17][iter  900/1898] loss: 0.2327, lr: 1.00e-05
			fg/bg=(232/1816), time cost: 611.029134
			rpn_cls: 0.0205, rpn_box: 0.0547, rcnn_cls: 0.1049, rcnn_box 0.0652
[session 1][epoch 17][iter 1000/1898] loss: 0.2339, lr: 1.00e-05
			fg/bg=(190/1858), time cost: 612.287879
			rpn_cls: 0.0065, rpn_box: 0.0381, rcnn_cls: 0.0459, rcnn_box 0.0381
[session 1][epoch 17][iter 1100/1898] loss: 0.2267, lr: 1.00e-05
			fg/bg=(239/1809), time cost: 614.946003
			rpn_cls: 0.0154, rpn_box: 0.0082, rcnn_cls: 0.0554, rcnn_box 0.0563
[session 1][epoch 17][iter 1200/1898] loss: 0.2294, lr: 1.00e-05
			fg/bg=(374/1674), time cost: 612.460255
			rpn_cls: 0.0161, rpn_box: 0.1187, rcnn_cls: 0.0911, rcnn_box 0.0935
[session 1][epoch 17][iter 1300/1898] loss: 0.2443, lr: 1.00e-05
			fg/bg=(209/1839), time cost: 611.971764
			rpn_cls: 0.0139, rpn_box: 0.0044, rcnn_cls: 0.0802, rcnn_box 0.0607
[session 1][epoch 17][iter 1400/1898] loss: 0.2158, lr: 1.00e-05
			fg/bg=(185/1863), time cost: 614.008754
			rpn_cls: 0.0117, rpn_box: 0.0046, rcnn_cls: 0.0699, rcnn_box 0.0507
[session 1][epoch 17][iter 1500/1898] loss: 0.2455, lr: 1.00e-05
			fg/bg=(198/1850), time cost: 615.320577
			rpn_cls: 0.0207, rpn_box: 0.0274, rcnn_cls: 0.1254, rcnn_box 0.0873
[session 1][epoch 17][iter 1600/1898] loss: 0.2267, lr: 1.00e-05
			fg/bg=(212/1836), time cost: 616.627542
			rpn_cls: 0.0275, rpn_box: 0.0442, rcnn_cls: 0.0856, rcnn_box 0.0616
[session 1][epoch 17][iter 1700/1898] loss: 0.2356, lr: 1.00e-05
			fg/bg=(201/1847), time cost: 634.010283
			rpn_cls: 0.0164, rpn_box: 0.0157, rcnn_cls: 0.0768, rcnn_box 0.0615
[session 1][epoch 17][iter 1800/1898] loss: 0.2336, lr: 1.00e-05
			fg/bg=(262/1786), time cost: 624.229320
			rpn_cls: 0.0260, rpn_box: 0.0674, rcnn_cls: 0.1226, rcnn_box 0.0789
total training time: 187259.685678
[session 1][epoch 18][iter    0/1898] loss: 0.1890, lr: 1.00e-06
			fg/bg=(188/1860), time cost: 7.093031
			rpn_cls: 0.0226, rpn_box: 0.0347, rcnn_cls: 0.0629, rcnn_box 0.0688
[session 1][epoch 18][iter  100/1898] loss: 0.2440, lr: 1.00e-06
			fg/bg=(351/1697), time cost: 616.352822
			rpn_cls: 0.0245, rpn_box: 0.1109, rcnn_cls: 0.0968, rcnn_box 0.0992
[session 1][epoch 18][iter  200/1898] loss: 0.2329, lr: 1.00e-06
			fg/bg=(281/1767), time cost: 615.099237
			rpn_cls: 0.0245, rpn_box: 0.0573, rcnn_cls: 0.0617, rcnn_box 0.0642
[session 1][epoch 18][iter  300/1898] loss: 0.2271, lr: 1.00e-06
			fg/bg=(239/1809), time cost: 618.893204
			rpn_cls: 0.0166, rpn_box: 0.0580, rcnn_cls: 0.0523, rcnn_box 0.0784
[session 1][epoch 18][iter  400/1898] loss: 0.2626, lr: 1.00e-06
			fg/bg=(371/1677), time cost: 634.211336
			rpn_cls: 0.1294, rpn_box: 0.0318, rcnn_cls: 0.1316, rcnn_box 0.1578
[session 1][epoch 18][iter  500/1898] loss: 0.2311, lr: 1.00e-06
			fg/bg=(200/1848), time cost: 640.908761
			rpn_cls: 0.0047, rpn_box: 0.0039, rcnn_cls: 0.0540, rcnn_box 0.0581
[session 1][epoch 18][iter  600/1898] loss: 0.2390, lr: 1.00e-06
			fg/bg=(191/1857), time cost: 618.702894
			rpn_cls: 0.0259, rpn_box: 0.0526, rcnn_cls: 0.0734, rcnn_box 0.0634
[session 1][epoch 18][iter  700/1898] loss: 0.2277, lr: 1.00e-06
			fg/bg=(245/1803), time cost: 628.445883
			rpn_cls: 0.0087, rpn_box: 0.0505, rcnn_cls: 0.1338, rcnn_box 0.0808
[session 1][epoch 18][iter  800/1898] loss: 0.2097, lr: 1.00e-06
			fg/bg=(201/1847), time cost: 618.484571
			rpn_cls: 0.0231, rpn_box: 0.0365, rcnn_cls: 0.0805, rcnn_box 0.0512
[session 1][epoch 18][iter  900/1898] loss: 0.2259, lr: 1.00e-06
			fg/bg=(200/1848), time cost: 623.972317
			rpn_cls: 0.0096, rpn_box: 0.0028, rcnn_cls: 0.0543, rcnn_box 0.0467
[session 1][epoch 18][iter 1000/1898] loss: 0.2386, lr: 1.00e-06
			fg/bg=(221/1827), time cost: 617.074744
			rpn_cls: 0.0247, rpn_box: 0.0190, rcnn_cls: 0.1001, rcnn_box 0.0699
[session 1][epoch 18][iter 1100/1898] loss: 0.2425, lr: 1.00e-06
			fg/bg=(193/1855), time cost: 610.989507
			rpn_cls: 0.0135, rpn_box: 0.0061, rcnn_cls: 0.0786, rcnn_box 0.0730
[session 1][epoch 18][iter 1200/1898] loss: 0.2238, lr: 1.00e-06
			fg/bg=(282/1766), time cost: 619.434348
			rpn_cls: 0.0224, rpn_box: 0.0182, rcnn_cls: 0.0864, rcnn_box 0.0917
[session 1][epoch 18][iter 1300/1898] loss: 0.2341, lr: 1.00e-06
			fg/bg=(169/1879), time cost: 616.690182
			rpn_cls: 0.0242, rpn_box: 0.0379, rcnn_cls: 0.0692, rcnn_box 0.0407
[session 1][epoch 18][iter 1400/1898] loss: 0.2404, lr: 1.00e-06
			fg/bg=(205/1843), time cost: 618.151575
			rpn_cls: 0.0086, rpn_box: 0.0265, rcnn_cls: 0.0722, rcnn_box 0.0612
[session 1][epoch 18][iter 1500/1898] loss: 0.2370, lr: 1.00e-06
			fg/bg=(309/1739), time cost: 623.773791
			rpn_cls: 0.0465, rpn_box: 0.0410, rcnn_cls: 0.1404, rcnn_box 0.1264
[session 1][epoch 18][iter 1600/1898] loss: 0.2358, lr: 1.00e-06
			fg/bg=(329/1719), time cost: 621.867853
			rpn_cls: 0.0352, rpn_box: 0.1370, rcnn_cls: 0.0927, rcnn_box 0.0951
[session 1][epoch 18][iter 1700/1898] loss: 0.2382, lr: 1.00e-06
			fg/bg=(222/1826), time cost: 621.167422
			rpn_cls: 0.0175, rpn_box: 0.0090, rcnn_cls: 0.0991, rcnn_box 0.0939
[session 1][epoch 18][iter 1800/1898] loss: 0.2237, lr: 1.00e-06
			fg/bg=(315/1733), time cost: 626.354358
			rpn_cls: 0.0318, rpn_box: 0.0098, rcnn_cls: 0.0995, rcnn_box 0.1357
total training time: 198457.353513
[session 1][epoch 19][iter    0/1898] loss: 0.1945, lr: 1.00e-06
			fg/bg=(187/1861), time cost: 6.768588
			rpn_cls: 0.0204, rpn_box: 0.0399, rcnn_cls: 0.0853, rcnn_box 0.0489
[session 1][epoch 19][iter  100/1898] loss: 0.2336, lr: 1.00e-06
			fg/bg=(238/1810), time cost: 610.851919
			rpn_cls: 0.0193, rpn_box: 0.0214, rcnn_cls: 0.0704, rcnn_box 0.0661
[session 1][epoch 19][iter  200/1898] loss: 0.2451, lr: 1.00e-06
			fg/bg=(202/1846), time cost: 611.800366
			rpn_cls: 0.0191, rpn_box: 0.0849, rcnn_cls: 0.0649, rcnn_box 0.0669
[session 1][epoch 19][iter  300/1898] loss: 0.2349, lr: 1.00e-06
			fg/bg=(225/1823), time cost: 617.739623
			rpn_cls: 0.0152, rpn_box: 0.0321, rcnn_cls: 0.0886, rcnn_box 0.0784
[session 1][epoch 19][iter  400/1898] loss: 0.2361, lr: 1.00e-06
			fg/bg=(250/1798), time cost: 580.826019
			rpn_cls: 0.0113, rpn_box: 0.0320, rcnn_cls: 0.0762, rcnn_box 0.0624
[session 1][epoch 19][iter  500/1898] loss: 0.2326, lr: 1.00e-06
			fg/bg=(235/1813), time cost: 581.120943
			rpn_cls: 0.0259, rpn_box: 0.0482, rcnn_cls: 0.1073, rcnn_box 0.0907
[session 1][epoch 19][iter  600/1898] loss: 0.2276, lr: 1.00e-06
			fg/bg=(250/1798), time cost: 582.223380
			rpn_cls: 0.0247, rpn_box: 0.0379, rcnn_cls: 0.1133, rcnn_box 0.0732
[session 1][epoch 19][iter  700/1898] loss: 0.2218, lr: 1.00e-06
			fg/bg=(196/1852), time cost: 584.126354
			rpn_cls: 0.0168, rpn_box: 0.0061, rcnn_cls: 0.0834, rcnn_box 0.0761
[session 1][epoch 19][iter  800/1898] loss: 0.2482, lr: 1.00e-06
			fg/bg=(140/1908), time cost: 580.209586
			rpn_cls: 0.0094, rpn_box: 0.0021, rcnn_cls: 0.0411, rcnn_box 0.0337
[session 1][epoch 19][iter  900/1898] loss: 0.2405, lr: 1.00e-06
			fg/bg=(195/1853), time cost: 579.857842
			rpn_cls: 0.0073, rpn_box: 0.0376, rcnn_cls: 0.0505, rcnn_box 0.0439
[session 1][epoch 19][iter 1000/1898] loss: 0.2205, lr: 1.00e-06
			fg/bg=(227/1821), time cost: 582.868548
			rpn_cls: 0.0096, rpn_box: 0.0143, rcnn_cls: 0.0473, rcnn_box 0.0463
[session 1][epoch 19][iter 1100/1898] loss: 0.2435, lr: 1.00e-06
			fg/bg=(279/1769), time cost: 581.241472
			rpn_cls: 0.0395, rpn_box: 0.0319, rcnn_cls: 0.0922, rcnn_box 0.0752
[session 1][epoch 19][iter 1200/1898] loss: 0.2291, lr: 1.00e-06
			fg/bg=(459/1589), time cost: 583.295571
			rpn_cls: 0.0260, rpn_box: 0.0710, rcnn_cls: 0.0996, rcnn_box 0.0932
[session 1][epoch 19][iter 1300/1898] loss: 0.2315, lr: 1.00e-06
			fg/bg=(394/1654), time cost: 586.210485
			rpn_cls: 0.0385, rpn_box: 0.0868, rcnn_cls: 0.0986, rcnn_box 0.0945
[session 1][epoch 19][iter 1400/1898] loss: 0.2131, lr: 1.00e-06
			fg/bg=(227/1821), time cost: 586.653016
			rpn_cls: 0.0214, rpn_box: 0.0454, rcnn_cls: 0.1010, rcnn_box 0.0807
[session 1][epoch 19][iter 1500/1898] loss: 0.2260, lr: 1.00e-06
			fg/bg=(220/1828), time cost: 581.277059
			rpn_cls: 0.0273, rpn_box: 0.0324, rcnn_cls: 0.0675, rcnn_box 0.0550
[session 1][epoch 19][iter 1600/1898] loss: 0.2269, lr: 1.00e-06
			fg/bg=(314/1734), time cost: 584.336898
			rpn_cls: 0.0369, rpn_box: 0.0286, rcnn_cls: 0.0866, rcnn_box 0.0761
[session 1][epoch 19][iter 1700/1898] loss: 0.2480, lr: 1.00e-06
			fg/bg=(345/1703), time cost: 589.123152
			rpn_cls: 0.0203, rpn_box: 0.0348, rcnn_cls: 0.0703, rcnn_box 0.0676
[session 1][epoch 19][iter 1800/1898] loss: 0.2336, lr: 1.00e-06
			fg/bg=(269/1779), time cost: 584.244380
			rpn_cls: 0.0241, rpn_box: 0.0660, rcnn_cls: 0.0611, rcnn_box 0.0556
total training time: 209052.128713
[session 1][epoch 20][iter    0/1898] loss: 0.1729, lr: 1.00e-06
			fg/bg=(234/1814), time cost: 6.806183
			rpn_cls: 0.0141, rpn_box: 0.0275, rcnn_cls: 0.0729, rcnn_box 0.0583
[session 1][epoch 20][iter  100/1898] loss: 0.2338, lr: 1.00e-06
			fg/bg=(237/1811), time cost: 585.192582
			rpn_cls: 0.0156, rpn_box: 0.0281, rcnn_cls: 0.0648, rcnn_box 0.0671
[session 1][epoch 20][iter  200/1898] loss: 0.2273, lr: 1.00e-06
			fg/bg=(256/1792), time cost: 585.101875
			rpn_cls: 0.0244, rpn_box: 0.0502, rcnn_cls: 0.1107, rcnn_box 0.0898
[session 1][epoch 20][iter  300/1898] loss: 0.2282, lr: 1.00e-06
			fg/bg=(284/1764), time cost: 582.369192
			rpn_cls: 0.0485, rpn_box: 0.1170, rcnn_cls: 0.1784, rcnn_box 0.0878
[session 1][epoch 20][iter  400/1898] loss: 0.2388, lr: 1.00e-06
			fg/bg=(218/1830), time cost: 583.204617
			rpn_cls: 0.0126, rpn_box: 0.0330, rcnn_cls: 0.0707, rcnn_box 0.0705
[session 1][epoch 20][iter  500/1898] loss: 0.2361, lr: 1.00e-06
			fg/bg=(277/1771), time cost: 582.720569
			rpn_cls: 0.0233, rpn_box: 0.0234, rcnn_cls: 0.0735, rcnn_box 0.0720
[session 1][epoch 20][iter  600/1898] loss: 0.2346, lr: 1.00e-06
			fg/bg=(198/1850), time cost: 582.329138
			rpn_cls: 0.0108, rpn_box: 0.0096, rcnn_cls: 0.0577, rcnn_box 0.0577
[session 1][epoch 20][iter  700/1898] loss: 0.2281, lr: 1.00e-06
			fg/bg=(228/1820), time cost: 583.890036
			rpn_cls: 0.0358, rpn_box: 0.0460, rcnn_cls: 0.0855, rcnn_box 0.0627
[session 1][epoch 20][iter  800/1898] loss: 0.2233, lr: 1.00e-06
			fg/bg=(162/1886), time cost: 583.998934
			rpn_cls: 0.0169, rpn_box: 0.0355, rcnn_cls: 0.0975, rcnn_box 0.0415
[session 1][epoch 20][iter  900/1898] loss: 0.2374, lr: 1.00e-06
			fg/bg=(209/1839), time cost: 580.170026
			rpn_cls: 0.0330, rpn_box: 0.0630, rcnn_cls: 0.1008, rcnn_box 0.0723
[session 1][epoch 20][iter 1000/1898] loss: 0.2446, lr: 1.00e-06
			fg/bg=(321/1727), time cost: 582.231386
			rpn_cls: 0.0206, rpn_box: 0.0758, rcnn_cls: 0.0560, rcnn_box 0.0586
[session 1][epoch 20][iter 1100/1898] loss: 0.2497, lr: 1.00e-06
			fg/bg=(184/1864), time cost: 584.868608
			rpn_cls: 0.0079, rpn_box: 0.0333, rcnn_cls: 0.0372, rcnn_box 0.0360
[session 1][epoch 20][iter 1200/1898] loss: 0.2321, lr: 1.00e-06
			fg/bg=(196/1852), time cost: 584.644012
			rpn_cls: 0.0234, rpn_box: 0.0377, rcnn_cls: 0.0849, rcnn_box 0.0506
[session 1][epoch 20][iter 1300/1898] loss: 0.2390, lr: 1.00e-06
			fg/bg=(276/1772), time cost: 582.914748
			rpn_cls: 0.0170, rpn_box: 0.0384, rcnn_cls: 0.0649, rcnn_box 0.0808
[session 1][epoch 20][iter 1400/1898] loss: 0.2340, lr: 1.00e-06
			fg/bg=(248/1800), time cost: 585.350015
			rpn_cls: 0.0136, rpn_box: 0.0415, rcnn_cls: 0.0492, rcnn_box 0.0561
[session 1][epoch 20][iter 1500/1898] loss: 0.2254, lr: 1.00e-06
			fg/bg=(249/1799), time cost: 586.619096
			rpn_cls: 0.0237, rpn_box: 0.0382, rcnn_cls: 0.0862, rcnn_box 0.0888
[session 1][epoch 20][iter 1600/1898] loss: 0.2340, lr: 1.00e-06
			fg/bg=(263/1785), time cost: 585.332708
			rpn_cls: 0.0200, rpn_box: 0.0462, rcnn_cls: 0.1003, rcnn_box 0.0909
[session 1][epoch 20][iter 1700/1898] loss: 0.2396, lr: 1.00e-06
			fg/bg=(253/1795), time cost: 581.793845
			rpn_cls: 0.0213, rpn_box: 0.0303, rcnn_cls: 0.0964, rcnn_box 0.0969
[session 1][epoch 20][iter 1800/1898] loss: 0.2314, lr: 1.00e-06
			fg/bg=(280/1768), time cost: 583.391538
			rpn_cls: 0.0297, rpn_box: 0.0380, rcnn_cls: 0.0922, rcnn_box 0.1011
total training time: 219565.057822
save model: models/vgg16/pascal_voc/faster_rcnn_1_20_1897.pth
