Called with args:
Namespace(batch_size=2, checkepoch=1, checkpoint=0, checkpoint_interval=10000, checksession=1, class_agnostic=False, cuda=True, dataset='pascal_voc', disp_interval=50, large_scale=False, lr=0.001, lr_decay_gamma=0.1, lr_decay_step=5, mGPUs=False, max_epochs=20, net='res101', num_workers=1, optimizer='adam', resume=False, save_dir='models', session=1, start_epoch=1, use_tfboard=False)
Using config:
{'ANCHOR_RATIOS': [0.5, 1, 2],
 'ANCHOR_SCALES': [8, 16, 32],
 'CROP_RESIZE_WITH_MAX_POOL': False,
 'CUDA': False,
 'DATA_DIR': '/home/jason/faster-rcnn.pytorch-1.0/data',
 'DEDUP_BOXES': 0.0625,
 'EPS': 1e-14,
 'EXP_DIR': 'res101',
 'FEAT_STRIDE': [16],
 'GPU_ID': 0,
 'MATLAB': 'matlab',
 'MAX_NUM_GT_BOXES': 20,
 'MOBILENET': {'DEPTH_MULTIPLIER': 1.0,
               'FIXED_LAYERS': 5,
               'REGU_DEPTH': False,
               'WEIGHT_DECAY': 4e-05},
 'PIXEL_MEANS': array([[[102.9801, 115.9465, 122.7717]]]),
 'POOLING_MODE': 'align',
 'POOLING_SIZE': 7,
 'RESNET': {'FIXED_BLOCKS': 1, 'MAX_POOL': False},
 'RNG_SEED': 3,
 'ROOT_DIR': '/home/jason/faster-rcnn.pytorch-1.0',
 'TEST': {'BBOX_REG': True,
          'HAS_RPN': True,
          'MAX_SIZE': 1000,
          'MODE': 'nms',
          'NMS': 0.3,
          'PROPOSAL_METHOD': 'gt',
          'RPN_MIN_SIZE': 16,
          'RPN_NMS_THRESH': 0.7,
          'RPN_POST_NMS_TOP_N': 300,
          'RPN_PRE_NMS_TOP_N': 6000,
          'RPN_TOP_N': 5000,
          'SCALES': [600],
          'SVM': False},
 'TRAIN': {'ASPECT_GROUPING': False,
           'BATCH_SIZE': 128,
           'BBOX_INSIDE_WEIGHTS': [1.0, 1.0, 1.0, 1.0],
           'BBOX_NORMALIZE_MEANS': [0.0, 0.0, 0.0, 0.0],
           'BBOX_NORMALIZE_STDS': [0.1, 0.1, 0.2, 0.2],
           'BBOX_NORMALIZE_TARGETS': True,
           'BBOX_NORMALIZE_TARGETS_PRECOMPUTED': True,
           'BBOX_REG': True,
           'BBOX_THRESH': 0.5,
           'BG_THRESH_HI': 0.5,
           'BG_THRESH_LO': 0.0,
           'BIAS_DECAY': False,
           'BN_TRAIN': False,
           'BRIGHTNESS_CHANGE': False,
           'DISPLAY': 20,
           'DOUBLE_BIAS': False,
           'FG_FRACTION': 0.25,
           'FG_THRESH': 0.5,
           'GAMMA': 0.1,
           'HAS_RPN': True,
           'IMS_PER_BATCH': 1,
           'LEARNING_RATE': 0.001,
           'MAX_SIZE': 1000,
           'MOMENTUM': 0.9,
           'PROPOSAL_METHOD': 'gt',
           'ROTATE_90': False,
           'RPN_BATCHSIZE': 256,
           'RPN_BBOX_INSIDE_WEIGHTS': [1.0, 1.0, 1.0, 1.0],
           'RPN_CLOBBER_POSITIVES': False,
           'RPN_FG_FRACTION': 0.5,
           'RPN_MIN_SIZE': 8,
           'RPN_NEGATIVE_OVERLAP': 0.3,
           'RPN_NMS_THRESH': 0.7,
           'RPN_POSITIVE_OVERLAP': 0.7,
           'RPN_POSITIVE_WEIGHT': -1.0,
           'RPN_POST_NMS_TOP_N': 2000,
           'RPN_PRE_NMS_TOP_N': 12000,
           'SCALES': [600],
           'SNAPSHOT_ITERS': 5000,
           'SNAPSHOT_KEPT': 3,
           'SNAPSHOT_PREFIX': 'res101_faster_rcnn',
           'STEPSIZE': [30000],
           'SUMMARY_INTERVAL': 180,
           'TRIM_HEIGHT': 600,
           'TRIM_WIDTH': 600,
           'TRUNCATED': False,
           'USE_ALL_GT': True,
           'USE_FLIPPED': True,
           'USE_GT': False,
           'USE_VERTICAL_FLIPPED': False,
           'WEIGHT_DECAY': 0.0001},
 'USE_GPU_NMS': True}
['voc_2007_trainval']
Loaded dataset `voc_2007_trainval` for training
Set proposal method: gt
Preparing training data...
wrote gt roidb to /home/jason/faster-rcnn.pytorch-1.0/data/cache/voc_2007_trainval_gt_roidb.pkl
done
before filtering, there are 1300 images...
after filtering, there are 1299 images...
['voc_2007_test']
Loaded dataset `voc_2007_test` for training
Set proposal method: gt
Preparing training data...
wrote gt roidb to /home/jason/faster-rcnn.pytorch-1.0/data/cache/voc_2007_test_gt_roidb.pkl
done
before filtering, there are 325 images...
after filtering, there are 325 images...
1299 roidb entries
325 roidb2 entries
[session 1][epoch  1][iter    0/ 649] training loss: 12.1146,  lr: 1.00e-04
			fg/bg=(5/251), time cost: 2.013150
			rpn_cls: 0.8255, rpn_box: 0.1027, rcnn_cls: 11.1298, rcnn_box 0.0566
[session 1][epoch  1][iter   50/ 649] training loss: 3.1430,  lr: 1.00e-04
			fg/bg=(18/238), time cost: 72.184656
			rpn_cls: 0.2851, rpn_box: 0.2069, rcnn_cls: 0.5607, rcnn_box 0.1482
[session 1][epoch  1][iter  100/ 649] training loss: 1.3483,  lr: 1.00e-04
			fg/bg=(36/220), time cost: 72.286433
			rpn_cls: 0.1231, rpn_box: 0.0068, rcnn_cls: 0.7612, rcnn_box 0.3177
[session 1][epoch  1][iter  150/ 649] training loss: 1.2778,  lr: 1.00e-04
			fg/bg=(14/242), time cost: 72.194541
			rpn_cls: 0.2231, rpn_box: 0.1370, rcnn_cls: 0.3472, rcnn_box 0.1291
[session 1][epoch  1][iter  200/ 649] training loss: 1.1769,  lr: 1.00e-04
			fg/bg=(21/235), time cost: 70.199607
			rpn_cls: 0.0836, rpn_box: 0.0058, rcnn_cls: 0.5294, rcnn_box 0.1955
[session 1][epoch  1][iter  250/ 649] training loss: 1.2130,  lr: 1.00e-04
			fg/bg=(20/236), time cost: 69.933000
			rpn_cls: 0.3253, rpn_box: 0.2345, rcnn_cls: 0.5863, rcnn_box 0.1601
[session 1][epoch  1][iter  300/ 649] training loss: 1.1733,  lr: 1.00e-04
			fg/bg=(25/231), time cost: 70.129029
			rpn_cls: 0.2041, rpn_box: 0.0096, rcnn_cls: 0.7048, rcnn_box 0.2579
[session 1][epoch  1][iter  350/ 649] training loss: 1.2019,  lr: 1.00e-04
			fg/bg=(36/220), time cost: 69.617806
			rpn_cls: 0.0612, rpn_box: 0.0175, rcnn_cls: 0.7136, rcnn_box 0.3488
[session 1][epoch  1][iter  400/ 649] training loss: 1.1248,  lr: 1.00e-04
			fg/bg=(2/254), time cost: 69.803705
			rpn_cls: 0.1054, rpn_box: 0.0210, rcnn_cls: 0.2990, rcnn_box 0.0004
[session 1][epoch  1][iter  450/ 649] training loss: 1.2065,  lr: 1.00e-04
			fg/bg=(6/250), time cost: 69.938767
			rpn_cls: 0.1106, rpn_box: 0.0135, rcnn_cls: 0.2013, rcnn_box 0.0649
[session 1][epoch  1][iter  500/ 649] training loss: 1.0515,  lr: 1.00e-04
			fg/bg=(30/226), time cost: 70.374321
			rpn_cls: 0.1755, rpn_box: 0.1326, rcnn_cls: 0.6694, rcnn_box 0.2867
[session 1][epoch  1][iter  550/ 649] training loss: 1.1931,  lr: 1.00e-04
			fg/bg=(64/192), time cost: 70.229118
			rpn_cls: 0.3295, rpn_box: 0.0739, rcnn_cls: 1.1737, rcnn_box 0.6452
[session 1][epoch  1][iter  600/ 649] training loss: 1.1383,  lr: 1.00e-04
			fg/bg=(41/215), time cost: 74.320882
			rpn_cls: 0.1961, rpn_box: 0.0259, rcnn_cls: 0.6583, rcnn_box 0.3561
Epoch 1: Training loss: 0.3344, Testing loss: 0.5173
total training time: 853.225017
[session 1][epoch  2][iter    0/ 649] training loss: 1.2933,  lr: 1.00e-04
			fg/bg=(15/241), time cost: 2.334240
			rpn_cls: 0.2937, rpn_box: 0.1813, rcnn_cls: 0.6733, rcnn_box 0.1450
[session 1][epoch  2][iter   50/ 649] training loss: 1.1232,  lr: 1.00e-04
			fg/bg=(47/209), time cost: 72.742633
			rpn_cls: 0.1088, rpn_box: 0.0527, rcnn_cls: 0.8412, rcnn_box 0.4745
[session 1][epoch  2][iter  100/ 649] training loss: 1.1704,  lr: 1.00e-04
			fg/bg=(36/220), time cost: 72.578241
			rpn_cls: 0.1681, rpn_box: 0.1053, rcnn_cls: 0.6761, rcnn_box 0.3245
[session 1][epoch  2][iter  150/ 649] training loss: 1.1131,  lr: 1.00e-04
			fg/bg=(17/239), time cost: 72.315983
			rpn_cls: 0.2691, rpn_box: 0.2101, rcnn_cls: 0.3355, rcnn_box 0.1931
[session 1][epoch  2][iter  200/ 649] training loss: 1.1485,  lr: 1.00e-04
			fg/bg=(17/239), time cost: 70.849686
			rpn_cls: 0.0685, rpn_box: 0.0068, rcnn_cls: 0.3692, rcnn_box 0.1060
[session 1][epoch  2][iter  250/ 649] training loss: 1.1551,  lr: 1.00e-04
			fg/bg=(34/222), time cost: 70.445527
			rpn_cls: 0.1024, rpn_box: 0.0200, rcnn_cls: 0.6061, rcnn_box 0.3605
[session 1][epoch  2][iter  300/ 649] training loss: 1.3554,  lr: 1.00e-04
			fg/bg=(34/222), time cost: 70.192698
			rpn_cls: 0.1495, rpn_box: 0.0152, rcnn_cls: 0.6655, rcnn_box 0.2694
[session 1][epoch  2][iter  350/ 649] training loss: 1.0985,  lr: 1.00e-04
			fg/bg=(35/221), time cost: 70.333132
			rpn_cls: 0.1404, rpn_box: 0.0187, rcnn_cls: 0.7183, rcnn_box 0.3170
[session 1][epoch  2][iter  400/ 649] training loss: 1.1696,  lr: 1.00e-04
			fg/bg=(38/218), time cost: 70.319186
			rpn_cls: 0.3546, rpn_box: 0.1005, rcnn_cls: 0.7621, rcnn_box 0.3655
[session 1][epoch  2][iter  450/ 649] training loss: 1.1647,  lr: 1.00e-04
			fg/bg=(25/231), time cost: 70.114515
			rpn_cls: 0.0774, rpn_box: 0.0057, rcnn_cls: 0.4295, rcnn_box 0.2019
[session 1][epoch  2][iter  500/ 649] training loss: 1.2531,  lr: 1.00e-04
			fg/bg=(21/235), time cost: 70.440269
			rpn_cls: 0.2072, rpn_box: 0.2242, rcnn_cls: 0.4772, rcnn_box 0.1676
[session 1][epoch  2][iter  550/ 649] training loss: 1.1416,  lr: 1.00e-04
			fg/bg=(36/220), time cost: 70.679676
			rpn_cls: 0.3089, rpn_box: 0.1754, rcnn_cls: 0.7670, rcnn_box 0.2800
[session 1][epoch  2][iter  600/ 649] training loss: 1.1378,  lr: 1.00e-04
			fg/bg=(30/226), time cost: 70.634554
			rpn_cls: 0.1865, rpn_box: 0.1772, rcnn_cls: 0.5421, rcnn_box 0.2147
Epoch 2: Training loss: 0.2934, Testing loss: 0.2951
total training time: 1707.205357
[session 1][epoch  3][iter    0/ 649] training loss: 1.4007,  lr: 1.00e-04
			fg/bg=(45/211), time cost: 2.324441
			rpn_cls: 0.2122, rpn_box: 0.0857, rcnn_cls: 0.7072, rcnn_box 0.3955
[session 1][epoch  3][iter   50/ 649] training loss: 1.2284,  lr: 1.00e-04
			fg/bg=(43/213), time cost: 72.289468
			rpn_cls: 0.3037, rpn_box: 0.0474, rcnn_cls: 1.1975, rcnn_box 0.5162
[session 1][epoch  3][iter  100/ 649] training loss: 1.1392,  lr: 1.00e-04
			fg/bg=(40/216), time cost: 72.575953
			rpn_cls: 0.0756, rpn_box: 0.0060, rcnn_cls: 0.6460, rcnn_box 0.3432
[session 1][epoch  3][iter  150/ 649] training loss: 1.0821,  lr: 1.00e-04
			fg/bg=(22/234), time cost: 72.065015
			rpn_cls: 0.1902, rpn_box: 0.1364, rcnn_cls: 0.4162, rcnn_box 0.1640
[session 1][epoch  3][iter  200/ 649] training loss: 1.1081,  lr: 1.00e-04
			fg/bg=(16/240), time cost: 70.611324
			rpn_cls: 0.0917, rpn_box: 0.0050, rcnn_cls: 0.3684, rcnn_box 0.1374
[session 1][epoch  3][iter  250/ 649] training loss: 1.1570,  lr: 1.00e-04
			fg/bg=(26/230), time cost: 70.286618
			rpn_cls: 0.0629, rpn_box: 0.0088, rcnn_cls: 0.5001, rcnn_box 0.1424
[session 1][epoch  3][iter  300/ 649] training loss: 1.1979,  lr: 1.00e-04
			fg/bg=(51/205), time cost: 70.253086
			rpn_cls: 0.2208, rpn_box: 0.0892, rcnn_cls: 0.7864, rcnn_box 0.4225
[session 1][epoch  3][iter  350/ 649] training loss: 1.1986,  lr: 1.00e-04
			fg/bg=(21/235), time cost: 71.182376
			rpn_cls: 0.0953, rpn_box: 0.0096, rcnn_cls: 0.4202, rcnn_box 0.1288
[session 1][epoch  3][iter  400/ 649] training loss: 1.0926,  lr: 1.00e-04
			fg/bg=(39/217), time cost: 70.417508
			rpn_cls: 0.2207, rpn_box: 0.0227, rcnn_cls: 0.6587, rcnn_box 0.2663
[session 1][epoch  3][iter  450/ 649] training loss: 1.3074,  lr: 1.00e-04
			fg/bg=(17/239), time cost: 70.420718
			rpn_cls: 0.2568, rpn_box: 0.0884, rcnn_cls: 0.5570, rcnn_box 0.0770
[session 1][epoch  3][iter  500/ 649] training loss: 1.2098,  lr: 1.00e-04
			fg/bg=(39/217), time cost: 70.768360
			rpn_cls: 0.0916, rpn_box: 0.0150, rcnn_cls: 0.6453, rcnn_box 0.2664
[session 1][epoch  3][iter  550/ 649] training loss: 1.3295,  lr: 1.00e-04
			fg/bg=(35/221), time cost: 70.532656
			rpn_cls: 0.1725, rpn_box: 0.1255, rcnn_cls: 0.7451, rcnn_box 0.3144
[session 1][epoch  3][iter  600/ 649] training loss: 1.0833,  lr: 1.00e-04
			fg/bg=(40/216), time cost: 70.846767
			rpn_cls: 0.1628, rpn_box: 0.1998, rcnn_cls: 0.7313, rcnn_box 0.2736
Epoch 3: Training loss: 0.2940, Testing loss: 0.3098
total training time: 2561.779647
[session 1][epoch  4][iter    0/ 649] training loss: 1.0752,  lr: 1.00e-04
			fg/bg=(37/219), time cost: 2.312868
			rpn_cls: 0.1251, rpn_box: 0.0151, rcnn_cls: 0.6513, rcnn_box 0.2837
[session 1][epoch  4][iter   50/ 649] training loss: 1.0859,  lr: 1.00e-04
			fg/bg=(33/223), time cost: 72.216606
			rpn_cls: 0.1230, rpn_box: 0.0132, rcnn_cls: 0.5945, rcnn_box 0.2529
[session 1][epoch  4][iter  100/ 649] training loss: 0.9841,  lr: 1.00e-04
			fg/bg=(26/230), time cost: 72.458469
			rpn_cls: 0.1169, rpn_box: 0.0072, rcnn_cls: 0.4750, rcnn_box 0.1640
[session 1][epoch  4][iter  150/ 649] training loss: 1.1075,  lr: 1.00e-04
			fg/bg=(37/219), time cost: 72.279259
			rpn_cls: 0.3407, rpn_box: 0.2165, rcnn_cls: 0.7516, rcnn_box 0.2470
[session 1][epoch  4][iter  200/ 649] training loss: 1.1292,  lr: 1.00e-04
			fg/bg=(30/226), time cost: 70.460552
			rpn_cls: 0.1562, rpn_box: 0.0241, rcnn_cls: 0.5213, rcnn_box 0.1642
[session 1][epoch  4][iter  250/ 649] training loss: 1.1193,  lr: 1.00e-04
			fg/bg=(16/240), time cost: 70.146914
			rpn_cls: 0.1683, rpn_box: 0.2421, rcnn_cls: 0.3432, rcnn_box 0.0787
[session 1][epoch  4][iter  300/ 649] training loss: 1.0959,  lr: 1.00e-04
			fg/bg=(33/223), time cost: 70.484926
			rpn_cls: 0.1568, rpn_box: 0.0078, rcnn_cls: 0.5882, rcnn_box 0.2301
[session 1][epoch  4][iter  350/ 649] training loss: 1.0676,  lr: 1.00e-04
			fg/bg=(50/206), time cost: 69.927506
			rpn_cls: 0.1713, rpn_box: 0.0909, rcnn_cls: 1.0924, rcnn_box 0.3433
[session 1][epoch  4][iter  400/ 649] training loss: 1.1066,  lr: 1.00e-04
			fg/bg=(40/216), time cost: 70.244040
			rpn_cls: 0.0999, rpn_box: 0.0078, rcnn_cls: 0.6609, rcnn_box 0.2505
[session 1][epoch  4][iter  450/ 649] training loss: 1.1856,  lr: 1.00e-04
			fg/bg=(40/216), time cost: 70.466594
			rpn_cls: 0.0757, rpn_box: 0.0058, rcnn_cls: 0.6145, rcnn_box 0.2443
[session 1][epoch  4][iter  500/ 649] training loss: 1.1045,  lr: 1.00e-04
			fg/bg=(28/228), time cost: 71.563521
			rpn_cls: 0.1059, rpn_box: 0.0050, rcnn_cls: 0.5657, rcnn_box 0.2639
[session 1][epoch  4][iter  550/ 649] training loss: 1.0113,  lr: 1.00e-04
			fg/bg=(45/211), time cost: 72.037536
			rpn_cls: 0.1730, rpn_box: 0.1302, rcnn_cls: 0.5986, rcnn_box 0.3066
[session 1][epoch  4][iter  600/ 649] training loss: 1.0962,  lr: 1.00e-04
			fg/bg=(21/235), time cost: 71.563153
			rpn_cls: 0.1360, rpn_box: 0.2068, rcnn_cls: 0.4880, rcnn_box 0.1804
Epoch 4: Training loss: 0.2725, Testing loss: 0.2856
total training time: 3417.941590
[session 1][epoch  5][iter    0/ 649] training loss: 1.5994,  lr: 1.00e-04
			fg/bg=(64/192), time cost: 2.294665
			rpn_cls: 0.0947, rpn_box: 0.0936, rcnn_cls: 0.9803, rcnn_box 0.4307
[session 1][epoch  5][iter   50/ 649] training loss: 1.1818,  lr: 1.00e-04
			fg/bg=(10/246), time cost: 72.226242
			rpn_cls: 0.0639, rpn_box: 0.0122, rcnn_cls: 0.2650, rcnn_box 0.0794
[session 1][epoch  5][iter  100/ 649] training loss: 1.0764,  lr: 1.00e-04
			fg/bg=(64/192), time cost: 72.404594
			rpn_cls: 0.1395, rpn_box: 0.0501, rcnn_cls: 0.6979, rcnn_box 0.4022
[session 1][epoch  5][iter  150/ 649] training loss: 1.0397,  lr: 1.00e-04
			fg/bg=(28/228), time cost: 72.353479
			rpn_cls: 0.1116, rpn_box: 0.1225, rcnn_cls: 0.4660, rcnn_box 0.1370
[session 1][epoch  5][iter  200/ 649] training loss: 1.1222,  lr: 1.00e-04
			fg/bg=(24/232), time cost: 70.470349
			rpn_cls: 0.1156, rpn_box: 0.0025, rcnn_cls: 0.5683, rcnn_box 0.1401
[session 1][epoch  5][iter  250/ 649] training loss: 1.0506,  lr: 1.00e-04
			fg/bg=(37/219), time cost: 70.076063
			rpn_cls: 0.1862, rpn_box: 0.1676, rcnn_cls: 0.7849, rcnn_box 0.2604
[session 1][epoch  5][iter  300/ 649] training loss: 1.1324,  lr: 1.00e-04
			fg/bg=(55/201), time cost: 69.642831
			rpn_cls: 0.1141, rpn_box: 0.2908, rcnn_cls: 0.6389, rcnn_box 0.3620
[session 1][epoch  5][iter  350/ 649] training loss: 1.0607,  lr: 1.00e-04
			fg/bg=(38/218), time cost: 70.325991
			rpn_cls: 0.1704, rpn_box: 0.1132, rcnn_cls: 0.7362, rcnn_box 0.1900
[session 1][epoch  5][iter  400/ 649] training loss: 1.0733,  lr: 1.00e-04
			fg/bg=(20/236), time cost: 70.114302
			rpn_cls: 0.0541, rpn_box: 0.1413, rcnn_cls: 0.2935, rcnn_box 0.1374
[session 1][epoch  5][iter  450/ 649] training loss: 1.0850,  lr: 1.00e-04
			fg/bg=(41/215), time cost: 69.966006
			rpn_cls: 0.1492, rpn_box: 0.0432, rcnn_cls: 0.3124, rcnn_box 0.3238
[session 1][epoch  5][iter  500/ 649] training loss: 1.0414,  lr: 1.00e-04
			fg/bg=(27/229), time cost: 70.274619
			rpn_cls: 0.0998, rpn_box: 0.0392, rcnn_cls: 0.5058, rcnn_box 0.1593
[session 1][epoch  5][iter  550/ 649] training loss: 1.1063,  lr: 1.00e-04
			fg/bg=(32/224), time cost: 70.464075
			rpn_cls: 0.0830, rpn_box: 0.0627, rcnn_cls: 0.5459, rcnn_box 0.2212
[session 1][epoch  5][iter  600/ 649] training loss: 0.9975,  lr: 1.00e-04
			fg/bg=(22/234), time cost: 70.304353
			rpn_cls: 0.0566, rpn_box: 0.0104, rcnn_cls: 0.3821, rcnn_box 0.1259
Epoch 5: Training loss: 0.2705, Testing loss: 0.2803
total training time: 4268.859158
[session 1][epoch  6][iter    0/ 649] training loss: 1.3935,  lr: 1.00e-05
			fg/bg=(57/199), time cost: 2.379902
			rpn_cls: 0.0993, rpn_box: 0.1407, rcnn_cls: 0.8744, rcnn_box 0.2792
[session 1][epoch  6][iter   50/ 649] training loss: 1.0380,  lr: 1.00e-05
			fg/bg=(34/222), time cost: 72.465882
			rpn_cls: 0.0605, rpn_box: 0.0063, rcnn_cls: 0.5896, rcnn_box 0.1525
[session 1][epoch  6][iter  100/ 649] training loss: 1.0188,  lr: 1.00e-05
			fg/bg=(41/215), time cost: 72.409426
			rpn_cls: 0.2134, rpn_box: 0.0894, rcnn_cls: 0.5474, rcnn_box 0.2598
[session 1][epoch  6][iter  150/ 649] training loss: 1.0104,  lr: 1.00e-05
			fg/bg=(47/209), time cost: 72.363422
			rpn_cls: 0.1712, rpn_box: 0.0162, rcnn_cls: 0.5976, rcnn_box 0.2942
[session 1][epoch  6][iter  200/ 649] training loss: 0.9709,  lr: 1.00e-05
			fg/bg=(34/222), time cost: 70.407330
			rpn_cls: 0.0568, rpn_box: 0.0127, rcnn_cls: 0.5573, rcnn_box 0.2071
[session 1][epoch  6][iter  250/ 649] training loss: 1.0017,  lr: 1.00e-05
			fg/bg=(43/213), time cost: 69.903868
			rpn_cls: 0.1175, rpn_box: 0.0892, rcnn_cls: 0.4754, rcnn_box 0.2175
[session 1][epoch  6][iter  300/ 649] training loss: 1.0257,  lr: 1.00e-05
			fg/bg=(37/219), time cost: 69.850882
			rpn_cls: 0.0859, rpn_box: 0.1835, rcnn_cls: 0.4196, rcnn_box 0.2000
[session 1][epoch  6][iter  350/ 649] training loss: 1.0166,  lr: 1.00e-05
			fg/bg=(51/205), time cost: 70.257613
			rpn_cls: 0.1277, rpn_box: 0.2539, rcnn_cls: 0.6917, rcnn_box 0.2304
[session 1][epoch  6][iter  400/ 649] training loss: 0.9917,  lr: 1.00e-05
			fg/bg=(28/228), time cost: 70.339103
			rpn_cls: 0.1134, rpn_box: 0.0046, rcnn_cls: 0.5492, rcnn_box 0.1270
[session 1][epoch  6][iter  450/ 649] training loss: 0.9248,  lr: 1.00e-05
			fg/bg=(49/207), time cost: 70.595285
			rpn_cls: 0.1526, rpn_box: 0.0331, rcnn_cls: 0.6575, rcnn_box 0.2544
[session 1][epoch  6][iter  500/ 649] training loss: 1.0425,  lr: 1.00e-05
			fg/bg=(45/211), time cost: 70.266234
			rpn_cls: 0.0463, rpn_box: 0.0091, rcnn_cls: 0.2785, rcnn_box 0.2227
[session 1][epoch  6][iter  550/ 649] training loss: 1.0685,  lr: 1.00e-05
			fg/bg=(29/227), time cost: 70.568669
			rpn_cls: 0.1106, rpn_box: 0.0129, rcnn_cls: 0.6975, rcnn_box 0.2519
[session 1][epoch  6][iter  600/ 649] training loss: 0.9988,  lr: 1.00e-05
			fg/bg=(23/233), time cost: 70.438777
			rpn_cls: 0.1319, rpn_box: 0.0021, rcnn_cls: 0.3964, rcnn_box 0.1850
Epoch 6: Training loss: 0.2528, Testing loss: 0.2718
total training time: 5121.105551
[session 1][epoch  7][iter    0/ 649] training loss: 0.7869,  lr: 1.00e-05
			fg/bg=(33/223), time cost: 2.292305
			rpn_cls: 0.0746, rpn_box: 0.0110, rcnn_cls: 0.5400, rcnn_box 0.1613
[session 1][epoch  7][iter   50/ 649] training loss: 0.9358,  lr: 1.00e-05
			fg/bg=(51/205), time cost: 72.174447
			rpn_cls: 0.0901, rpn_box: 0.1425, rcnn_cls: 0.6307, rcnn_box 0.2381
[session 1][epoch  7][iter  100/ 649] training loss: 0.9787,  lr: 1.00e-05
			fg/bg=(45/211), time cost: 72.059700
			rpn_cls: 0.0930, rpn_box: 0.1508, rcnn_cls: 0.5702, rcnn_box 0.2080
[session 1][epoch  7][iter  150/ 649] training loss: 0.9829,  lr: 1.00e-05
			fg/bg=(32/224), time cost: 72.447392
			rpn_cls: 0.1159, rpn_box: 0.0063, rcnn_cls: 0.3707, rcnn_box 0.2051
[session 1][epoch  7][iter  200/ 649] training loss: 0.9445,  lr: 1.00e-05
			fg/bg=(44/212), time cost: 70.272007
			rpn_cls: 0.1247, rpn_box: 0.0674, rcnn_cls: 0.5735, rcnn_box 0.2312
[session 1][epoch  7][iter  250/ 649] training loss: 1.0508,  lr: 1.00e-05
			fg/bg=(23/233), time cost: 70.088776
			rpn_cls: 0.0443, rpn_box: 0.0058, rcnn_cls: 0.3236, rcnn_box 0.1314
[session 1][epoch  7][iter  300/ 649] training loss: 0.9443,  lr: 1.00e-05
			fg/bg=(56/200), time cost: 69.675406
			rpn_cls: 0.1915, rpn_box: 0.0820, rcnn_cls: 0.5338, rcnn_box 0.3967
[session 1][epoch  7][iter  350/ 649] training loss: 0.9930,  lr: 1.00e-05
			fg/bg=(59/197), time cost: 69.510676
			rpn_cls: 0.1523, rpn_box: 0.1465, rcnn_cls: 0.6724, rcnn_box 0.3074
[session 1][epoch  7][iter  400/ 649] training loss: 0.9987,  lr: 1.00e-05
			fg/bg=(44/212), time cost: 70.147127
			rpn_cls: 0.0905, rpn_box: 0.0153, rcnn_cls: 0.6370, rcnn_box 0.2760
[session 1][epoch  7][iter  450/ 649] training loss: 1.0003,  lr: 1.00e-05
			fg/bg=(51/205), time cost: 70.147999
			rpn_cls: 0.0709, rpn_box: 0.1589, rcnn_cls: 0.7333, rcnn_box 0.2158
[session 1][epoch  7][iter  500/ 649] training loss: 0.9506,  lr: 1.00e-05
			fg/bg=(35/221), time cost: 70.718597
			rpn_cls: 0.0523, rpn_box: 0.0195, rcnn_cls: 0.4188, rcnn_box 0.1717
[session 1][epoch  7][iter  550/ 649] training loss: 0.9693,  lr: 1.00e-05
			fg/bg=(64/192), time cost: 70.522563
			rpn_cls: 0.2519, rpn_box: 0.0890, rcnn_cls: 1.3808, rcnn_box 0.4857
[session 1][epoch  7][iter  600/ 649] training loss: 1.0021,  lr: 1.00e-05
			fg/bg=(43/213), time cost: 70.433497
			rpn_cls: 0.1280, rpn_box: 0.0571, rcnn_cls: 0.6709, rcnn_box 0.2639
Epoch 7: Training loss: 0.2452, Testing loss: 0.2610
total training time: 5971.596042
[session 1][epoch  8][iter    0/ 649] training loss: 0.7677,  lr: 1.00e-05
			fg/bg=(34/222), time cost: 2.355219
			rpn_cls: 0.0650, rpn_box: 0.0114, rcnn_cls: 0.5329, rcnn_box 0.1584
[session 1][epoch  8][iter   50/ 649] training loss: 0.9524,  lr: 1.00e-05
			fg/bg=(44/212), time cost: 72.413049
			rpn_cls: 0.0687, rpn_box: 0.1584, rcnn_cls: 0.3567, rcnn_box 0.1008
[session 1][epoch  8][iter  100/ 649] training loss: 0.9226,  lr: 1.00e-05
			fg/bg=(38/218), time cost: 72.317755
			rpn_cls: 0.1124, rpn_box: 0.0133, rcnn_cls: 0.8261, rcnn_box 0.2381
[session 1][epoch  8][iter  150/ 649] training loss: 0.9536,  lr: 1.00e-05
			fg/bg=(42/214), time cost: 72.008428
			rpn_cls: 0.0562, rpn_box: 0.0759, rcnn_cls: 0.4782, rcnn_box 0.1399
[session 1][epoch  8][iter  200/ 649] training loss: 0.9807,  lr: 1.00e-05
			fg/bg=(47/209), time cost: 70.265231
			rpn_cls: 0.0816, rpn_box: 0.0065, rcnn_cls: 0.6047, rcnn_box 0.1796
[session 1][epoch  8][iter  250/ 649] training loss: 0.9542,  lr: 1.00e-05
			fg/bg=(64/192), time cost: 70.400256
			rpn_cls: 0.0816, rpn_box: 0.1104, rcnn_cls: 0.6066, rcnn_box 0.2839
[session 1][epoch  8][iter  300/ 649] training loss: 0.9957,  lr: 1.00e-05
			fg/bg=(58/198), time cost: 70.185891
			rpn_cls: 0.0699, rpn_box: 0.0898, rcnn_cls: 0.7874, rcnn_box 0.2434
[session 1][epoch  8][iter  350/ 649] training loss: 0.9661,  lr: 1.00e-05
			fg/bg=(46/210), time cost: 70.210819
			rpn_cls: 0.0672, rpn_box: 0.1046, rcnn_cls: 0.5667, rcnn_box 0.2184
[session 1][epoch  8][iter  400/ 649] training loss: 0.9214,  lr: 1.00e-05
			fg/bg=(29/227), time cost: 70.612170
			rpn_cls: 0.0891, rpn_box: 0.1652, rcnn_cls: 0.4388, rcnn_box 0.1613
[session 1][epoch  8][iter  450/ 649] training loss: 0.9967,  lr: 1.00e-05
			fg/bg=(44/212), time cost: 70.703507
			rpn_cls: 0.1197, rpn_box: 0.0912, rcnn_cls: 0.5896, rcnn_box 0.2133
[session 1][epoch  8][iter  500/ 649] training loss: 0.9734,  lr: 1.00e-05
			fg/bg=(43/213), time cost: 70.181439
			rpn_cls: 0.2071, rpn_box: 0.0911, rcnn_cls: 0.6189, rcnn_box 0.2176
[session 1][epoch  8][iter  550/ 649] training loss: 0.9768,  lr: 1.00e-05
			fg/bg=(51/205), time cost: 69.962510
			rpn_cls: 0.1215, rpn_box: 0.2164, rcnn_cls: 0.5831, rcnn_box 0.1814
[session 1][epoch  8][iter  600/ 649] training loss: 0.9487,  lr: 1.00e-05
			fg/bg=(48/208), time cost: 70.135131
			rpn_cls: 0.0992, rpn_box: 0.0805, rcnn_cls: 0.3747, rcnn_box 0.2551
Epoch 8: Training loss: 0.2399, Testing loss: 0.2627
total training time: 6823.347447
[session 1][epoch  9][iter    0/ 649] training loss: 1.0639,  lr: 1.00e-05
			fg/bg=(59/197), time cost: 2.337924
			rpn_cls: 0.1090, rpn_box: 0.0599, rcnn_cls: 0.6823, rcnn_box 0.2127
[session 1][epoch  9][iter   50/ 649] training loss: 0.9146,  lr: 1.00e-05
			fg/bg=(64/192), time cost: 72.892831
			rpn_cls: 0.0995, rpn_box: 0.1348, rcnn_cls: 0.7367, rcnn_box 0.2659
[session 1][epoch  9][iter  100/ 649] training loss: 0.8513,  lr: 1.00e-05
			fg/bg=(44/212), time cost: 72.701783
			rpn_cls: 0.0449, rpn_box: 0.0736, rcnn_cls: 0.4123, rcnn_box 0.1572
[session 1][epoch  9][iter  150/ 649] training loss: 0.9377,  lr: 1.00e-05
			fg/bg=(42/214), time cost: 72.950743
			rpn_cls: 0.0395, rpn_box: 0.2243, rcnn_cls: 0.2904, rcnn_box 0.1651
[session 1][epoch  9][iter  200/ 649] training loss: 0.9626,  lr: 1.00e-05
			fg/bg=(49/207), time cost: 70.207306
			rpn_cls: 0.1336, rpn_box: 0.0293, rcnn_cls: 0.4234, rcnn_box 0.1652
[session 1][epoch  9][iter  250/ 649] training loss: 0.9503,  lr: 1.00e-05
			fg/bg=(57/199), time cost: 70.659061
			rpn_cls: 0.1422, rpn_box: 0.0727, rcnn_cls: 0.6580, rcnn_box 0.2035
[session 1][epoch  9][iter  300/ 649] training loss: 0.9170,  lr: 1.00e-05
			fg/bg=(36/220), time cost: 70.455725
			rpn_cls: 0.0660, rpn_box: 0.0088, rcnn_cls: 0.4903, rcnn_box 0.2301
[session 1][epoch  9][iter  350/ 649] training loss: 0.8960,  lr: 1.00e-05
			fg/bg=(64/192), time cost: 70.956754
			rpn_cls: 0.0891, rpn_box: 0.1983, rcnn_cls: 0.4594, rcnn_box 0.2230
[session 1][epoch  9][iter  400/ 649] training loss: 0.9304,  lr: 1.00e-05
			fg/bg=(26/230), time cost: 70.810562
			rpn_cls: 0.0386, rpn_box: 0.0026, rcnn_cls: 0.3016, rcnn_box 0.1303
[session 1][epoch  9][iter  450/ 649] training loss: 0.9528,  lr: 1.00e-05
			fg/bg=(27/229), time cost: 70.803967
			rpn_cls: 0.0658, rpn_box: 0.0926, rcnn_cls: 0.4680, rcnn_box 0.1332
[session 1][epoch  9][iter  500/ 649] training loss: 0.9359,  lr: 1.00e-05
			fg/bg=(53/203), time cost: 70.487401
			rpn_cls: 0.1194, rpn_box: 0.0140, rcnn_cls: 0.4302, rcnn_box 0.2158
[session 1][epoch  9][iter  550/ 649] training loss: 0.8760,  lr: 1.00e-05
			fg/bg=(47/209), time cost: 70.314545
			rpn_cls: 0.0766, rpn_box: 0.0127, rcnn_cls: 0.3985, rcnn_box 0.1855
[session 1][epoch  9][iter  600/ 649] training loss: 0.9142,  lr: 1.00e-05
			fg/bg=(47/209), time cost: 70.572440
			rpn_cls: 0.1480, rpn_box: 0.0131, rcnn_cls: 0.5349, rcnn_box 0.3067
Epoch 9: Training loss: 0.2300, Testing loss: 0.2533
total training time: 7679.498488
[session 1][epoch 10][iter    0/ 649] training loss: 0.7366,  lr: 1.00e-05
			fg/bg=(44/212), time cost: 2.313661
			rpn_cls: 0.0495, rpn_box: 0.0077, rcnn_cls: 0.4901, rcnn_box 0.1892
[session 1][epoch 10][iter   50/ 649] training loss: 0.9581,  lr: 1.00e-05
			fg/bg=(53/203), time cost: 72.913608
			rpn_cls: 0.1285, rpn_box: 0.0168, rcnn_cls: 0.6301, rcnn_box 0.3011
[session 1][epoch 10][iter  100/ 649] training loss: 0.8639,  lr: 1.00e-05
			fg/bg=(48/208), time cost: 72.480864
			rpn_cls: 0.1236, rpn_box: 0.1505, rcnn_cls: 0.5147, rcnn_box 0.2226
[session 1][epoch 10][iter  150/ 649] training loss: 0.8378,  lr: 1.00e-05
			fg/bg=(64/192), time cost: 72.553235
			rpn_cls: 0.1177, rpn_box: 0.1014, rcnn_cls: 0.3474, rcnn_box 0.3972
[session 1][epoch 10][iter  200/ 649] training loss: 0.9013,  lr: 1.00e-05
			fg/bg=(39/217), time cost: 71.879065
			rpn_cls: 0.0765, rpn_box: 0.0105, rcnn_cls: 0.3742, rcnn_box 0.2626
[session 1][epoch 10][iter  250/ 649] training loss: 0.8542,  lr: 1.00e-05
			fg/bg=(41/215), time cost: 71.431164
			rpn_cls: 0.0830, rpn_box: 0.1902, rcnn_cls: 0.6327, rcnn_box 0.1594
[session 1][epoch 10][iter  300/ 649] training loss: 0.9107,  lr: 1.00e-05
			fg/bg=(50/206), time cost: 70.602212
			rpn_cls: 0.1051, rpn_box: 0.1157, rcnn_cls: 0.5469, rcnn_box 0.2004
[session 1][epoch 10][iter  350/ 649] training loss: 0.9274,  lr: 1.00e-05
			fg/bg=(58/198), time cost: 73.197442
			rpn_cls: 0.0728, rpn_box: 0.1336, rcnn_cls: 0.6701, rcnn_box 0.2241
[session 1][epoch 10][iter  400/ 649] training loss: 0.8656,  lr: 1.00e-05
			fg/bg=(50/206), time cost: 76.498272
			rpn_cls: 0.2402, rpn_box: 0.0838, rcnn_cls: 0.4629, rcnn_box 0.2833
[session 1][epoch 10][iter  450/ 649] training loss: 0.9248,  lr: 1.00e-05
			fg/bg=(36/220), time cost: 76.419937
			rpn_cls: 0.1508, rpn_box: 0.0250, rcnn_cls: 0.2739, rcnn_box 0.2389
[session 1][epoch 10][iter  500/ 649] training loss: 0.8995,  lr: 1.00e-05
			fg/bg=(52/204), time cost: 75.229164
			rpn_cls: 0.1162, rpn_box: 0.2127, rcnn_cls: 0.4649, rcnn_box 0.1811
[session 1][epoch 10][iter  550/ 649] training loss: 0.8656,  lr: 1.00e-05
			fg/bg=(46/210), time cost: 70.865849
			rpn_cls: 0.0549, rpn_box: 0.0126, rcnn_cls: 0.7328, rcnn_box 0.1710
[session 1][epoch 10][iter  600/ 649] training loss: 0.9050,  lr: 1.00e-05
			fg/bg=(38/218), time cost: 70.874619
			rpn_cls: 0.0292, rpn_box: 0.0142, rcnn_cls: 0.4016, rcnn_box 0.1908
Epoch 10: Training loss: 0.2223, Testing loss: 0.2514
total training time: 8556.757579
[session 1][epoch 11][iter    0/ 649] training loss: 0.9107,  lr: 1.00e-05
			fg/bg=(45/211), time cost: 2.341189
			rpn_cls: 0.0948, rpn_box: 0.0077, rcnn_cls: 0.5746, rcnn_box 0.2335
[session 1][epoch 11][iter   50/ 649] training loss: 0.7934,  lr: 1.00e-05
			fg/bg=(49/207), time cost: 73.302667
			rpn_cls: 0.0711, rpn_box: 0.1858, rcnn_cls: 0.4703, rcnn_box 0.1949
[session 1][epoch 11][iter  100/ 649] training loss: 0.8153,  lr: 1.00e-05
			fg/bg=(36/220), time cost: 73.176188
			rpn_cls: 0.1257, rpn_box: 0.0104, rcnn_cls: 0.3336, rcnn_box 0.1262
[session 1][epoch 11][iter  150/ 649] training loss: 0.8133,  lr: 1.00e-05
			fg/bg=(61/195), time cost: 72.711400
			rpn_cls: 0.1082, rpn_box: 0.1360, rcnn_cls: 0.7793, rcnn_box 0.2281
[session 1][epoch 11][iter  200/ 649] training loss: 0.9294,  lr: 1.00e-05
			fg/bg=(39/217), time cost: 70.509269
			rpn_cls: 0.0782, rpn_box: 0.0040, rcnn_cls: 0.4413, rcnn_box 0.1714
[session 1][epoch 11][iter  250/ 649] training loss: 0.8787,  lr: 1.00e-05
			fg/bg=(64/192), time cost: 73.509032
			rpn_cls: 0.0896, rpn_box: 0.0336, rcnn_cls: 0.4955, rcnn_box 0.3041
[session 1][epoch 11][iter  300/ 649] training loss: 0.8546,  lr: 1.00e-05
			fg/bg=(63/193), time cost: 75.302100
			rpn_cls: 0.1627, rpn_box: 0.1125, rcnn_cls: 0.9628, rcnn_box 0.3326
[session 1][epoch 11][iter  350/ 649] training loss: 0.8567,  lr: 1.00e-05
			fg/bg=(64/192), time cost: 75.918923
			rpn_cls: 0.1877, rpn_box: 0.0304, rcnn_cls: 0.8207, rcnn_box 0.2519
[session 1][epoch 11][iter  400/ 649] training loss: 0.8481,  lr: 1.00e-05
			fg/bg=(48/208), time cost: 76.601590
			rpn_cls: 0.0849, rpn_box: 0.1002, rcnn_cls: 0.4715, rcnn_box 0.2615
[session 1][epoch 11][iter  450/ 649] training loss: 0.7568,  lr: 1.00e-05
			fg/bg=(29/227), time cost: 72.953969
			rpn_cls: 0.0834, rpn_box: 0.0317, rcnn_cls: 0.5076, rcnn_box 0.1490
[session 1][epoch 11][iter  500/ 649] training loss: 0.9318,  lr: 1.00e-05
			fg/bg=(49/207), time cost: 70.851335
			rpn_cls: 0.0952, rpn_box: 0.1307, rcnn_cls: 0.6429, rcnn_box 0.2377
[session 1][epoch 11][iter  550/ 649] training loss: 0.8052,  lr: 1.00e-05
			fg/bg=(24/232), time cost: 71.331632
			rpn_cls: 0.0760, rpn_box: 0.0011, rcnn_cls: 0.3588, rcnn_box 0.1106
[session 1][epoch 11][iter  600/ 649] training loss: 0.8917,  lr: 1.00e-05
			fg/bg=(44/212), time cost: 71.381438
			rpn_cls: 0.0310, rpn_box: 0.1943, rcnn_cls: 0.3883, rcnn_box 0.1147
Epoch 11: Training loss: 0.2117, Testing loss: 0.2420
total training time: 9436.648311
[session 1][epoch 12][iter    0/ 649] training loss: 0.4777,  lr: 1.00e-06
			fg/bg=(40/216), time cost: 2.328494
			rpn_cls: 0.0547, rpn_box: 0.0033, rcnn_cls: 0.3199, rcnn_box 0.0998
[session 1][epoch 12][iter   50/ 649] training loss: 0.8482,  lr: 1.00e-06
			fg/bg=(46/210), time cost: 72.824201
			rpn_cls: 0.1266, rpn_box: 0.1177, rcnn_cls: 0.5114, rcnn_box 0.1736
[session 1][epoch 12][iter  100/ 649] training loss: 0.8166,  lr: 1.00e-06
			fg/bg=(41/215), time cost: 74.727860
			rpn_cls: 0.0402, rpn_box: 0.0595, rcnn_cls: 0.4031, rcnn_box 0.1225
[session 1][epoch 12][iter  150/ 649] training loss: 0.7668,  lr: 1.00e-06
			fg/bg=(24/232), time cost: 76.279989
			rpn_cls: 0.0456, rpn_box: 0.0025, rcnn_cls: 0.2236, rcnn_box 0.0675
[session 1][epoch 12][iter  200/ 649] training loss: 0.7579,  lr: 1.00e-06
			fg/bg=(31/225), time cost: 75.358889
			rpn_cls: 0.0792, rpn_box: 0.0301, rcnn_cls: 0.2973, rcnn_box 0.0588
[session 1][epoch 12][iter  250/ 649] training loss: 0.7874,  lr: 1.00e-06
			fg/bg=(19/237), time cost: 76.731499
			rpn_cls: 0.0409, rpn_box: 0.0026, rcnn_cls: 0.3225, rcnn_box 0.0324
[session 1][epoch 12][iter  300/ 649] training loss: 0.7539,  lr: 1.00e-06
			fg/bg=(47/209), time cost: 75.685978
			rpn_cls: 0.0708, rpn_box: 0.0781, rcnn_cls: 0.4145, rcnn_box 0.2349
[session 1][epoch 12][iter  350/ 649] training loss: 0.7810,  lr: 1.00e-06
			fg/bg=(64/192), time cost: 75.610077
			rpn_cls: 0.0664, rpn_box: 0.0492, rcnn_cls: 0.5581, rcnn_box 0.2501
[session 1][epoch 12][iter  400/ 649] training loss: 0.7704,  lr: 1.00e-06
			fg/bg=(38/218), time cost: 76.346938
			rpn_cls: 0.1588, rpn_box: 0.1631, rcnn_cls: 0.3930, rcnn_box 0.1433
[session 1][epoch 12][iter  450/ 649] training loss: 0.7528,  lr: 1.00e-06
			fg/bg=(53/203), time cost: 75.156585
			rpn_cls: 0.0894, rpn_box: 0.1446, rcnn_cls: 0.4408, rcnn_box 0.1749
[session 1][epoch 12][iter  500/ 649] training loss: 0.7342,  lr: 1.00e-06
			fg/bg=(53/203), time cost: 75.974279
			rpn_cls: 0.0678, rpn_box: 0.0082, rcnn_cls: 0.3127, rcnn_box 0.2862
[session 1][epoch 12][iter  550/ 649] training loss: 0.7209,  lr: 1.00e-06
			fg/bg=(38/218), time cost: 77.108893
			rpn_cls: 0.1093, rpn_box: 0.0352, rcnn_cls: 0.4111, rcnn_box 0.1858
[session 1][epoch 12][iter  600/ 649] training loss: 0.7391,  lr: 1.00e-06
			fg/bg=(33/223), time cost: 76.333173
			rpn_cls: 0.0328, rpn_box: 0.0126, rcnn_cls: 0.2058, rcnn_box 0.1999
Epoch 12: Training loss: 0.1913, Testing loss: 0.2270
total training time: 10347.115166
[session 1][epoch 13][iter    0/ 649] training loss: 1.0443,  lr: 1.00e-06
			fg/bg=(39/217), time cost: 2.534582
			rpn_cls: 0.1174, rpn_box: 0.1730, rcnn_cls: 0.4802, rcnn_box 0.2738
[session 1][epoch 13][iter   50/ 649] training loss: 0.7611,  lr: 1.00e-06
			fg/bg=(57/199), time cost: 78.568252
			rpn_cls: 0.1092, rpn_box: 0.1333, rcnn_cls: 0.5123, rcnn_box 0.1652
[session 1][epoch 13][iter  100/ 649] training loss: 0.7651,  lr: 1.00e-06
			fg/bg=(48/208), time cost: 77.786714
			rpn_cls: 0.0863, rpn_box: 0.1270, rcnn_cls: 0.4981, rcnn_box 0.2245
[session 1][epoch 13][iter  150/ 649] training loss: 0.7503,  lr: 1.00e-06
			fg/bg=(38/218), time cost: 76.614061
			rpn_cls: 0.0403, rpn_box: 0.0026, rcnn_cls: 0.2565, rcnn_box 0.1330
[session 1][epoch 13][iter  200/ 649] training loss: 0.7576,  lr: 1.00e-06
			fg/bg=(64/192), time cost: 76.888920
			rpn_cls: 0.1425, rpn_box: 0.0291, rcnn_cls: 0.3094, rcnn_box 0.1859
[session 1][epoch 13][iter  250/ 649] training loss: 0.7105,  lr: 1.00e-06
			fg/bg=(42/214), time cost: 75.703737
			rpn_cls: 0.0224, rpn_box: 0.0022, rcnn_cls: 0.1978, rcnn_box 0.1214
[session 1][epoch 13][iter  300/ 649] training loss: 0.6917,  lr: 1.00e-06
			fg/bg=(42/214), time cost: 75.946413
			rpn_cls: 0.0777, rpn_box: 0.0959, rcnn_cls: 0.5233, rcnn_box 0.2285
[session 1][epoch 13][iter  350/ 649] training loss: 0.7660,  lr: 1.00e-06
			fg/bg=(64/192), time cost: 76.184207
			rpn_cls: 0.1271, rpn_box: 0.1756, rcnn_cls: 0.4952, rcnn_box 0.2616
[session 1][epoch 13][iter  400/ 649] training loss: 0.7231,  lr: 1.00e-06
			fg/bg=(44/212), time cost: 76.376465
			rpn_cls: 0.0472, rpn_box: 0.1750, rcnn_cls: 0.4053, rcnn_box 0.2244
[session 1][epoch 13][iter  450/ 649] training loss: 0.7807,  lr: 1.00e-06
			fg/bg=(52/204), time cost: 76.144073
			rpn_cls: 0.1289, rpn_box: 0.2826, rcnn_cls: 0.5403, rcnn_box 0.2454
[session 1][epoch 13][iter  500/ 649] training loss: 0.7078,  lr: 1.00e-06
			fg/bg=(64/192), time cost: 76.996717
			rpn_cls: 0.1077, rpn_box: 0.0234, rcnn_cls: 0.2988, rcnn_box 0.2018
[session 1][epoch 13][iter  550/ 649] training loss: 0.7990,  lr: 1.00e-06
			fg/bg=(60/196), time cost: 76.110862
			rpn_cls: 0.0507, rpn_box: 0.0731, rcnn_cls: 0.4208, rcnn_box 0.2298
[session 1][epoch 13][iter  600/ 649] training loss: 0.6797,  lr: 1.00e-06
			fg/bg=(50/206), time cost: 75.720875
			rpn_cls: 0.0474, rpn_box: 0.1235, rcnn_cls: 0.4269, rcnn_box 0.1473
Epoch 13: Training loss: 0.1860, Testing loss: 0.2243
total training time: 11268.691044
[session 1][epoch 14][iter    0/ 649] training loss: 1.1356,  lr: 1.00e-06
			fg/bg=(60/196), time cost: 2.591234
			rpn_cls: 0.1076, rpn_box: 0.0217, rcnn_cls: 0.7597, rcnn_box 0.2467
[session 1][epoch 14][iter   50/ 649] training loss: 0.7170,  lr: 1.00e-06
			fg/bg=(44/212), time cost: 76.630871
			rpn_cls: 0.0744, rpn_box: 0.0684, rcnn_cls: 0.2984, rcnn_box 0.1240
[session 1][epoch 14][iter  100/ 649] training loss: 0.7641,  lr: 1.00e-06
			fg/bg=(44/212), time cost: 76.631220
			rpn_cls: 0.1708, rpn_box: 0.0278, rcnn_cls: 0.2402, rcnn_box 0.2608
[session 1][epoch 14][iter  150/ 649] training loss: 0.7190,  lr: 1.00e-06
			fg/bg=(64/192), time cost: 77.668856
			rpn_cls: 0.1322, rpn_box: 0.1620, rcnn_cls: 0.4366, rcnn_box 0.1817
[session 1][epoch 14][iter  200/ 649] training loss: 0.7017,  lr: 1.00e-06
			fg/bg=(37/219), time cost: 75.150967
			rpn_cls: 0.0350, rpn_box: 0.0067, rcnn_cls: 0.3190, rcnn_box 0.1377
[session 1][epoch 14][iter  250/ 649] training loss: 0.6875,  lr: 1.00e-06
			fg/bg=(45/211), time cost: 75.978122
			rpn_cls: 0.0593, rpn_box: 0.0560, rcnn_cls: 0.4369, rcnn_box 0.1247
[session 1][epoch 14][iter  300/ 649] training loss: 0.7195,  lr: 1.00e-06
			fg/bg=(28/228), time cost: 76.714686
			rpn_cls: 0.0126, rpn_box: 0.0054, rcnn_cls: 0.3419, rcnn_box 0.1119
[session 1][epoch 14][iter  350/ 649] training loss: 0.7464,  lr: 1.00e-06
			fg/bg=(42/214), time cost: 76.071963
			rpn_cls: 0.0484, rpn_box: 0.0032, rcnn_cls: 0.3998, rcnn_box 0.1774
[session 1][epoch 14][iter  400/ 649] training loss: 0.7070,  lr: 1.00e-06
			fg/bg=(46/210), time cost: 76.203182
			rpn_cls: 0.0368, rpn_box: 0.1233, rcnn_cls: 0.4352, rcnn_box 0.1668
[session 1][epoch 14][iter  450/ 649] training loss: 0.7665,  lr: 1.00e-06
			fg/bg=(38/218), time cost: 76.031966
			rpn_cls: 0.0259, rpn_box: 0.0066, rcnn_cls: 0.3469, rcnn_box 0.1528
[session 1][epoch 14][iter  500/ 649] training loss: 0.6895,  lr: 1.00e-06
			fg/bg=(25/231), time cost: 75.937300
			rpn_cls: 0.0611, rpn_box: 0.0012, rcnn_cls: 0.2529, rcnn_box 0.1041
[session 1][epoch 14][iter  550/ 649] training loss: 0.7562,  lr: 1.00e-06
			fg/bg=(55/201), time cost: 75.457145
			rpn_cls: 0.1344, rpn_box: 0.0714, rcnn_cls: 0.3221, rcnn_box 0.2435
[session 1][epoch 14][iter  600/ 649] training loss: 0.7892,  lr: 1.00e-06
			fg/bg=(35/221), time cost: 75.877975
			rpn_cls: 0.0517, rpn_box: 0.0067, rcnn_cls: 0.3865, rcnn_box 0.1268
Epoch 14: Training loss: 0.1824, Testing loss: 0.2232
total training time: 12185.636530
[session 1][epoch 15][iter    0/ 649] training loss: 0.6112,  lr: 1.00e-06
			fg/bg=(58/198), time cost: 2.472329
			rpn_cls: 0.0910, rpn_box: 0.0254, rcnn_cls: 0.3607, rcnn_box 0.1341
[session 1][epoch 15][iter   50/ 649] training loss: 0.7301,  lr: 1.00e-06
			fg/bg=(49/207), time cost: 77.068829
			rpn_cls: 0.0393, rpn_box: 0.0103, rcnn_cls: 0.2958, rcnn_box 0.1415
[session 1][epoch 15][iter  100/ 649] training loss: 0.7477,  lr: 1.00e-06
			fg/bg=(64/192), time cost: 77.982335
			rpn_cls: 0.0666, rpn_box: 0.0387, rcnn_cls: 0.6887, rcnn_box 0.1964
[session 1][epoch 15][iter  150/ 649] training loss: 0.7585,  lr: 1.00e-06
			fg/bg=(42/214), time cost: 77.350438
			rpn_cls: 0.0741, rpn_box: 0.0156, rcnn_cls: 0.3799, rcnn_box 0.1605
[session 1][epoch 15][iter  200/ 649] training loss: 0.7175,  lr: 1.00e-06
			fg/bg=(18/238), time cost: 75.852193
			rpn_cls: 0.0359, rpn_box: 0.0038, rcnn_cls: 0.2161, rcnn_box 0.0895
[session 1][epoch 15][iter  250/ 649] training loss: 0.6931,  lr: 1.00e-06
			fg/bg=(49/207), time cost: 75.450262
			rpn_cls: 0.0511, rpn_box: 0.0120, rcnn_cls: 0.5004, rcnn_box 0.3871
[session 1][epoch 15][iter  300/ 649] training loss: 0.7381,  lr: 1.00e-06
			fg/bg=(54/202), time cost: 76.059050
			rpn_cls: 0.0535, rpn_box: 0.0326, rcnn_cls: 0.3677, rcnn_box 0.2337
[session 1][epoch 15][iter  350/ 649] training loss: 0.6416,  lr: 1.00e-06
			fg/bg=(58/198), time cost: 76.149937
			rpn_cls: 0.1321, rpn_box: 0.0832, rcnn_cls: 0.3133, rcnn_box 0.2501
[session 1][epoch 15][iter  400/ 649] training loss: 0.7349,  lr: 1.00e-06
			fg/bg=(50/206), time cost: 75.575611
			rpn_cls: 0.0994, rpn_box: 0.1136, rcnn_cls: 0.3564, rcnn_box 0.1813
[session 1][epoch 15][iter  450/ 649] training loss: 0.7259,  lr: 1.00e-06
			fg/bg=(52/204), time cost: 76.127923
			rpn_cls: 0.0541, rpn_box: 0.0638, rcnn_cls: 0.2770, rcnn_box 0.1425
[session 1][epoch 15][iter  500/ 649] training loss: 0.7453,  lr: 1.00e-06
			fg/bg=(59/197), time cost: 75.577148
			rpn_cls: 0.0991, rpn_box: 0.0511, rcnn_cls: 0.4704, rcnn_box 0.1955
[session 1][epoch 15][iter  550/ 649] training loss: 0.7006,  lr: 1.00e-06
			fg/bg=(47/209), time cost: 76.190435
			rpn_cls: 0.0510, rpn_box: 0.1515, rcnn_cls: 0.4462, rcnn_box 0.1157
[session 1][epoch 15][iter  600/ 649] training loss: 0.6623,  lr: 1.00e-06
			fg/bg=(33/223), time cost: 76.668430
			rpn_cls: 0.0583, rpn_box: 0.0018, rcnn_cls: 0.2505, rcnn_box 0.1023
Epoch 15: Training loss: 0.1801, Testing loss: 0.2232
total training time: 13104.161450
[session 1][epoch 16][iter    0/ 649] training loss: 0.7992,  lr: 1.00e-06
			fg/bg=(61/195), time cost: 2.432434
			rpn_cls: 0.1668, rpn_box: 0.0251, rcnn_cls: 0.3768, rcnn_box 0.2305
[session 1][epoch 16][iter   50/ 649] training loss: 0.7111,  lr: 1.00e-06
			fg/bg=(51/205), time cost: 77.381732
			rpn_cls: 0.0188, rpn_box: 0.0894, rcnn_cls: 0.3127, rcnn_box 0.1543
[session 1][epoch 16][iter  100/ 649] training loss: 0.7026,  lr: 1.00e-06
			fg/bg=(54/202), time cost: 76.903084
			rpn_cls: 0.0417, rpn_box: 0.2840, rcnn_cls: 0.2652, rcnn_box 0.1824
[session 1][epoch 16][iter  150/ 649] training loss: 0.7467,  lr: 1.00e-06
			fg/bg=(56/200), time cost: 76.542262
			rpn_cls: 0.1185, rpn_box: 0.0935, rcnn_cls: 0.3082, rcnn_box 0.2493
[session 1][epoch 16][iter  200/ 649] training loss: 0.7067,  lr: 1.00e-06
			fg/bg=(32/224), time cost: 76.892555
			rpn_cls: 0.1582, rpn_box: 0.0430, rcnn_cls: 0.3581, rcnn_box 0.1723
[session 1][epoch 16][iter  250/ 649] training loss: 0.6926,  lr: 1.00e-06
			fg/bg=(60/196), time cost: 76.096067
			rpn_cls: 0.1224, rpn_box: 0.2911, rcnn_cls: 0.8196, rcnn_box 0.2168
[session 1][epoch 16][iter  300/ 649] training loss: 0.6965,  lr: 1.00e-06
			fg/bg=(50/206), time cost: 76.062948
			rpn_cls: 0.0426, rpn_box: 0.0079, rcnn_cls: 0.4199, rcnn_box 0.1531
[session 1][epoch 16][iter  350/ 649] training loss: 0.7497,  lr: 1.00e-06
			fg/bg=(44/212), time cost: 75.677669
			rpn_cls: 0.0743, rpn_box: 0.0861, rcnn_cls: 0.5002, rcnn_box 0.2082
[session 1][epoch 16][iter  400/ 649] training loss: 0.6938,  lr: 1.00e-06
			fg/bg=(64/192), time cost: 75.902164
			rpn_cls: 0.1084, rpn_box: 0.0535, rcnn_cls: 0.4943, rcnn_box 0.2095
[session 1][epoch 16][iter  450/ 649] training loss: 0.6786,  lr: 1.00e-06
			fg/bg=(29/227), time cost: 75.435726
			rpn_cls: 0.0223, rpn_box: 0.0020, rcnn_cls: 0.2125, rcnn_box 0.1303
[session 1][epoch 16][iter  500/ 649] training loss: 0.6928,  lr: 1.00e-06
			fg/bg=(64/192), time cost: 76.135259
			rpn_cls: 0.1283, rpn_box: 0.1957, rcnn_cls: 0.3433, rcnn_box 0.2505
[session 1][epoch 16][iter  550/ 649] training loss: 0.7085,  lr: 1.00e-06
			fg/bg=(45/211), time cost: 75.860453
			rpn_cls: 0.1042, rpn_box: 0.2384, rcnn_cls: 0.3639, rcnn_box 0.1135
[session 1][epoch 16][iter  600/ 649] training loss: 0.6861,  lr: 1.00e-06
			fg/bg=(52/204), time cost: 75.270352
			rpn_cls: 0.2040, rpn_box: 0.1066, rcnn_cls: 0.5488, rcnn_box 0.1872
Epoch 16: Training loss: 0.1778, Testing loss: 0.2232
total training time: 14020.754153
[session 1][epoch 17][iter    0/ 649] training loss: 0.8453,  lr: 1.00e-06
			fg/bg=(40/216), time cost: 2.589606
			rpn_cls: 0.0775, rpn_box: 0.0836, rcnn_cls: 0.5415, rcnn_box 0.1427
[session 1][epoch 17][iter   50/ 649] training loss: 0.7141,  lr: 1.00e-06
			fg/bg=(61/195), time cost: 77.320444
			rpn_cls: 0.1158, rpn_box: 0.1452, rcnn_cls: 0.4706, rcnn_box 0.1430
[session 1][epoch 17][iter  100/ 649] training loss: 0.7304,  lr: 1.00e-06
			fg/bg=(64/192), time cost: 76.613065
			rpn_cls: 0.0396, rpn_box: 0.1784, rcnn_cls: 0.2865, rcnn_box 0.1485
[session 1][epoch 17][iter  150/ 649] training loss: 0.6497,  lr: 1.00e-06
			fg/bg=(36/220), time cost: 77.008875
			rpn_cls: 0.0427, rpn_box: 0.0148, rcnn_cls: 0.2797, rcnn_box 0.1403
[session 1][epoch 17][iter  200/ 649] training loss: 0.6851,  lr: 1.00e-06
			fg/bg=(46/210), time cost: 76.108703
			rpn_cls: 0.0753, rpn_box: 0.0398, rcnn_cls: 0.3437, rcnn_box 0.1939
[session 1][epoch 17][iter  250/ 649] training loss: 0.7286,  lr: 1.00e-06
			fg/bg=(49/207), time cost: 75.866387
			rpn_cls: 0.0701, rpn_box: 0.0057, rcnn_cls: 0.3763, rcnn_box 0.1804
[session 1][epoch 17][iter  300/ 649] training loss: 0.7078,  lr: 1.00e-06
			fg/bg=(64/192), time cost: 76.493714
			rpn_cls: 0.0605, rpn_box: 0.2556, rcnn_cls: 0.5657, rcnn_box 0.1971
[session 1][epoch 17][iter  350/ 649] training loss: 0.6796,  lr: 1.00e-06
			fg/bg=(50/206), time cost: 76.046470
			rpn_cls: 0.0297, rpn_box: 0.0118, rcnn_cls: 0.3562, rcnn_box 0.1975
[session 1][epoch 17][iter  400/ 649] training loss: 0.6984,  lr: 1.00e-06
			fg/bg=(35/221), time cost: 75.467970
			rpn_cls: 0.0595, rpn_box: 0.1732, rcnn_cls: 0.3680, rcnn_box 0.1137
[session 1][epoch 17][iter  450/ 649] training loss: 0.7013,  lr: 1.00e-06
			fg/bg=(36/220), time cost: 75.898300
			rpn_cls: 0.0376, rpn_box: 0.0877, rcnn_cls: 0.3194, rcnn_box 0.0875
[session 1][epoch 17][iter  500/ 649] training loss: 0.6582,  lr: 1.00e-06
			fg/bg=(53/203), time cost: 76.549078
			rpn_cls: 0.0672, rpn_box: 0.1986, rcnn_cls: 0.5699, rcnn_box 0.2006
[session 1][epoch 17][iter  550/ 649] training loss: 0.7180,  lr: 1.00e-06
			fg/bg=(39/217), time cost: 76.147243
			rpn_cls: 0.0562, rpn_box: 0.0031, rcnn_cls: 0.5692, rcnn_box 0.1565
[session 1][epoch 17][iter  600/ 649] training loss: 0.7155,  lr: 1.00e-06
			fg/bg=(54/202), time cost: 76.362272
			rpn_cls: 0.0276, rpn_box: 0.1170, rcnn_cls: 0.5438, rcnn_box 0.1464
Epoch 17: Training loss: 0.1744, Testing loss: 0.2192
total training time: 14939.226281
[session 1][epoch 18][iter    0/ 649] training loss: 0.9111,  lr: 1.00e-07
			fg/bg=(44/212), time cost: 2.508014
			rpn_cls: 0.0599, rpn_box: 0.0040, rcnn_cls: 0.6588, rcnn_box 0.1884
[session 1][epoch 18][iter   50/ 649] training loss: 0.6730,  lr: 1.00e-07
			fg/bg=(39/217), time cost: 77.332817
			rpn_cls: 0.0523, rpn_box: 0.1766, rcnn_cls: 0.4489, rcnn_box 0.1303
[session 1][epoch 18][iter  100/ 649] training loss: 0.6571,  lr: 1.00e-07
			fg/bg=(34/222), time cost: 77.292400
			rpn_cls: 0.0234, rpn_box: 0.0072, rcnn_cls: 0.1131, rcnn_box 0.1088
[session 1][epoch 18][iter  150/ 649] training loss: 0.6477,  lr: 1.00e-07
			fg/bg=(38/218), time cost: 77.604764
			rpn_cls: 0.0950, rpn_box: 0.0052, rcnn_cls: 0.1923, rcnn_box 0.1595
[session 1][epoch 18][iter  200/ 649] training loss: 0.7247,  lr: 1.00e-07
			fg/bg=(63/193), time cost: 74.867344
			rpn_cls: 0.2271, rpn_box: 0.1516, rcnn_cls: 0.3055, rcnn_box 0.2275
[session 1][epoch 18][iter  250/ 649] training loss: 0.7487,  lr: 1.00e-07
			fg/bg=(44/212), time cost: 75.836717
			rpn_cls: 0.0483, rpn_box: 0.0201, rcnn_cls: 0.3111, rcnn_box 0.1688
[session 1][epoch 18][iter  300/ 649] training loss: 0.6538,  lr: 1.00e-07
			fg/bg=(42/214), time cost: 76.021842
			rpn_cls: 0.0825, rpn_box: 0.1349, rcnn_cls: 0.3014, rcnn_box 0.1059
[session 1][epoch 18][iter  350/ 649] training loss: 0.7248,  lr: 1.00e-07
			fg/bg=(46/210), time cost: 76.465638
			rpn_cls: 0.1920, rpn_box: 0.0835, rcnn_cls: 0.6046, rcnn_box 0.1838
[session 1][epoch 18][iter  400/ 649] training loss: 0.6405,  lr: 1.00e-07
			fg/bg=(52/204), time cost: 76.797354
			rpn_cls: 0.0844, rpn_box: 0.0095, rcnn_cls: 0.1896, rcnn_box 0.1407
[session 1][epoch 18][iter  450/ 649] training loss: 0.7448,  lr: 1.00e-07
			fg/bg=(27/229), time cost: 76.691638
			rpn_cls: 0.0675, rpn_box: 0.0099, rcnn_cls: 0.1834, rcnn_box 0.1135
[session 1][epoch 18][iter  500/ 649] training loss: 0.6383,  lr: 1.00e-07
			fg/bg=(46/210), time cost: 76.628496
			rpn_cls: 0.0906, rpn_box: 0.0123, rcnn_cls: 0.5456, rcnn_box 0.1649
[session 1][epoch 18][iter  550/ 649] training loss: 0.6726,  lr: 1.00e-07
			fg/bg=(47/209), time cost: 76.285007
			rpn_cls: 0.0427, rpn_box: 0.0712, rcnn_cls: 0.3080, rcnn_box 0.1671
[session 1][epoch 18][iter  600/ 649] training loss: 0.6418,  lr: 1.00e-07
			fg/bg=(45/211), time cost: 77.237993
			rpn_cls: 0.0795, rpn_box: 0.0168, rcnn_cls: 0.3199, rcnn_box 0.1864
Epoch 18: Training loss: 0.1703, Testing loss: 0.2203
total training time: 15860.796304
[session 1][epoch 19][iter    0/ 649] training loss: 0.4983,  lr: 1.00e-07
			fg/bg=(41/215), time cost: 2.493113
			rpn_cls: 0.0243, rpn_box: 0.0067, rcnn_cls: 0.3296, rcnn_box 0.1377
[session 1][epoch 19][iter   50/ 649] training loss: 0.7032,  lr: 1.00e-07
			fg/bg=(57/199), time cost: 77.795387
			rpn_cls: 0.0816, rpn_box: 0.1514, rcnn_cls: 0.6062, rcnn_box 0.2502
[session 1][epoch 19][iter  100/ 649] training loss: 0.6858,  lr: 1.00e-07
			fg/bg=(64/192), time cost: 77.387334
			rpn_cls: 0.1572, rpn_box: 0.0557, rcnn_cls: 0.3692, rcnn_box 0.1982
[session 1][epoch 19][iter  150/ 649] training loss: 0.6853,  lr: 1.00e-07
			fg/bg=(55/201), time cost: 77.216078
			rpn_cls: 0.0752, rpn_box: 0.0088, rcnn_cls: 0.4965, rcnn_box 0.1363
[session 1][epoch 19][iter  200/ 649] training loss: 0.7071,  lr: 1.00e-07
			fg/bg=(51/205), time cost: 75.954710
			rpn_cls: 0.0485, rpn_box: 0.1199, rcnn_cls: 0.3126, rcnn_box 0.1141
[session 1][epoch 19][iter  250/ 649] training loss: 0.7285,  lr: 1.00e-07
			fg/bg=(64/192), time cost: 76.321059
			rpn_cls: 0.0656, rpn_box: 0.1620, rcnn_cls: 0.4600, rcnn_box 0.1630
[session 1][epoch 19][iter  300/ 649] training loss: 0.6501,  lr: 1.00e-07
			fg/bg=(53/203), time cost: 76.548949
			rpn_cls: 0.1010, rpn_box: 0.0162, rcnn_cls: 0.4737, rcnn_box 0.2101
[session 1][epoch 19][iter  350/ 649] training loss: 0.6483,  lr: 1.00e-07
			fg/bg=(64/192), time cost: 75.995470
			rpn_cls: 0.0632, rpn_box: 0.0816, rcnn_cls: 0.3793, rcnn_box 0.1554
[session 1][epoch 19][iter  400/ 649] training loss: 0.7244,  lr: 1.00e-07
			fg/bg=(63/193), time cost: 75.610182
			rpn_cls: 0.1277, rpn_box: 0.0641, rcnn_cls: 0.4491, rcnn_box 0.2508
[session 1][epoch 19][iter  450/ 649] training loss: 0.6838,  lr: 1.00e-07
			fg/bg=(64/192), time cost: 75.947694
			rpn_cls: 0.0726, rpn_box: 0.1567, rcnn_cls: 0.5665, rcnn_box 0.1580
[session 1][epoch 19][iter  500/ 649] training loss: 0.6434,  lr: 1.00e-07
			fg/bg=(57/199), time cost: 76.132627
			rpn_cls: 0.0691, rpn_box: 0.0169, rcnn_cls: 0.4704, rcnn_box 0.1855
[session 1][epoch 19][iter  550/ 649] training loss: 0.6316,  lr: 1.00e-07
			fg/bg=(62/194), time cost: 75.943480
			rpn_cls: 0.1368, rpn_box: 0.0949, rcnn_cls: 0.5040, rcnn_box 0.2879
[session 1][epoch 19][iter  600/ 649] training loss: 0.6827,  lr: 1.00e-07
			fg/bg=(49/207), time cost: 76.392471
			rpn_cls: 0.1123, rpn_box: 0.0524, rcnn_cls: 0.4459, rcnn_box 0.1733
Epoch 19: Training loss: 0.1698, Testing loss: 0.2189
total training time: 16780.534857
[session 1][epoch 20][iter    0/ 649] training loss: 0.4013,  lr: 1.00e-07
			fg/bg=(30/226), time cost: 2.585843
			rpn_cls: 0.0395, rpn_box: 0.0045, rcnn_cls: 0.2955, rcnn_box 0.0618
[session 1][epoch 20][iter   50/ 649] training loss: 0.6492,  lr: 1.00e-07
			fg/bg=(31/225), time cost: 77.305367
			rpn_cls: 0.0463, rpn_box: 0.0042, rcnn_cls: 0.1785, rcnn_box 0.1799
[session 1][epoch 20][iter  100/ 649] training loss: 0.6856,  lr: 1.00e-07
			fg/bg=(58/198), time cost: 76.869060
			rpn_cls: 0.0883, rpn_box: 0.0077, rcnn_cls: 0.3951, rcnn_box 0.2570
[session 1][epoch 20][iter  150/ 649] training loss: 0.6680,  lr: 1.00e-07
			fg/bg=(64/192), time cost: 77.353794
			rpn_cls: 0.0982, rpn_box: 0.1224, rcnn_cls: 0.5867, rcnn_box 0.1382
[session 1][epoch 20][iter  200/ 649] training loss: 0.6444,  lr: 1.00e-07
			fg/bg=(62/194), time cost: 76.585720
			rpn_cls: 0.1193, rpn_box: 0.0961, rcnn_cls: 0.3329, rcnn_box 0.2001
[session 1][epoch 20][iter  250/ 649] training loss: 0.6936,  lr: 1.00e-07
			fg/bg=(57/199), time cost: 75.704472
			rpn_cls: 0.1801, rpn_box: 0.1212, rcnn_cls: 0.2928, rcnn_box 0.1744
[session 1][epoch 20][iter  300/ 649] training loss: 0.6758,  lr: 1.00e-07
			fg/bg=(64/192), time cost: 76.279785
			rpn_cls: 0.0937, rpn_box: 0.0267, rcnn_cls: 0.5527, rcnn_box 0.2248
[session 1][epoch 20][iter  350/ 649] training loss: 0.6880,  lr: 1.00e-07
			fg/bg=(59/197), time cost: 76.232440
			rpn_cls: 0.0571, rpn_box: 0.0687, rcnn_cls: 0.1953, rcnn_box 0.1809
[session 1][epoch 20][iter  400/ 649] training loss: 0.6520,  lr: 1.00e-07
			fg/bg=(64/192), time cost: 76.126168
			rpn_cls: 0.0996, rpn_box: 0.0464, rcnn_cls: 0.2648, rcnn_box 0.1977
[session 1][epoch 20][iter  450/ 649] training loss: 0.7311,  lr: 1.00e-07
			fg/bg=(38/218), time cost: 76.042482
			rpn_cls: 0.0564, rpn_box: 0.0909, rcnn_cls: 0.2473, rcnn_box 0.1410
[session 1][epoch 20][iter  500/ 649] training loss: 0.6631,  lr: 1.00e-07
			fg/bg=(28/228), time cost: 77.019185
			rpn_cls: 0.0738, rpn_box: 0.0856, rcnn_cls: 0.1213, rcnn_box 0.1004
[session 1][epoch 20][iter  550/ 649] training loss: 0.7156,  lr: 1.00e-07
			fg/bg=(46/210), time cost: 76.518952
			rpn_cls: 0.0439, rpn_box: 0.0053, rcnn_cls: 0.4256, rcnn_box 0.3000
[session 1][epoch 20][iter  600/ 649] training loss: 0.6590,  lr: 1.00e-07
			fg/bg=(44/212), time cost: 76.670517
			rpn_cls: 0.0447, rpn_box: 0.0081, rcnn_cls: 0.3410, rcnn_box 0.1365
Epoch 20: Training loss: 0.1689, Testing loss: 0.2189
total training time: 17701.828641
save model: models/res101/pascal_voc/faster_rcnn_1_20_648.pth
