Called with args:
Namespace(batch_size=8, checkepoch=1, checkpoint=0, checkpoint_interval=10000, checksession=1, class_agnostic=False, cuda=True, dataset='pascal_voc', disp_interval=100, large_scale=False, lr=0.001, lr_decay_gamma=0.1, lr_decay_step=5, mGPUs=False, max_epochs=20, net='res50', num_workers=1, optimizer='sgd', resume=False, save_dir='models', session=1, start_epoch=1, use_tfboard=False)
Using config:
{'ANCHOR_RATIOS': [0.5, 1, 2],
 'ANCHOR_SCALES': [8, 16, 32],
 'CROP_RESIZE_WITH_MAX_POOL': False,
 'CUDA': False,
 'DATA_DIR': '/home/jason/faster-rcnn.pytorch-1.0/data',
 'DEDUP_BOXES': 0.0625,
 'EPS': 1e-14,
 'EXP_DIR': 'res50',
 'FEAT_STRIDE': [16],
 'GPU_ID': 0,
 'MATLAB': 'matlab',
 'MAX_NUM_GT_BOXES': 20,
 'MOBILENET': {'DEPTH_MULTIPLIER': 1.0,
               'FIXED_LAYERS': 5,
               'REGU_DEPTH': False,
               'WEIGHT_DECAY': 4e-05},
 'PIXEL_MEANS': array([[[102.9801, 115.9465, 122.7717]]]),
 'POOLING_MODE': 'align',
 'POOLING_SIZE': 7,
 'RESNET': {'FIXED_BLOCKS': 1, 'MAX_POOL': False},
 'RNG_SEED': 3,
 'ROOT_DIR': '/home/jason/faster-rcnn.pytorch-1.0',
 'TEST': {'BBOX_REG': True,
          'HAS_RPN': True,
          'MAX_SIZE': 1000,
          'MODE': 'nms',
          'NMS': 0.3,
          'PROPOSAL_METHOD': 'gt',
          'RPN_MIN_SIZE': 16,
          'RPN_NMS_THRESH': 0.7,
          'RPN_POST_NMS_TOP_N': 300,
          'RPN_PRE_NMS_TOP_N': 6000,
          'RPN_TOP_N': 5000,
          'SCALES': [600],
          'SVM': False},
 'TRAIN': {'ASPECT_GROUPING': False,
           'BATCH_SIZE': 128,
           'BBOX_INSIDE_WEIGHTS': [1.0, 1.0, 1.0, 1.0],
           'BBOX_NORMALIZE_MEANS': [0.0, 0.0, 0.0, 0.0],
           'BBOX_NORMALIZE_STDS': [0.1, 0.1, 0.2, 0.2],
           'BBOX_NORMALIZE_TARGETS': True,
           'BBOX_NORMALIZE_TARGETS_PRECOMPUTED': True,
           'BBOX_REG': True,
           'BBOX_THRESH': 0.5,
           'BG_THRESH_HI': 0.5,
           'BG_THRESH_LO': 0.0,
           'BIAS_DECAY': False,
           'BN_TRAIN': False,
           'DISPLAY': 20,
           'DOUBLE_BIAS': False,
           'FG_FRACTION': 0.25,
           'FG_THRESH': 0.5,
           'GAMMA': 0.1,
           'HAS_RPN': True,
           'IMS_PER_BATCH': 1,
           'LEARNING_RATE': 0.001,
           'MAX_SIZE': 1000,
           'MOMENTUM': 0.9,
           'PROPOSAL_METHOD': 'gt',
           'RPN_BATCHSIZE': 256,
           'RPN_BBOX_INSIDE_WEIGHTS': [1.0, 1.0, 1.0, 1.0],
           'RPN_CLOBBER_POSITIVES': False,
           'RPN_FG_FRACTION': 0.5,
           'RPN_MIN_SIZE': 8,
           'RPN_NEGATIVE_OVERLAP': 0.3,
           'RPN_NMS_THRESH': 0.7,
           'RPN_POSITIVE_OVERLAP': 0.7,
           'RPN_POSITIVE_WEIGHT': -1.0,
           'RPN_POST_NMS_TOP_N': 2000,
           'RPN_PRE_NMS_TOP_N': 12000,
           'SCALES': [600],
           'SNAPSHOT_ITERS': 5000,
           'SNAPSHOT_KEPT': 3,
           'SNAPSHOT_PREFIX': 'res101_faster_rcnn',
           'STEPSIZE': [30000],
           'SUMMARY_INTERVAL': 180,
           'TRIM_HEIGHT': 600,
           'TRIM_WIDTH': 600,
           'TRUNCATED': False,
           'USE_ALL_GT': True,
           'USE_FLIPPED': True,
           'USE_GT': False,
           'WEIGHT_DECAY': 0.0001},
 'USE_GPU_NMS': True}
['voc_2007_trainval']
Loaded dataset `voc_2007_trainval` for training
Set proposal method: gt
Appending horizontally-flipped training examples...
wrote gt roidb to /home/jason/faster-rcnn.pytorch-1.0/data/cache/voc_2007_trainval_gt_roidb.pkl
done
Preparing training data...
done
before filtering, there are 14978 images...
after filtering, there are 14976 images...
14976 roidb entries
[session 1][epoch  1][iter    0/1872] loss: 14.3495, lr: 1.00e-03
			fg/bg=(33/991), time cost: 6.915171
			rpn_cls: 0.7753, rpn_box: 0.1372, rcnn_cls: 13.3492, rcnn_box 0.0877
[session 1][epoch  1][iter  100/1872] loss: 1.6378, lr: 1.00e-03
			fg/bg=(102/922), time cost: 595.610399
			rpn_cls: 0.4579, rpn_box: 0.2565, rcnn_cls: 0.7116, rcnn_box 0.1899
[session 1][epoch  1][iter  200/1872] loss: 1.2011, lr: 1.00e-03
			fg/bg=(99/925), time cost: 599.893979
			rpn_cls: 0.2279, rpn_box: 0.1217, rcnn_cls: 0.5475, rcnn_box 0.2205
[session 1][epoch  1][iter  300/1872] loss: 1.1003, lr: 1.00e-03
			fg/bg=(71/953), time cost: 579.803899
			rpn_cls: 0.1827, rpn_box: 0.0898, rcnn_cls: 0.4016, rcnn_box 0.1583
[session 1][epoch  1][iter  400/1872] loss: 1.0649, lr: 1.00e-03
			fg/bg=(52/972), time cost: 634.295304
			rpn_cls: 0.1755, rpn_box: 0.0985, rcnn_cls: 0.2907, rcnn_box 0.1212
[session 1][epoch  1][iter  500/1872] loss: 1.0900, lr: 1.00e-03
			fg/bg=(81/943), time cost: 616.854348
			rpn_cls: 0.1809, rpn_box: 0.0902, rcnn_cls: 0.4906, rcnn_box 0.1571
[session 1][epoch  1][iter  600/1872] loss: 1.0231, lr: 1.00e-03
			fg/bg=(75/949), time cost: 599.462497
			rpn_cls: 0.1223, rpn_box: 0.0280, rcnn_cls: 0.4216, rcnn_box 0.1689
[session 1][epoch  1][iter  700/1872] loss: 1.0093, lr: 1.00e-03
			fg/bg=(106/918), time cost: 584.272778
			rpn_cls: 0.1528, rpn_box: 0.0470, rcnn_cls: 0.6071, rcnn_box 0.2480
[session 1][epoch  1][iter  800/1872] loss: 1.0823, lr: 1.00e-03
			fg/bg=(95/929), time cost: 609.471982
			rpn_cls: 0.1440, rpn_box: 0.0853, rcnn_cls: 0.4356, rcnn_box 0.1888
[session 1][epoch  1][iter  900/1872] loss: 0.9874, lr: 1.00e-03
			fg/bg=(79/945), time cost: 611.103537
			rpn_cls: 0.0903, rpn_box: 0.0503, rcnn_cls: 0.3457, rcnn_box 0.1735
[session 1][epoch  1][iter 1000/1872] loss: 1.0081, lr: 1.00e-03
			fg/bg=(109/915), time cost: 581.500250
			rpn_cls: 0.1412, rpn_box: 0.1094, rcnn_cls: 0.4906, rcnn_box 0.2602
[session 1][epoch  1][iter 1100/1872] loss: 1.0635, lr: 1.00e-03
			fg/bg=(142/882), time cost: 575.354902
			rpn_cls: 0.1117, rpn_box: 0.0185, rcnn_cls: 0.8446, rcnn_box 0.3370
[session 1][epoch  1][iter 1200/1872] loss: 1.0949, lr: 1.00e-03
			fg/bg=(128/896), time cost: 563.319494
			rpn_cls: 0.1293, rpn_box: 0.1280, rcnn_cls: 0.6058, rcnn_box 0.3077
[session 1][epoch  1][iter 1300/1872] loss: 1.1140, lr: 1.00e-03
			fg/bg=(256/768), time cost: 563.781268
			rpn_cls: 0.2243, rpn_box: 0.0586, rcnn_cls: 0.9669, rcnn_box 0.6004
[session 1][epoch  1][iter 1400/1872] loss: 1.0570, lr: 1.00e-03
			fg/bg=(89/935), time cost: 564.530681
			rpn_cls: 0.0713, rpn_box: 0.0821, rcnn_cls: 0.3787, rcnn_box 0.1692
[session 1][epoch  1][iter 1500/1872] loss: 1.0915, lr: 1.00e-03
			fg/bg=(139/885), time cost: 569.405590
			rpn_cls: 0.1437, rpn_box: 0.1235, rcnn_cls: 0.6151, rcnn_box 0.2599
[session 1][epoch  1][iter 1600/1872] loss: 1.1951, lr: 1.00e-03
			fg/bg=(118/906), time cost: 570.269250
			rpn_cls: 0.1076, rpn_box: 0.0727, rcnn_cls: 0.5298, rcnn_box 0.2652
[session 1][epoch  1][iter 1700/1872] loss: 1.1048, lr: 1.00e-03
			fg/bg=(230/794), time cost: 570.692459
			rpn_cls: 0.2100, rpn_box: 0.3176, rcnn_cls: 0.6458, rcnn_box 0.5587
[session 1][epoch  1][iter 1800/1872] loss: 1.1036, lr: 1.00e-03
			fg/bg=(132/892), time cost: 570.628722
			rpn_cls: 0.1469, rpn_box: 0.1927, rcnn_cls: 0.5401, rcnn_box 0.2843
total training time: 10567.166510
[session 1][epoch  2][iter    0/1872] loss: 1.0050, lr: 1.00e-03
			fg/bg=(131/893), time cost: 6.823493
			rpn_cls: 0.1103, rpn_box: 0.1313, rcnn_cls: 0.4871, rcnn_box 0.2763
[session 1][epoch  2][iter  100/1872] loss: 1.1215, lr: 1.00e-03
			fg/bg=(172/852), time cost: 566.104124
			rpn_cls: 0.1721, rpn_box: 0.1656, rcnn_cls: 0.7151, rcnn_box 0.3777
[session 1][epoch  2][iter  200/1872] loss: 1.1019, lr: 1.00e-03
			fg/bg=(102/922), time cost: 591.541020
			rpn_cls: 0.1104, rpn_box: 0.1369, rcnn_cls: 0.5156, rcnn_box 0.2061
[session 1][epoch  2][iter  300/1872] loss: 1.0857, lr: 1.00e-03
			fg/bg=(141/883), time cost: 567.910506
			rpn_cls: 0.0680, rpn_box: 0.0232, rcnn_cls: 0.4803, rcnn_box 0.3211
[session 1][epoch  2][iter  400/1872] loss: 1.1152, lr: 1.00e-03
			fg/bg=(246/778), time cost: 567.009368
			rpn_cls: 0.1621, rpn_box: 0.0957, rcnn_cls: 0.7452, rcnn_box 0.5567
[session 1][epoch  2][iter  500/1872] loss: 1.0411, lr: 1.00e-03
			fg/bg=(176/848), time cost: 595.520135
			rpn_cls: 0.1116, rpn_box: 0.0864, rcnn_cls: 0.5935, rcnn_box 0.3579
[session 1][epoch  2][iter  600/1872] loss: 1.0519, lr: 1.00e-03
			fg/bg=(156/868), time cost: 578.631621
			rpn_cls: 0.1260, rpn_box: 0.0607, rcnn_cls: 0.6447, rcnn_box 0.3552
[session 1][epoch  2][iter  700/1872] loss: 1.0412, lr: 1.00e-03
			fg/bg=(162/862), time cost: 562.900774
			rpn_cls: 0.1007, rpn_box: 0.0861, rcnn_cls: 0.5822, rcnn_box 0.3220
[session 1][epoch  2][iter  800/1872] loss: 1.0424, lr: 1.00e-03
			fg/bg=(151/873), time cost: 568.348058
			rpn_cls: 0.0789, rpn_box: 0.0694, rcnn_cls: 0.4995, rcnn_box 0.3236
[session 1][epoch  2][iter  900/1872] loss: 1.0284, lr: 1.00e-03
			fg/bg=(220/804), time cost: 572.747126
			rpn_cls: 0.1013, rpn_box: 0.2264, rcnn_cls: 0.4112, rcnn_box 0.4120
[session 1][epoch  2][iter 1000/1872] loss: 1.0516, lr: 1.00e-03
			fg/bg=(174/850), time cost: 604.341198
			rpn_cls: 0.0814, rpn_box: 0.0846, rcnn_cls: 0.6085, rcnn_box 0.3706
[session 1][epoch  2][iter 1100/1872] loss: 1.0603, lr: 1.00e-03
			fg/bg=(150/874), time cost: 576.302990
			rpn_cls: 0.0769, rpn_box: 0.0936, rcnn_cls: 0.4189, rcnn_box 0.2562
[session 1][epoch  2][iter 1200/1872] loss: 1.0526, lr: 1.00e-03
			fg/bg=(119/905), time cost: 562.732497
			rpn_cls: 0.0586, rpn_box: 0.0735, rcnn_cls: 0.4986, rcnn_box 0.2184
[session 1][epoch  2][iter 1300/1872] loss: 0.9972, lr: 1.00e-03
			fg/bg=(249/775), time cost: 568.323391
			rpn_cls: 0.1685, rpn_box: 0.2378, rcnn_cls: 0.5338, rcnn_box 0.4635
[session 1][epoch  2][iter 1400/1872] loss: 1.0238, lr: 1.00e-03
			fg/bg=(161/863), time cost: 565.515680
			rpn_cls: 0.1037, rpn_box: 0.0422, rcnn_cls: 0.5720, rcnn_box 0.2848
[session 1][epoch  2][iter 1500/1872] loss: 1.0249, lr: 1.00e-03
			fg/bg=(154/870), time cost: 567.068039
			rpn_cls: 0.0584, rpn_box: 0.0159, rcnn_cls: 0.6580, rcnn_box 0.2399
[session 1][epoch  2][iter 1600/1872] loss: 1.0031, lr: 1.00e-03
			fg/bg=(161/863), time cost: 567.258981
			rpn_cls: 0.0581, rpn_box: 0.0655, rcnn_cls: 0.5023, rcnn_box 0.2389
[session 1][epoch  2][iter 1700/1872] loss: 1.0265, lr: 1.00e-03
			fg/bg=(186/838), time cost: 564.558853
			rpn_cls: 0.0479, rpn_box: 0.0555, rcnn_cls: 0.6860, rcnn_box 0.3477
[session 1][epoch  2][iter 1800/1872] loss: 0.9576, lr: 1.00e-03
			fg/bg=(156/868), time cost: 564.744158
			rpn_cls: 0.0559, rpn_box: 0.0095, rcnn_cls: 0.3553, rcnn_box 0.2682
total training time: 20885.548523
[session 1][epoch  3][iter    0/1872] loss: 0.7462, lr: 1.00e-03
			fg/bg=(131/893), time cost: 6.342196
			rpn_cls: 0.0804, rpn_box: 0.0138, rcnn_cls: 0.4614, rcnn_box 0.1906
[session 1][epoch  3][iter  100/1872] loss: 0.9336, lr: 1.00e-03
			fg/bg=(164/860), time cost: 564.467235
			rpn_cls: 0.0437, rpn_box: 0.0363, rcnn_cls: 0.5435, rcnn_box 0.2355
[session 1][epoch  3][iter  200/1872] loss: 0.9609, lr: 1.00e-03
			fg/bg=(167/857), time cost: 561.585830
			rpn_cls: 0.0657, rpn_box: 0.0685, rcnn_cls: 0.3913, rcnn_box 0.2259
[session 1][epoch  3][iter  300/1872] loss: 0.9388, lr: 1.00e-03
			fg/bg=(203/821), time cost: 561.142593
			rpn_cls: 0.0489, rpn_box: 0.0180, rcnn_cls: 0.6177, rcnn_box 0.2683
[session 1][epoch  3][iter  400/1872] loss: 0.9416, lr: 1.00e-03
			fg/bg=(244/780), time cost: 560.465136
			rpn_cls: 0.0935, rpn_box: 0.1296, rcnn_cls: 0.6132, rcnn_box 0.3923
[session 1][epoch  3][iter  500/1872] loss: 0.8931, lr: 1.00e-03
			fg/bg=(254/770), time cost: 559.845069
			rpn_cls: 0.0955, rpn_box: 0.1304, rcnn_cls: 0.7168, rcnn_box 0.3154
[session 1][epoch  3][iter  600/1872] loss: 0.9031, lr: 1.00e-03
			fg/bg=(146/878), time cost: 558.407901
			rpn_cls: 0.0450, rpn_box: 0.0404, rcnn_cls: 0.3501, rcnn_box 0.2059
[session 1][epoch  3][iter  700/1872] loss: 0.9063, lr: 1.00e-03
			fg/bg=(98/926), time cost: 559.909868
			rpn_cls: 0.0409, rpn_box: 0.0646, rcnn_cls: 0.3583, rcnn_box 0.1251
[session 1][epoch  3][iter  800/1872] loss: 0.8589, lr: 1.00e-03
			fg/bg=(142/882), time cost: 558.790333
			rpn_cls: 0.0577, rpn_box: 0.0633, rcnn_cls: 0.4063, rcnn_box 0.1961
[session 1][epoch  3][iter  900/1872] loss: 0.8879, lr: 1.00e-03
			fg/bg=(185/839), time cost: 558.958463
			rpn_cls: 0.0755, rpn_box: 0.0796, rcnn_cls: 0.6176, rcnn_box 0.2725
[session 1][epoch  3][iter 1000/1872] loss: 0.8692, lr: 1.00e-03
			fg/bg=(232/792), time cost: 557.897554
			rpn_cls: 0.0987, rpn_box: 0.1392, rcnn_cls: 0.6662, rcnn_box 0.2905
[session 1][epoch  3][iter 1100/1872] loss: 0.8510, lr: 1.00e-03
			fg/bg=(177/847), time cost: 559.258516
			rpn_cls: 0.0892, rpn_box: 0.1474, rcnn_cls: 0.4013, rcnn_box 0.2457
[session 1][epoch  3][iter 1200/1872] loss: 0.8518, lr: 1.00e-03
			fg/bg=(178/846), time cost: 559.186912
			rpn_cls: 0.0363, rpn_box: 0.0581, rcnn_cls: 0.7119, rcnn_box 0.2497
[session 1][epoch  3][iter 1300/1872] loss: 0.8466, lr: 1.00e-03
			fg/bg=(212/812), time cost: 557.305235
			rpn_cls: 0.0815, rpn_box: 0.0222, rcnn_cls: 1.1742, rcnn_box 0.3157
[session 1][epoch  3][iter 1400/1872] loss: 0.8371, lr: 1.00e-03
			fg/bg=(204/820), time cost: 556.129712
			rpn_cls: 0.1385, rpn_box: 0.1419, rcnn_cls: 0.5701, rcnn_box 0.3030
[session 1][epoch  3][iter 1500/1872] loss: 0.8181, lr: 1.00e-03
			fg/bg=(168/856), time cost: 556.502080
			rpn_cls: 0.0534, rpn_box: 0.0889, rcnn_cls: 0.4050, rcnn_box 0.2174
[session 1][epoch  3][iter 1600/1872] loss: 0.8062, lr: 1.00e-03
			fg/bg=(157/867), time cost: 557.890477
			rpn_cls: 0.0719, rpn_box: 0.0798, rcnn_cls: 0.3330, rcnn_box 0.2106
[session 1][epoch  3][iter 1700/1872] loss: 0.7847, lr: 1.00e-03
			fg/bg=(203/821), time cost: 557.598315
			rpn_cls: 0.0811, rpn_box: 0.0259, rcnn_cls: 0.7777, rcnn_box 0.3100
[session 1][epoch  3][iter 1800/1872] loss: 0.8060, lr: 1.00e-03
			fg/bg=(119/905), time cost: 557.620119
			rpn_cls: 0.0279, rpn_box: 0.0026, rcnn_cls: 0.4532, rcnn_box 0.1449
total training time: 30954.852067
[session 1][epoch  4][iter    0/1872] loss: 1.0440, lr: 1.00e-03
			fg/bg=(178/846), time cost: 6.150269
			rpn_cls: 0.0801, rpn_box: 0.1663, rcnn_cls: 0.6048, rcnn_box 0.1928
[session 1][epoch  4][iter  100/1872] loss: 0.8009, lr: 1.00e-03
			fg/bg=(197/827), time cost: 561.881419
			rpn_cls: 0.0574, rpn_box: 0.0207, rcnn_cls: 0.5473, rcnn_box 0.2479
[session 1][epoch  4][iter  200/1872] loss: 0.7552, lr: 1.00e-03
			fg/bg=(125/899), time cost: 560.308254
			rpn_cls: 0.0545, rpn_box: 0.0080, rcnn_cls: 0.2654, rcnn_box 0.2082
[session 1][epoch  4][iter  300/1872] loss: 0.7230, lr: 1.00e-03
			fg/bg=(185/839), time cost: 564.219536
			rpn_cls: 0.1192, rpn_box: 0.0507, rcnn_cls: 0.3395, rcnn_box 0.2145
[session 1][epoch  4][iter  400/1872] loss: 0.7704, lr: 1.00e-03
			fg/bg=(191/833), time cost: 569.010929
			rpn_cls: 0.0893, rpn_box: 0.0499, rcnn_cls: 0.5069, rcnn_box 0.2772
[session 1][epoch  4][iter  500/1872] loss: 0.7966, lr: 1.00e-03
			fg/bg=(197/827), time cost: 564.508429
			rpn_cls: 0.0443, rpn_box: 0.0179, rcnn_cls: 0.4440, rcnn_box 0.3472
[session 1][epoch  4][iter  600/1872] loss: 0.7987, lr: 1.00e-03
			fg/bg=(192/832), time cost: 563.558570
			rpn_cls: 0.0760, rpn_box: 0.1409, rcnn_cls: 0.6615, rcnn_box 0.2337
[session 1][epoch  4][iter  700/1872] loss: 0.7716, lr: 1.00e-03
			fg/bg=(154/870), time cost: 567.765675
			rpn_cls: 0.0181, rpn_box: 0.0355, rcnn_cls: 0.4482, rcnn_box 0.2569
[session 1][epoch  4][iter  800/1872] loss: 0.7470, lr: 1.00e-03
			fg/bg=(242/782), time cost: 566.322945
			rpn_cls: 0.1045, rpn_box: 0.1393, rcnn_cls: 0.2081, rcnn_box 0.3086
[session 1][epoch  4][iter  900/1872] loss: 0.6924, lr: 1.00e-03
			fg/bg=(188/836), time cost: 561.737692
			rpn_cls: 0.0898, rpn_box: 0.0455, rcnn_cls: 0.3879, rcnn_box 0.2740
[session 1][epoch  4][iter 1000/1872] loss: 0.7495, lr: 1.00e-03
			fg/bg=(214/810), time cost: 563.164648
			rpn_cls: 0.0756, rpn_box: 0.1264, rcnn_cls: 0.3819, rcnn_box 0.2526
[session 1][epoch  4][iter 1100/1872] loss: 0.7543, lr: 1.00e-03
			fg/bg=(201/823), time cost: 564.076696
			rpn_cls: 0.0622, rpn_box: 0.0854, rcnn_cls: 0.4858, rcnn_box 0.2322
[session 1][epoch  4][iter 1200/1872] loss: 0.7546, lr: 1.00e-03
			fg/bg=(195/829), time cost: 561.388875
			rpn_cls: 0.0720, rpn_box: 0.0437, rcnn_cls: 0.2247, rcnn_box 0.2072
[session 1][epoch  4][iter 1300/1872] loss: 0.7573, lr: 1.00e-03
			fg/bg=(252/772), time cost: 561.881282
			rpn_cls: 0.0935, rpn_box: 0.2034, rcnn_cls: 0.3206, rcnn_box 0.2534
[session 1][epoch  4][iter 1400/1872] loss: 0.7570, lr: 1.00e-03
			fg/bg=(148/876), time cost: 561.904720
			rpn_cls: 0.0472, rpn_box: 0.0566, rcnn_cls: 0.3527, rcnn_box 0.1386
[session 1][epoch  4][iter 1500/1872] loss: 0.7155, lr: 1.00e-03
			fg/bg=(174/850), time cost: 561.760064
			rpn_cls: 0.0299, rpn_box: 0.0398, rcnn_cls: 0.4081, rcnn_box 0.1972
[session 1][epoch  4][iter 1600/1872] loss: 0.7370, lr: 1.00e-03
			fg/bg=(179/845), time cost: 564.566349
			rpn_cls: 0.0439, rpn_box: 0.0542, rcnn_cls: 0.3346, rcnn_box 0.1426
[session 1][epoch  4][iter 1700/1872] loss: 0.6737, lr: 1.00e-03
			fg/bg=(171/853), time cost: 562.914227
			rpn_cls: 0.0649, rpn_box: 0.0899, rcnn_cls: 0.3579, rcnn_box 0.2095
[session 1][epoch  4][iter 1800/1872] loss: 0.6937, lr: 1.00e-03
			fg/bg=(194/830), time cost: 560.809560
			rpn_cls: 0.0459, rpn_box: 0.0071, rcnn_cls: 0.3441, rcnn_box 0.1720
total training time: 41102.782204
[session 1][epoch  5][iter    0/1872] loss: 0.8226, lr: 1.00e-03
			fg/bg=(192/832), time cost: 6.155062
			rpn_cls: 0.0842, rpn_box: 0.0475, rcnn_cls: 0.4655, rcnn_box 0.2253
[session 1][epoch  5][iter  100/1872] loss: 0.6632, lr: 1.00e-03
			fg/bg=(196/828), time cost: 563.122988
			rpn_cls: 0.0747, rpn_box: 0.0407, rcnn_cls: 0.3357, rcnn_box 0.1683
[session 1][epoch  5][iter  200/1872] loss: 0.6457, lr: 1.00e-03
			fg/bg=(256/768), time cost: 563.260231
			rpn_cls: 0.0921, rpn_box: 0.0515, rcnn_cls: 0.2366, rcnn_box 0.2769
[session 1][epoch  5][iter  300/1872] loss: 0.6645, lr: 1.00e-03
			fg/bg=(186/838), time cost: 561.437263
			rpn_cls: 0.0887, rpn_box: 0.0688, rcnn_cls: 0.2769, rcnn_box 0.1908
[session 1][epoch  5][iter  400/1872] loss: 0.7057, lr: 1.00e-03
			fg/bg=(195/829), time cost: 564.309545
			rpn_cls: 0.0273, rpn_box: 0.0276, rcnn_cls: 0.3590, rcnn_box 0.1703
[session 1][epoch  5][iter  500/1872] loss: 0.6762, lr: 1.00e-03
			fg/bg=(180/844), time cost: 563.137205
			rpn_cls: 0.0740, rpn_box: 0.0267, rcnn_cls: 0.3525, rcnn_box 0.1696
[session 1][epoch  5][iter  600/1872] loss: 0.6407, lr: 1.00e-03
			fg/bg=(198/826), time cost: 564.186334
			rpn_cls: 0.0312, rpn_box: 0.0462, rcnn_cls: 0.3441, rcnn_box 0.1740
[session 1][epoch  5][iter  700/1872] loss: 0.6585, lr: 1.00e-03
			fg/bg=(256/768), time cost: 561.767948
			rpn_cls: 0.0478, rpn_box: 0.1386, rcnn_cls: 0.2292, rcnn_box 0.2834
[session 1][epoch  5][iter  800/1872] loss: 0.6381, lr: 1.00e-03
			fg/bg=(256/768), time cost: 563.489256
			rpn_cls: 0.0618, rpn_box: 0.1221, rcnn_cls: 0.1423, rcnn_box 0.2018
[session 1][epoch  5][iter  900/1872] loss: 0.6327, lr: 1.00e-03
			fg/bg=(139/885), time cost: 568.699940
			rpn_cls: 0.0756, rpn_box: 0.0696, rcnn_cls: 0.3029, rcnn_box 0.1831
[session 1][epoch  5][iter 1000/1872] loss: 0.6652, lr: 1.00e-03
			fg/bg=(186/838), time cost: 568.621483
			rpn_cls: 0.0617, rpn_box: 0.0921, rcnn_cls: 0.2383, rcnn_box 0.1565
[session 1][epoch  5][iter 1100/1872] loss: 0.6240, lr: 1.00e-03
			fg/bg=(160/864), time cost: 568.518629
			rpn_cls: 0.0221, rpn_box: 0.0617, rcnn_cls: 0.2164, rcnn_box 0.1082
[session 1][epoch  5][iter 1200/1872] loss: 0.6328, lr: 1.00e-03
			fg/bg=(218/806), time cost: 563.326199
			rpn_cls: 0.0435, rpn_box: 0.0993, rcnn_cls: 0.6128, rcnn_box 0.2003
[session 1][epoch  5][iter 1300/1872] loss: 0.6784, lr: 1.00e-03
			fg/bg=(205/819), time cost: 558.974300
			rpn_cls: 0.0300, rpn_box: 0.0496, rcnn_cls: 0.2199, rcnn_box 0.1483
[session 1][epoch  5][iter 1400/1872] loss: 0.6368, lr: 1.00e-03
			fg/bg=(208/816), time cost: 565.752701
			rpn_cls: 0.0453, rpn_box: 0.0739, rcnn_cls: 0.3574, rcnn_box 0.1867
[session 1][epoch  5][iter 1500/1872] loss: 0.6456, lr: 1.00e-03
			fg/bg=(181/843), time cost: 563.860829
			rpn_cls: 0.0442, rpn_box: 0.0597, rcnn_cls: 0.2837, rcnn_box 0.1673
[session 1][epoch  5][iter 1600/1872] loss: 0.6467, lr: 1.00e-03
			fg/bg=(210/814), time cost: 563.579059
			rpn_cls: 0.0380, rpn_box: 0.0055, rcnn_cls: 0.1163, rcnn_box 0.2956
[session 1][epoch  5][iter 1700/1872] loss: 0.6161, lr: 1.00e-03
			fg/bg=(221/803), time cost: 565.294905
			rpn_cls: 0.0860, rpn_box: 0.0405, rcnn_cls: 0.4777, rcnn_box 0.2877
[session 1][epoch  5][iter 1800/1872] loss: 0.6289, lr: 1.00e-03
			fg/bg=(148/876), time cost: 566.715924
			rpn_cls: 0.0360, rpn_box: 0.0627, rcnn_cls: 0.3504, rcnn_box 0.1251
total training time: 51266.992005
[session 1][epoch  6][iter    0/1872] loss: 0.6608, lr: 1.00e-04
			fg/bg=(191/833), time cost: 5.850273
			rpn_cls: 0.0785, rpn_box: 0.0212, rcnn_cls: 0.3157, rcnn_box 0.2454
[session 1][epoch  6][iter  100/1872] loss: 0.5368, lr: 1.00e-04
			fg/bg=(183/841), time cost: 565.478716
			rpn_cls: 0.0282, rpn_box: 0.0339, rcnn_cls: 0.1636, rcnn_box 0.1042
[session 1][epoch  6][iter  200/1872] loss: 0.5371, lr: 1.00e-04
			fg/bg=(227/797), time cost: 566.981716
			rpn_cls: 0.2143, rpn_box: 0.0610, rcnn_cls: 0.4594, rcnn_box 0.3015
[session 1][epoch  6][iter  300/1872] loss: 0.4738, lr: 1.00e-04
			fg/bg=(206/818), time cost: 570.401168
			rpn_cls: 0.0304, rpn_box: 0.0517, rcnn_cls: 0.1965, rcnn_box 0.1339
[session 1][epoch  6][iter  400/1872] loss: 0.4994, lr: 1.00e-04
			fg/bg=(201/823), time cost: 569.180873
			rpn_cls: 0.0702, rpn_box: 0.1412, rcnn_cls: 0.4717, rcnn_box 0.1906
[session 1][epoch  6][iter  500/1872] loss: 0.4779, lr: 1.00e-04
			fg/bg=(165/859), time cost: 564.814808
			rpn_cls: 0.0152, rpn_box: 0.0061, rcnn_cls: 0.2254, rcnn_box 0.0961
[session 1][epoch  6][iter  600/1872] loss: 0.4905, lr: 1.00e-04
			fg/bg=(256/768), time cost: 563.111024
			rpn_cls: 0.0804, rpn_box: 0.1192, rcnn_cls: 0.1254, rcnn_box 0.1489
[session 1][epoch  6][iter  700/1872] loss: 0.4807, lr: 1.00e-04
			fg/bg=(170/854), time cost: 565.141348
			rpn_cls: 0.0332, rpn_box: 0.0056, rcnn_cls: 0.2087, rcnn_box 0.1039
[session 1][epoch  6][iter  800/1872] loss: 0.4624, lr: 1.00e-04
			fg/bg=(186/838), time cost: 566.656383
			rpn_cls: 0.0481, rpn_box: 0.0374, rcnn_cls: 0.1670, rcnn_box 0.1788
[session 1][epoch  6][iter  900/1872] loss: 0.4697, lr: 1.00e-04
			fg/bg=(199/825), time cost: 561.955096
			rpn_cls: 0.0673, rpn_box: 0.0826, rcnn_cls: 0.3015, rcnn_box 0.2032
[session 1][epoch  6][iter 1000/1872] loss: 0.4959, lr: 1.00e-04
			fg/bg=(256/768), time cost: 563.871345
			rpn_cls: 0.0711, rpn_box: 0.2547, rcnn_cls: 0.1957, rcnn_box 0.1507
[session 1][epoch  6][iter 1100/1872] loss: 0.4707, lr: 1.00e-04
			fg/bg=(180/844), time cost: 563.150481
			rpn_cls: 0.0236, rpn_box: 0.0723, rcnn_cls: 0.1534, rcnn_box 0.1271
[session 1][epoch  6][iter 1200/1872] loss: 0.4826, lr: 1.00e-04
			fg/bg=(190/834), time cost: 560.192295
			rpn_cls: 0.1406, rpn_box: 0.0606, rcnn_cls: 0.2450, rcnn_box 0.1997
[session 1][epoch  6][iter 1300/1872] loss: 0.4568, lr: 1.00e-04
			fg/bg=(178/846), time cost: 560.434155
			rpn_cls: 0.0572, rpn_box: 0.0310, rcnn_cls: 0.1789, rcnn_box 0.0481
[session 1][epoch  6][iter 1400/1872] loss: 0.4664, lr: 1.00e-04
			fg/bg=(256/768), time cost: 558.952524
			rpn_cls: 0.0354, rpn_box: 0.0897, rcnn_cls: 0.1136, rcnn_box 0.1467
[session 1][epoch  6][iter 1500/1872] loss: 0.4645, lr: 1.00e-04
			fg/bg=(168/856), time cost: 567.194360
			rpn_cls: 0.0267, rpn_box: 0.0568, rcnn_cls: 0.1434, rcnn_box 0.1252
[session 1][epoch  6][iter 1600/1872] loss: 0.4489, lr: 1.00e-04
			fg/bg=(238/786), time cost: 565.185483
			rpn_cls: 0.0553, rpn_box: 0.1677, rcnn_cls: 0.2137, rcnn_box 0.1708
[session 1][epoch  6][iter 1700/1872] loss: 0.4832, lr: 1.00e-04
			fg/bg=(232/792), time cost: 564.120397
			rpn_cls: 0.0452, rpn_box: 0.0424, rcnn_cls: 0.1851, rcnn_box 0.2313
[session 1][epoch  6][iter 1800/1872] loss: 0.4330, lr: 1.00e-04
			fg/bg=(201/823), time cost: 565.705158
			rpn_cls: 0.0341, rpn_box: 0.0090, rcnn_cls: 0.3709, rcnn_box 0.0899
total training time: 61435.369606
[session 1][epoch  7][iter    0/1872] loss: 0.3450, lr: 1.00e-04
			fg/bg=(198/826), time cost: 6.184574
			rpn_cls: 0.0327, rpn_box: 0.0335, rcnn_cls: 0.1518, rcnn_box 0.1270
[session 1][epoch  7][iter  100/1872] loss: 0.4537, lr: 1.00e-04
			fg/bg=(165/859), time cost: 561.336298
			rpn_cls: 0.0264, rpn_box: 0.0321, rcnn_cls: 0.2157, rcnn_box 0.1156
[session 1][epoch  7][iter  200/1872] loss: 0.4251, lr: 1.00e-04
			fg/bg=(224/800), time cost: 564.676468
			rpn_cls: 0.0611, rpn_box: 0.1746, rcnn_cls: 0.0921, rcnn_box 0.1307
[session 1][epoch  7][iter  300/1872] loss: 0.4389, lr: 1.00e-04
			fg/bg=(250/774), time cost: 565.255350
			rpn_cls: 0.0450, rpn_box: 0.0295, rcnn_cls: 0.1890, rcnn_box 0.1379
[session 1][epoch  7][iter  400/1872] loss: 0.4570, lr: 1.00e-04
			fg/bg=(202/822), time cost: 563.793573
			rpn_cls: 0.0257, rpn_box: 0.0160, rcnn_cls: 0.1331, rcnn_box 0.1274
[session 1][epoch  7][iter  500/1872] loss: 0.4661, lr: 1.00e-04
			fg/bg=(194/830), time cost: 564.854434
			rpn_cls: 0.0271, rpn_box: 0.0827, rcnn_cls: 0.2464, rcnn_box 0.0993
[session 1][epoch  7][iter  600/1872] loss: 0.4521, lr: 1.00e-04
			fg/bg=(212/812), time cost: 565.974724
			rpn_cls: 0.0702, rpn_box: 0.1344, rcnn_cls: 0.2542, rcnn_box 0.1894
[session 1][epoch  7][iter  700/1872] loss: 0.4620, lr: 1.00e-04
			fg/bg=(166/858), time cost: 563.084364
			rpn_cls: 0.0302, rpn_box: 0.0621, rcnn_cls: 0.3285, rcnn_box 0.1329
[session 1][epoch  7][iter  800/1872] loss: 0.4496, lr: 1.00e-04
			fg/bg=(193/831), time cost: 562.460447
			rpn_cls: 0.0980, rpn_box: 0.0432, rcnn_cls: 0.1921, rcnn_box 0.2030
[session 1][epoch  7][iter  900/1872] loss: 0.4623, lr: 1.00e-04
			fg/bg=(203/821), time cost: 563.966204
			rpn_cls: 0.0388, rpn_box: 0.0958, rcnn_cls: 0.2067, rcnn_box 0.2019
[session 1][epoch  7][iter 1000/1872] loss: 0.4378, lr: 1.00e-04
			fg/bg=(225/799), time cost: 565.482510
			rpn_cls: 0.0524, rpn_box: 0.0154, rcnn_cls: 0.1772, rcnn_box 0.1924
[session 1][epoch  7][iter 1100/1872] loss: 0.4309, lr: 1.00e-04
			fg/bg=(215/809), time cost: 565.115539
			rpn_cls: 0.0616, rpn_box: 0.0386, rcnn_cls: 0.2341, rcnn_box 0.1773
[session 1][epoch  7][iter 1200/1872] loss: 0.4743, lr: 1.00e-04
			fg/bg=(214/810), time cost: 561.462850
			rpn_cls: 0.1074, rpn_box: 0.0660, rcnn_cls: 0.2342, rcnn_box 0.1646
[session 1][epoch  7][iter 1300/1872] loss: 0.4458, lr: 1.00e-04
			fg/bg=(180/844), time cost: 564.896220
			rpn_cls: 0.0350, rpn_box: 0.0303, rcnn_cls: 0.2523, rcnn_box 0.0965
[session 1][epoch  7][iter 1400/1872] loss: 0.4181, lr: 1.00e-04
			fg/bg=(216/808), time cost: 565.294231
			rpn_cls: 0.0368, rpn_box: 0.0177, rcnn_cls: 0.1155, rcnn_box 0.1525
[session 1][epoch  7][iter 1500/1872] loss: 0.4701, lr: 1.00e-04
			fg/bg=(210/814), time cost: 562.678687
			rpn_cls: 0.0264, rpn_box: 0.0265, rcnn_cls: 0.1325, rcnn_box 0.1013
[session 1][epoch  7][iter 1600/1872] loss: 0.4357, lr: 1.00e-04
			fg/bg=(237/787), time cost: 563.067088
			rpn_cls: 0.0907, rpn_box: 0.0446, rcnn_cls: 0.3761, rcnn_box 0.2368
[session 1][epoch  7][iter 1700/1872] loss: 0.4293, lr: 1.00e-04
			fg/bg=(184/840), time cost: 563.906287
			rpn_cls: 0.0351, rpn_box: 0.0541, rcnn_cls: 0.1845, rcnn_box 0.1239
[session 1][epoch  7][iter 1800/1872] loss: 0.4154, lr: 1.00e-04
			fg/bg=(173/851), time cost: 564.534098
			rpn_cls: 0.0180, rpn_box: 0.0346, rcnn_cls: 0.1126, rcnn_box 0.0908
total training time: 71593.393553
[session 1][epoch  8][iter    0/1872] loss: 0.5375, lr: 1.00e-04
			fg/bg=(157/867), time cost: 6.043530
			rpn_cls: 0.0318, rpn_box: 0.0732, rcnn_cls: 0.2939, rcnn_box 0.1386
[session 1][epoch  8][iter  100/1872] loss: 0.4152, lr: 1.00e-04
			fg/bg=(203/821), time cost: 561.954472
			rpn_cls: 0.0564, rpn_box: 0.0300, rcnn_cls: 0.2005, rcnn_box 0.1312
[session 1][epoch  8][iter  200/1872] loss: 0.4330, lr: 1.00e-04
			fg/bg=(150/874), time cost: 564.208386
			rpn_cls: 0.0279, rpn_box: 0.0073, rcnn_cls: 0.2924, rcnn_box 0.1322
[session 1][epoch  8][iter  300/1872] loss: 0.4273, lr: 1.00e-04
			fg/bg=(256/768), time cost: 564.442266
			rpn_cls: 0.1034, rpn_box: 0.0430, rcnn_cls: 0.2573, rcnn_box 0.1711
[session 1][epoch  8][iter  400/1872] loss: 0.4148, lr: 1.00e-04
			fg/bg=(186/838), time cost: 565.664038
			rpn_cls: 0.0456, rpn_box: 0.0236, rcnn_cls: 0.1562, rcnn_box 0.0780
[session 1][epoch  8][iter  500/1872] loss: 0.4383, lr: 1.00e-04
			fg/bg=(161/863), time cost: 564.309145
			rpn_cls: 0.0761, rpn_box: 0.0523, rcnn_cls: 0.1579, rcnn_box 0.1563
[session 1][epoch  8][iter  600/1872] loss: 0.4318, lr: 1.00e-04
			fg/bg=(216/808), time cost: 565.235627
			rpn_cls: 0.0362, rpn_box: 0.1042, rcnn_cls: 0.2499, rcnn_box 0.0868
[session 1][epoch  8][iter  700/1872] loss: 0.4331, lr: 1.00e-04
			fg/bg=(206/818), time cost: 565.277600
			rpn_cls: 0.0327, rpn_box: 0.0069, rcnn_cls: 0.1939, rcnn_box 0.1628
[session 1][epoch  8][iter  800/1872] loss: 0.4211, lr: 1.00e-04
			fg/bg=(151/873), time cost: 560.770566
			rpn_cls: 0.0314, rpn_box: 0.0091, rcnn_cls: 0.1337, rcnn_box 0.1266
[session 1][epoch  8][iter  900/1872] loss: 0.4271, lr: 1.00e-04
			fg/bg=(192/832), time cost: 561.630228
			rpn_cls: 0.0184, rpn_box: 0.0061, rcnn_cls: 0.0906, rcnn_box 0.1018
[session 1][epoch  8][iter 1000/1872] loss: 0.4142, lr: 1.00e-04
			fg/bg=(233/791), time cost: 559.249180
			rpn_cls: 0.0270, rpn_box: 0.0167, rcnn_cls: 0.1555, rcnn_box 0.1322
[session 1][epoch  8][iter 1100/1872] loss: 0.4391, lr: 1.00e-04
			fg/bg=(225/799), time cost: 560.312569
			rpn_cls: 0.0497, rpn_box: 0.0546, rcnn_cls: 0.2257, rcnn_box 0.1264
[session 1][epoch  8][iter 1200/1872] loss: 0.4140, lr: 1.00e-04
			fg/bg=(207/817), time cost: 562.140265
			rpn_cls: 0.0270, rpn_box: 0.0372, rcnn_cls: 0.2608, rcnn_box 0.1133
[session 1][epoch  8][iter 1300/1872] loss: 0.4227, lr: 1.00e-04
			fg/bg=(195/829), time cost: 560.544889
			rpn_cls: 0.0291, rpn_box: 0.0425, rcnn_cls: 0.1586, rcnn_box 0.0903
[session 1][epoch  8][iter 1400/1872] loss: 0.4237, lr: 1.00e-04
			fg/bg=(205/819), time cost: 564.248442
			rpn_cls: 0.0265, rpn_box: 0.0428, rcnn_cls: 0.2387, rcnn_box 0.1560
[session 1][epoch  8][iter 1500/1872] loss: 0.4175, lr: 1.00e-04
			fg/bg=(256/768), time cost: 565.735276
			rpn_cls: 0.0693, rpn_box: 0.0825, rcnn_cls: 0.1454, rcnn_box 0.1308
[session 1][epoch  8][iter 1600/1872] loss: 0.4453, lr: 1.00e-04
			fg/bg=(210/814), time cost: 563.714576
			rpn_cls: 0.0212, rpn_box: 0.0368, rcnn_cls: 0.1200, rcnn_box 0.1058
[session 1][epoch  8][iter 1700/1872] loss: 0.4407, lr: 1.00e-04
			fg/bg=(235/789), time cost: 562.548072
			rpn_cls: 0.0836, rpn_box: 0.1572, rcnn_cls: 0.3798, rcnn_box 0.1885
[session 1][epoch  8][iter 1800/1872] loss: 0.4426, lr: 1.00e-04
			fg/bg=(212/812), time cost: 565.067150
			rpn_cls: 0.0220, rpn_box: 0.0208, rcnn_cls: 0.1095, rcnn_box 0.1863
total training time: 81736.489827
[session 1][epoch  9][iter    0/1872] loss: 0.3949, lr: 1.00e-04
			fg/bg=(191/833), time cost: 6.129144
			rpn_cls: 0.0319, rpn_box: 0.0704, rcnn_cls: 0.2002, rcnn_box 0.0924
[session 1][epoch  9][iter  100/1872] loss: 0.4265, lr: 1.00e-04
			fg/bg=(181/843), time cost: 560.097205
			rpn_cls: 0.0256, rpn_box: 0.0327, rcnn_cls: 0.2257, rcnn_box 0.0848
[session 1][epoch  9][iter  200/1872] loss: 0.4091, lr: 1.00e-04
			fg/bg=(216/808), time cost: 561.728796
			rpn_cls: 0.0683, rpn_box: 0.0834, rcnn_cls: 0.0963, rcnn_box 0.1054
[session 1][epoch  9][iter  300/1872] loss: 0.4223, lr: 1.00e-04
			fg/bg=(220/804), time cost: 562.171034
			rpn_cls: 0.0859, rpn_box: 0.0185, rcnn_cls: 0.3209, rcnn_box 0.2260
[session 1][epoch  9][iter  400/1872] loss: 0.4362, lr: 1.00e-04
			fg/bg=(226/798), time cost: 562.130274
			rpn_cls: 0.1242, rpn_box: 0.0810, rcnn_cls: 0.4890, rcnn_box 0.2088
[session 1][epoch  9][iter  500/1872] loss: 0.3966, lr: 1.00e-04
			fg/bg=(182/842), time cost: 563.174817
			rpn_cls: 0.0495, rpn_box: 0.0999, rcnn_cls: 0.2134, rcnn_box 0.1345
[session 1][epoch  9][iter  600/1872] loss: 0.4118, lr: 1.00e-04
			fg/bg=(256/768), time cost: 559.698686
			rpn_cls: 0.0623, rpn_box: 0.0903, rcnn_cls: 0.2725, rcnn_box 0.2316
[session 1][epoch  9][iter  700/1872] loss: 0.4422, lr: 1.00e-04
			fg/bg=(234/790), time cost: 561.498719
			rpn_cls: 0.0498, rpn_box: 0.0543, rcnn_cls: 0.1015, rcnn_box 0.1502
[session 1][epoch  9][iter  800/1872] loss: 0.3975, lr: 1.00e-04
			fg/bg=(200/824), time cost: 558.799548
			rpn_cls: 0.0325, rpn_box: 0.0436, rcnn_cls: 0.1701, rcnn_box 0.1017
[session 1][epoch  9][iter  900/1872] loss: 0.4144, lr: 1.00e-04
			fg/bg=(224/800), time cost: 563.992187
			rpn_cls: 0.0495, rpn_box: 0.0261, rcnn_cls: 0.1471, rcnn_box 0.1750
[session 1][epoch  9][iter 1000/1872] loss: 0.4204, lr: 1.00e-04
			fg/bg=(167/857), time cost: 558.849659
			rpn_cls: 0.0419, rpn_box: 0.0599, rcnn_cls: 0.2490, rcnn_box 0.1142
[session 1][epoch  9][iter 1100/1872] loss: 0.4180, lr: 1.00e-04
			fg/bg=(240/784), time cost: 559.032855
			rpn_cls: 0.1607, rpn_box: 0.0643, rcnn_cls: 0.1959, rcnn_box 0.2005
[session 1][epoch  9][iter 1200/1872] loss: 0.4186, lr: 1.00e-04
			fg/bg=(240/784), time cost: 561.316315
			rpn_cls: 0.1102, rpn_box: 0.1198, rcnn_cls: 0.0988, rcnn_box 0.1151
[session 1][epoch  9][iter 1300/1872] loss: 0.4034, lr: 1.00e-04
			fg/bg=(248/776), time cost: 562.673660
			rpn_cls: 0.0396, rpn_box: 0.1657, rcnn_cls: 0.1143, rcnn_box 0.1100
[session 1][epoch  9][iter 1400/1872] loss: 0.4061, lr: 1.00e-04
			fg/bg=(151/873), time cost: 558.642265
			rpn_cls: 0.0147, rpn_box: 0.0026, rcnn_cls: 0.0844, rcnn_box 0.0791
[session 1][epoch  9][iter 1500/1872] loss: 0.3932, lr: 1.00e-04
			fg/bg=(191/833), time cost: 561.839961
			rpn_cls: 0.0592, rpn_box: 0.1200, rcnn_cls: 0.3390, rcnn_box 0.1426
[session 1][epoch  9][iter 1600/1872] loss: 0.4135, lr: 1.00e-04
			fg/bg=(214/810), time cost: 559.416154
			rpn_cls: 0.0358, rpn_box: 0.0598, rcnn_cls: 0.2672, rcnn_box 0.1034
[session 1][epoch  9][iter 1700/1872] loss: 0.4036, lr: 1.00e-04
			fg/bg=(231/793), time cost: 560.716686
			rpn_cls: 0.0705, rpn_box: 0.1472, rcnn_cls: 0.2388, rcnn_box 0.1242
[session 1][epoch  9][iter 1800/1872] loss: 0.4275, lr: 1.00e-04
			fg/bg=(247/777), time cost: 559.276014
			rpn_cls: 0.0490, rpn_box: 0.1387, rcnn_cls: 0.1785, rcnn_box 0.1193
total training time: 91837.673807
[session 1][epoch 10][iter    0/1872] loss: 0.3179, lr: 1.00e-04
			fg/bg=(212/812), time cost: 6.115891
			rpn_cls: 0.0345, rpn_box: 0.0455, rcnn_cls: 0.1433, rcnn_box 0.0946
[session 1][epoch 10][iter  100/1872] loss: 0.3789, lr: 1.00e-04
			fg/bg=(189/835), time cost: 561.386805
			rpn_cls: 0.0417, rpn_box: 0.0497, rcnn_cls: 0.1232, rcnn_box 0.1285
[session 1][epoch 10][iter  200/1872] loss: 0.3953, lr: 1.00e-04
			fg/bg=(220/804), time cost: 561.084701
			rpn_cls: 0.0550, rpn_box: 0.0475, rcnn_cls: 0.2082, rcnn_box 0.1267
[session 1][epoch 10][iter  300/1872] loss: 0.4124, lr: 1.00e-04
			fg/bg=(223/801), time cost: 560.960705
			rpn_cls: 0.0659, rpn_box: 0.1529, rcnn_cls: 0.1659, rcnn_box 0.1203
[session 1][epoch 10][iter  400/1872] loss: 0.3949, lr: 1.00e-04
			fg/bg=(178/846), time cost: 561.527381
			rpn_cls: 0.0341, rpn_box: 0.0745, rcnn_cls: 0.5153, rcnn_box 0.1295
[session 1][epoch 10][iter  500/1872] loss: 0.4175, lr: 1.00e-04
			fg/bg=(175/849), time cost: 570.326793
			rpn_cls: 0.0322, rpn_box: 0.0191, rcnn_cls: 0.2511, rcnn_box 0.0963
[session 1][epoch 10][iter  600/1872] loss: 0.4014, lr: 1.00e-04
			fg/bg=(188/836), time cost: 563.311647
			rpn_cls: 0.0431, rpn_box: 0.0482, rcnn_cls: 0.1890, rcnn_box 0.1380
[session 1][epoch 10][iter  700/1872] loss: 0.3894, lr: 1.00e-04
			fg/bg=(223/801), time cost: 561.851220
			rpn_cls: 0.0392, rpn_box: 0.0664, rcnn_cls: 0.1756, rcnn_box 0.1629
[session 1][epoch 10][iter  800/1872] loss: 0.3963, lr: 1.00e-04
			fg/bg=(164/860), time cost: 561.397313
			rpn_cls: 0.0378, rpn_box: 0.0043, rcnn_cls: 0.0761, rcnn_box 0.0620
[session 1][epoch 10][iter  900/1872] loss: 0.4077, lr: 1.00e-04
			fg/bg=(199/825), time cost: 561.670897
			rpn_cls: 0.0415, rpn_box: 0.0582, rcnn_cls: 0.1475, rcnn_box 0.1701
[session 1][epoch 10][iter 1000/1872] loss: 0.4029, lr: 1.00e-04
			fg/bg=(184/840), time cost: 558.765972
			rpn_cls: 0.0387, rpn_box: 0.0338, rcnn_cls: 0.1643, rcnn_box 0.1051
[session 1][epoch 10][iter 1100/1872] loss: 0.3897, lr: 1.00e-04
			fg/bg=(147/877), time cost: 561.046583
			rpn_cls: 0.0625, rpn_box: 0.0187, rcnn_cls: 0.1059, rcnn_box 0.1511
[session 1][epoch 10][iter 1200/1872] loss: 0.4146, lr: 1.00e-04
			fg/bg=(187/837), time cost: 560.323479
			rpn_cls: 0.0157, rpn_box: 0.0114, rcnn_cls: 0.0921, rcnn_box 0.0615
[session 1][epoch 10][iter 1300/1872] loss: 0.4010, lr: 1.00e-04
			fg/bg=(215/809), time cost: 558.916063
			rpn_cls: 0.0361, rpn_box: 0.0568, rcnn_cls: 0.4684, rcnn_box 0.1456
[session 1][epoch 10][iter 1400/1872] loss: 0.4197, lr: 1.00e-04
			fg/bg=(247/777), time cost: 560.157087
			rpn_cls: 0.0683, rpn_box: 0.0902, rcnn_cls: 0.1638, rcnn_box 0.1208
[session 1][epoch 10][iter 1500/1872] loss: 0.4052, lr: 1.00e-04
			fg/bg=(229/795), time cost: 559.115752
			rpn_cls: 0.0610, rpn_box: 0.0382, rcnn_cls: 0.2555, rcnn_box 0.1860
[session 1][epoch 10][iter 1600/1872] loss: 0.3927, lr: 1.00e-04
			fg/bg=(196/828), time cost: 561.407333
			rpn_cls: 0.0769, rpn_box: 0.0420, rcnn_cls: 0.1731, rcnn_box 0.1367
[session 1][epoch 10][iter 1700/1872] loss: 0.3863, lr: 1.00e-04
			fg/bg=(256/768), time cost: 561.669025
			rpn_cls: 0.0382, rpn_box: 0.1003, rcnn_cls: 0.1008, rcnn_box 0.1244
[session 1][epoch 10][iter 1800/1872] loss: 0.4287, lr: 1.00e-04
			fg/bg=(212/812), time cost: 558.199424
			rpn_cls: 0.0409, rpn_box: 0.0536, rcnn_cls: 0.1942, rcnn_box 0.1180
total training time: 101946.907880
[session 1][epoch 11][iter    0/1872] loss: 0.4709, lr: 1.00e-04
			fg/bg=(256/768), time cost: 5.833486
			rpn_cls: 0.0519, rpn_box: 0.1720, rcnn_cls: 0.1188, rcnn_box 0.1281
[session 1][epoch 11][iter  100/1872] loss: 0.3840, lr: 1.00e-04
			fg/bg=(201/823), time cost: 564.816216
			rpn_cls: 0.0649, rpn_box: 0.1969, rcnn_cls: 0.1645, rcnn_box 0.1109
[session 1][epoch 11][iter  200/1872] loss: 0.3929, lr: 1.00e-04
			fg/bg=(203/821), time cost: 564.308700
			rpn_cls: 0.0234, rpn_box: 0.0329, rcnn_cls: 0.1166, rcnn_box 0.0853
[session 1][epoch 11][iter  300/1872] loss: 0.4171, lr: 1.00e-04
			fg/bg=(223/801), time cost: 565.107800
			rpn_cls: 0.0375, rpn_box: 0.0196, rcnn_cls: 0.1458, rcnn_box 0.1588
[session 1][epoch 11][iter  400/1872] loss: 0.3839, lr: 1.00e-04
			fg/bg=(145/879), time cost: 564.432693
			rpn_cls: 0.0174, rpn_box: 0.0503, rcnn_cls: 0.1190, rcnn_box 0.0746
[session 1][epoch 11][iter  500/1872] loss: 0.3824, lr: 1.00e-04
			fg/bg=(208/816), time cost: 563.189899
			rpn_cls: 0.0775, rpn_box: 0.0680, rcnn_cls: 0.2114, rcnn_box 0.1329
[session 1][epoch 11][iter  600/1872] loss: 0.3771, lr: 1.00e-04
			fg/bg=(162/862), time cost: 564.304224
			rpn_cls: 0.0352, rpn_box: 0.0047, rcnn_cls: 0.1542, rcnn_box 0.0944
[session 1][epoch 11][iter  700/1872] loss: 0.3956, lr: 1.00e-04
			fg/bg=(256/768), time cost: 564.880248
			rpn_cls: 0.0571, rpn_box: 0.1628, rcnn_cls: 0.1485, rcnn_box 0.1351
[session 1][epoch 11][iter  800/1872] loss: 0.3881, lr: 1.00e-04
			fg/bg=(227/797), time cost: 565.437453
			rpn_cls: 0.0411, rpn_box: 0.1051, rcnn_cls: 0.2155, rcnn_box 0.1229
[session 1][epoch 11][iter  900/1872] loss: 0.4094, lr: 1.00e-04
			fg/bg=(207/817), time cost: 562.370154
			rpn_cls: 0.0334, rpn_box: 0.0457, rcnn_cls: 0.1334, rcnn_box 0.0747
[session 1][epoch 11][iter 1000/1872] loss: 0.4006, lr: 1.00e-04
			fg/bg=(256/768), time cost: 562.726248
			rpn_cls: 0.0406, rpn_box: 0.1541, rcnn_cls: 0.1004, rcnn_box 0.1306
[session 1][epoch 11][iter 1100/1872] loss: 0.4116, lr: 1.00e-04
			fg/bg=(197/827), time cost: 563.935920
			rpn_cls: 0.0609, rpn_box: 0.1097, rcnn_cls: 0.1236, rcnn_box 0.0949
[session 1][epoch 11][iter 1200/1872] loss: 0.3920, lr: 1.00e-04
			fg/bg=(206/818), time cost: 562.528665
			rpn_cls: 0.0499, rpn_box: 0.0864, rcnn_cls: 0.3278, rcnn_box 0.1174
[session 1][epoch 11][iter 1300/1872] loss: 0.3953, lr: 1.00e-04
			fg/bg=(195/829), time cost: 562.769440
			rpn_cls: 0.0573, rpn_box: 0.0280, rcnn_cls: 0.2621, rcnn_box 0.1656
[session 1][epoch 11][iter 1400/1872] loss: 0.3831, lr: 1.00e-04
			fg/bg=(196/828), time cost: 566.554715
			rpn_cls: 0.0620, rpn_box: 0.0543, rcnn_cls: 0.2454, rcnn_box 0.1362
[session 1][epoch 11][iter 1500/1872] loss: 0.3752, lr: 1.00e-04
			fg/bg=(232/792), time cost: 562.889375
			rpn_cls: 0.0780, rpn_box: 0.0311, rcnn_cls: 0.1873, rcnn_box 0.1936
[session 1][epoch 11][iter 1600/1872] loss: 0.3827, lr: 1.00e-04
			fg/bg=(185/839), time cost: 563.814853
			rpn_cls: 0.0548, rpn_box: 0.0337, rcnn_cls: 0.1078, rcnn_box 0.1274
[session 1][epoch 11][iter 1700/1872] loss: 0.3677, lr: 1.00e-04
			fg/bg=(186/838), time cost: 562.410299
			rpn_cls: 0.0321, rpn_box: 0.0548, rcnn_cls: 0.3583, rcnn_box 0.1301
[session 1][epoch 11][iter 1800/1872] loss: 0.3782, lr: 1.00e-04
			fg/bg=(186/838), time cost: 564.772884
			rpn_cls: 0.0294, rpn_box: 0.0295, rcnn_cls: 0.1376, rcnn_box 0.0782
total training time: 112103.991152
[session 1][epoch 12][iter    0/1872] loss: 0.3790, lr: 1.00e-05
			fg/bg=(210/814), time cost: 6.122189
			rpn_cls: 0.0228, rpn_box: 0.0505, rcnn_cls: 0.1597, rcnn_box 0.1460
[session 1][epoch 12][iter  100/1872] loss: 0.3622, lr: 1.00e-05
			fg/bg=(218/806), time cost: 561.127087
			rpn_cls: 0.0479, rpn_box: 0.0858, rcnn_cls: 0.2064, rcnn_box 0.1098
[session 1][epoch 12][iter  200/1872] loss: 0.3644, lr: 1.00e-05
			fg/bg=(224/800), time cost: 559.294435
			rpn_cls: 0.0463, rpn_box: 0.1261, rcnn_cls: 0.1926, rcnn_box 0.1931
[session 1][epoch 12][iter  300/1872] loss: 0.3701, lr: 1.00e-05
			fg/bg=(203/821), time cost: 562.258440
			rpn_cls: 0.0138, rpn_box: 0.0613, rcnn_cls: 0.1605, rcnn_box 0.0996
[session 1][epoch 12][iter  400/1872] loss: 0.3766, lr: 1.00e-05
			fg/bg=(253/771), time cost: 566.048908
			rpn_cls: 0.0589, rpn_box: 0.0975, rcnn_cls: 0.1660, rcnn_box 0.1825
[session 1][epoch 12][iter  500/1872] loss: 0.3901, lr: 1.00e-05
			fg/bg=(256/768), time cost: 565.541731
			rpn_cls: 0.0505, rpn_box: 0.0756, rcnn_cls: 0.1295, rcnn_box 0.1450
[session 1][epoch 12][iter  600/1872] loss: 0.3743, lr: 1.00e-05
			fg/bg=(194/830), time cost: 563.852334
			rpn_cls: 0.0479, rpn_box: 0.0276, rcnn_cls: 0.0994, rcnn_box 0.1057
[session 1][epoch 12][iter  700/1872] loss: 0.3713, lr: 1.00e-05
			fg/bg=(256/768), time cost: 559.590007
			rpn_cls: 0.0484, rpn_box: 0.0327, rcnn_cls: 0.1101, rcnn_box 0.1351
[session 1][epoch 12][iter  800/1872] loss: 0.3797, lr: 1.00e-05
			fg/bg=(201/823), time cost: 561.532286
			rpn_cls: 0.0797, rpn_box: 0.0393, rcnn_cls: 0.2076, rcnn_box 0.1650
[session 1][epoch 12][iter  900/1872] loss: 0.3864, lr: 1.00e-05
			fg/bg=(221/803), time cost: 563.109609
			rpn_cls: 0.0444, rpn_box: 0.0609, rcnn_cls: 0.1952, rcnn_box 0.1135
[session 1][epoch 12][iter 1000/1872] loss: 0.3681, lr: 1.00e-05
			fg/bg=(198/826), time cost: 561.065079
			rpn_cls: 0.0386, rpn_box: 0.0548, rcnn_cls: 0.1731, rcnn_box 0.1158
[session 1][epoch 12][iter 1100/1872] loss: 0.3840, lr: 1.00e-05
			fg/bg=(256/768), time cost: 563.341321
			rpn_cls: 0.0610, rpn_box: 0.1264, rcnn_cls: 0.1084, rcnn_box 0.0856
[session 1][epoch 12][iter 1200/1872] loss: 0.3487, lr: 1.00e-05
			fg/bg=(202/822), time cost: 563.679025
			rpn_cls: 0.0238, rpn_box: 0.0080, rcnn_cls: 0.1179, rcnn_box 0.1059
[session 1][epoch 12][iter 1300/1872] loss: 0.3646, lr: 1.00e-05
			fg/bg=(256/768), time cost: 563.283417
			rpn_cls: 0.1062, rpn_box: 0.0458, rcnn_cls: 0.1310, rcnn_box 0.1452
[session 1][epoch 12][iter 1400/1872] loss: 0.3788, lr: 1.00e-05
			fg/bg=(204/820), time cost: 563.453209
			rpn_cls: 0.1335, rpn_box: 0.1477, rcnn_cls: 0.2489, rcnn_box 0.1174
[session 1][epoch 12][iter 1500/1872] loss: 0.3569, lr: 1.00e-05
			fg/bg=(187/837), time cost: 564.657579
			rpn_cls: 0.0763, rpn_box: 0.0553, rcnn_cls: 0.4468, rcnn_box 0.1359
[session 1][epoch 12][iter 1600/1872] loss: 0.3486, lr: 1.00e-05
			fg/bg=(230/794), time cost: 562.729331
			rpn_cls: 0.0494, rpn_box: 0.0820, rcnn_cls: 0.1671, rcnn_box 0.1219
[session 1][epoch 12][iter 1700/1872] loss: 0.3575, lr: 1.00e-05
			fg/bg=(179/845), time cost: 563.418361
			rpn_cls: 0.0266, rpn_box: 0.0383, rcnn_cls: 0.1714, rcnn_box 0.0668
[session 1][epoch 12][iter 1800/1872] loss: 0.3643, lr: 1.00e-05
			fg/bg=(167/857), time cost: 563.072368
			rpn_cls: 0.0328, rpn_box: 0.0239, rcnn_cls: 0.0747, rcnn_box 0.0754
total training time: 122241.167870
[session 1][epoch 13][iter    0/1872] loss: 0.5498, lr: 1.00e-05
			fg/bg=(214/810), time cost: 6.050751
			rpn_cls: 0.0377, rpn_box: 0.0879, rcnn_cls: 0.3053, rcnn_box 0.1189
[session 1][epoch 13][iter  100/1872] loss: 0.3367, lr: 1.00e-05
			fg/bg=(196/828), time cost: 567.298370
			rpn_cls: 0.0202, rpn_box: 0.0538, rcnn_cls: 0.1658, rcnn_box 0.0919
[session 1][epoch 13][iter  200/1872] loss: 0.3607, lr: 1.00e-05
			fg/bg=(192/832), time cost: 565.918806
			rpn_cls: 0.0382, rpn_box: 0.0747, rcnn_cls: 0.3243, rcnn_box 0.1044
[session 1][epoch 13][iter  300/1872] loss: 0.3833, lr: 1.00e-05
			fg/bg=(205/819), time cost: 565.423716
			rpn_cls: 0.0175, rpn_box: 0.0887, rcnn_cls: 0.1495, rcnn_box 0.1064
[session 1][epoch 13][iter  400/1872] loss: 0.3730, lr: 1.00e-05
			fg/bg=(213/811), time cost: 562.543221
			rpn_cls: 0.0360, rpn_box: 0.0609, rcnn_cls: 0.0968, rcnn_box 0.0996
[session 1][epoch 13][iter  500/1872] loss: 0.3740, lr: 1.00e-05
			fg/bg=(187/837), time cost: 562.322544
			rpn_cls: 0.0524, rpn_box: 0.0450, rcnn_cls: 0.2366, rcnn_box 0.1567
[session 1][epoch 13][iter  600/1872] loss: 0.3587, lr: 1.00e-05
			fg/bg=(202/822), time cost: 565.459016
			rpn_cls: 0.0524, rpn_box: 0.0230, rcnn_cls: 0.0925, rcnn_box 0.0853
[session 1][epoch 13][iter  700/1872] loss: 0.3506, lr: 1.00e-05
			fg/bg=(165/859), time cost: 563.141072
			rpn_cls: 0.0319, rpn_box: 0.0176, rcnn_cls: 0.1314, rcnn_box 0.0900
[session 1][epoch 13][iter  800/1872] loss: 0.3435, lr: 1.00e-05
			fg/bg=(207/817), time cost: 563.144663
			rpn_cls: 0.0479, rpn_box: 0.0626, rcnn_cls: 0.1575, rcnn_box 0.1468
[session 1][epoch 13][iter  900/1872] loss: 0.3486, lr: 1.00e-05
			fg/bg=(215/809), time cost: 563.353948
			rpn_cls: 0.0273, rpn_box: 0.0059, rcnn_cls: 0.1180, rcnn_box 0.0965
[session 1][epoch 13][iter 1000/1872] loss: 0.3785, lr: 1.00e-05
			fg/bg=(246/778), time cost: 560.418456
			rpn_cls: 0.0410, rpn_box: 0.1514, rcnn_cls: 0.1495, rcnn_box 0.1342
[session 1][epoch 13][iter 1100/1872] loss: 0.3791, lr: 1.00e-05
			fg/bg=(203/821), time cost: 560.575627
			rpn_cls: 0.1144, rpn_box: 0.0614, rcnn_cls: 0.3405, rcnn_box 0.1603
[session 1][epoch 13][iter 1200/1872] loss: 0.3557, lr: 1.00e-05
			fg/bg=(197/827), time cost: 563.520815
			rpn_cls: 0.0915, rpn_box: 0.0773, rcnn_cls: 0.2245, rcnn_box 0.0930
[session 1][epoch 13][iter 1300/1872] loss: 0.3803, lr: 1.00e-05
			fg/bg=(202/822), time cost: 562.212076
			rpn_cls: 0.0351, rpn_box: 0.0381, rcnn_cls: 0.3731, rcnn_box 0.1762
[session 1][epoch 13][iter 1400/1872] loss: 0.3572, lr: 1.00e-05
			fg/bg=(192/832), time cost: 564.204552
			rpn_cls: 0.0256, rpn_box: 0.0141, rcnn_cls: 0.1267, rcnn_box 0.1053
[session 1][epoch 13][iter 1500/1872] loss: 0.4014, lr: 1.00e-05
			fg/bg=(194/830), time cost: 562.035043
			rpn_cls: 0.0508, rpn_box: 0.0682, rcnn_cls: 0.3475, rcnn_box 0.1731
[session 1][epoch 13][iter 1600/1872] loss: 0.3762, lr: 1.00e-05
			fg/bg=(210/814), time cost: 565.261022
			rpn_cls: 0.0282, rpn_box: 0.0328, rcnn_cls: 0.1218, rcnn_box 0.0654
[session 1][epoch 13][iter 1700/1872] loss: 0.3502, lr: 1.00e-05
			fg/bg=(171/853), time cost: 565.114429
			rpn_cls: 0.0484, rpn_box: 0.0138, rcnn_cls: 0.1369, rcnn_box 0.1014
[session 1][epoch 13][iter 1800/1872] loss: 0.3750, lr: 1.00e-05
			fg/bg=(256/768), time cost: 561.815058
			rpn_cls: 0.0588, rpn_box: 0.1046, rcnn_cls: 0.1295, rcnn_box 0.1464
total training time: 132390.981055
[session 1][epoch 14][iter    0/1872] loss: 0.2312, lr: 1.00e-05
			fg/bg=(200/824), time cost: 6.308764
			rpn_cls: 0.0182, rpn_box: 0.0081, rcnn_cls: 0.1241, rcnn_box 0.0809
[session 1][epoch 14][iter  100/1872] loss: 0.3602, lr: 1.00e-05
			fg/bg=(251/773), time cost: 563.668798
			rpn_cls: 0.0404, rpn_box: 0.1287, rcnn_cls: 0.1184, rcnn_box 0.1078
[session 1][epoch 14][iter  200/1872] loss: 0.3699, lr: 1.00e-05
			fg/bg=(207/817), time cost: 563.988074
			rpn_cls: 0.0181, rpn_box: 0.0105, rcnn_cls: 0.1090, rcnn_box 0.0942
[session 1][epoch 14][iter  300/1872] loss: 0.3590, lr: 1.00e-05
			fg/bg=(251/773), time cost: 563.689079
			rpn_cls: 0.0526, rpn_box: 0.1225, rcnn_cls: 0.1737, rcnn_box 0.1734
[session 1][epoch 14][iter  400/1872] loss: 0.3489, lr: 1.00e-05
			fg/bg=(218/806), time cost: 566.009552
			rpn_cls: 0.0347, rpn_box: 0.0237, rcnn_cls: 0.1246, rcnn_box 0.1435
[session 1][epoch 14][iter  500/1872] loss: 0.3320, lr: 1.00e-05
			fg/bg=(205/819), time cost: 566.053201
			rpn_cls: 0.0334, rpn_box: 0.0279, rcnn_cls: 0.1417, rcnn_box 0.1869
[session 1][epoch 14][iter  600/1872] loss: 0.3737, lr: 1.00e-05
			fg/bg=(202/822), time cost: 563.769734
			rpn_cls: 0.0253, rpn_box: 0.0923, rcnn_cls: 0.0989, rcnn_box 0.1146
[session 1][epoch 14][iter  700/1872] loss: 0.3618, lr: 1.00e-05
			fg/bg=(180/844), time cost: 563.974550
			rpn_cls: 0.0430, rpn_box: 0.0048, rcnn_cls: 0.0938, rcnn_box 0.0978
[session 1][epoch 14][iter  800/1872] loss: 0.3788, lr: 1.00e-05
			fg/bg=(256/768), time cost: 564.025511
			rpn_cls: 0.0484, rpn_box: 0.0356, rcnn_cls: 0.1110, rcnn_box 0.1608
[session 1][epoch 14][iter  900/1872] loss: 0.3714, lr: 1.00e-05
			fg/bg=(256/768), time cost: 565.289844
			rpn_cls: 0.0459, rpn_box: 0.1089, rcnn_cls: 0.1191, rcnn_box 0.0895
[session 1][epoch 14][iter 1000/1872] loss: 0.3532, lr: 1.00e-05
			fg/bg=(189/835), time cost: 562.308286
			rpn_cls: 0.0383, rpn_box: 0.0045, rcnn_cls: 0.1189, rcnn_box 0.1269
[session 1][epoch 14][iter 1100/1872] loss: 0.3752, lr: 1.00e-05
			fg/bg=(208/816), time cost: 563.312052
			rpn_cls: 0.0533, rpn_box: 0.0421, rcnn_cls: 0.2613, rcnn_box 0.1098
[session 1][epoch 14][iter 1200/1872] loss: 0.3515, lr: 1.00e-05
			fg/bg=(221/803), time cost: 564.890651
			rpn_cls: 0.0332, rpn_box: 0.0152, rcnn_cls: 0.1390, rcnn_box 0.1454
[session 1][epoch 14][iter 1300/1872] loss: 0.3817, lr: 1.00e-05
			fg/bg=(208/816), time cost: 561.660173
			rpn_cls: 0.0202, rpn_box: 0.0465, rcnn_cls: 0.2749, rcnn_box 0.1400
[session 1][epoch 14][iter 1400/1872] loss: 0.3806, lr: 1.00e-05
			fg/bg=(218/806), time cost: 562.099153
			rpn_cls: 0.0323, rpn_box: 0.0380, rcnn_cls: 0.2329, rcnn_box 0.1336
[session 1][epoch 14][iter 1500/1872] loss: 0.3694, lr: 1.00e-05
			fg/bg=(188/836), time cost: 562.869413
			rpn_cls: 0.0569, rpn_box: 0.0211, rcnn_cls: 0.2615, rcnn_box 0.1463
[session 1][epoch 14][iter 1600/1872] loss: 0.3502, lr: 1.00e-05
			fg/bg=(199/825), time cost: 564.082373
			rpn_cls: 0.0185, rpn_box: 0.0070, rcnn_cls: 0.1064, rcnn_box 0.0870
[session 1][epoch 14][iter 1700/1872] loss: 0.3669, lr: 1.00e-05
			fg/bg=(189/835), time cost: 564.099934
			rpn_cls: 0.0352, rpn_box: 0.0100, rcnn_cls: 0.0949, rcnn_box 0.1049
[session 1][epoch 14][iter 1800/1872] loss: 0.3808, lr: 1.00e-05
			fg/bg=(206/818), time cost: 564.251543
			rpn_cls: 0.0423, rpn_box: 0.0920, rcnn_cls: 0.1790, rcnn_box 0.1433
total training time: 142547.331739
[session 1][epoch 15][iter    0/1872] loss: 0.4500, lr: 1.00e-05
			fg/bg=(211/813), time cost: 6.215710
			rpn_cls: 0.0528, rpn_box: 0.0804, rcnn_cls: 0.1574, rcnn_box 0.1595
[session 1][epoch 15][iter  100/1872] loss: 0.3681, lr: 1.00e-05
			fg/bg=(179/845), time cost: 565.792473
			rpn_cls: 0.0185, rpn_box: 0.0246, rcnn_cls: 0.1310, rcnn_box 0.0944
[session 1][epoch 15][iter  200/1872] loss: 0.3666, lr: 1.00e-05
			fg/bg=(225/799), time cost: 560.954303
			rpn_cls: 0.0294, rpn_box: 0.0852, rcnn_cls: 0.0504, rcnn_box 0.0471
[session 1][epoch 15][iter  300/1872] loss: 0.3395, lr: 1.00e-05
			fg/bg=(256/768), time cost: 560.374943
			rpn_cls: 0.0373, rpn_box: 0.1204, rcnn_cls: 0.1236, rcnn_box 0.1317
[session 1][epoch 15][iter  400/1872] loss: 0.3736, lr: 1.00e-05
			fg/bg=(217/807), time cost: 560.399989
			rpn_cls: 0.0345, rpn_box: 0.0354, rcnn_cls: 0.1321, rcnn_box 0.0926
[session 1][epoch 15][iter  500/1872] loss: 0.3748, lr: 1.00e-05
			fg/bg=(211/813), time cost: 559.241080
			rpn_cls: 0.0291, rpn_box: 0.0795, rcnn_cls: 0.3894, rcnn_box 0.1397
[session 1][epoch 15][iter  600/1872] loss: 0.3831, lr: 1.00e-05
			fg/bg=(256/768), time cost: 560.220177
			rpn_cls: 0.0423, rpn_box: 0.1736, rcnn_cls: 0.1141, rcnn_box 0.1011
[session 1][epoch 15][iter  700/1872] loss: 0.3537, lr: 1.00e-05
			fg/bg=(246/778), time cost: 557.624428
			rpn_cls: 0.0594, rpn_box: 0.1124, rcnn_cls: 0.1061, rcnn_box 0.1268
[session 1][epoch 15][iter  800/1872] loss: 0.3669, lr: 1.00e-05
			fg/bg=(193/831), time cost: 560.955052
			rpn_cls: 0.0303, rpn_box: 0.0742, rcnn_cls: 0.2079, rcnn_box 0.0873
[session 1][epoch 15][iter  900/1872] loss: 0.3604, lr: 1.00e-05
			fg/bg=(211/813), time cost: 559.935717
			rpn_cls: 0.0691, rpn_box: 0.0816, rcnn_cls: 0.1082, rcnn_box 0.1475
[session 1][epoch 15][iter 1000/1872] loss: 0.3550, lr: 1.00e-05
			fg/bg=(199/825), time cost: 559.046456
			rpn_cls: 0.0482, rpn_box: 0.0393, rcnn_cls: 0.2119, rcnn_box 0.1772
[session 1][epoch 15][iter 1100/1872] loss: 0.3512, lr: 1.00e-05
			fg/bg=(241/783), time cost: 561.648184
			rpn_cls: 0.0981, rpn_box: 0.0844, rcnn_cls: 0.4126, rcnn_box 0.1388
[session 1][epoch 15][iter 1200/1872] loss: 0.3769, lr: 1.00e-05
			fg/bg=(192/832), time cost: 561.582033
			rpn_cls: 0.0729, rpn_box: 0.0166, rcnn_cls: 0.1398, rcnn_box 0.1690
[session 1][epoch 15][iter 1300/1872] loss: 0.3413, lr: 1.00e-05
			fg/bg=(158/866), time cost: 562.301962
			rpn_cls: 0.0253, rpn_box: 0.0324, rcnn_cls: 0.1291, rcnn_box 0.0743
[session 1][epoch 15][iter 1400/1872] loss: 0.3728, lr: 1.00e-05
			fg/bg=(193/831), time cost: 560.671578
			rpn_cls: 0.0143, rpn_box: 0.0072, rcnn_cls: 0.1258, rcnn_box 0.1194
[session 1][epoch 15][iter 1500/1872] loss: 0.3830, lr: 1.00e-05
			fg/bg=(204/820), time cost: 559.175562
			rpn_cls: 0.0938, rpn_box: 0.1379, rcnn_cls: 0.1403, rcnn_box 0.1062
[session 1][epoch 15][iter 1600/1872] loss: 0.3652, lr: 1.00e-05
			fg/bg=(227/797), time cost: 559.094716
			rpn_cls: 0.0154, rpn_box: 0.0235, rcnn_cls: 0.1401, rcnn_box 0.1080
[session 1][epoch 15][iter 1700/1872] loss: 0.3481, lr: 1.00e-05
			fg/bg=(222/802), time cost: 560.091935
			rpn_cls: 0.0216, rpn_box: 0.0188, rcnn_cls: 0.2773, rcnn_box 0.0816
[session 1][epoch 15][iter 1800/1872] loss: 0.3504, lr: 1.00e-05
			fg/bg=(170/854), time cost: 560.810390
			rpn_cls: 0.0171, rpn_box: 0.0214, rcnn_cls: 0.1070, rcnn_box 0.0714
total training time: 152643.468428
[session 1][epoch 16][iter    0/1872] loss: 0.1989, lr: 1.00e-05
			fg/bg=(185/839), time cost: 6.042879
			rpn_cls: 0.0161, rpn_box: 0.0231, rcnn_cls: 0.0885, rcnn_box 0.0712
[session 1][epoch 16][iter  100/1872] loss: 0.3647, lr: 1.00e-05
			fg/bg=(234/790), time cost: 562.904060
			rpn_cls: 0.0540, rpn_box: 0.0843, rcnn_cls: 0.1153, rcnn_box 0.1214
[session 1][epoch 16][iter  200/1872] loss: 0.3423, lr: 1.00e-05
			fg/bg=(214/810), time cost: 558.734366
			rpn_cls: 0.0860, rpn_box: 0.1056, rcnn_cls: 0.1643, rcnn_box 0.1341
[session 1][epoch 16][iter  300/1872] loss: 0.3786, lr: 1.00e-05
			fg/bg=(235/789), time cost: 561.813297
			rpn_cls: 0.0297, rpn_box: 0.0647, rcnn_cls: 0.1340, rcnn_box 0.1409
[session 1][epoch 16][iter  400/1872] loss: 0.3461, lr: 1.00e-05
			fg/bg=(179/845), time cost: 564.703328
			rpn_cls: 0.0677, rpn_box: 0.0360, rcnn_cls: 0.1898, rcnn_box 0.1112
[session 1][epoch 16][iter  500/1872] loss: 0.3711, lr: 1.00e-05
			fg/bg=(211/813), time cost: 562.715622
			rpn_cls: 0.0430, rpn_box: 0.0149, rcnn_cls: 0.1462, rcnn_box 0.1462
[session 1][epoch 16][iter  600/1872] loss: 0.3618, lr: 1.00e-05
			fg/bg=(191/833), time cost: 560.393398
			rpn_cls: 0.0257, rpn_box: 0.0435, rcnn_cls: 0.1713, rcnn_box 0.0972
[session 1][epoch 16][iter  700/1872] loss: 0.3603, lr: 1.00e-05
			fg/bg=(187/837), time cost: 563.840889
			rpn_cls: 0.0219, rpn_box: 0.0203, rcnn_cls: 0.0930, rcnn_box 0.0459
[session 1][epoch 16][iter  800/1872] loss: 0.3679, lr: 1.00e-05
			fg/bg=(200/824), time cost: 564.398304
			rpn_cls: 0.0219, rpn_box: 0.0593, rcnn_cls: 0.1650, rcnn_box 0.0919
[session 1][epoch 16][iter  900/1872] loss: 0.3815, lr: 1.00e-05
			fg/bg=(148/876), time cost: 562.878935
			rpn_cls: 0.0196, rpn_box: 0.0346, rcnn_cls: 0.1604, rcnn_box 0.0604
[session 1][epoch 16][iter 1000/1872] loss: 0.3742, lr: 1.00e-05
			fg/bg=(202/822), time cost: 563.793444
			rpn_cls: 0.0363, rpn_box: 0.0847, rcnn_cls: 0.3238, rcnn_box 0.1347
[session 1][epoch 16][iter 1100/1872] loss: 0.3476, lr: 1.00e-05
			fg/bg=(197/827), time cost: 563.958209
			rpn_cls: 0.0181, rpn_box: 0.0604, rcnn_cls: 0.1009, rcnn_box 0.1066
[session 1][epoch 16][iter 1200/1872] loss: 0.3611, lr: 1.00e-05
			fg/bg=(220/804), time cost: 561.306486
			rpn_cls: 0.1267, rpn_box: 0.1403, rcnn_cls: 0.2464, rcnn_box 0.1392
[session 1][epoch 16][iter 1300/1872] loss: 0.3720, lr: 1.00e-05
			fg/bg=(214/810), time cost: 560.329357
			rpn_cls: 0.0380, rpn_box: 0.0675, rcnn_cls: 0.2678, rcnn_box 0.1338
[session 1][epoch 16][iter 1400/1872] loss: 0.3507, lr: 1.00e-05
			fg/bg=(183/841), time cost: 561.758391
			rpn_cls: 0.0280, rpn_box: 0.0083, rcnn_cls: 0.1386, rcnn_box 0.0766
[session 1][epoch 16][iter 1500/1872] loss: 0.3579, lr: 1.00e-05
			fg/bg=(208/816), time cost: 562.527355
			rpn_cls: 0.0329, rpn_box: 0.0191, rcnn_cls: 0.1228, rcnn_box 0.1092
[session 1][epoch 16][iter 1600/1872] loss: 0.3692, lr: 1.00e-05
			fg/bg=(228/796), time cost: 562.851275
			rpn_cls: 0.0311, rpn_box: 0.0951, rcnn_cls: 0.0845, rcnn_box 0.0629
[session 1][epoch 16][iter 1700/1872] loss: 0.3573, lr: 1.00e-05
			fg/bg=(201/823), time cost: 565.117862
			rpn_cls: 0.0407, rpn_box: 0.0579, rcnn_cls: 0.2181, rcnn_box 0.1015
[session 1][epoch 16][iter 1800/1872] loss: 0.3754, lr: 1.00e-05
			fg/bg=(177/847), time cost: 563.410812
			rpn_cls: 0.0245, rpn_box: 0.0239, rcnn_cls: 0.1124, rcnn_box 0.0718
total training time: 162776.946697
[session 1][epoch 17][iter    0/1872] loss: 0.5983, lr: 1.00e-05
			fg/bg=(230/794), time cost: 5.994574
			rpn_cls: 0.0864, rpn_box: 0.0812, rcnn_cls: 0.2802, rcnn_box 0.1505
[session 1][epoch 17][iter  100/1872] loss: 0.3534, lr: 1.00e-05
			fg/bg=(255/769), time cost: 559.667547
			rpn_cls: 0.0501, rpn_box: 0.1426, rcnn_cls: 0.1078, rcnn_box 0.1356
[session 1][epoch 17][iter  200/1872] loss: 0.3740, lr: 1.00e-05
			fg/bg=(165/859), time cost: 560.978205
			rpn_cls: 0.0377, rpn_box: 0.0706, rcnn_cls: 0.0871, rcnn_box 0.1009
[session 1][epoch 17][iter  300/1872] loss: 0.3750, lr: 1.00e-05
			fg/bg=(189/835), time cost: 560.402190
			rpn_cls: 0.0416, rpn_box: 0.0375, rcnn_cls: 0.1437, rcnn_box 0.0685
[session 1][epoch 17][iter  400/1872] loss: 0.3599, lr: 1.00e-05
			fg/bg=(195/829), time cost: 559.655383
			rpn_cls: 0.0541, rpn_box: 0.0231, rcnn_cls: 0.2019, rcnn_box 0.1472
[session 1][epoch 17][iter  500/1872] loss: 0.3579, lr: 1.00e-05
			fg/bg=(255/769), time cost: 556.936781
			rpn_cls: 0.0280, rpn_box: 0.1751, rcnn_cls: 0.1441, rcnn_box 0.1024
[session 1][epoch 17][iter  600/1872] loss: 0.3561, lr: 1.00e-05
			fg/bg=(251/773), time cost: 561.199471
			rpn_cls: 0.0537, rpn_box: 0.0964, rcnn_cls: 0.1432, rcnn_box 0.1190
[session 1][epoch 17][iter  700/1872] loss: 0.3478, lr: 1.00e-05
			fg/bg=(256/768), time cost: 560.487989
			rpn_cls: 0.0479, rpn_box: 0.0725, rcnn_cls: 0.1170, rcnn_box 0.1041
[session 1][epoch 17][iter  800/1872] loss: 0.3785, lr: 1.00e-05
			fg/bg=(210/814), time cost: 559.579073
			rpn_cls: 0.0623, rpn_box: 0.1298, rcnn_cls: 0.2030, rcnn_box 0.1793
[session 1][epoch 17][iter  900/1872] loss: 0.3337, lr: 1.00e-05
			fg/bg=(210/814), time cost: 561.954473
			rpn_cls: 0.0366, rpn_box: 0.0238, rcnn_cls: 0.3735, rcnn_box 0.0969
[session 1][epoch 17][iter 1000/1872] loss: 0.3602, lr: 1.00e-05
			fg/bg=(191/833), time cost: 560.152455
			rpn_cls: 0.0449, rpn_box: 0.0446, rcnn_cls: 0.1421, rcnn_box 0.1037
[session 1][epoch 17][iter 1100/1872] loss: 0.3646, lr: 1.00e-05
			fg/bg=(222/802), time cost: 561.753159
			rpn_cls: 0.0335, rpn_box: 0.0612, rcnn_cls: 0.1663, rcnn_box 0.1172
[session 1][epoch 17][iter 1200/1872] loss: 0.3611, lr: 1.00e-05
			fg/bg=(188/836), time cost: 559.598176
			rpn_cls: 0.0389, rpn_box: 0.0527, rcnn_cls: 0.1317, rcnn_box 0.1020
[session 1][epoch 17][iter 1300/1872] loss: 0.3723, lr: 1.00e-05
			fg/bg=(188/836), time cost: 559.409287
			rpn_cls: 0.0704, rpn_box: 0.0171, rcnn_cls: 0.1268, rcnn_box 0.1631
[session 1][epoch 17][iter 1400/1872] loss: 0.3602, lr: 1.00e-05
			fg/bg=(243/781), time cost: 559.870090
			rpn_cls: 0.0384, rpn_box: 0.1341, rcnn_cls: 0.1211, rcnn_box 0.1126
[session 1][epoch 17][iter 1500/1872] loss: 0.3545, lr: 1.00e-05
			fg/bg=(206/818), time cost: 562.373913
			rpn_cls: 0.0149, rpn_box: 0.0071, rcnn_cls: 0.0906, rcnn_box 0.0965
[session 1][epoch 17][iter 1600/1872] loss: 0.3692, lr: 1.00e-05
			fg/bg=(170/854), time cost: 563.219338
			rpn_cls: 0.0368, rpn_box: 0.0255, rcnn_cls: 0.2033, rcnn_box 0.0996
[session 1][epoch 17][iter 1700/1872] loss: 0.3544, lr: 1.00e-05
			fg/bg=(179/845), time cost: 564.624408
			rpn_cls: 0.0368, rpn_box: 0.0560, rcnn_cls: 0.1373, rcnn_box 0.1171
[session 1][epoch 17][iter 1800/1872] loss: 0.3575, lr: 1.00e-05
			fg/bg=(213/811), time cost: 558.610813
			rpn_cls: 0.0210, rpn_box: 0.0794, rcnn_cls: 0.1320, rcnn_box 0.1021
total training time: 172873.414021
[session 1][epoch 18][iter    0/1872] loss: 0.4423, lr: 1.00e-06
			fg/bg=(200/824), time cost: 5.918614
			rpn_cls: 0.0381, rpn_box: 0.0592, rcnn_cls: 0.2371, rcnn_box 0.1078
[session 1][epoch 18][iter  100/1872] loss: 0.3732, lr: 1.00e-06
			fg/bg=(178/846), time cost: 559.442395
			rpn_cls: 0.0161, rpn_box: 0.0045, rcnn_cls: 0.1059, rcnn_box 0.0809
[session 1][epoch 18][iter  200/1872] loss: 0.3441, lr: 1.00e-06
			fg/bg=(192/832), time cost: 561.966560
			rpn_cls: 0.0157, rpn_box: 0.0275, rcnn_cls: 0.0876, rcnn_box 0.0834
[session 1][epoch 18][iter  300/1872] loss: 0.3707, lr: 1.00e-06
			fg/bg=(256/768), time cost: 559.403744
			rpn_cls: 0.0469, rpn_box: 0.1645, rcnn_cls: 0.1959, rcnn_box 0.1152
[session 1][epoch 18][iter  400/1872] loss: 0.3450, lr: 1.00e-06
			fg/bg=(152/872), time cost: 561.617655
			rpn_cls: 0.0129, rpn_box: 0.0311, rcnn_cls: 0.0941, rcnn_box 0.0679
[session 1][epoch 18][iter  500/1872] loss: 0.3677, lr: 1.00e-06
			fg/bg=(232/792), time cost: 563.820439
			rpn_cls: 0.0856, rpn_box: 0.0438, rcnn_cls: 0.3067, rcnn_box 0.1999
[session 1][epoch 18][iter  600/1872] loss: 0.3592, lr: 1.00e-06
			fg/bg=(246/778), time cost: 561.969820
			rpn_cls: 0.0417, rpn_box: 0.1517, rcnn_cls: 0.1507, rcnn_box 0.1362
[session 1][epoch 18][iter  700/1872] loss: 0.3692, lr: 1.00e-06
			fg/bg=(200/824), time cost: 564.700927
			rpn_cls: 0.0375, rpn_box: 0.0581, rcnn_cls: 0.2165, rcnn_box 0.1015
[session 1][epoch 18][iter  800/1872] loss: 0.3560, lr: 1.00e-06
			fg/bg=(210/814), time cost: 565.942490
			rpn_cls: 0.0397, rpn_box: 0.0715, rcnn_cls: 0.1166, rcnn_box 0.1078
[session 1][epoch 18][iter  900/1872] loss: 0.3530, lr: 1.00e-06
			fg/bg=(256/768), time cost: 564.073948
			rpn_cls: 0.0597, rpn_box: 0.0324, rcnn_cls: 0.1244, rcnn_box 0.1288
[session 1][epoch 18][iter 1000/1872] loss: 0.3675, lr: 1.00e-06
			fg/bg=(248/776), time cost: 564.612339
			rpn_cls: 0.0626, rpn_box: 0.1299, rcnn_cls: 0.2031, rcnn_box 0.1706
[session 1][epoch 18][iter 1100/1872] loss: 0.3512, lr: 1.00e-06
			fg/bg=(178/846), time cost: 563.997109
			rpn_cls: 0.0254, rpn_box: 0.0054, rcnn_cls: 0.2535, rcnn_box 0.1342
[session 1][epoch 18][iter 1200/1872] loss: 0.3385, lr: 1.00e-06
			fg/bg=(183/841), time cost: 563.848241
			rpn_cls: 0.0202, rpn_box: 0.0076, rcnn_cls: 0.0756, rcnn_box 0.0779
[session 1][epoch 18][iter 1300/1872] loss: 0.3504, lr: 1.00e-06
			fg/bg=(201/823), time cost: 564.336526
			rpn_cls: 0.0385, rpn_box: 0.0396, rcnn_cls: 0.1283, rcnn_box 0.0986
[session 1][epoch 18][iter 1400/1872] loss: 0.3404, lr: 1.00e-06
			fg/bg=(246/778), time cost: 564.960623
			rpn_cls: 0.0772, rpn_box: 0.0880, rcnn_cls: 0.1358, rcnn_box 0.1094
[session 1][epoch 18][iter 1500/1872] loss: 0.3577, lr: 1.00e-06
			fg/bg=(199/825), time cost: 560.735228
			rpn_cls: 0.0290, rpn_box: 0.0395, rcnn_cls: 0.2506, rcnn_box 0.1480
[session 1][epoch 18][iter 1600/1872] loss: 0.3454, lr: 1.00e-06
			fg/bg=(210/814), time cost: 565.519274
			rpn_cls: 0.0267, rpn_box: 0.0479, rcnn_cls: 0.1300, rcnn_box 0.1320
[session 1][epoch 18][iter 1700/1872] loss: 0.3616, lr: 1.00e-06
			fg/bg=(203/821), time cost: 561.940406
			rpn_cls: 0.0896, rpn_box: 0.0671, rcnn_cls: 0.1932, rcnn_box 0.1319
[session 1][epoch 18][iter 1800/1872] loss: 0.3860, lr: 1.00e-06
			fg/bg=(256/768), time cost: 563.871037
			rpn_cls: 0.0580, rpn_box: 0.1100, rcnn_cls: 0.1060, rcnn_box 0.0902
total training time: 183016.091396
[session 1][epoch 19][iter    0/1872] loss: 0.3686, lr: 1.00e-06
			fg/bg=(212/812), time cost: 6.212184
			rpn_cls: 0.0442, rpn_box: 0.0509, rcnn_cls: 0.1593, rcnn_box 0.1142
[session 1][epoch 19][iter  100/1872] loss: 0.3391, lr: 1.00e-06
			fg/bg=(198/826), time cost: 565.552316
			rpn_cls: 0.0626, rpn_box: 0.0960, rcnn_cls: 0.1473, rcnn_box 0.0964
[session 1][epoch 19][iter  200/1872] loss: 0.3587, lr: 1.00e-06
			fg/bg=(201/823), time cost: 561.466232
			rpn_cls: 0.0438, rpn_box: 0.0494, rcnn_cls: 0.1389, rcnn_box 0.0952
[session 1][epoch 19][iter  300/1872] loss: 0.3474, lr: 1.00e-06
			fg/bg=(200/824), time cost: 561.520296
			rpn_cls: 0.0247, rpn_box: 0.0373, rcnn_cls: 0.1073, rcnn_box 0.0991
[session 1][epoch 19][iter  400/1872] loss: 0.3562, lr: 1.00e-06
			fg/bg=(155/869), time cost: 564.613468
			rpn_cls: 0.0237, rpn_box: 0.0192, rcnn_cls: 0.1046, rcnn_box 0.0922
[session 1][epoch 19][iter  500/1872] loss: 0.3685, lr: 1.00e-06
			fg/bg=(161/863), time cost: 563.259318
			rpn_cls: 0.0273, rpn_box: 0.0079, rcnn_cls: 0.1171, rcnn_box 0.1063
[session 1][epoch 19][iter  600/1872] loss: 0.3840, lr: 1.00e-06
			fg/bg=(195/829), time cost: 561.638026
			rpn_cls: 0.0194, rpn_box: 0.0641, rcnn_cls: 0.1231, rcnn_box 0.0826
[session 1][epoch 19][iter  700/1872] loss: 0.3436, lr: 1.00e-06
			fg/bg=(208/816), time cost: 561.611201
			rpn_cls: 0.0455, rpn_box: 0.0339, rcnn_cls: 0.1131, rcnn_box 0.1068
[session 1][epoch 19][iter  800/1872] loss: 0.3718, lr: 1.00e-06
			fg/bg=(256/768), time cost: 561.024604
			rpn_cls: 0.0591, rpn_box: 0.1631, rcnn_cls: 0.1328, rcnn_box 0.1157
[session 1][epoch 19][iter  900/1872] loss: 0.3512, lr: 1.00e-06
			fg/bg=(151/873), time cost: 560.183675
			rpn_cls: 0.0158, rpn_box: 0.0338, rcnn_cls: 0.1115, rcnn_box 0.0622
[session 1][epoch 19][iter 1000/1872] loss: 0.3599, lr: 1.00e-06
			fg/bg=(230/794), time cost: 561.582336
			rpn_cls: 0.0585, rpn_box: 0.1375, rcnn_cls: 0.1231, rcnn_box 0.0988
[session 1][epoch 19][iter 1100/1872] loss: 0.3711, lr: 1.00e-06
			fg/bg=(194/830), time cost: 560.971451
			rpn_cls: 0.0320, rpn_box: 0.0597, rcnn_cls: 0.1412, rcnn_box 0.0638
[session 1][epoch 19][iter 1200/1872] loss: 0.3552, lr: 1.00e-06
			fg/bg=(199/825), time cost: 562.849255
			rpn_cls: 0.0200, rpn_box: 0.0277, rcnn_cls: 0.2029, rcnn_box 0.1267
[session 1][epoch 19][iter 1300/1872] loss: 0.3477, lr: 1.00e-06
			fg/bg=(196/828), time cost: 563.333226
			rpn_cls: 0.0169, rpn_box: 0.0080, rcnn_cls: 0.1233, rcnn_box 0.0792
[session 1][epoch 19][iter 1400/1872] loss: 0.3559, lr: 1.00e-06
			fg/bg=(183/841), time cost: 562.128215
			rpn_cls: 0.0194, rpn_box: 0.0040, rcnn_cls: 0.0735, rcnn_box 0.0701
[session 1][epoch 19][iter 1500/1872] loss: 0.3738, lr: 1.00e-06
			fg/bg=(183/841), time cost: 564.642947
			rpn_cls: 0.0365, rpn_box: 0.0248, rcnn_cls: 0.1246, rcnn_box 0.0572
[session 1][epoch 19][iter 1600/1872] loss: 0.3440, lr: 1.00e-06
			fg/bg=(192/832), time cost: 564.181259
			rpn_cls: 0.0248, rpn_box: 0.0041, rcnn_cls: 0.1260, rcnn_box 0.1010
[session 1][epoch 19][iter 1700/1872] loss: 0.3647, lr: 1.00e-06
			fg/bg=(223/801), time cost: 563.633505
			rpn_cls: 0.0572, rpn_box: 0.0478, rcnn_cls: 0.2242, rcnn_box 0.1448
[session 1][epoch 19][iter 1800/1872] loss: 0.3572, lr: 1.00e-06
			fg/bg=(195/829), time cost: 565.333372
			rpn_cls: 0.0256, rpn_box: 0.0112, rcnn_cls: 0.0879, rcnn_box 0.0729
total training time: 193151.828281
[session 1][epoch 20][iter    0/1872] loss: 0.2966, lr: 1.00e-06
			fg/bg=(195/829), time cost: 5.968167
			rpn_cls: 0.0573, rpn_box: 0.0697, rcnn_cls: 0.0814, rcnn_box 0.0881
[session 1][epoch 20][iter  100/1872] loss: 0.3557, lr: 1.00e-06
			fg/bg=(177/847), time cost: 563.508034
			rpn_cls: 0.0185, rpn_box: 0.0353, rcnn_cls: 0.1685, rcnn_box 0.1282
[session 1][epoch 20][iter  200/1872] loss: 0.3836, lr: 1.00e-06
			fg/bg=(228/796), time cost: 563.004272
			rpn_cls: 0.0282, rpn_box: 0.0237, rcnn_cls: 0.0985, rcnn_box 0.1239
[session 1][epoch 20][iter  300/1872] loss: 0.3481, lr: 1.00e-06
			fg/bg=(222/802), time cost: 565.055991
			rpn_cls: 0.0625, rpn_box: 0.0385, rcnn_cls: 0.1879, rcnn_box 0.1675
[session 1][epoch 20][iter  400/1872] loss: 0.3571, lr: 1.00e-06
			fg/bg=(256/768), time cost: 564.513341
			rpn_cls: 0.0693, rpn_box: 0.1202, rcnn_cls: 0.1767, rcnn_box 0.1451
[session 1][epoch 20][iter  500/1872] loss: 0.3505, lr: 1.00e-06
			fg/bg=(198/826), time cost: 564.372691
			rpn_cls: 0.0341, rpn_box: 0.0437, rcnn_cls: 0.1478, rcnn_box 0.0691
[session 1][epoch 20][iter  600/1872] loss: 0.3348, lr: 1.00e-06
			fg/bg=(164/860), time cost: 565.503264
			rpn_cls: 0.0454, rpn_box: 0.0906, rcnn_cls: 0.1172, rcnn_box 0.0816
[session 1][epoch 20][iter  700/1872] loss: 0.3631, lr: 1.00e-06
			fg/bg=(251/773), time cost: 563.865404
			rpn_cls: 0.0974, rpn_box: 0.1565, rcnn_cls: 0.1396, rcnn_box 0.1478
[session 1][epoch 20][iter  800/1872] loss: 0.3691, lr: 1.00e-06
			fg/bg=(192/832), time cost: 564.103736
			rpn_cls: 0.0380, rpn_box: 0.0045, rcnn_cls: 0.0491, rcnn_box 0.0450
[session 1][epoch 20][iter  900/1872] loss: 0.3504, lr: 1.00e-06
			fg/bg=(179/845), time cost: 565.007265
			rpn_cls: 0.0211, rpn_box: 0.0026, rcnn_cls: 0.0592, rcnn_box 0.0572
[session 1][epoch 20][iter 1000/1872] loss: 0.3504, lr: 1.00e-06
			fg/bg=(183/841), time cost: 566.069924
			rpn_cls: 0.0365, rpn_box: 0.0470, rcnn_cls: 0.2102, rcnn_box 0.1180
[session 1][epoch 20][iter 1100/1872] loss: 0.3621, lr: 1.00e-06
			fg/bg=(200/824), time cost: 565.189943
			rpn_cls: 0.0425, rpn_box: 0.0498, rcnn_cls: 0.0951, rcnn_box 0.1067
[session 1][epoch 20][iter 1200/1872] loss: 0.3380, lr: 1.00e-06
			fg/bg=(139/885), time cost: 566.690769
			rpn_cls: 0.0295, rpn_box: 0.0365, rcnn_cls: 0.0484, rcnn_box 0.0654
[session 1][epoch 20][iter 1300/1872] loss: 0.3554, lr: 1.00e-06
			fg/bg=(228/796), time cost: 566.420214
			rpn_cls: 0.0724, rpn_box: 0.2488, rcnn_cls: 0.0745, rcnn_box 0.1129
[session 1][epoch 20][iter 1400/1872] loss: 0.3719, lr: 1.00e-06
			fg/bg=(217/807), time cost: 564.421126
			rpn_cls: 0.0653, rpn_box: 0.0691, rcnn_cls: 0.1931, rcnn_box 0.1604
[session 1][epoch 20][iter 1500/1872] loss: 0.3581, lr: 1.00e-06
			fg/bg=(177/847), time cost: 564.551326
			rpn_cls: 0.0480, rpn_box: 0.0883, rcnn_cls: 0.1645, rcnn_box 0.1222
[session 1][epoch 20][iter 1600/1872] loss: 0.3412, lr: 1.00e-06
			fg/bg=(180/844), time cost: 564.008265
			rpn_cls: 0.0512, rpn_box: 0.0362, rcnn_cls: 0.0885, rcnn_box 0.0905
[session 1][epoch 20][iter 1700/1872] loss: 0.3801, lr: 1.00e-06
			fg/bg=(190/834), time cost: 562.026462
			rpn_cls: 0.0545, rpn_box: 0.0464, rcnn_cls: 0.0917, rcnn_box 0.1136
[session 1][epoch 20][iter 1800/1872] loss: 0.3725, lr: 1.00e-06
			fg/bg=(185/839), time cost: 563.720228
			rpn_cls: 0.0396, rpn_box: 0.0304, rcnn_cls: 0.1583, rcnn_box 0.1355
total training time: 203319.828703
save model: models/res50/pascal_voc/faster_rcnn_1_20_1871.pth
