Called with args:
Namespace(batch_size=2, checkepoch=1, checkpoint=0, checkpoint_interval=10000, checksession=1, class_agnostic=False, cuda=True, dataset='pascal_voc', disp_interval=1000, large_scale=False, lr=0.001, lr_decay_gamma=0.1, lr_decay_step=5, mGPUs=False, max_epochs=20, net='res101', num_workers=1, optimizer='adam', resume=False, save_dir='models', session=1, start_epoch=1, use_tfboard=False)
/home/jason/Faster-R-CNN/lib/model/utils/config.py:377: YAMLLoadWarning: calling yaml.load() without Loader=... is deprecated, as the default Loader is unsafe. Please read https://msg.pyyaml.org/load for full details.
  yaml_cfg = edict(yaml.load(f))
Using config:
{'ANCHOR_RATIOS': [0.5, 1, 2],
 'ANCHOR_SCALES': [8, 16, 32],
 'CROP_RESIZE_WITH_MAX_POOL': False,
 'CUDA': False,
 'DATA_DIR': '/home/jason/Faster-R-CNN/data',
 'DEDUP_BOXES': 0.0625,
 'EPS': 1e-14,
 'EXP_DIR': 'res101',
 'FEAT_STRIDE': [16],
 'GPU_ID': 0,
 'MATLAB': 'matlab',
 'MAX_NUM_GT_BOXES': 20,
 'MOBILENET': {'DEPTH_MULTIPLIER': 1.0,
               'FIXED_LAYERS': 5,
               'REGU_DEPTH': False,
               'WEIGHT_DECAY': 4e-05},
 'PIXEL_MEANS': array([[[102.9801, 115.9465, 122.7717]]]),
 'POOLING_MODE': 'align',
 'POOLING_SIZE': 7,
 'RESNET': {'FIXED_BLOCKS': 1, 'MAX_POOL': False},
 'RNG_SEED': 3,
 'ROOT_DIR': '/home/jason/Faster-R-CNN',
 'TEST': {'BBOX_REG': True,
          'HAS_RPN': True,
          'MAX_SIZE': 1000,
          'MODE': 'nms',
          'NMS': 0.3,
          'PROPOSAL_METHOD': 'gt',
          'RPN_MIN_SIZE': 16,
          'RPN_NMS_THRESH': 0.7,
          'RPN_POST_NMS_TOP_N': 300,
          'RPN_PRE_NMS_TOP_N': 6000,
          'RPN_TOP_N': 5000,
          'SCALES': [600],
          'SVM': False},
 'TRAIN': {'ASPECT_GROUPING': False,
           'BATCH_SIZE': 128,
           'BBOX_INSIDE_WEIGHTS': [1.0, 1.0, 1.0, 1.0],
           'BBOX_NORMALIZE_MEANS': [0.0, 0.0, 0.0, 0.0],
           'BBOX_NORMALIZE_STDS': [0.1, 0.1, 0.2, 0.2],
           'BBOX_NORMALIZE_TARGETS': True,
           'BBOX_NORMALIZE_TARGETS_PRECOMPUTED': True,
           'BBOX_REG': True,
           'BBOX_THRESH': 0.5,
           'BG_THRESH_HI': 0.5,
           'BG_THRESH_LO': 0.0,
           'BIAS_DECAY': False,
           'BN_TRAIN': False,
           'BRIGHTNESS_CHANGE': False,
           'DISPLAY': 20,
           'DOUBLE_BIAS': False,
           'FG_FRACTION': 0.25,
           'FG_THRESH': 0.5,
           'GAMMA': 0.1,
           'HAS_RPN': True,
           'IMS_PER_BATCH': 1,
           'LEARNING_RATE': 0.001,
           'MAX_SIZE': 1000,
           'MOMENTUM': 0.9,
           'PROPOSAL_METHOD': 'gt',
           'ROTATE_90': False,
           'RPN_BATCHSIZE': 256,
           'RPN_BBOX_INSIDE_WEIGHTS': [1.0, 1.0, 1.0, 1.0],
           'RPN_CLOBBER_POSITIVES': False,
           'RPN_FG_FRACTION': 0.5,
           'RPN_MIN_SIZE': 8,
           'RPN_NEGATIVE_OVERLAP': 0.3,
           'RPN_NMS_THRESH': 0.7,
           'RPN_POSITIVE_OVERLAP': 0.7,
           'RPN_POSITIVE_WEIGHT': -1.0,
           'RPN_POST_NMS_TOP_N': 2000,
           'RPN_PRE_NMS_TOP_N': 12000,
           'SCALES': [600],
           'SNAPSHOT_ITERS': 5000,
           'SNAPSHOT_KEPT': 3,
           'SNAPSHOT_PREFIX': 'res101_faster_rcnn',
           'STEPSIZE': [30000],
           'SUMMARY_INTERVAL': 180,
           'TRIM_HEIGHT': 600,
           'TRIM_WIDTH': 600,
           'TRUNCATED': False,
           'USE_ALL_GT': True,
           'USE_FLIPPED': True,
           'USE_GT': False,
           'USE_VERTICAL_FLIPPED': False,
           'WEIGHT_DECAY': 0.0001},
 'USE_GPU_NMS': True}
['voc_2007_trainval']
Loaded dataset `voc_2007_trainval` for training
Set proposal method: gt
Appending horizontally-flipped training examples...
voc_2007_trainval gt roidb loaded from /home/jason/Faster-R-CNN/data/cache/voc_2007_trainval_gt_roidb.pkl
done
Preparing training data...
done
before filtering, there are 14978 images...
after filtering, there are 10708 images...
['voc_2007_test']
Loaded dataset `voc_2007_test` for training
Set proposal method: gt
Preparing training data...
voc_2007_test gt roidb loaded from /home/jason/Faster-R-CNN/data/cache/voc_2007_test_gt_roidb.pkl
done
before filtering, there are 1888 images...
after filtering, there are 1375 images...
10708 roidb entries
1375 roidb2 entries
/home/jason/Faster-R-CNN/lib/model/rpn/rpn.py:93: UserWarning: This overload of nonzero is deprecated:
	nonzero()
Consider using one of the following signatures instead:
	nonzero(*, bool as_tuple) (Triggered internally at  /pytorch/torch/csrc/utils/python_arg_parser.cpp:882.)
  rpn_keep = Variable(rpn_label.view(-1).ne(-1).nonzero().view(-1))
[session 1][epoch  1][iter    0/5354] training loss: 13.9305,  lr: 1.00e-04
			fg/bg=(2/254), time cost: 2.355139
			rpn_cls: 0.8768, rpn_box: 0.3955, rcnn_cls: 12.6480, rcnn_box 0.0103
[session 1][epoch  1][iter 1000/5354] training loss: 0.5198,  lr: 1.00e-04
			fg/bg=(5/251), time cost: 1704.729532
			rpn_cls: 0.2198, rpn_box: 0.1051, rcnn_cls: 0.0697, rcnn_box 0.0463
[session 1][epoch  1][iter 2000/5354] training loss: 0.4985,  lr: 1.00e-04
			fg/bg=(13/243), time cost: 1611.268605
			rpn_cls: 0.0368, rpn_box: 0.0074, rcnn_cls: 0.2334, rcnn_box 0.0889
[session 1][epoch  1][iter 3000/5354] training loss: 0.5185,  lr: 1.00e-04
			fg/bg=(14/242), time cost: 1622.654747
			rpn_cls: 0.0360, rpn_box: 0.0068, rcnn_cls: 0.2185, rcnn_box 0.0874
[session 1][epoch  1][iter 4000/5354] training loss: 0.4980,  lr: 1.00e-04
			fg/bg=(56/200), time cost: 1626.200069
			rpn_cls: 0.0499, rpn_box: 0.0039, rcnn_cls: 0.6799, rcnn_box 0.4264
[session 1][epoch  1][iter 5000/5354] training loss: 0.4939,  lr: 1.00e-04
			fg/bg=(15/241), time cost: 1621.289318
			rpn_cls: 0.0694, rpn_box: 0.0237, rcnn_cls: 0.1924, rcnn_box 0.0867
Epoch 1: Training loss: 0.5044, Testing loss: 0.5688
total training time: 8188.497411
[session 1][epoch  2][iter    0/5354] training loss: 0.7548,  lr: 1.00e-04
			fg/bg=(36/220), time cost: 2.472265
			rpn_cls: 0.0539, rpn_box: 0.0028, rcnn_cls: 0.5208, rcnn_box 0.1773
[session 1][epoch  2][iter 1000/5354] training loss: 0.4572,  lr: 1.00e-04
			fg/bg=(37/219), time cost: 1726.689170
			rpn_cls: 0.0304, rpn_box: 0.0027, rcnn_cls: 0.5058, rcnn_box 0.1939
[session 1][epoch  2][iter 2000/5354] training loss: 0.4643,  lr: 1.00e-04
			fg/bg=(18/238), time cost: 1594.826114
			rpn_cls: 0.1091, rpn_box: 0.0634, rcnn_cls: 0.3361, rcnn_box 0.1440
[session 1][epoch  2][iter 3000/5354] training loss: 0.4702,  lr: 1.00e-04
			fg/bg=(16/240), time cost: 1622.336080
			rpn_cls: 0.0352, rpn_box: 0.0266, rcnn_cls: 0.2301, rcnn_box 0.0815
[session 1][epoch  2][iter 4000/5354] training loss: 0.4438,  lr: 1.00e-04
			fg/bg=(16/240), time cost: 1574.483636
			rpn_cls: 0.0630, rpn_box: 0.0278, rcnn_cls: 0.2822, rcnn_box 0.1161
[session 1][epoch  2][iter 5000/5354] training loss: 0.4172,  lr: 1.00e-04
			fg/bg=(12/244), time cost: 1566.211147
			rpn_cls: 0.0750, rpn_box: 0.0278, rcnn_cls: 0.2454, rcnn_box 0.0615
Epoch 2: Training loss: 0.4510, Testing loss: 0.4579
total training time: 16275.515823
[session 1][epoch  3][iter    0/5354] training loss: 0.3280,  lr: 1.00e-04
			fg/bg=(27/229), time cost: 2.230558
			rpn_cls: 0.0113, rpn_box: 0.0025, rcnn_cls: 0.1982, rcnn_box 0.1160
[session 1][epoch  3][iter 1000/5354] training loss: 0.4168,  lr: 1.00e-04
			fg/bg=(30/226), time cost: 1712.201675
			rpn_cls: 0.0158, rpn_box: 0.0109, rcnn_cls: 0.2594, rcnn_box 0.1211
[session 1][epoch  3][iter 2000/5354] training loss: 0.4019,  lr: 1.00e-04
			fg/bg=(20/236), time cost: 1578.438985
			rpn_cls: 0.0356, rpn_box: 0.0100, rcnn_cls: 0.1086, rcnn_box 0.0717
[session 1][epoch  3][iter 3000/5354] training loss: 0.4104,  lr: 1.00e-04
			fg/bg=(16/240), time cost: 1578.877672
			rpn_cls: 0.0381, rpn_box: 0.0186, rcnn_cls: 0.2396, rcnn_box 0.1250
[session 1][epoch  3][iter 4000/5354] training loss: 0.4021,  lr: 1.00e-04
			fg/bg=(42/214), time cost: 1580.364598
			rpn_cls: 0.0189, rpn_box: 0.0017, rcnn_cls: 0.2724, rcnn_box 0.1302
[session 1][epoch  3][iter 5000/5354] training loss: 0.4894,  lr: 1.00e-04
			fg/bg=(23/233), time cost: 1587.490677
			rpn_cls: 0.1192, rpn_box: 0.0273, rcnn_cls: 0.3952, rcnn_box 0.1530
Epoch 3: Training loss: 0.4240, Testing loss: 0.4142
total training time: 24315.119989
[session 1][epoch  4][iter    0/5354] training loss: 0.2723,  lr: 1.00e-04
			fg/bg=(9/247), time cost: 2.392630
			rpn_cls: 0.0561, rpn_box: 0.0571, rcnn_cls: 0.1221, rcnn_box 0.0370
[session 1][epoch  4][iter 1000/5354] training loss: 0.3917,  lr: 1.00e-04
			fg/bg=(17/239), time cost: 1662.613737
			rpn_cls: 0.0108, rpn_box: 0.0016, rcnn_cls: 0.0851, rcnn_box 0.0911
[session 1][epoch  4][iter 2000/5354] training loss: 0.3808,  lr: 1.00e-04
			fg/bg=(13/243), time cost: 1578.937971
			rpn_cls: 0.0342, rpn_box: 0.0120, rcnn_cls: 0.0831, rcnn_box 0.0536
[session 1][epoch  4][iter 3000/5354] training loss: 0.3804,  lr: 1.00e-04
			fg/bg=(15/241), time cost: 1589.763034
			rpn_cls: 0.0131, rpn_box: 0.0100, rcnn_cls: 0.0916, rcnn_box 0.0301
[session 1][epoch  4][iter 4000/5354] training loss: 0.3873,  lr: 1.00e-04
			fg/bg=(13/243), time cost: 1590.969237
			rpn_cls: 0.0609, rpn_box: 0.0240, rcnn_cls: 0.1419, rcnn_box 0.0839
[session 1][epoch  4][iter 5000/5354] training loss: 0.3702,  lr: 1.00e-04
			fg/bg=(31/225), time cost: 1578.891745
			rpn_cls: 0.0928, rpn_box: 0.0082, rcnn_cls: 0.2778, rcnn_box 0.1594
Epoch 4: Training loss: 0.3816, Testing loss: 0.3954
total training time: 32318.688342
[session 1][epoch  5][iter    0/5354] training loss: 0.7921,  lr: 1.00e-04
			fg/bg=(47/209), time cost: 2.275144
			rpn_cls: 0.0995, rpn_box: 0.0350, rcnn_cls: 0.3748, rcnn_box 0.2828
[session 1][epoch  5][iter 1000/5354] training loss: 0.3615,  lr: 1.00e-04
			fg/bg=(10/246), time cost: 1649.671253
			rpn_cls: 0.0519, rpn_box: 0.0231, rcnn_cls: 0.0982, rcnn_box 0.0291
[session 1][epoch  5][iter 2000/5354] training loss: 0.3634,  lr: 1.00e-04
			fg/bg=(11/245), time cost: 1574.802772
			rpn_cls: 0.0189, rpn_box: 0.0102, rcnn_cls: 0.0941, rcnn_box 0.0619
[session 1][epoch  5][iter 3000/5354] training loss: 0.3593,  lr: 1.00e-04
			fg/bg=(19/237), time cost: 1580.763777
			rpn_cls: 0.0081, rpn_box: 0.0210, rcnn_cls: 0.1264, rcnn_box 0.0553
[session 1][epoch  5][iter 4000/5354] training loss: 0.3546,  lr: 1.00e-04
			fg/bg=(18/238), time cost: 1577.936601
			rpn_cls: 0.0156, rpn_box: 0.0169, rcnn_cls: 0.1442, rcnn_box 0.0499
[session 1][epoch  5][iter 5000/5354] training loss: 0.3505,  lr: 1.00e-04
			fg/bg=(28/228), time cost: 1585.458685
			rpn_cls: 0.0182, rpn_box: 0.0023, rcnn_cls: 0.1103, rcnn_box 0.0845
Epoch 5: Training loss: 0.3572, Testing loss: 0.3678
total training time: 40289.596573
[session 1][epoch  6][iter    0/5354] training loss: 0.1331,  lr: 1.00e-05
			fg/bg=(16/240), time cost: 2.963726
			rpn_cls: 0.0064, rpn_box: 0.0197, rcnn_cls: 0.0542, rcnn_box 0.0528
[session 1][epoch  6][iter 1000/5354] training loss: 0.3190,  lr: 1.00e-05
			fg/bg=(19/237), time cost: 1686.073921
			rpn_cls: 0.0144, rpn_box: 0.0181, rcnn_cls: 0.1322, rcnn_box 0.0791
[session 1][epoch  6][iter 2000/5354] training loss: 0.2991,  lr: 1.00e-05
			fg/bg=(20/236), time cost: 1603.845823
			rpn_cls: 0.0170, rpn_box: 0.0037, rcnn_cls: 0.1263, rcnn_box 0.0849
[session 1][epoch  6][iter 3000/5354] training loss: 0.2939,  lr: 1.00e-05
			fg/bg=(18/238), time cost: 1602.060697
			rpn_cls: 0.0143, rpn_box: 0.0129, rcnn_cls: 0.1703, rcnn_box 0.0507
[session 1][epoch  6][iter 4000/5354] training loss: 0.2917,  lr: 1.00e-05
			fg/bg=(29/227), time cost: 1595.478592
			rpn_cls: 0.0102, rpn_box: 0.0047, rcnn_cls: 0.2381, rcnn_box 0.0877
[session 1][epoch  6][iter 5000/5354] training loss: 0.2751,  lr: 1.00e-05
			fg/bg=(13/243), time cost: 1586.424304
			rpn_cls: 0.2692, rpn_box: 0.0764, rcnn_cls: 0.2470, rcnn_box 0.1026
Epoch 6: Training loss: 0.2939, Testing loss: 0.3233
total training time: 48366.443636
[session 1][epoch  7][iter    0/5354] training loss: 0.2204,  lr: 1.00e-05
			fg/bg=(16/240), time cost: 2.607471
			rpn_cls: 0.0199, rpn_box: 0.0134, rcnn_cls: 0.1274, rcnn_box 0.0596
[session 1][epoch  7][iter 1000/5354] training loss: 0.2728,  lr: 1.00e-05
			fg/bg=(34/222), time cost: 1688.910535
			rpn_cls: 0.0352, rpn_box: 0.0052, rcnn_cls: 0.3130, rcnn_box 0.1339
[session 1][epoch  7][iter 2000/5354] training loss: 0.2767,  lr: 1.00e-05
			fg/bg=(17/239), time cost: 1575.036806
			rpn_cls: 0.0381, rpn_box: 0.0202, rcnn_cls: 0.0214, rcnn_box 0.0422
[session 1][epoch  7][iter 3000/5354] training loss: 0.2617,  lr: 1.00e-05
			fg/bg=(27/229), time cost: 1298.987563
			rpn_cls: 0.0778, rpn_box: 0.0068, rcnn_cls: 0.1720, rcnn_box 0.0374
[session 1][epoch  7][iter 4000/5354] training loss: 0.2576,  lr: 1.00e-05
			fg/bg=(35/221), time cost: 1248.475534
			rpn_cls: 0.0143, rpn_box: 0.0011, rcnn_cls: 0.2280, rcnn_box 0.0950
[session 1][epoch  7][iter 5000/5354] training loss: 0.2718,  lr: 1.00e-05
			fg/bg=(55/201), time cost: 1234.677857
			rpn_cls: 0.4175, rpn_box: 0.0483, rcnn_cls: 0.2054, rcnn_box 0.3664
Epoch 7: Training loss: 0.2683, Testing loss: 0.2861
total training time: 55415.139403
[session 1][epoch  8][iter    0/5354] training loss: 0.0872,  lr: 1.00e-05
			fg/bg=(20/236), time cost: 1.763467
			rpn_cls: 0.0146, rpn_box: 0.0043, rcnn_cls: 0.0517, rcnn_box 0.0167
[session 1][epoch  8][iter 1000/5354] training loss: 0.2557,  lr: 1.00e-05
			fg/bg=(13/243), time cost: 1304.649695
			rpn_cls: 0.0353, rpn_box: 0.0241, rcnn_cls: 0.0436, rcnn_box 0.0349
[session 1][epoch  8][iter 2000/5354] training loss: 0.2479,  lr: 1.00e-05
			fg/bg=(36/220), time cost: 1244.189729
			rpn_cls: 0.0273, rpn_box: 0.0050, rcnn_cls: 0.1048, rcnn_box 0.0684
[session 1][epoch  8][iter 3000/5354] training loss: 0.2498,  lr: 1.00e-05
			fg/bg=(38/218), time cost: 1242.744033
			rpn_cls: 0.0204, rpn_box: 0.0013, rcnn_cls: 0.2753, rcnn_box 0.1824
[session 1][epoch  8][iter 4000/5354] training loss: 0.2471,  lr: 1.00e-05
			fg/bg=(18/238), time cost: 1242.055392
			rpn_cls: 0.0049, rpn_box: 0.0234, rcnn_cls: 0.1495, rcnn_box 0.0754
[session 1][epoch  8][iter 5000/5354] training loss: 0.2384,  lr: 1.00e-05
			fg/bg=(27/229), time cost: 1239.568301
			rpn_cls: 0.0073, rpn_box: 0.0041, rcnn_cls: 0.0771, rcnn_box 0.0352
Epoch 8: Training loss: 0.2475, Testing loss: 0.2679
total training time: 61690.110021
[session 1][epoch  9][iter    0/5354] training loss: 0.0978,  lr: 1.00e-05
			fg/bg=(13/243), time cost: 1.794714
			rpn_cls: 0.0099, rpn_box: 0.0087, rcnn_cls: 0.0602, rcnn_box 0.0191
[session 1][epoch  9][iter 1000/5354] training loss: 0.2303,  lr: 1.00e-05
			fg/bg=(15/241), time cost: 1308.437225
			rpn_cls: 0.0228, rpn_box: 0.0202, rcnn_cls: 0.0890, rcnn_box 0.0298
[session 1][epoch  9][iter 2000/5354] training loss: 0.2311,  lr: 1.00e-05
			fg/bg=(40/216), time cost: 1238.018149
			rpn_cls: 0.0316, rpn_box: 0.0027, rcnn_cls: 0.1598, rcnn_box 0.0934
[session 1][epoch  9][iter 3000/5354] training loss: 0.2362,  lr: 1.00e-05
			fg/bg=(44/212), time cost: 1240.443239
			rpn_cls: 0.0230, rpn_box: 0.0035, rcnn_cls: 0.0727, rcnn_box 0.1673
[session 1][epoch  9][iter 4000/5354] training loss: 0.2279,  lr: 1.00e-05
			fg/bg=(23/233), time cost: 1241.907429
			rpn_cls: 0.0061, rpn_box: 0.0043, rcnn_cls: 0.0653, rcnn_box 0.0463
[session 1][epoch  9][iter 5000/5354] training loss: 0.2307,  lr: 1.00e-05
			fg/bg=(23/233), time cost: 1238.261105
			rpn_cls: 0.0048, rpn_box: 0.0009, rcnn_cls: 0.0696, rcnn_box 0.0182
Epoch 9: Training loss: 0.2311, Testing loss: 0.2578
total training time: 67958.971882
[session 1][epoch 10][iter    0/5354] training loss: 0.1999,  lr: 1.00e-05
			fg/bg=(22/234), time cost: 1.846499
			rpn_cls: 0.0061, rpn_box: 0.0041, rcnn_cls: 0.0677, rcnn_box 0.1220
[session 1][epoch 10][iter 1000/5354] training loss: 0.2169,  lr: 1.00e-05
			fg/bg=(31/225), time cost: 1314.577683
			rpn_cls: 0.0325, rpn_box: 0.0145, rcnn_cls: 0.1372, rcnn_box 0.0631
[session 1][epoch 10][iter 2000/5354] training loss: 0.2233,  lr: 1.00e-05
			fg/bg=(36/220), time cost: 1236.938271
			rpn_cls: 0.0435, rpn_box: 0.0056, rcnn_cls: 0.1557, rcnn_box 0.0852
[session 1][epoch 10][iter 3000/5354] training loss: 0.2056,  lr: 1.00e-05
			fg/bg=(34/222), time cost: 1239.220813
			rpn_cls: 0.0118, rpn_box: 0.0036, rcnn_cls: 0.2026, rcnn_box 0.0665
[session 1][epoch 10][iter 4000/5354] training loss: 0.2172,  lr: 1.00e-05
			fg/bg=(33/223), time cost: 1235.705966
			rpn_cls: 0.0031, rpn_box: 0.0014, rcnn_cls: 0.1380, rcnn_box 0.0416
[session 1][epoch 10][iter 5000/5354] training loss: 0.2164,  lr: 1.00e-05
			fg/bg=(41/215), time cost: 1237.686229
			rpn_cls: 0.0981, rpn_box: 0.0124, rcnn_cls: 0.1723, rcnn_box 0.1502
Epoch 10: Training loss: 0.2156, Testing loss: 0.2454
total training time: 74224.947343
[session 1][epoch 11][iter    0/5354] training loss: 0.4390,  lr: 1.00e-05
			fg/bg=(42/214), time cost: 1.867030
			rpn_cls: 0.0210, rpn_box: 0.0096, rcnn_cls: 0.3566, rcnn_box 0.0518
[session 1][epoch 11][iter 1000/5354] training loss: 0.2057,  lr: 1.00e-05
			fg/bg=(36/220), time cost: 1301.993081
			rpn_cls: 0.0211, rpn_box: 0.0060, rcnn_cls: 0.0863, rcnn_box 0.0549
[session 1][epoch 11][iter 2000/5354] training loss: 0.2009,  lr: 1.00e-05
			fg/bg=(32/224), time cost: 1236.309831
			rpn_cls: 0.0296, rpn_box: 0.0029, rcnn_cls: 0.0750, rcnn_box 0.0827
[session 1][epoch 11][iter 3000/5354] training loss: 0.2003,  lr: 1.00e-05
			fg/bg=(22/234), time cost: 1233.066111
			rpn_cls: 0.0125, rpn_box: 0.0043, rcnn_cls: 0.0102, rcnn_box 0.0433
[session 1][epoch 11][iter 4000/5354] training loss: 0.2071,  lr: 1.00e-05
			fg/bg=(19/237), time cost: 1233.940195
			rpn_cls: 0.0071, rpn_box: 0.0058, rcnn_cls: 0.0142, rcnn_box 0.0311
[session 1][epoch 11][iter 5000/5354] training loss: 0.1960,  lr: 1.00e-05
			fg/bg=(12/244), time cost: 1239.613138
			rpn_cls: 0.0252, rpn_box: 0.0182, rcnn_cls: 0.0061, rcnn_box 0.0371
Epoch 11: Training loss: 0.2021, Testing loss: 0.2332
total training time: 80471.736729
[session 1][epoch 12][iter    0/5354] training loss: 0.2595,  lr: 1.00e-06
			fg/bg=(21/235), time cost: 2.036131
			rpn_cls: 0.0185, rpn_box: 0.0154, rcnn_cls: 0.1299, rcnn_box 0.0957
[session 1][epoch 12][iter 1000/5354] training loss: 0.1739,  lr: 1.00e-06
			fg/bg=(17/239), time cost: 1393.521187
			rpn_cls: 0.0033, rpn_box: 0.0071, rcnn_cls: 0.0068, rcnn_box 0.0703
[session 1][epoch 12][iter 2000/5354] training loss: 0.1705,  lr: 1.00e-06
			fg/bg=(34/222), time cost: 1333.056315
			rpn_cls: 0.0074, rpn_box: 0.0038, rcnn_cls: 0.1207, rcnn_box 0.0494
[session 1][epoch 12][iter 3000/5354] training loss: 0.1680,  lr: 1.00e-06
			fg/bg=(9/247), time cost: 1270.978262
			rpn_cls: 0.0221, rpn_box: 0.0321, rcnn_cls: 0.1022, rcnn_box 0.0301
[session 1][epoch 12][iter 4000/5354] training loss: 0.1707,  lr: 1.00e-06
			fg/bg=(15/241), time cost: 1254.344434
			rpn_cls: 0.0263, rpn_box: 0.0205, rcnn_cls: 0.0372, rcnn_box 0.0359
[session 1][epoch 12][iter 5000/5354] training loss: 0.1719,  lr: 1.00e-06
			fg/bg=(28/228), time cost: 1246.469310
			rpn_cls: 0.0220, rpn_box: 0.0074, rcnn_cls: 0.0995, rcnn_box 0.0363
Epoch 12: Training loss: 0.1710, Testing loss: 0.2127
total training time: 86972.142368
[session 1][epoch 13][iter    0/5354] training loss: 0.0806,  lr: 1.00e-06
			fg/bg=(12/244), time cost: 1.748907
			rpn_cls: 0.0085, rpn_box: 0.0089, rcnn_cls: 0.0220, rcnn_box 0.0412
[session 1][epoch 13][iter 1000/5354] training loss: 0.1655,  lr: 1.00e-06
			fg/bg=(34/222), time cost: 1304.164768
			rpn_cls: 0.0101, rpn_box: 0.0085, rcnn_cls: 0.1096, rcnn_box 0.0748
[session 1][epoch 13][iter 2000/5354] training loss: 0.1626,  lr: 1.00e-06
			fg/bg=(18/238), time cost: 1240.860072
			rpn_cls: 0.0032, rpn_box: 0.0094, rcnn_cls: 0.0304, rcnn_box 0.0334
[session 1][epoch 13][iter 3000/5354] training loss: 0.1663,  lr: 1.00e-06
			fg/bg=(18/238), time cost: 1239.016108
			rpn_cls: 0.0063, rpn_box: 0.0090, rcnn_cls: 0.0021, rcnn_box 0.0390
[session 1][epoch 13][iter 4000/5354] training loss: 0.1625,  lr: 1.00e-06
			fg/bg=(40/216), time cost: 1245.186728
			rpn_cls: 0.0107, rpn_box: 0.0013, rcnn_cls: 0.0442, rcnn_box 0.0310
[session 1][epoch 13][iter 5000/5354] training loss: 0.1570,  lr: 1.00e-06
			fg/bg=(24/232), time cost: 1233.581110
			rpn_cls: 0.0822, rpn_box: 0.0515, rcnn_cls: 0.0247, rcnn_box 0.0297
Epoch 13: Training loss: 0.1635, Testing loss: 0.2084
total training time: 93236.700060
[session 1][epoch 14][iter    0/5354] training loss: 0.1982,  lr: 1.00e-06
			fg/bg=(34/222), time cost: 1.891065
			rpn_cls: 0.0151, rpn_box: 0.0017, rcnn_cls: 0.0720, rcnn_box 0.1094
[session 1][epoch 14][iter 1000/5354] training loss: 0.1573,  lr: 1.00e-06
			fg/bg=(29/227), time cost: 1300.485202
			rpn_cls: 0.0194, rpn_box: 0.0128, rcnn_cls: 0.3103, rcnn_box 0.0554
[session 1][epoch 14][iter 2000/5354] training loss: 0.1587,  lr: 1.00e-06
			fg/bg=(21/235), time cost: 1239.600296
			rpn_cls: 0.0138, rpn_box: 0.0084, rcnn_cls: 0.2429, rcnn_box 0.0175
[session 1][epoch 14][iter 3000/5354] training loss: 0.1631,  lr: 1.00e-06
			fg/bg=(33/223), time cost: 1235.193001
			rpn_cls: 0.0049, rpn_box: 0.0035, rcnn_cls: 0.0861, rcnn_box 0.0240
[session 1][epoch 14][iter 4000/5354] training loss: 0.1547,  lr: 1.00e-06
			fg/bg=(40/216), time cost: 1234.787658
			rpn_cls: 0.0121, rpn_box: 0.0026, rcnn_cls: 0.0384, rcnn_box 0.0373
[session 1][epoch 14][iter 5000/5354] training loss: 0.1582,  lr: 1.00e-06
			fg/bg=(22/234), time cost: 1241.966632
			rpn_cls: 0.0116, rpn_box: 0.0011, rcnn_cls: 0.0267, rcnn_box 0.0259
Epoch 14: Training loss: 0.1579, Testing loss: 0.2072
total training time: 99490.623914
[session 1][epoch 15][iter    0/5354] training loss: 0.1473,  lr: 1.00e-06
			fg/bg=(27/229), time cost: 1.943872
			rpn_cls: 0.0169, rpn_box: 0.0137, rcnn_cls: 0.0470, rcnn_box 0.0697
[session 1][epoch 15][iter 1000/5354] training loss: 0.1540,  lr: 1.00e-06
			fg/bg=(16/240), time cost: 1338.350918
			rpn_cls: 0.0055, rpn_box: 0.0201, rcnn_cls: 0.0470, rcnn_box 0.0676
[session 1][epoch 15][iter 2000/5354] training loss: 0.1507,  lr: 1.00e-06
			fg/bg=(27/229), time cost: 1247.442084
			rpn_cls: 0.0287, rpn_box: 0.0051, rcnn_cls: 0.0322, rcnn_box 0.0198
[session 1][epoch 15][iter 3000/5354] training loss: 0.1569,  lr: 1.00e-06
			fg/bg=(26/230), time cost: 1241.057998
			rpn_cls: 0.0129, rpn_box: 0.0082, rcnn_cls: 0.0445, rcnn_box 0.0879
[session 1][epoch 15][iter 4000/5354] training loss: 0.1563,  lr: 1.00e-06
			fg/bg=(15/241), time cost: 1241.209367
			rpn_cls: 0.0195, rpn_box: 0.0118, rcnn_cls: 0.1936, rcnn_box 0.0340
[session 1][epoch 15][iter 5000/5354] training loss: 0.1561,  lr: 1.00e-06
			fg/bg=(25/231), time cost: 1235.835699
			rpn_cls: 0.0057, rpn_box: 0.0005, rcnn_cls: 0.0144, rcnn_box 0.0209
Epoch 15: Training loss: 0.1552, Testing loss: 0.2106
total training time: 105796.463852
[session 1][epoch 16][iter    0/5354] training loss: 0.1493,  lr: 1.00e-06
			fg/bg=(30/226), time cost: 1.851663
			rpn_cls: 0.0155, rpn_box: 0.0030, rcnn_cls: 0.0756, rcnn_box 0.0552
[session 1][epoch 16][iter 1000/5354] training loss: 0.1488,  lr: 1.00e-06
			fg/bg=(26/230), time cost: 1327.914926
			rpn_cls: 0.0110, rpn_box: 0.0026, rcnn_cls: 0.0238, rcnn_box 0.0342
[session 1][epoch 16][iter 2000/5354] training loss: 0.1465,  lr: 1.00e-06
			fg/bg=(22/234), time cost: 1250.967098
			rpn_cls: 0.0066, rpn_box: 0.0201, rcnn_cls: 0.1307, rcnn_box 0.0477
[session 1][epoch 16][iter 3000/5354] training loss: 0.1536,  lr: 1.00e-06
			fg/bg=(19/237), time cost: 1255.852602
			rpn_cls: 0.0221, rpn_box: 0.0102, rcnn_cls: 0.1776, rcnn_box 0.0442
[session 1][epoch 16][iter 4000/5354] training loss: 0.1490,  lr: 1.00e-06
			fg/bg=(46/210), time cost: 1241.974464
			rpn_cls: 0.0240, rpn_box: 0.0027, rcnn_cls: 0.0191, rcnn_box 0.0508
[session 1][epoch 16][iter 5000/5354] training loss: 0.1503,  lr: 1.00e-06
			fg/bg=(20/236), time cost: 1245.057096
			rpn_cls: 0.0281, rpn_box: 0.0355, rcnn_cls: 0.0882, rcnn_box 0.1022
Epoch 16: Training loss: 0.1498, Testing loss: 0.2041
total training time: 112120.081702
[session 1][epoch 17][iter    0/5354] training loss: 0.0767,  lr: 1.00e-06
			fg/bg=(29/227), time cost: 1.828601
			rpn_cls: 0.0117, rpn_box: 0.0077, rcnn_cls: 0.0219, rcnn_box 0.0354
[session 1][epoch 17][iter 1000/5354] training loss: 0.1456,  lr: 1.00e-06
			fg/bg=(14/242), time cost: 1302.427474
			rpn_cls: 0.1419, rpn_box: 0.0673, rcnn_cls: 0.1813, rcnn_box 0.0884
[session 1][epoch 17][iter 2000/5354] training loss: 0.1459,  lr: 1.00e-06
			fg/bg=(28/228), time cost: 1239.821086
			rpn_cls: 0.0083, rpn_box: 0.0032, rcnn_cls: 0.2281, rcnn_box 0.0178
[session 1][epoch 17][iter 3000/5354] training loss: 0.1506,  lr: 1.00e-06
			fg/bg=(17/239), time cost: 1239.755820
			rpn_cls: 0.0096, rpn_box: 0.0036, rcnn_cls: 0.0328, rcnn_box 0.0297
[session 1][epoch 17][iter 4000/5354] training loss: 0.1468,  lr: 1.00e-06
			fg/bg=(36/220), time cost: 1246.158163
			rpn_cls: 0.0464, rpn_box: 0.0067, rcnn_cls: 0.0496, rcnn_box 0.0866
[session 1][epoch 17][iter 5000/5354] training loss: 0.1460,  lr: 1.00e-06
			fg/bg=(16/240), time cost: 1237.149658
			rpn_cls: 0.0206, rpn_box: 0.0014, rcnn_cls: 0.0723, rcnn_box 0.0433
Epoch 17: Training loss: 0.1464, Testing loss: 0.2046
total training time: 118387.222505
[session 1][epoch 18][iter    0/5354] training loss: 0.1714,  lr: 1.00e-07
			fg/bg=(31/225), time cost: 1.796421
			rpn_cls: 0.0057, rpn_box: 0.0051, rcnn_cls: 0.0740, rcnn_box 0.0865
[session 1][epoch 18][iter 1000/5354] training loss: 0.1354,  lr: 1.00e-07
			fg/bg=(27/229), time cost: 1305.689907
			rpn_cls: 0.0072, rpn_box: 0.0088, rcnn_cls: 0.0889, rcnn_box 0.0762
[session 1][epoch 18][iter 2000/5354] training loss: 0.1386,  lr: 1.00e-07
			fg/bg=(13/243), time cost: 1241.746341
			rpn_cls: 0.0329, rpn_box: 0.0152, rcnn_cls: 0.0075, rcnn_box 0.0227
[session 1][epoch 18][iter 3000/5354] training loss: 0.1437,  lr: 1.00e-07
			fg/bg=(11/245), time cost: 1243.256333
			rpn_cls: 0.0301, rpn_box: 0.0322, rcnn_cls: 0.0527, rcnn_box 0.0535
[session 1][epoch 18][iter 4000/5354] training loss: 0.1373,  lr: 1.00e-07
			fg/bg=(30/226), time cost: 1246.938811
			rpn_cls: 0.0077, rpn_box: 0.0020, rcnn_cls: 0.1055, rcnn_box 0.0371
[session 1][epoch 18][iter 5000/5354] training loss: 0.1379,  lr: 1.00e-07
			fg/bg=(22/234), time cost: 1241.804153
			rpn_cls: 0.0111, rpn_box: 0.0032, rcnn_cls: 0.0227, rcnn_box 0.0810
Epoch 18: Training loss: 0.1387, Testing loss: 0.2013
total training time: 124668.454470
[session 1][epoch 19][iter    0/5354] training loss: 0.1173,  lr: 1.00e-07
			fg/bg=(16/240), time cost: 1.857772
			rpn_cls: 0.0070, rpn_box: 0.0103, rcnn_cls: 0.0742, rcnn_box 0.0258
[session 1][epoch 19][iter 1000/5354] training loss: 0.1371,  lr: 1.00e-07
			fg/bg=(21/235), time cost: 1307.741242
			rpn_cls: 0.0125, rpn_box: 0.0030, rcnn_cls: 0.0174, rcnn_box 0.0564
[session 1][epoch 19][iter 2000/5354] training loss: 0.1367,  lr: 1.00e-07
			fg/bg=(18/238), time cost: 1240.437235
			rpn_cls: 0.0040, rpn_box: 0.0064, rcnn_cls: 0.0568, rcnn_box 0.0337
[session 1][epoch 19][iter 3000/5354] training loss: 0.1408,  lr: 1.00e-07
			fg/bg=(18/238), time cost: 1241.446487
			rpn_cls: 0.0055, rpn_box: 0.0157, rcnn_cls: 0.0920, rcnn_box 0.0625
[session 1][epoch 19][iter 4000/5354] training loss: 0.1389,  lr: 1.00e-07
			fg/bg=(14/242), time cost: 1240.346756
			rpn_cls: 0.0047, rpn_box: 0.0162, rcnn_cls: 0.0045, rcnn_box 0.0174
[session 1][epoch 19][iter 5000/5354] training loss: 0.1344,  lr: 1.00e-07
			fg/bg=(32/224), time cost: 1242.302267
			rpn_cls: 0.0111, rpn_box: 0.0012, rcnn_cls: 0.1329, rcnn_box 0.0291
Epoch 19: Training loss: 0.1380, Testing loss: 0.2018
total training time: 130942.586230
[session 1][epoch 20][iter    0/5354] training loss: 0.1424,  lr: 1.00e-07
			fg/bg=(14/242), time cost: 1.867253
			rpn_cls: 0.0247, rpn_box: 0.0087, rcnn_cls: 0.0812, rcnn_box 0.0278
[session 1][epoch 20][iter 1000/5354] training loss: 0.1330,  lr: 1.00e-07
			fg/bg=(26/230), time cost: 1304.681311
			rpn_cls: 0.0083, rpn_box: 0.0022, rcnn_cls: 0.2055, rcnn_box 0.0312
[session 1][epoch 20][iter 2000/5354] training loss: 0.1373,  lr: 1.00e-07
			fg/bg=(35/221), time cost: 1242.663873
			rpn_cls: 0.0037, rpn_box: 0.0017, rcnn_cls: 0.1955, rcnn_box 0.0658
[session 1][epoch 20][iter 3000/5354] training loss: 0.1405,  lr: 1.00e-07
			fg/bg=(39/217), time cost: 1274.213223
			rpn_cls: 0.0151, rpn_box: 0.0013, rcnn_cls: 0.0370, rcnn_box 0.0660
[session 1][epoch 20][iter 4000/5354] training loss: 0.1405,  lr: 1.00e-07
			fg/bg=(23/233), time cost: 1254.017179
			rpn_cls: 0.0181, rpn_box: 0.0029, rcnn_cls: 0.0912, rcnn_box 0.0165
[session 1][epoch 20][iter 5000/5354] training loss: 0.1386,  lr: 1.00e-07
			fg/bg=(43/213), time cost: 1258.106936
			rpn_cls: 0.0255, rpn_box: 0.0013, rcnn_cls: 0.0253, rcnn_box 0.0523
Epoch 20: Training loss: 0.1379, Testing loss: 0.2020
total training time: 137278.136004
save model: models/res101/pascal_voc/faster_rcnn_1_20_5353.pth
