Called with args:
Namespace(batch_size=8, checkepoch=1, checkpoint=0, checkpoint_interval=10000, checksession=1, class_agnostic=False, cuda=True, dataset='pascal_voc', disp_interval=100, large_scale=False, lr=0.001, lr_decay_gamma=0.1, lr_decay_step=5, mGPUs=False, max_epochs=20, net='res101', num_workers=1, optimizer='sgd', resume=False, save_dir='models', session=1, start_epoch=1, use_tfboard=False)
Using config:
{'ANCHOR_RATIOS': [0.5, 1, 2],
 'ANCHOR_SCALES': [8, 16, 32],
 'CROP_RESIZE_WITH_MAX_POOL': False,
 'CUDA': False,
 'DATA_DIR': '/home/jason/faster-rcnn.pytorch-1.0/data',
 'DEDUP_BOXES': 0.0625,
 'EPS': 1e-14,
 'EXP_DIR': 'res101',
 'FEAT_STRIDE': [16],
 'GPU_ID': 0,
 'MATLAB': 'matlab',
 'MAX_NUM_GT_BOXES': 20,
 'MOBILENET': {'DEPTH_MULTIPLIER': 1.0,
               'FIXED_LAYERS': 5,
               'REGU_DEPTH': False,
               'WEIGHT_DECAY': 4e-05},
 'PIXEL_MEANS': array([[[102.9801, 115.9465, 122.7717]]]),
 'POOLING_MODE': 'align',
 'POOLING_SIZE': 7,
 'RESNET': {'FIXED_BLOCKS': 1, 'MAX_POOL': False},
 'RNG_SEED': 3,
 'ROOT_DIR': '/home/jason/faster-rcnn.pytorch-1.0',
 'TEST': {'BBOX_REG': True,
          'HAS_RPN': True,
          'MAX_SIZE': 1000,
          'MODE': 'nms',
          'NMS': 0.3,
          'PROPOSAL_METHOD': 'gt',
          'RPN_MIN_SIZE': 16,
          'RPN_NMS_THRESH': 0.7,
          'RPN_POST_NMS_TOP_N': 300,
          'RPN_PRE_NMS_TOP_N': 6000,
          'RPN_TOP_N': 5000,
          'SCALES': [600],
          'SVM': False},
 'TRAIN': {'ASPECT_GROUPING': False,
           'BATCH_SIZE': 128,
           'BBOX_INSIDE_WEIGHTS': [1.0, 1.0, 1.0, 1.0],
           'BBOX_NORMALIZE_MEANS': [0.0, 0.0, 0.0, 0.0],
           'BBOX_NORMALIZE_STDS': [0.1, 0.1, 0.2, 0.2],
           'BBOX_NORMALIZE_TARGETS': True,
           'BBOX_NORMALIZE_TARGETS_PRECOMPUTED': True,
           'BBOX_REG': True,
           'BBOX_THRESH': 0.5,
           'BG_THRESH_HI': 0.5,
           'BG_THRESH_LO': 0.0,
           'BIAS_DECAY': False,
           'BN_TRAIN': False,
           'DISPLAY': 20,
           'DOUBLE_BIAS': False,
           'FG_FRACTION': 0.25,
           'FG_THRESH': 0.5,
           'GAMMA': 0.1,
           'HAS_RPN': True,
           'IMS_PER_BATCH': 1,
           'LEARNING_RATE': 0.001,
           'MAX_SIZE': 1000,
           'MOMENTUM': 0.9,
           'PROPOSAL_METHOD': 'gt',
           'RPN_BATCHSIZE': 256,
           'RPN_BBOX_INSIDE_WEIGHTS': [1.0, 1.0, 1.0, 1.0],
           'RPN_CLOBBER_POSITIVES': False,
           'RPN_FG_FRACTION': 0.5,
           'RPN_MIN_SIZE': 8,
           'RPN_NEGATIVE_OVERLAP': 0.3,
           'RPN_NMS_THRESH': 0.7,
           'RPN_POSITIVE_OVERLAP': 0.7,
           'RPN_POSITIVE_WEIGHT': -1.0,
           'RPN_POST_NMS_TOP_N': 2000,
           'RPN_PRE_NMS_TOP_N': 12000,
           'SCALES': [600],
           'SNAPSHOT_ITERS': 5000,
           'SNAPSHOT_KEPT': 3,
           'SNAPSHOT_PREFIX': 'res101_faster_rcnn',
           'STEPSIZE': [30000],
           'SUMMARY_INTERVAL': 180,
           'TRIM_HEIGHT': 600,
           'TRIM_WIDTH': 600,
           'TRUNCATED': False,
           'USE_ALL_GT': True,
           'USE_FLIPPED': True,
           'USE_GT': False,
           'WEIGHT_DECAY': 0.0001},
 'USE_GPU_NMS': True}
['voc_2007_trainval']
Loaded dataset `voc_2007_trainval` for training
Set proposal method: gt
Appending horizontally-flipped training examples...
voc_2007_trainval gt roidb loaded from /home/jason/faster-rcnn.pytorch-1.0/data/cache/voc_2007_trainval_gt_roidb.pkl
done
Preparing training data...
done
before filtering, there are 5952 images...
after filtering, there are 5952 images...
5952 roidb entries
Loading pretrained weights from data/pretrained_model/resnet101_caffe.pth
[session 1][epoch  1][iter    0/ 744] loss: 4.8622, lr: 1.00e-03
			fg/bg=(76/948), time cost: 6.552343
			rpn_cls: 0.7957, rpn_box: 0.2436, rcnn_cls: 3.6706, rcnn_box 0.1522
[session 1][epoch  1][iter  100/ 744] loss: 1.2629, lr: 1.00e-03
			fg/bg=(94/930), time cost: 573.870394
			rpn_cls: 0.1083, rpn_box: 0.0362, rcnn_cls: 0.3894, rcnn_box 0.2454
[session 1][epoch  1][iter  200/ 744] loss: 1.1865, lr: 1.00e-03
			fg/bg=(246/778), time cost: 574.492568
			rpn_cls: 0.2289, rpn_box: 0.0863, rcnn_cls: 0.5577, rcnn_box 0.5192
[session 1][epoch  1][iter  300/ 744] loss: 1.0951, lr: 1.00e-03
			fg/bg=(226/798), time cost: 574.852448
			rpn_cls: 0.1213, rpn_box: 0.1620, rcnn_cls: 0.3698, rcnn_box 0.5102
[session 1][epoch  1][iter  400/ 744] loss: 1.0982, lr: 1.00e-03
			fg/bg=(165/859), time cost: 573.844041
			rpn_cls: 0.0966, rpn_box: 0.0782, rcnn_cls: 0.3837, rcnn_box 0.3604
[session 1][epoch  1][iter  500/ 744] loss: 1.0042, lr: 1.00e-03
			fg/bg=(136/888), time cost: 575.694303
			rpn_cls: 0.0621, rpn_box: 0.0149, rcnn_cls: 0.3007, rcnn_box 0.2933
[session 1][epoch  1][iter  600/ 744] loss: 1.0005, lr: 1.00e-03
			fg/bg=(122/902), time cost: 573.336473
			rpn_cls: 0.0866, rpn_box: 0.1437, rcnn_cls: 0.3777, rcnn_box 0.2766
[session 1][epoch  1][iter  700/ 744] loss: 0.9434, lr: 1.00e-03
			fg/bg=(249/775), time cost: 572.732502
			rpn_cls: 0.1049, rpn_box: 0.1391, rcnn_cls: 0.4942, rcnn_box 0.4463
total training time: 4025.375071
[session 1][epoch  2][iter    0/ 744] loss: 0.8045, lr: 1.00e-03
			fg/bg=(256/768), time cost: 6.360866
			rpn_cls: 0.0824, rpn_box: 0.0979, rcnn_cls: 0.2225, rcnn_box 0.4017
[session 1][epoch  2][iter  100/ 744] loss: 0.8923, lr: 1.00e-03
			fg/bg=(232/792), time cost: 575.370185
			rpn_cls: 0.0795, rpn_box: 0.0185, rcnn_cls: 0.6602, rcnn_box 0.5005
[session 1][epoch  2][iter  200/ 744] loss: 0.8401, lr: 1.00e-03
			fg/bg=(245/779), time cost: 577.891581
			rpn_cls: 0.0496, rpn_box: 0.1205, rcnn_cls: 0.3290, rcnn_box 0.4122
[session 1][epoch  2][iter  300/ 744] loss: 0.7965, lr: 1.00e-03
			fg/bg=(110/914), time cost: 575.551272
			rpn_cls: 0.0320, rpn_box: 0.0074, rcnn_cls: 0.1607, rcnn_box 0.2302
[session 1][epoch  2][iter  400/ 744] loss: 0.7926, lr: 1.00e-03
			fg/bg=(158/866), time cost: 577.682842
			rpn_cls: 0.0499, rpn_box: 0.1078, rcnn_cls: 0.5603, rcnn_box 0.2902
[session 1][epoch  2][iter  500/ 744] loss: 0.7482, lr: 1.00e-03
			fg/bg=(248/776), time cost: 578.430227
			rpn_cls: 0.0813, rpn_box: 0.0650, rcnn_cls: 0.4027, rcnn_box 0.2937
[session 1][epoch  2][iter  600/ 744] loss: 0.7132, lr: 1.00e-03
			fg/bg=(248/776), time cost: 577.400363
			rpn_cls: 0.0625, rpn_box: 0.1613, rcnn_cls: 0.2161, rcnn_box 0.4024
[session 1][epoch  2][iter  700/ 744] loss: 0.7282, lr: 1.00e-03
			fg/bg=(170/854), time cost: 579.262278
			rpn_cls: 0.0412, rpn_box: 0.1048, rcnn_cls: 0.1738, rcnn_box 0.2612
total training time: 8073.324686
[session 1][epoch  3][iter    0/ 744] loss: 0.4917, lr: 1.00e-03
			fg/bg=(174/850), time cost: 6.630019
			rpn_cls: 0.0473, rpn_box: 0.0456, rcnn_cls: 0.1918, rcnn_box 0.2069
[session 1][epoch  3][iter  100/ 744] loss: 0.6713, lr: 1.00e-03
			fg/bg=(248/776), time cost: 577.136799
			rpn_cls: 0.0450, rpn_box: 0.2167, rcnn_cls: 0.2458, rcnn_box 0.2851
[session 1][epoch  3][iter  200/ 744] loss: 0.5924, lr: 1.00e-03
			fg/bg=(173/851), time cost: 575.586131
			rpn_cls: 0.0341, rpn_box: 0.0417, rcnn_cls: 0.1409, rcnn_box 0.3324
[session 1][epoch  3][iter  300/ 744] loss: 0.6153, lr: 1.00e-03
			fg/bg=(202/822), time cost: 580.511143
			rpn_cls: 0.0610, rpn_box: 0.0438, rcnn_cls: 0.1131, rcnn_box 0.6662
[session 1][epoch  3][iter  400/ 744] loss: 0.6091, lr: 1.00e-03
			fg/bg=(256/768), time cost: 587.471028
			rpn_cls: 0.0495, rpn_box: 0.2148, rcnn_cls: 0.1445, rcnn_box 0.3192
[session 1][epoch  3][iter  500/ 744] loss: 0.5957, lr: 1.00e-03
			fg/bg=(256/768), time cost: 580.511150
			rpn_cls: 0.0467, rpn_box: 0.1530, rcnn_cls: 0.1948, rcnn_box 0.2324
[session 1][epoch  3][iter  600/ 744] loss: 0.5892, lr: 1.00e-03
			fg/bg=(146/878), time cost: 585.482858
			rpn_cls: 0.0347, rpn_box: 0.0739, rcnn_cls: 0.1689, rcnn_box 0.1828
[session 1][epoch  3][iter  700/ 744] loss: 0.5722, lr: 1.00e-03
			fg/bg=(254/770), time cost: 577.345611
			rpn_cls: 0.0619, rpn_box: 0.1851, rcnn_cls: 0.2022, rcnn_box 0.2479
total training time: 12143.999427
[session 1][epoch  4][iter    0/ 744] loss: 0.5421, lr: 1.00e-03
			fg/bg=(192/832), time cost: 6.581087
			rpn_cls: 0.0383, rpn_box: 0.0698, rcnn_cls: 0.2473, rcnn_box 0.1867
[session 1][epoch  4][iter  100/ 744] loss: 0.5483, lr: 1.00e-03
			fg/bg=(237/787), time cost: 577.203499
			rpn_cls: 0.0482, rpn_box: 0.1705, rcnn_cls: 0.1062, rcnn_box 0.1941
[session 1][epoch  4][iter  200/ 744] loss: 0.5455, lr: 1.00e-03
			fg/bg=(256/768), time cost: 579.606077
			rpn_cls: 0.0510, rpn_box: 0.1191, rcnn_cls: 0.1248, rcnn_box 0.2611
[session 1][epoch  4][iter  300/ 744] loss: 0.5210, lr: 1.00e-03
			fg/bg=(226/798), time cost: 580.260767
			rpn_cls: 0.0246, rpn_box: 0.0960, rcnn_cls: 0.1504, rcnn_box 0.2196
[session 1][epoch  4][iter  400/ 744] loss: 0.4858, lr: 1.00e-03
			fg/bg=(176/848), time cost: 582.240494
			rpn_cls: 0.0346, rpn_box: 0.0462, rcnn_cls: 0.2174, rcnn_box 0.2612
[session 1][epoch  4][iter  500/ 744] loss: 0.5024, lr: 1.00e-03
			fg/bg=(255/769), time cost: 582.469230
			rpn_cls: 0.0547, rpn_box: 0.1617, rcnn_cls: 0.5608, rcnn_box 0.3024
[session 1][epoch  4][iter  600/ 744] loss: 0.5037, lr: 1.00e-03
			fg/bg=(224/800), time cost: 581.422669
			rpn_cls: 0.0268, rpn_box: 0.1082, rcnn_cls: 0.1271, rcnn_box 0.1295
[session 1][epoch  4][iter  700/ 744] loss: 0.4698, lr: 1.00e-03
			fg/bg=(256/768), time cost: 581.570050
			rpn_cls: 0.0556, rpn_box: 0.1018, rcnn_cls: 0.3424, rcnn_box 0.2263
total training time: 16215.353301
[session 1][epoch  5][iter    0/ 744] loss: 0.5303, lr: 1.00e-03
			fg/bg=(187/837), time cost: 6.721963
			rpn_cls: 0.0424, rpn_box: 0.0110, rcnn_cls: 0.2718, rcnn_box 0.2052
[session 1][epoch  5][iter  100/ 744] loss: 0.4150, lr: 1.00e-03
			fg/bg=(256/768), time cost: 578.849798
			rpn_cls: 0.0538, rpn_box: 0.1090, rcnn_cls: 0.3444, rcnn_box 0.2586
[session 1][epoch  5][iter  200/ 744] loss: 0.4684, lr: 1.00e-03
			fg/bg=(248/776), time cost: 580.257263
			rpn_cls: 0.0324, rpn_box: 0.1356, rcnn_cls: 0.0833, rcnn_box 0.1409
[session 1][epoch  5][iter  300/ 744] loss: 0.4207, lr: 1.00e-03
			fg/bg=(231/793), time cost: 583.132651
			rpn_cls: 0.0232, rpn_box: 0.0051, rcnn_cls: 0.0844, rcnn_box 0.4817
[session 1][epoch  5][iter  400/ 744] loss: 0.4422, lr: 1.00e-03
			fg/bg=(256/768), time cost: 577.000512
			rpn_cls: 0.0452, rpn_box: 0.0971, rcnn_cls: 0.2361, rcnn_box 0.2673
[session 1][epoch  5][iter  500/ 744] loss: 0.4210, lr: 1.00e-03
			fg/bg=(223/801), time cost: 581.654381
			rpn_cls: 0.0481, rpn_box: 0.1071, rcnn_cls: 0.0738, rcnn_box 0.1275
[session 1][epoch  5][iter  600/ 744] loss: 0.3948, lr: 1.00e-03
			fg/bg=(256/768), time cost: 578.764292
			rpn_cls: 0.0331, rpn_box: 0.1276, rcnn_cls: 0.0767, rcnn_box 0.1687
[session 1][epoch  5][iter  700/ 744] loss: 0.4120, lr: 1.00e-03
			fg/bg=(256/768), time cost: 580.372515
			rpn_cls: 0.0456, rpn_box: 0.0667, rcnn_cls: 0.1101, rcnn_box 0.1493
total training time: 20282.106676
[session 1][epoch  6][iter    0/ 744] loss: 0.3789, lr: 1.00e-04
			fg/bg=(255/769), time cost: 6.425108
			rpn_cls: 0.0341, rpn_box: 0.0639, rcnn_cls: 0.0914, rcnn_box 0.1895
[session 1][epoch  6][iter  100/ 744] loss: 0.3557, lr: 1.00e-04
			fg/bg=(198/826), time cost: 581.918829
			rpn_cls: 0.0237, rpn_box: 0.0786, rcnn_cls: 0.1138, rcnn_box 0.1077
[session 1][epoch  6][iter  200/ 744] loss: 0.3134, lr: 1.00e-04
			fg/bg=(256/768), time cost: 580.583609
			rpn_cls: 0.0654, rpn_box: 0.1852, rcnn_cls: 0.0570, rcnn_box 0.1090
[session 1][epoch  6][iter  300/ 744] loss: 0.2913, lr: 1.00e-04
			fg/bg=(200/824), time cost: 583.434844
			rpn_cls: 0.0048, rpn_box: 0.0048, rcnn_cls: 0.0594, rcnn_box 0.2443
[session 1][epoch  6][iter  400/ 744] loss: 0.3039, lr: 1.00e-04
			fg/bg=(178/846), time cost: 581.835363
			rpn_cls: 0.0296, rpn_box: 0.0750, rcnn_cls: 0.0770, rcnn_box 0.0983
[session 1][epoch  6][iter  500/ 744] loss: 0.2974, lr: 1.00e-04
			fg/bg=(184/840), time cost: 582.948959
			rpn_cls: 0.0146, rpn_box: 0.0681, rcnn_cls: 0.0641, rcnn_box 0.0755
[session 1][epoch  6][iter  600/ 744] loss: 0.2729, lr: 1.00e-04
			fg/bg=(256/768), time cost: 580.400548
			rpn_cls: 0.0388, rpn_box: 0.0360, rcnn_cls: 0.1408, rcnn_box 0.2088
[session 1][epoch  6][iter  700/ 744] loss: 0.2769, lr: 1.00e-04
			fg/bg=(256/768), time cost: 577.012260
			rpn_cls: 0.0359, rpn_box: 0.0688, rcnn_cls: 0.0865, rcnn_box 0.1109
total training time: 24356.666195
[session 1][epoch  7][iter    0/ 744] loss: 0.1954, lr: 1.00e-04
			fg/bg=(235/789), time cost: 6.745739
			rpn_cls: 0.0163, rpn_box: 0.0548, rcnn_cls: 0.0523, rcnn_box 0.0719
[session 1][epoch  7][iter  100/ 744] loss: 0.2639, lr: 1.00e-04
			fg/bg=(219/805), time cost: 581.677269
			rpn_cls: 0.0284, rpn_box: 0.0074, rcnn_cls: 0.0420, rcnn_box 0.0682
[session 1][epoch  7][iter  200/ 744] loss: 0.2757, lr: 1.00e-04
			fg/bg=(256/768), time cost: 583.218970
			rpn_cls: 0.0226, rpn_box: 0.0812, rcnn_cls: 0.1238, rcnn_box 0.0987
[session 1][epoch  7][iter  300/ 744] loss: 0.2733, lr: 1.00e-04
			fg/bg=(256/768), time cost: 581.713857
			rpn_cls: 0.0328, rpn_box: 0.0402, rcnn_cls: 0.0872, rcnn_box 0.0786
[session 1][epoch  7][iter  400/ 744] loss: 0.2722, lr: 1.00e-04
			fg/bg=(172/852), time cost: 582.874487
			rpn_cls: 0.0194, rpn_box: 0.0394, rcnn_cls: 0.0515, rcnn_box 0.0917
[session 1][epoch  7][iter  500/ 744] loss: 0.2678, lr: 1.00e-04
			fg/bg=(256/768), time cost: 581.015010
			rpn_cls: 0.0337, rpn_box: 0.1313, rcnn_cls: 0.0499, rcnn_box 0.0919
[session 1][epoch  7][iter  600/ 744] loss: 0.2726, lr: 1.00e-04
			fg/bg=(256/768), time cost: 581.019604
			rpn_cls: 0.0455, rpn_box: 0.0339, rcnn_cls: 0.0501, rcnn_box 0.1100
[session 1][epoch  7][iter  700/ 744] loss: 0.2713, lr: 1.00e-04
			fg/bg=(256/768), time cost: 581.785602
			rpn_cls: 0.0351, rpn_box: 0.0727, rcnn_cls: 0.6758, rcnn_box 0.1279
total training time: 28436.716734
[session 1][epoch  8][iter    0/ 744] loss: 0.1464, lr: 1.00e-04
			fg/bg=(226/798), time cost: 6.523304
			rpn_cls: 0.0221, rpn_box: 0.0253, rcnn_cls: 0.0435, rcnn_box 0.0554
[session 1][epoch  8][iter  100/ 744] loss: 0.2859, lr: 1.00e-04
			fg/bg=(193/831), time cost: 579.401526
			rpn_cls: 0.0290, rpn_box: 0.1046, rcnn_cls: 0.0606, rcnn_box 0.0874
[session 1][epoch  8][iter  200/ 744] loss: 0.2604, lr: 1.00e-04
			fg/bg=(256/768), time cost: 576.584919
			rpn_cls: 0.0247, rpn_box: 0.1105, rcnn_cls: 0.0646, rcnn_box 0.0696
[session 1][epoch  8][iter  300/ 744] loss: 0.2585, lr: 1.00e-04
			fg/bg=(256/768), time cost: 576.968479
			rpn_cls: 0.0170, rpn_box: 0.0199, rcnn_cls: 0.1019, rcnn_box 0.0856
[session 1][epoch  8][iter  400/ 744] loss: 0.2464, lr: 1.00e-04
			fg/bg=(256/768), time cost: 579.050137
			rpn_cls: 0.0474, rpn_box: 0.0239, rcnn_cls: 0.0899, rcnn_box 0.1266
[session 1][epoch  8][iter  500/ 744] loss: 0.2473, lr: 1.00e-04
			fg/bg=(203/821), time cost: 577.337708
			rpn_cls: 0.0028, rpn_box: 0.0050, rcnn_cls: 0.0195, rcnn_box 0.0478
[session 1][epoch  8][iter  600/ 744] loss: 0.2545, lr: 1.00e-04
			fg/bg=(256/768), time cost: 575.632109
			rpn_cls: 0.0252, rpn_box: 0.1087, rcnn_cls: 0.0652, rcnn_box 0.0698
[session 1][epoch  8][iter  700/ 744] loss: 0.2633, lr: 1.00e-04
			fg/bg=(226/798), time cost: 577.734740
			rpn_cls: 0.0348, rpn_box: 0.0884, rcnn_cls: 0.0731, rcnn_box 0.0938
total training time: 32485.949656
[session 1][epoch  9][iter    0/ 744] loss: 0.1862, lr: 1.00e-04
			fg/bg=(256/768), time cost: 6.704620
			rpn_cls: 0.0194, rpn_box: 0.0485, rcnn_cls: 0.0499, rcnn_box 0.0684
[session 1][epoch  9][iter  100/ 744] loss: 0.2442, lr: 1.00e-04
			fg/bg=(256/768), time cost: 577.189731
			rpn_cls: 0.0327, rpn_box: 0.1257, rcnn_cls: 0.0657, rcnn_box 0.0990
[session 1][epoch  9][iter  200/ 744] loss: 0.2635, lr: 1.00e-04
			fg/bg=(256/768), time cost: 578.275240
			rpn_cls: 0.0309, rpn_box: 0.0980, rcnn_cls: 0.1329, rcnn_box 0.0469
[session 1][epoch  9][iter  300/ 744] loss: 0.2375, lr: 1.00e-04
			fg/bg=(190/834), time cost: 583.266136
			rpn_cls: 0.0042, rpn_box: 0.0155, rcnn_cls: 0.1137, rcnn_box 0.0731
[session 1][epoch  9][iter  400/ 744] loss: 0.2674, lr: 1.00e-04
			fg/bg=(238/786), time cost: 588.957129
			rpn_cls: 0.0275, rpn_box: 0.0452, rcnn_cls: 0.0648, rcnn_box 0.0618
[session 1][epoch  9][iter  500/ 744] loss: 0.2627, lr: 1.00e-04
			fg/bg=(240/784), time cost: 586.475415
			rpn_cls: 0.0495, rpn_box: 0.1044, rcnn_cls: 0.0545, rcnn_box 0.0794
[session 1][epoch  9][iter  600/ 744] loss: 0.2464, lr: 1.00e-04
			fg/bg=(236/788), time cost: 583.563661
			rpn_cls: 0.0184, rpn_box: 0.0881, rcnn_cls: 0.0645, rcnn_box 0.0464
[session 1][epoch  9][iter  700/ 744] loss: 0.2345, lr: 1.00e-04
			fg/bg=(188/836), time cost: 582.419955
			rpn_cls: 0.0128, rpn_box: 0.0262, rcnn_cls: 0.0970, rcnn_box 0.0965
total training time: 36572.801543
[session 1][epoch 10][iter    0/ 744] loss: 0.1447, lr: 1.00e-04
			fg/bg=(205/819), time cost: 6.636105
			rpn_cls: 0.0134, rpn_box: 0.0054, rcnn_cls: 0.0566, rcnn_box 0.0692
[session 1][epoch 10][iter  100/ 744] loss: 0.2443, lr: 1.00e-04
			fg/bg=(256/768), time cost: 574.432557
			rpn_cls: 0.0270, rpn_box: 0.0327, rcnn_cls: 0.0678, rcnn_box 0.0769
[session 1][epoch 10][iter  200/ 744] loss: 0.2483, lr: 1.00e-04
			fg/bg=(256/768), time cost: 577.257740
			rpn_cls: 0.0203, rpn_box: 0.0315, rcnn_cls: 0.0431, rcnn_box 0.0668
[session 1][epoch 10][iter  300/ 744] loss: 0.2398, lr: 1.00e-04
			fg/bg=(256/768), time cost: 578.303265
			rpn_cls: 0.0202, rpn_box: 0.1301, rcnn_cls: 0.0723, rcnn_box 0.0943
[session 1][epoch 10][iter  400/ 744] loss: 0.2424, lr: 1.00e-04
			fg/bg=(189/835), time cost: 577.601092
			rpn_cls: 0.0407, rpn_box: 0.0797, rcnn_cls: 0.0897, rcnn_box 0.0693
[session 1][epoch 10][iter  500/ 744] loss: 0.2335, lr: 1.00e-04
			fg/bg=(256/768), time cost: 575.529812
			rpn_cls: 0.0323, rpn_box: 0.0438, rcnn_cls: 0.2417, rcnn_box 0.1905
[session 1][epoch 10][iter  600/ 744] loss: 0.2498, lr: 1.00e-04
			fg/bg=(220/804), time cost: 577.925514
			rpn_cls: 0.0362, rpn_box: 0.0863, rcnn_cls: 0.1442, rcnn_box 0.1608
[session 1][epoch 10][iter  700/ 744] loss: 0.2543, lr: 1.00e-04
			fg/bg=(256/768), time cost: 580.649320
			rpn_cls: 0.0364, rpn_box: 0.1334, rcnn_cls: 0.0660, rcnn_box 0.1027
total training time: 40621.136947
[session 1][epoch 11][iter    0/ 744] loss: 0.3291, lr: 1.00e-04
			fg/bg=(256/768), time cost: 6.661544
			rpn_cls: 0.0358, rpn_box: 0.0555, rcnn_cls: 0.1317, rcnn_box 0.1061
[session 1][epoch 11][iter  100/ 744] loss: 0.2327, lr: 1.00e-04
			fg/bg=(238/786), time cost: 582.424384
			rpn_cls: 0.0120, rpn_box: 0.0074, rcnn_cls: 0.0585, rcnn_box 0.0816
[session 1][epoch 11][iter  200/ 744] loss: 0.2369, lr: 1.00e-04
			fg/bg=(256/768), time cost: 580.608764
			rpn_cls: 0.0147, rpn_box: 0.0670, rcnn_cls: 0.0516, rcnn_box 0.0775
[session 1][epoch 11][iter  300/ 744] loss: 0.2428, lr: 1.00e-04
			fg/bg=(203/821), time cost: 576.113609
			rpn_cls: 0.0084, rpn_box: 0.0221, rcnn_cls: 0.0502, rcnn_box 0.0810
[session 1][epoch 11][iter  400/ 744] loss: 0.2463, lr: 1.00e-04
			fg/bg=(256/768), time cost: 580.841818
			rpn_cls: 0.0080, rpn_box: 0.0076, rcnn_cls: 0.0553, rcnn_box 0.0789
[session 1][epoch 11][iter  500/ 744] loss: 0.2245, lr: 1.00e-04
			fg/bg=(190/834), time cost: 580.153484
			rpn_cls: 0.0069, rpn_box: 0.0036, rcnn_cls: 0.0508, rcnn_box 0.0851
[session 1][epoch 11][iter  600/ 744] loss: 0.2290, lr: 1.00e-04
			fg/bg=(256/768), time cost: 580.063967
			rpn_cls: 0.0288, rpn_box: 0.0956, rcnn_cls: 0.0438, rcnn_box 0.0603
[session 1][epoch 11][iter  700/ 744] loss: 0.2446, lr: 1.00e-04
			fg/bg=(197/827), time cost: 584.821714
			rpn_cls: 0.0274, rpn_box: 0.0711, rcnn_cls: 0.0622, rcnn_box 0.1106
total training time: 44692.826231
[session 1][epoch 12][iter    0/ 744] loss: 0.1991, lr: 1.00e-05
			fg/bg=(256/768), time cost: 6.727352
			rpn_cls: 0.0187, rpn_box: 0.0220, rcnn_cls: 0.0847, rcnn_box 0.0738
[session 1][epoch 12][iter  100/ 744] loss: 0.2308, lr: 1.00e-05
			fg/bg=(216/808), time cost: 582.474849
			rpn_cls: 0.0080, rpn_box: 0.0213, rcnn_cls: 0.0574, rcnn_box 0.0579
[session 1][epoch 12][iter  200/ 744] loss: 0.2206, lr: 1.00e-05
			fg/bg=(251/773), time cost: 579.095605
			rpn_cls: 0.0124, rpn_box: 0.0754, rcnn_cls: 0.0521, rcnn_box 0.0656
[session 1][epoch 12][iter  300/ 744] loss: 0.2339, lr: 1.00e-05
			fg/bg=(244/780), time cost: 581.297107
			rpn_cls: 0.0203, rpn_box: 0.0232, rcnn_cls: 0.1122, rcnn_box 0.0732
[session 1][epoch 12][iter  400/ 744] loss: 0.2316, lr: 1.00e-05
			fg/bg=(210/814), time cost: 578.519356
			rpn_cls: 0.0136, rpn_box: 0.0243, rcnn_cls: 0.0931, rcnn_box 0.0821
[session 1][epoch 12][iter  500/ 744] loss: 0.2280, lr: 1.00e-05
			fg/bg=(238/786), time cost: 579.128109
			rpn_cls: 0.0176, rpn_box: 0.0129, rcnn_cls: 0.0689, rcnn_box 0.0898
[session 1][epoch 12][iter  600/ 744] loss: 0.2310, lr: 1.00e-05
			fg/bg=(256/768), time cost: 575.664619
			rpn_cls: 0.0249, rpn_box: 0.0433, rcnn_cls: 0.0997, rcnn_box 0.1069
[session 1][epoch 12][iter  700/ 744] loss: 0.2143, lr: 1.00e-05
			fg/bg=(248/776), time cost: 556.671741
			rpn_cls: 0.0079, rpn_box: 0.0138, rcnn_cls: 0.0742, rcnn_box 0.0683
total training time: 48732.404970
[session 1][epoch 13][iter    0/ 744] loss: 0.2100, lr: 1.00e-05
			fg/bg=(256/768), time cost: 6.196471
			rpn_cls: 0.0297, rpn_box: 0.0266, rcnn_cls: 0.0770, rcnn_box 0.0767
[session 1][epoch 13][iter  100/ 744] loss: 0.2336, lr: 1.00e-05
			fg/bg=(240/784), time cost: 537.179935
			rpn_cls: 0.0241, rpn_box: 0.1097, rcnn_cls: 0.0604, rcnn_box 0.0559
[session 1][epoch 13][iter  200/ 744] loss: 0.2279, lr: 1.00e-05
			fg/bg=(202/822), time cost: 539.611335
			rpn_cls: 0.0184, rpn_box: 0.0550, rcnn_cls: 0.1221, rcnn_box 0.0969
[session 1][epoch 13][iter  300/ 744] loss: 0.2174, lr: 1.00e-05
			fg/bg=(256/768), time cost: 547.316599
			rpn_cls: 0.0190, rpn_box: 0.0485, rcnn_cls: 0.0629, rcnn_box 0.0773
[session 1][epoch 13][iter  400/ 744] loss: 0.2243, lr: 1.00e-05
			fg/bg=(165/859), time cost: 546.799844
			rpn_cls: 0.0065, rpn_box: 0.0175, rcnn_cls: 0.0382, rcnn_box 0.0455
[session 1][epoch 13][iter  500/ 744] loss: 0.2219, lr: 1.00e-05
			fg/bg=(243/781), time cost: 547.095032
			rpn_cls: 0.0154, rpn_box: 0.0899, rcnn_cls: 0.0448, rcnn_box 0.0719
[session 1][epoch 13][iter  600/ 744] loss: 0.2282, lr: 1.00e-05
			fg/bg=(183/841), time cost: 546.566231
			rpn_cls: 0.0189, rpn_box: 0.0327, rcnn_cls: 0.0582, rcnn_box 0.0801
[session 1][epoch 13][iter  700/ 744] loss: 0.2296, lr: 1.00e-05
			fg/bg=(235/789), time cost: 546.314507
			rpn_cls: 0.0167, rpn_box: 0.0244, rcnn_cls: 0.0649, rcnn_box 0.0563
total training time: 52549.484924
[session 1][epoch 14][iter    0/ 744] loss: 0.1450, lr: 1.00e-05
			fg/bg=(153/871), time cost: 6.191257
			rpn_cls: 0.0111, rpn_box: 0.0047, rcnn_cls: 0.0357, rcnn_box 0.0935
[session 1][epoch 14][iter  100/ 744] loss: 0.2313, lr: 1.00e-05
			fg/bg=(256/768), time cost: 537.436949
			rpn_cls: 0.0270, rpn_box: 0.1233, rcnn_cls: 0.0553, rcnn_box 0.0756
[session 1][epoch 14][iter  200/ 744] loss: 0.2240, lr: 1.00e-05
			fg/bg=(228/796), time cost: 535.493747
			rpn_cls: 0.0221, rpn_box: 0.0296, rcnn_cls: 0.0398, rcnn_box 0.0746
[session 1][epoch 14][iter  300/ 744] loss: 0.2316, lr: 1.00e-05
			fg/bg=(256/768), time cost: 537.450749
			rpn_cls: 0.0138, rpn_box: 0.0258, rcnn_cls: 0.0818, rcnn_box 0.0489
[session 1][epoch 14][iter  400/ 744] loss: 0.2106, lr: 1.00e-05
			fg/bg=(217/807), time cost: 538.868603
			rpn_cls: 0.0246, rpn_box: 0.0053, rcnn_cls: 0.0381, rcnn_box 0.0457
[session 1][epoch 14][iter  500/ 744] loss: 0.2211, lr: 1.00e-05
			fg/bg=(247/777), time cost: 542.686396
			rpn_cls: 0.0177, rpn_box: 0.0033, rcnn_cls: 0.0386, rcnn_box 0.0486
[session 1][epoch 14][iter  600/ 744] loss: 0.2376, lr: 1.00e-05
			fg/bg=(195/829), time cost: 541.174280
			rpn_cls: 0.0086, rpn_box: 0.0902, rcnn_cls: 0.0911, rcnn_box 0.0715
[session 1][epoch 14][iter  700/ 744] loss: 0.2138, lr: 1.00e-05
			fg/bg=(191/833), time cost: 543.085806
			rpn_cls: 0.0121, rpn_box: 0.0389, rcnn_cls: 0.0849, rcnn_box 0.0999
total training time: 56331.872711
[session 1][epoch 15][iter    0/ 744] loss: 0.2499, lr: 1.00e-05
			fg/bg=(256/768), time cost: 6.163617
			rpn_cls: 0.0252, rpn_box: 0.0564, rcnn_cls: 0.0795, rcnn_box 0.0888
[session 1][epoch 15][iter  100/ 744] loss: 0.2185, lr: 1.00e-05
			fg/bg=(250/774), time cost: 538.509308
			rpn_cls: 0.0113, rpn_box: 0.0751, rcnn_cls: 0.0518, rcnn_box 0.0596
[session 1][epoch 15][iter  200/ 744] loss: 0.2358, lr: 1.00e-05
			fg/bg=(201/823), time cost: 536.970497
			rpn_cls: 0.0383, rpn_box: 0.0456, rcnn_cls: 0.1192, rcnn_box 0.1088
[session 1][epoch 15][iter  300/ 744] loss: 0.2172, lr: 1.00e-05
			fg/bg=(212/812), time cost: 536.999168
			rpn_cls: 0.0056, rpn_box: 0.0252, rcnn_cls: 0.0799, rcnn_box 0.1113
[session 1][epoch 15][iter  400/ 744] loss: 0.2396, lr: 1.00e-05
			fg/bg=(256/768), time cost: 537.459701
			rpn_cls: 0.0378, rpn_box: 0.0537, rcnn_cls: 0.4452, rcnn_box 0.0966
[session 1][epoch 15][iter  500/ 744] loss: 0.2095, lr: 1.00e-05
			fg/bg=(253/771), time cost: 539.568620
			rpn_cls: 0.0370, rpn_box: 0.0626, rcnn_cls: 0.0659, rcnn_box 0.0777
[session 1][epoch 15][iter  600/ 744] loss: 0.2277, lr: 1.00e-05
			fg/bg=(221/803), time cost: 542.044909
			rpn_cls: 0.0136, rpn_box: 0.0269, rcnn_cls: 0.0504, rcnn_box 0.0441
[session 1][epoch 15][iter  700/ 744] loss: 0.2238, lr: 1.00e-05
			fg/bg=(256/768), time cost: 539.084909
			rpn_cls: 0.0356, rpn_box: 0.1260, rcnn_cls: 0.0758, rcnn_box 0.0819
total training time: 60108.673440
[session 1][epoch 16][iter    0/ 744] loss: 0.1405, lr: 1.00e-05
			fg/bg=(210/814), time cost: 6.159665
			rpn_cls: 0.0160, rpn_box: 0.0225, rcnn_cls: 0.0547, rcnn_box 0.0472
[session 1][epoch 16][iter  100/ 744] loss: 0.2275, lr: 1.00e-05
			fg/bg=(184/840), time cost: 538.909678
			rpn_cls: 0.0109, rpn_box: 0.0181, rcnn_cls: 0.0659, rcnn_box 0.0770
[session 1][epoch 16][iter  200/ 744] loss: 0.2184, lr: 1.00e-05
			fg/bg=(181/843), time cost: 536.450581
			rpn_cls: 0.0188, rpn_box: 0.0275, rcnn_cls: 0.0645, rcnn_box 0.0989
[session 1][epoch 16][iter  300/ 744] loss: 0.2294, lr: 1.00e-05
			fg/bg=(169/855), time cost: 537.335046
			rpn_cls: 0.0157, rpn_box: 0.0578, rcnn_cls: 0.0681, rcnn_box 0.0701
[session 1][epoch 16][iter  400/ 744] loss: 0.2206, lr: 1.00e-05
			fg/bg=(256/768), time cost: 536.038087
			rpn_cls: 0.0155, rpn_box: 0.0262, rcnn_cls: 0.0751, rcnn_box 0.0558
[session 1][epoch 16][iter  500/ 744] loss: 0.2249, lr: 1.00e-05
			fg/bg=(256/768), time cost: 535.203680
			rpn_cls: 0.0366, rpn_box: 0.0304, rcnn_cls: 0.0634, rcnn_box 0.0655
[session 1][epoch 16][iter  600/ 744] loss: 0.2192, lr: 1.00e-05
			fg/bg=(256/768), time cost: 534.773135
			rpn_cls: 0.0368, rpn_box: 0.1249, rcnn_cls: 0.0638, rcnn_box 0.1224
[session 1][epoch 16][iter  700/ 744] loss: 0.2228, lr: 1.00e-05
			fg/bg=(256/768), time cost: 535.572747
			rpn_cls: 0.0209, rpn_box: 0.0581, rcnn_cls: 0.0464, rcnn_box 0.0614
total training time: 63869.116058
[session 1][epoch 17][iter    0/ 744] loss: 0.2431, lr: 1.00e-05
			fg/bg=(229/795), time cost: 5.989998
			rpn_cls: 0.0231, rpn_box: 0.0998, rcnn_cls: 0.0470, rcnn_box 0.0731
[session 1][epoch 17][iter  100/ 744] loss: 0.2248, lr: 1.00e-05
			fg/bg=(238/786), time cost: 539.769549
			rpn_cls: 0.0156, rpn_box: 0.0203, rcnn_cls: 0.0672, rcnn_box 0.1096
[session 1][epoch 17][iter  200/ 744] loss: 0.2175, lr: 1.00e-05
			fg/bg=(256/768), time cost: 540.679127
			rpn_cls: 0.0197, rpn_box: 0.0636, rcnn_cls: 0.0513, rcnn_box 0.0667
[session 1][epoch 17][iter  300/ 744] loss: 0.2257, lr: 1.00e-05
			fg/bg=(256/768), time cost: 535.567568
			rpn_cls: 0.0189, rpn_box: 0.1215, rcnn_cls: 0.0619, rcnn_box 0.0861
[session 1][epoch 17][iter  400/ 744] loss: 0.2209, lr: 1.00e-05
			fg/bg=(188/836), time cost: 544.205861
			rpn_cls: 0.0022, rpn_box: 0.0030, rcnn_cls: 0.0193, rcnn_box 0.0297
[session 1][epoch 17][iter  500/ 744] loss: 0.2271, lr: 1.00e-05
			fg/bg=(204/820), time cost: 558.476188
			rpn_cls: 0.0142, rpn_box: 0.0512, rcnn_cls: 0.1024, rcnn_box 0.0624
[session 1][epoch 17][iter  600/ 744] loss: 0.2229, lr: 1.00e-05
			fg/bg=(248/776), time cost: 557.035138
			rpn_cls: 0.0218, rpn_box: 0.0656, rcnn_cls: 0.0637, rcnn_box 0.0864
[session 1][epoch 17][iter  700/ 744] loss: 0.2190, lr: 1.00e-05
			fg/bg=(207/817), time cost: 556.043517
			rpn_cls: 0.0032, rpn_box: 0.0025, rcnn_cls: 0.0646, rcnn_box 0.0585
total training time: 67706.883003
[session 1][epoch 18][iter    0/ 744] loss: 0.1314, lr: 1.00e-06
			fg/bg=(196/828), time cost: 6.451441
			rpn_cls: 0.0083, rpn_box: 0.0085, rcnn_cls: 0.0461, rcnn_box 0.0686
[session 1][epoch 18][iter  100/ 744] loss: 0.2372, lr: 1.00e-06
			fg/bg=(149/875), time cost: 550.699388
			rpn_cls: 0.0100, rpn_box: 0.0047, rcnn_cls: 0.0350, rcnn_box 0.0898
[session 1][epoch 18][iter  200/ 744] loss: 0.2200, lr: 1.00e-06
			fg/bg=(256/768), time cost: 554.025028
			rpn_cls: 0.0214, rpn_box: 0.0930, rcnn_cls: 0.0539, rcnn_box 0.0517
[session 1][epoch 18][iter  300/ 744] loss: 0.2209, lr: 1.00e-06
			fg/bg=(256/768), time cost: 552.366126
			rpn_cls: 0.0265, rpn_box: 0.0442, rcnn_cls: 0.3021, rcnn_box 0.1664
[session 1][epoch 18][iter  400/ 744] loss: 0.2135, lr: 1.00e-06
			fg/bg=(196/828), time cost: 552.384907
			rpn_cls: 0.0020, rpn_box: 0.0048, rcnn_cls: 0.0341, rcnn_box 0.0636
[session 1][epoch 18][iter  500/ 744] loss: 0.2142, lr: 1.00e-06
			fg/bg=(202/822), time cost: 554.352056
			rpn_cls: 0.0011, rpn_box: 0.0035, rcnn_cls: 0.0282, rcnn_box 0.0573
[session 1][epoch 18][iter  600/ 744] loss: 0.2340, lr: 1.00e-06
			fg/bg=(200/824), time cost: 556.235609
			rpn_cls: 0.0129, rpn_box: 0.0059, rcnn_cls: 0.0648, rcnn_box 0.0563
[session 1][epoch 18][iter  700/ 744] loss: 0.2221, lr: 1.00e-06
			fg/bg=(256/768), time cost: 556.390406
			rpn_cls: 0.0596, rpn_box: 0.1419, rcnn_cls: 0.0467, rcnn_box 0.0669
total training time: 71589.787963
[session 1][epoch 19][iter    0/ 744] loss: 0.2356, lr: 1.00e-06
			fg/bg=(250/774), time cost: 6.173638
			rpn_cls: 0.0307, rpn_box: 0.0932, rcnn_cls: 0.0372, rcnn_box 0.0744
[session 1][epoch 19][iter  100/ 744] loss: 0.2335, lr: 1.00e-06
			fg/bg=(256/768), time cost: 553.959652
			rpn_cls: 0.0325, rpn_box: 0.0219, rcnn_cls: 0.0902, rcnn_box 0.0983
[session 1][epoch 19][iter  200/ 744] loss: 0.2200, lr: 1.00e-06
			fg/bg=(256/768), time cost: 555.841464
			rpn_cls: 0.0370, rpn_box: 0.0835, rcnn_cls: 0.0755, rcnn_box 0.0952
[session 1][epoch 19][iter  300/ 744] loss: 0.2233, lr: 1.00e-06
			fg/bg=(231/793), time cost: 552.360846
			rpn_cls: 0.0142, rpn_box: 0.0187, rcnn_cls: 0.0538, rcnn_box 0.0809
[session 1][epoch 19][iter  400/ 744] loss: 0.2167, lr: 1.00e-06
			fg/bg=(207/817), time cost: 553.741555
			rpn_cls: 0.0086, rpn_box: 0.0398, rcnn_cls: 0.0705, rcnn_box 0.0602
[session 1][epoch 19][iter  500/ 744] loss: 0.2364, lr: 1.00e-06
			fg/bg=(224/800), time cost: 551.181049
			rpn_cls: 0.0193, rpn_box: 0.0454, rcnn_cls: 0.0689, rcnn_box 0.0986
[session 1][epoch 19][iter  600/ 744] loss: 0.2158, lr: 1.00e-06
			fg/bg=(256/768), time cost: 553.024911
			rpn_cls: 0.0248, rpn_box: 0.0674, rcnn_cls: 0.0892, rcnn_box 0.0980
[session 1][epoch 19][iter  700/ 744] loss: 0.2110, lr: 1.00e-06
			fg/bg=(256/768), time cost: 552.401145
			rpn_cls: 0.0146, rpn_box: 0.0410, rcnn_cls: 0.0475, rcnn_box 0.0585
total training time: 75468.472224
[session 1][epoch 20][iter    0/ 744] loss: 0.2404, lr: 1.00e-06
			fg/bg=(256/768), time cost: 6.406188
			rpn_cls: 0.0251, rpn_box: 0.1017, rcnn_cls: 0.0550, rcnn_box 0.0587
[session 1][epoch 20][iter  100/ 744] loss: 0.2275, lr: 1.00e-06
			fg/bg=(256/768), time cost: 555.110718
			rpn_cls: 0.0188, rpn_box: 0.0933, rcnn_cls: 0.0588, rcnn_box 0.0461
[session 1][epoch 20][iter  200/ 744] loss: 0.2258, lr: 1.00e-06
			fg/bg=(193/831), time cost: 553.696637
			rpn_cls: 0.0351, rpn_box: 0.0387, rcnn_cls: 0.1302, rcnn_box 0.0936
[session 1][epoch 20][iter  300/ 744] loss: 0.2168, lr: 1.00e-06
			fg/bg=(214/810), time cost: 552.789551
			rpn_cls: 0.0114, rpn_box: 0.0207, rcnn_cls: 0.0332, rcnn_box 0.0429
[session 1][epoch 20][iter  400/ 744] loss: 0.2246, lr: 1.00e-06
			fg/bg=(256/768), time cost: 553.385863
			rpn_cls: 0.0187, rpn_box: 0.0200, rcnn_cls: 0.1053, rcnn_box 0.0714
[session 1][epoch 20][iter  500/ 744] loss: 0.2094, lr: 1.00e-06
			fg/bg=(256/768), time cost: 553.709652
			rpn_cls: 0.0164, rpn_box: 0.0668, rcnn_cls: 0.0628, rcnn_box 0.0652
[session 1][epoch 20][iter  600/ 744] loss: 0.2176, lr: 1.00e-06
			fg/bg=(256/768), time cost: 548.715191
			rpn_cls: 0.0280, rpn_box: 0.1216, rcnn_cls: 0.0494, rcnn_box 0.0597
[session 1][epoch 20][iter  700/ 744] loss: 0.2297, lr: 1.00e-06
			fg/bg=(254/770), time cost: 548.958053
			rpn_cls: 0.0280, rpn_box: 0.1217, rcnn_cls: 0.0560, rcnn_box 0.0713
total training time: 79341.244079
save model: models/res101/pascal_voc/faster_rcnn_1_20_743.pth
