Called with args:
Namespace(batch_size=2, checkepoch=1, checkpoint=0, checkpoint_interval=10000, checksession=1, class_agnostic=False, cuda=True, dataset='pascal_voc', disp_interval=50, large_scale=False, lr=0.001, lr_decay_gamma=0.1, lr_decay_step=5, mGPUs=False, max_epochs=20, net='res101', num_workers=1, optimizer='adam', resume=False, save_dir='models', session=1, start_epoch=1, use_tfboard=False)
Using config:
{'ANCHOR_RATIOS': [0.5, 1, 2],
 'ANCHOR_SCALES': [8, 16, 32],
 'CROP_RESIZE_WITH_MAX_POOL': False,
 'CUDA': False,
 'DATA_DIR': '/home/jason/faster-rcnn.pytorch-1.0/data',
 'DEDUP_BOXES': 0.0625,
 'EPS': 1e-14,
 'EXP_DIR': 'res101',
 'FEAT_STRIDE': [16],
 'GPU_ID': 0,
 'MATLAB': 'matlab',
 'MAX_NUM_GT_BOXES': 20,
 'MOBILENET': {'DEPTH_MULTIPLIER': 1.0,
               'FIXED_LAYERS': 5,
               'REGU_DEPTH': False,
               'WEIGHT_DECAY': 4e-05},
 'PIXEL_MEANS': array([[[102.9801, 115.9465, 122.7717]]]),
 'POOLING_MODE': 'align',
 'POOLING_SIZE': 7,
 'RESNET': {'FIXED_BLOCKS': 1, 'MAX_POOL': False},
 'RNG_SEED': 3,
 'ROOT_DIR': '/home/jason/faster-rcnn.pytorch-1.0',
 'TEST': {'BBOX_REG': True,
          'HAS_RPN': True,
          'MAX_SIZE': 1000,
          'MODE': 'nms',
          'NMS': 0.3,
          'PROPOSAL_METHOD': 'gt',
          'RPN_MIN_SIZE': 16,
          'RPN_NMS_THRESH': 0.7,
          'RPN_POST_NMS_TOP_N': 300,
          'RPN_PRE_NMS_TOP_N': 6000,
          'RPN_TOP_N': 5000,
          'SCALES': [600],
          'SVM': False},
 'TRAIN': {'ASPECT_GROUPING': False,
           'BATCH_SIZE': 128,
           'BBOX_INSIDE_WEIGHTS': [1.0, 1.0, 1.0, 1.0],
           'BBOX_NORMALIZE_MEANS': [0.0, 0.0, 0.0, 0.0],
           'BBOX_NORMALIZE_STDS': [0.1, 0.1, 0.2, 0.2],
           'BBOX_NORMALIZE_TARGETS': True,
           'BBOX_NORMALIZE_TARGETS_PRECOMPUTED': True,
           'BBOX_REG': True,
           'BBOX_THRESH': 0.5,
           'BG_THRESH_HI': 0.5,
           'BG_THRESH_LO': 0.0,
           'BIAS_DECAY': False,
           'BN_TRAIN': False,
           'BRIGHTNESS_CHANGE': False,
           'DISPLAY': 20,
           'DOUBLE_BIAS': False,
           'FG_FRACTION': 0.25,
           'FG_THRESH': 0.5,
           'GAMMA': 0.1,
           'HAS_RPN': True,
           'IMS_PER_BATCH': 1,
           'LEARNING_RATE': 0.001,
           'MAX_SIZE': 1000,
           'MOMENTUM': 0.9,
           'PROPOSAL_METHOD': 'gt',
           'ROTATE_90': False,
           'RPN_BATCHSIZE': 256,
           'RPN_BBOX_INSIDE_WEIGHTS': [1.0, 1.0, 1.0, 1.0],
           'RPN_CLOBBER_POSITIVES': False,
           'RPN_FG_FRACTION': 0.5,
           'RPN_MIN_SIZE': 8,
           'RPN_NEGATIVE_OVERLAP': 0.3,
           'RPN_NMS_THRESH': 0.7,
           'RPN_POSITIVE_OVERLAP': 0.7,
           'RPN_POSITIVE_WEIGHT': -1.0,
           'RPN_POST_NMS_TOP_N': 2000,
           'RPN_PRE_NMS_TOP_N': 12000,
           'SCALES': [600],
           'SNAPSHOT_ITERS': 5000,
           'SNAPSHOT_KEPT': 3,
           'SNAPSHOT_PREFIX': 'res101_faster_rcnn',
           'STEPSIZE': [30000],
           'SUMMARY_INTERVAL': 180,
           'TRIM_HEIGHT': 600,
           'TRIM_WIDTH': 600,
           'TRUNCATED': False,
           'USE_ALL_GT': True,
           'USE_FLIPPED': True,
           'USE_GT': False,
           'USE_VERTICAL_FLIPPED': False,
           'WEIGHT_DECAY': 0.0001},
 'USE_GPU_NMS': True}
['voc_2007_trainval']
Loaded dataset `voc_2007_trainval` for training
Set proposal method: gt
Appending vertically-flipped training examples...
wrote gt roidb to /home/jason/faster-rcnn.pytorch-1.0/data/cache/voc_2007_trainval_gt_roidb.pkl
done
Appending brightness-changed training examples...
done
Preparing training data...
done
before filtering, there are 780 images...
after filtering, there are 780 images...
['voc_2007_test']
Loaded dataset `voc_2007_test` for training
Set proposal method: gt
Preparing training data...
wrote gt roidb to /home/jason/faster-rcnn.pytorch-1.0/data/cache/voc_2007_test_gt_roidb.pkl
done
before filtering, there are 130 images...
after filtering, there are 130 images...
780 roidb entries
130 roidb2 entries
[session 1][epoch  1][iter    0/ 390] training loss: 32.9724,  lr: 1.00e-04
			fg/bg=(2/254), time cost: 2.155758
			rpn_cls: 0.7243, rpn_box: 0.1182, rcnn_cls: 32.0859, rcnn_box 0.0441
[session 1][epoch  1][iter   50/ 390] training loss: 4.0266,  lr: 1.00e-04
			fg/bg=(14/242), time cost: 78.226644
			rpn_cls: 0.8252, rpn_box: 0.0672, rcnn_cls: 0.4034, rcnn_box 0.1593
[session 1][epoch  1][iter  100/ 390] training loss: 1.5797,  lr: 1.00e-04
			fg/bg=(4/252), time cost: 79.018630
			rpn_cls: 0.4427, rpn_box: 0.0159, rcnn_cls: 0.6482, rcnn_box 0.0244
[session 1][epoch  1][iter  150/ 390] training loss: 1.2337,  lr: 1.00e-04
			fg/bg=(16/240), time cost: 79.873931
			rpn_cls: 0.3923, rpn_box: 0.3142, rcnn_cls: 0.4367, rcnn_box 0.1245
[session 1][epoch  1][iter  200/ 390] training loss: 1.1653,  lr: 1.00e-04
			fg/bg=(18/238), time cost: 78.923123
			rpn_cls: 0.3625, rpn_box: 0.1487, rcnn_cls: 0.5233, rcnn_box 0.1122
[session 1][epoch  1][iter  250/ 390] training loss: 1.3350,  lr: 1.00e-04
			fg/bg=(29/227), time cost: 80.736799
			rpn_cls: 0.3488, rpn_box: 0.2419, rcnn_cls: 0.7294, rcnn_box 0.2002
[session 1][epoch  1][iter  300/ 390] training loss: 1.2382,  lr: 1.00e-04
			fg/bg=(31/225), time cost: 78.764729
			rpn_cls: 0.3606, rpn_box: 0.1203, rcnn_cls: 0.7233, rcnn_box 0.3222
[session 1][epoch  1][iter  350/ 390] training loss: 1.1729,  lr: 1.00e-04
			fg/bg=(19/237), time cost: 79.985447
			rpn_cls: 0.1935, rpn_box: 0.0567, rcnn_cls: 0.4021, rcnn_box 0.1556
Epoch 1: Training loss: 0.4065, Testing loss: 1.1294
total training time: 557.685061
[session 1][epoch  2][iter    0/ 390] training loss: 1.0649,  lr: 1.00e-04
			fg/bg=(16/240), time cost: 1.838789
			rpn_cls: 0.3353, rpn_box: 0.2680, rcnn_cls: 0.3545, rcnn_box 0.1070
[session 1][epoch  2][iter   50/ 390] training loss: 1.1058,  lr: 1.00e-04
			fg/bg=(2/254), time cost: 80.949570
			rpn_cls: 0.3617, rpn_box: 0.1226, rcnn_cls: 0.0987, rcnn_box 0.0000
[session 1][epoch  2][iter  100/ 390] training loss: 1.2466,  lr: 1.00e-04
			fg/bg=(10/246), time cost: 77.444206
			rpn_cls: 0.4048, rpn_box: 0.2640, rcnn_cls: 0.3351, rcnn_box 0.0466
[session 1][epoch  2][iter  150/ 390] training loss: 1.3332,  lr: 1.00e-04
			fg/bg=(10/246), time cost: 78.985846
			rpn_cls: 0.4608, rpn_box: 0.2794, rcnn_cls: 0.3408, rcnn_box 0.0494
[session 1][epoch  2][iter  200/ 390] training loss: 1.1873,  lr: 1.00e-04
			fg/bg=(15/241), time cost: 78.365278
			rpn_cls: 0.2393, rpn_box: 0.0110, rcnn_cls: 0.5209, rcnn_box 0.1081
[session 1][epoch  2][iter  250/ 390] training loss: 1.1465,  lr: 1.00e-04
			fg/bg=(5/251), time cost: 78.920893
			rpn_cls: 0.2825, rpn_box: 0.1588, rcnn_cls: 0.1967, rcnn_box 0.0121
[session 1][epoch  2][iter  300/ 390] training loss: 1.1367,  lr: 1.00e-04
			fg/bg=(44/212), time cost: 79.496449
			rpn_cls: 0.5388, rpn_box: 0.0918, rcnn_cls: 1.1296, rcnn_box 0.4393
[session 1][epoch  2][iter  350/ 390] training loss: 1.1949,  lr: 1.00e-04
			fg/bg=(13/243), time cost: 78.213281
			rpn_cls: 0.2850, rpn_box: 0.1409, rcnn_cls: 0.3634, rcnn_box 0.1119
Epoch 2: Training loss: 0.2961, Testing loss: 0.3067
total training time: 1111.899373
[session 1][epoch  3][iter    0/ 390] training loss: 1.6144,  lr: 1.00e-04
			fg/bg=(25/231), time cost: 2.100528
			rpn_cls: 0.3467, rpn_box: 0.3502, rcnn_cls: 0.7154, rcnn_box 0.2020
[session 1][epoch  3][iter   50/ 390] training loss: 1.1637,  lr: 1.00e-04
			fg/bg=(7/249), time cost: 81.935931
			rpn_cls: 0.5357, rpn_box: 0.4414, rcnn_cls: 0.2479, rcnn_box 0.0067
[session 1][epoch  3][iter  100/ 390] training loss: 1.1975,  lr: 1.00e-04
			fg/bg=(13/243), time cost: 80.579762
			rpn_cls: 0.6662, rpn_box: 0.3972, rcnn_cls: 0.4440, rcnn_box 0.0389
[session 1][epoch  3][iter  150/ 390] training loss: 1.2172,  lr: 1.00e-04
			fg/bg=(7/249), time cost: 77.760302
			rpn_cls: 0.4050, rpn_box: 0.3645, rcnn_cls: 0.3139, rcnn_box 0.0181
[session 1][epoch  3][iter  200/ 390] training loss: 1.2891,  lr: 1.00e-04
			fg/bg=(13/243), time cost: 80.907089
			rpn_cls: 0.3680, rpn_box: 0.4439, rcnn_cls: 0.3415, rcnn_box 0.0757
[session 1][epoch  3][iter  250/ 390] training loss: 1.1635,  lr: 1.00e-04
			fg/bg=(11/245), time cost: 80.372003
			rpn_cls: 0.3994, rpn_box: 0.3217, rcnn_cls: 0.3787, rcnn_box 0.0809
[session 1][epoch  3][iter  300/ 390] training loss: 1.2775,  lr: 1.00e-04
			fg/bg=(27/229), time cost: 78.811504
			rpn_cls: 0.2184, rpn_box: 0.0039, rcnn_cls: 0.6687, rcnn_box 0.2796
[session 1][epoch  3][iter  350/ 390] training loss: 1.2468,  lr: 1.00e-04
			fg/bg=(9/247), time cost: 78.144742
			rpn_cls: 0.3381, rpn_box: 0.2105, rcnn_cls: 0.3131, rcnn_box 0.0365
Epoch 3: Training loss: 0.3034, Testing loss: 0.3035
total training time: 1672.511234
[session 1][epoch  4][iter    0/ 390] training loss: 0.7538,  lr: 1.00e-04
			fg/bg=(14/242), time cost: 1.873519
			rpn_cls: 0.2387, rpn_box: 0.0402, rcnn_cls: 0.3929, rcnn_box 0.0820
[session 1][epoch  4][iter   50/ 390] training loss: 1.1580,  lr: 1.00e-04
			fg/bg=(25/231), time cost: 79.975737
			rpn_cls: 0.3096, rpn_box: 0.0886, rcnn_cls: 0.6460, rcnn_box 0.2107
[session 1][epoch  4][iter  100/ 390] training loss: 1.1782,  lr: 1.00e-04
			fg/bg=(32/224), time cost: 78.754989
			rpn_cls: 0.4910, rpn_box: 0.0512, rcnn_cls: 0.8213, rcnn_box 0.3071
[session 1][epoch  4][iter  150/ 390] training loss: 1.1554,  lr: 1.00e-04
			fg/bg=(35/221), time cost: 77.224326
			rpn_cls: 0.1843, rpn_box: 0.0116, rcnn_cls: 0.9505, rcnn_box 0.3221
[session 1][epoch  4][iter  200/ 390] training loss: 1.3183,  lr: 1.00e-04
			fg/bg=(20/236), time cost: 78.911610
			rpn_cls: 0.4038, rpn_box: 0.5516, rcnn_cls: 0.5785, rcnn_box 0.1383
[session 1][epoch  4][iter  250/ 390] training loss: 1.1734,  lr: 1.00e-04
			fg/bg=(20/236), time cost: 78.418930
			rpn_cls: 0.3664, rpn_box: 0.1295, rcnn_cls: 0.5783, rcnn_box 0.0895
[session 1][epoch  4][iter  300/ 390] training loss: 1.2404,  lr: 1.00e-04
			fg/bg=(6/250), time cost: 79.398685
			rpn_cls: 0.4982, rpn_box: 0.3691, rcnn_cls: 0.2885, rcnn_box 0.0008
[session 1][epoch  4][iter  350/ 390] training loss: 1.1760,  lr: 1.00e-04
			fg/bg=(28/228), time cost: 78.116535
			rpn_cls: 0.4251, rpn_box: 0.2073, rcnn_cls: 0.7287, rcnn_box 0.1946
Epoch 4: Training loss: 0.2992, Testing loss: 0.3003
total training time: 2225.185565
[session 1][epoch  5][iter    0/ 390] training loss: 1.2754,  lr: 1.00e-04
			fg/bg=(16/240), time cost: 1.818818
			rpn_cls: 0.3288, rpn_box: 0.4052, rcnn_cls: 0.4169, rcnn_box 0.1244
[session 1][epoch  5][iter   50/ 390] training loss: 1.2013,  lr: 1.00e-04
			fg/bg=(36/220), time cost: 79.577842
			rpn_cls: 0.2752, rpn_box: 0.3077, rcnn_cls: 0.7163, rcnn_box 0.3352
[session 1][epoch  5][iter  100/ 390] training loss: 1.2206,  lr: 1.00e-04
			fg/bg=(10/246), time cost: 78.092744
			rpn_cls: 0.3044, rpn_box: 0.1384, rcnn_cls: 0.3041, rcnn_box 0.0603
[session 1][epoch  5][iter  150/ 390] training loss: 1.1394,  lr: 1.00e-04
			fg/bg=(29/227), time cost: 78.325305
			rpn_cls: 0.3636, rpn_box: 0.2834, rcnn_cls: 0.6782, rcnn_box 0.2285
[session 1][epoch  5][iter  200/ 390] training loss: 1.1744,  lr: 1.00e-04
			fg/bg=(13/243), time cost: 79.965941
			rpn_cls: 0.4114, rpn_box: 0.4202, rcnn_cls: 0.3942, rcnn_box 0.0591
[session 1][epoch  5][iter  250/ 390] training loss: 1.1416,  lr: 1.00e-04
			fg/bg=(14/242), time cost: 78.449967
			rpn_cls: 0.2153, rpn_box: 0.0064, rcnn_cls: 0.4420, rcnn_box 0.1516
[session 1][epoch  5][iter  300/ 390] training loss: 1.2272,  lr: 1.00e-04
			fg/bg=(23/233), time cost: 78.230037
			rpn_cls: 0.2647, rpn_box: 0.0173, rcnn_cls: 0.5444, rcnn_box 0.2369
[session 1][epoch  5][iter  350/ 390] training loss: 1.9857,  lr: 1.00e-04
			fg/bg=(2/254), time cost: 77.608474
			rpn_cls: 0.5284, rpn_box: 0.1835, rcnn_cls: 0.1428, rcnn_box 0.0048
Epoch 5: Training loss: 0.3320, Testing loss: 0.3018
total training time: 2777.254693
[session 1][epoch  6][iter    0/ 390] training loss: 0.8874,  lr: 1.00e-05
			fg/bg=(2/254), time cost: 2.078089
			rpn_cls: 0.3819, rpn_box: 0.1313, rcnn_cls: 0.3739, rcnn_box 0.0003
[session 1][epoch  6][iter   50/ 390] training loss: 1.1138,  lr: 1.00e-05
			fg/bg=(19/237), time cost: 80.883658
			rpn_cls: 0.2770, rpn_box: 0.1424, rcnn_cls: 0.4940, rcnn_box 0.1261
[session 1][epoch  6][iter  100/ 390] training loss: 1.2083,  lr: 1.00e-05
			fg/bg=(11/245), time cost: 81.620202
			rpn_cls: 0.6216, rpn_box: 0.4068, rcnn_cls: 0.3381, rcnn_box 0.0515
[session 1][epoch  6][iter  150/ 390] training loss: 1.2728,  lr: 1.00e-05
			fg/bg=(31/225), time cost: 78.546920
			rpn_cls: 0.2430, rpn_box: 0.1199, rcnn_cls: 0.8357, rcnn_box 0.2740
[session 1][epoch  6][iter  200/ 390] training loss: 1.1799,  lr: 1.00e-05
			fg/bg=(20/236), time cost: 80.286000
			rpn_cls: 0.6070, rpn_box: 0.3013, rcnn_cls: 0.5700, rcnn_box 0.2079
[session 1][epoch  6][iter  250/ 390] training loss: 1.2418,  lr: 1.00e-05
			fg/bg=(37/219), time cost: 81.222267
			rpn_cls: 0.2381, rpn_box: 0.0051, rcnn_cls: 0.8763, rcnn_box 0.3353
[session 1][epoch  6][iter  300/ 390] training loss: 1.1576,  lr: 1.00e-05
			fg/bg=(11/245), time cost: 80.504459
			rpn_cls: 0.2101, rpn_box: 0.0087, rcnn_cls: 0.3766, rcnn_box 0.0551
[session 1][epoch  6][iter  350/ 390] training loss: 1.1504,  lr: 1.00e-05
			fg/bg=(17/239), time cost: 80.203339
			rpn_cls: 0.3879, rpn_box: 0.2844, rcnn_cls: 0.4875, rcnn_box 0.0880
Epoch 6: Training loss: 0.2950, Testing loss: 0.3128
total training time: 3342.599627
[session 1][epoch  7][iter    0/ 390] training loss: 1.2378,  lr: 1.00e-05
			fg/bg=(26/230), time cost: 2.182259
			rpn_cls: 0.3259, rpn_box: 0.1248, rcnn_cls: 0.5913, rcnn_box 0.1957
[session 1][epoch  7][iter   50/ 390] training loss: 1.0505,  lr: 1.00e-05
			fg/bg=(16/240), time cost: 83.461682
			rpn_cls: 0.2197, rpn_box: 0.0082, rcnn_cls: 0.4078, rcnn_box 0.1222
[session 1][epoch  7][iter  100/ 390] training loss: 1.1818,  lr: 1.00e-05
			fg/bg=(10/246), time cost: 80.207557
			rpn_cls: 0.3683, rpn_box: 0.3666, rcnn_cls: 0.2943, rcnn_box 0.0326
[session 1][epoch  7][iter  150/ 390] training loss: 1.1055,  lr: 1.00e-05
			fg/bg=(43/213), time cost: 79.605405
			rpn_cls: 0.1405, rpn_box: 0.0081, rcnn_cls: 0.8312, rcnn_box 0.4337
[session 1][epoch  7][iter  200/ 390] training loss: 1.1754,  lr: 1.00e-05
			fg/bg=(2/254), time cost: 78.951565
			rpn_cls: 0.3187, rpn_box: 0.0531, rcnn_cls: 0.1690, rcnn_box 0.0004
[session 1][epoch  7][iter  250/ 390] training loss: 1.2906,  lr: 1.00e-05
			fg/bg=(20/236), time cost: 78.974812
			rpn_cls: 0.2920, rpn_box: 0.1306, rcnn_cls: 0.3954, rcnn_box 0.1117
[session 1][epoch  7][iter  300/ 390] training loss: 1.2772,  lr: 1.00e-05
			fg/bg=(30/226), time cost: 78.428618
			rpn_cls: 0.3419, rpn_box: 0.2755, rcnn_cls: 0.7235, rcnn_box 0.1718
[session 1][epoch  7][iter  350/ 390] training loss: 1.1142,  lr: 1.00e-05
			fg/bg=(15/241), time cost: 78.310330
			rpn_cls: 0.3655, rpn_box: 0.3270, rcnn_cls: 0.3808, rcnn_box 0.1031
Epoch 7: Training loss: 0.2910, Testing loss: 0.2951
total training time: 3902.721855
[session 1][epoch  8][iter    0/ 390] training loss: 1.1995,  lr: 1.00e-05
			fg/bg=(25/231), time cost: 1.816056
			rpn_cls: 0.3152, rpn_box: 0.1226, rcnn_cls: 0.6098, rcnn_box 0.1519
[session 1][epoch  8][iter   50/ 390] training loss: 1.1214,  lr: 1.00e-05
			fg/bg=(17/239), time cost: 81.331992
			rpn_cls: 0.2978, rpn_box: 0.1073, rcnn_cls: 0.4179, rcnn_box 0.0938
[session 1][epoch  8][iter  100/ 390] training loss: 1.0699,  lr: 1.00e-05
			fg/bg=(31/225), time cost: 79.291233
			rpn_cls: 0.3146, rpn_box: 0.3736, rcnn_cls: 0.6978, rcnn_box 0.2551
[session 1][epoch  8][iter  150/ 390] training loss: 1.1891,  lr: 1.00e-05
			fg/bg=(9/247), time cost: 77.890229
			rpn_cls: 0.4406, rpn_box: 0.7154, rcnn_cls: 0.3178, rcnn_box 0.0281
[session 1][epoch  8][iter  200/ 390] training loss: 1.1757,  lr: 1.00e-05
			fg/bg=(8/248), time cost: 77.019529
			rpn_cls: 0.4912, rpn_box: 0.5655, rcnn_cls: 0.2594, rcnn_box 0.0198
[session 1][epoch  8][iter  250/ 390] training loss: 1.2268,  lr: 1.00e-05
			fg/bg=(35/221), time cost: 78.447642
			rpn_cls: 0.3179, rpn_box: 0.1448, rcnn_cls: 0.6550, rcnn_box 0.3550
[session 1][epoch  8][iter  300/ 390] training loss: 1.1020,  lr: 1.00e-05
			fg/bg=(6/250), time cost: 78.555980
			rpn_cls: 0.6038, rpn_box: 0.6979, rcnn_cls: 0.2425, rcnn_box 0.0015
[session 1][epoch  8][iter  350/ 390] training loss: 1.1873,  lr: 1.00e-05
			fg/bg=(3/253), time cost: 78.662062
			rpn_cls: 0.1773, rpn_box: 0.0058, rcnn_cls: 0.1745, rcnn_box 0.0162
Epoch 8: Training loss: 0.2887, Testing loss: 0.2896
total training time: 4455.736577
[session 1][epoch  9][iter    0/ 390] training loss: 1.0558,  lr: 1.00e-05
			fg/bg=(32/224), time cost: 1.914037
			rpn_cls: 0.2025, rpn_box: 0.0029, rcnn_cls: 0.5967, rcnn_box 0.2537
[session 1][epoch  9][iter   50/ 390] training loss: 1.1241,  lr: 1.00e-05
			fg/bg=(24/232), time cost: 80.561291
			rpn_cls: 0.2865, rpn_box: 0.1218, rcnn_cls: 0.4523, rcnn_box 0.1583
[session 1][epoch  9][iter  100/ 390] training loss: 1.1567,  lr: 1.00e-05
			fg/bg=(25/231), time cost: 80.824923
			rpn_cls: 0.3168, rpn_box: 0.3632, rcnn_cls: 0.5623, rcnn_box 0.1882
[session 1][epoch  9][iter  150/ 390] training loss: 1.0641,  lr: 1.00e-05
			fg/bg=(26/230), time cost: 78.992540
			rpn_cls: 0.5697, rpn_box: 0.1103, rcnn_cls: 0.5882, rcnn_box 0.1992
[session 1][epoch  9][iter  200/ 390] training loss: 1.1361,  lr: 1.00e-05
			fg/bg=(24/232), time cost: 77.816641
			rpn_cls: 0.2578, rpn_box: 0.1290, rcnn_cls: 0.4891, rcnn_box 0.1649
[session 1][epoch  9][iter  250/ 390] training loss: 1.1587,  lr: 1.00e-05
			fg/bg=(6/250), time cost: 81.173473
			rpn_cls: 0.1985, rpn_box: 0.0212, rcnn_cls: 0.2644, rcnn_box 0.0420
[session 1][epoch  9][iter  300/ 390] training loss: 1.1753,  lr: 1.00e-05
			fg/bg=(6/250), time cost: 84.672712
			rpn_cls: 0.4653, rpn_box: 0.3680, rcnn_cls: 0.3174, rcnn_box 0.0016
[session 1][epoch  9][iter  350/ 390] training loss: 1.2266,  lr: 1.00e-05
			fg/bg=(13/243), time cost: 85.365357
			rpn_cls: 0.3734, rpn_box: 0.2796, rcnn_cls: 0.3957, rcnn_box 0.0957
Epoch 9: Training loss: 0.2892, Testing loss: 0.2834
total training time: 5027.057551
[session 1][epoch 10][iter    0/ 390] training loss: 0.4542,  lr: 1.00e-05
			fg/bg=(5/251), time cost: 2.311758
			rpn_cls: 0.2084, rpn_box: 0.0210, rcnn_cls: 0.1948, rcnn_box 0.0300
[session 1][epoch 10][iter   50/ 390] training loss: 1.0607,  lr: 1.00e-05
			fg/bg=(28/228), time cost: 85.545353
			rpn_cls: 0.2507, rpn_box: 0.0432, rcnn_cls: 0.6224, rcnn_box 0.1840
[session 1][epoch 10][iter  100/ 390] training loss: 1.1055,  lr: 1.00e-05
			fg/bg=(14/242), time cost: 85.417158
			rpn_cls: 0.3340, rpn_box: 0.3634, rcnn_cls: 0.3669, rcnn_box 0.0699
[session 1][epoch 10][iter  150/ 390] training loss: 1.0679,  lr: 1.00e-05
			fg/bg=(5/251), time cost: 87.282885
			rpn_cls: 0.1898, rpn_box: 0.0071, rcnn_cls: 0.1998, rcnn_box 0.0259
[session 1][epoch 10][iter  200/ 390] training loss: 1.2185,  lr: 1.00e-05
			fg/bg=(8/248), time cost: 87.574771
			rpn_cls: 0.3771, rpn_box: 0.3606, rcnn_cls: 0.2551, rcnn_box 0.0162
[session 1][epoch 10][iter  250/ 390] training loss: 1.1800,  lr: 1.00e-05
			fg/bg=(28/228), time cost: 86.017179
			rpn_cls: 0.4067, rpn_box: 0.3761, rcnn_cls: 0.6546, rcnn_box 0.1929
[session 1][epoch 10][iter  300/ 390] training loss: 1.1282,  lr: 1.00e-05
			fg/bg=(14/242), time cost: 87.228106
			rpn_cls: 0.2312, rpn_box: 0.3216, rcnn_cls: 0.3335, rcnn_box 0.0872
[session 1][epoch 10][iter  350/ 390] training loss: 1.1345,  lr: 1.00e-05
			fg/bg=(13/243), time cost: 84.288478
			rpn_cls: 0.1613, rpn_box: 0.0235, rcnn_cls: 0.3577, rcnn_box 0.1197
Epoch 10: Training loss: 0.2833, Testing loss: 0.2826
total training time: 5632.723240
[session 1][epoch 11][iter    0/ 390] training loss: 1.0553,  lr: 1.00e-05
			fg/bg=(30/226), time cost: 1.955273
			rpn_cls: 0.2317, rpn_box: 0.2077, rcnn_cls: 0.3880, rcnn_box 0.2278
[session 1][epoch 11][iter   50/ 390] training loss: 1.1394,  lr: 1.00e-05
			fg/bg=(30/226), time cost: 87.051443
			rpn_cls: 0.3305, rpn_box: 0.0703, rcnn_cls: 0.5398, rcnn_box 0.2515
[session 1][epoch 11][iter  100/ 390] training loss: 1.0978,  lr: 1.00e-05
			fg/bg=(21/235), time cost: 85.396468
			rpn_cls: 0.2013, rpn_box: 0.0037, rcnn_cls: 0.5336, rcnn_box 0.1672
[session 1][epoch 11][iter  150/ 390] training loss: 1.1227,  lr: 1.00e-05
			fg/bg=(48/208), time cost: 84.272938
			rpn_cls: 0.1861, rpn_box: 0.0261, rcnn_cls: 0.9205, rcnn_box 0.4850
[session 1][epoch 11][iter  200/ 390] training loss: 1.1264,  lr: 1.00e-05
			fg/bg=(21/235), time cost: 84.681275
			rpn_cls: 0.2718, rpn_box: 0.1388, rcnn_cls: 0.4796, rcnn_box 0.1774
[session 1][epoch 11][iter  250/ 390] training loss: 1.1716,  lr: 1.00e-05
			fg/bg=(42/214), time cost: 86.070267
			rpn_cls: 0.3800, rpn_box: 0.2013, rcnn_cls: 0.8117, rcnn_box 0.2693
[session 1][epoch 11][iter  300/ 390] training loss: 1.1506,  lr: 1.00e-05
			fg/bg=(30/226), time cost: 84.734084
			rpn_cls: 0.1439, rpn_box: 0.0037, rcnn_cls: 0.4933, rcnn_box 0.1937
[session 1][epoch 11][iter  350/ 390] training loss: 1.1528,  lr: 1.00e-05
			fg/bg=(30/226), time cost: 84.920217
			rpn_cls: 0.2484, rpn_box: 0.0848, rcnn_cls: 0.4660, rcnn_box 0.3101
Epoch 11: Training loss: 0.2842, Testing loss: 0.2788
total training time: 6231.805205
[session 1][epoch 12][iter    0/ 390] training loss: 1.2834,  lr: 1.00e-06
			fg/bg=(32/224), time cost: 1.954098
			rpn_cls: 0.2578, rpn_box: 0.2995, rcnn_cls: 0.5493, rcnn_box 0.1768
[session 1][epoch 12][iter   50/ 390] training loss: 1.2083,  lr: 1.00e-06
			fg/bg=(38/218), time cost: 86.781598
			rpn_cls: 0.2815, rpn_box: 0.1694, rcnn_cls: 0.5905, rcnn_box 0.2058
[session 1][epoch 12][iter  100/ 390] training loss: 1.1463,  lr: 1.00e-06
			fg/bg=(47/209), time cost: 83.420456
			rpn_cls: 0.3136, rpn_box: 0.0202, rcnn_cls: 0.9083, rcnn_box 0.3873
[session 1][epoch 12][iter  150/ 390] training loss: 1.2062,  lr: 1.00e-06
			fg/bg=(31/225), time cost: 84.430918
			rpn_cls: 0.2868, rpn_box: 0.3960, rcnn_cls: 0.5371, rcnn_box 0.2363
[session 1][epoch 12][iter  200/ 390] training loss: 1.0968,  lr: 1.00e-06
			fg/bg=(15/241), time cost: 85.334874
			rpn_cls: 0.3323, rpn_box: 0.3595, rcnn_cls: 0.3537, rcnn_box 0.0800
[session 1][epoch 12][iter  250/ 390] training loss: 1.1080,  lr: 1.00e-06
			fg/bg=(42/214), time cost: 85.144993
			rpn_cls: 0.3691, rpn_box: 0.2267, rcnn_cls: 0.6923, rcnn_box 0.2628
[session 1][epoch 12][iter  300/ 390] training loss: 1.0034,  lr: 1.00e-06
			fg/bg=(23/233), time cost: 84.761289
			rpn_cls: 0.2550, rpn_box: 0.1827, rcnn_cls: 0.5009, rcnn_box 0.1612
[session 1][epoch 12][iter  350/ 390] training loss: 1.1677,  lr: 1.00e-06
			fg/bg=(51/205), time cost: 84.830274
			rpn_cls: 0.3947, rpn_box: 0.1490, rcnn_cls: 0.8460, rcnn_box 0.3584
Epoch 12: Training loss: 0.2809, Testing loss: 0.2770
total training time: 6828.463706
[session 1][epoch 13][iter    0/ 390] training loss: 1.2444,  lr: 1.00e-06
			fg/bg=(13/243), time cost: 2.170058
			rpn_cls: 0.5060, rpn_box: 0.3378, rcnn_cls: 0.3537, rcnn_box 0.0470
[session 1][epoch 13][iter   50/ 390] training loss: 1.2216,  lr: 1.00e-06
			fg/bg=(32/224), time cost: 84.212380
			rpn_cls: 0.1451, rpn_box: 0.0062, rcnn_cls: 0.5495, rcnn_box 0.3022
[session 1][epoch 13][iter  100/ 390] training loss: 1.2009,  lr: 1.00e-06
			fg/bg=(24/232), time cost: 82.511866
			rpn_cls: 0.2667, rpn_box: 0.3033, rcnn_cls: 0.3989, rcnn_box 0.1120
[session 1][epoch 13][iter  150/ 390] training loss: 1.0634,  lr: 1.00e-06
			fg/bg=(38/218), time cost: 81.839766
			rpn_cls: 0.3372, rpn_box: 0.2573, rcnn_cls: 0.6749, rcnn_box 0.2404
[session 1][epoch 13][iter  200/ 390] training loss: 1.1009,  lr: 1.00e-06
			fg/bg=(21/235), time cost: 81.868148
			rpn_cls: 0.2539, rpn_box: 0.2444, rcnn_cls: 0.4691, rcnn_box 0.1514
[session 1][epoch 13][iter  250/ 390] training loss: 1.1217,  lr: 1.00e-06
			fg/bg=(15/241), time cost: 82.361913
			rpn_cls: 0.2868, rpn_box: 0.2394, rcnn_cls: 0.3329, rcnn_box 0.0732
[session 1][epoch 13][iter  300/ 390] training loss: 1.1432,  lr: 1.00e-06
			fg/bg=(20/236), time cost: 82.806807
			rpn_cls: 0.4321, rpn_box: 0.3744, rcnn_cls: 0.4434, rcnn_box 0.1233
[session 1][epoch 13][iter  350/ 390] training loss: 1.0867,  lr: 1.00e-06
			fg/bg=(6/250), time cost: 82.181174
			rpn_cls: 0.3897, rpn_box: 0.4023, rcnn_cls: 0.2476, rcnn_box 0.0076
Epoch 13: Training loss: 0.2820, Testing loss: 0.2759
total training time: 7408.415817
[session 1][epoch 14][iter    0/ 390] training loss: 0.9465,  lr: 1.00e-06
			fg/bg=(21/235), time cost: 2.193061
			rpn_cls: 0.2198, rpn_box: 0.1682, rcnn_cls: 0.4561, rcnn_box 0.1023
[session 1][epoch 14][iter   50/ 390] training loss: 1.2235,  lr: 1.00e-06
			fg/bg=(27/229), time cost: 87.559953
			rpn_cls: 0.3904, rpn_box: 0.3657, rcnn_cls: 0.6500, rcnn_box 0.2012
[session 1][epoch 14][iter  100/ 390] training loss: 1.1172,  lr: 1.00e-06
			fg/bg=(19/237), time cost: 83.839505
			rpn_cls: 0.2951, rpn_box: 0.2785, rcnn_cls: 0.4638, rcnn_box 0.1071
[session 1][epoch 14][iter  150/ 390] training loss: 1.1461,  lr: 1.00e-06
			fg/bg=(4/252), time cost: 84.819544
			rpn_cls: 0.2222, rpn_box: 0.0094, rcnn_cls: 0.1852, rcnn_box 0.0307
[session 1][epoch 14][iter  200/ 390] training loss: 1.0749,  lr: 1.00e-06
			fg/bg=(21/235), time cost: 85.501489
			rpn_cls: 0.4448, rpn_box: 0.1771, rcnn_cls: 0.4478, rcnn_box 0.1468
[session 1][epoch 14][iter  250/ 390] training loss: 1.1474,  lr: 1.00e-06
			fg/bg=(25/231), time cost: 87.300588
			rpn_cls: 0.3131, rpn_box: 0.0213, rcnn_cls: 0.4827, rcnn_box 0.2660
[session 1][epoch 14][iter  300/ 390] training loss: 1.0672,  lr: 1.00e-06
			fg/bg=(9/247), time cost: 86.459160
			rpn_cls: 0.3357, rpn_box: 0.3654, rcnn_cls: 0.2826, rcnn_box 0.0405
[session 1][epoch 14][iter  350/ 390] training loss: 1.1378,  lr: 1.00e-06
			fg/bg=(11/245), time cost: 87.723049
			rpn_cls: 0.0785, rpn_box: 0.0150, rcnn_cls: 0.3048, rcnn_box 0.0930
Epoch 14: Training loss: 0.2825, Testing loss: 0.2760
total training time: 8013.812166
[session 1][epoch 15][iter    0/ 390] training loss: 1.0359,  lr: 1.00e-06
			fg/bg=(19/237), time cost: 2.254716
			rpn_cls: 0.2350, rpn_box: 0.2026, rcnn_cls: 0.4422, rcnn_box 0.1561
[session 1][epoch 15][iter   50/ 390] training loss: 1.1908,  lr: 1.00e-06
			fg/bg=(25/231), time cost: 86.242345
			rpn_cls: 0.2881, rpn_box: 0.3573, rcnn_cls: 0.4591, rcnn_box 0.1399
[session 1][epoch 15][iter  100/ 390] training loss: 1.0975,  lr: 1.00e-06
			fg/bg=(18/238), time cost: 86.414462
			rpn_cls: 0.0901, rpn_box: 0.0091, rcnn_cls: 0.3726, rcnn_box 0.1217
[session 1][epoch 15][iter  150/ 390] training loss: 1.0897,  lr: 1.00e-06
			fg/bg=(37/219), time cost: 87.341996
			rpn_cls: 0.2478, rpn_box: 0.3017, rcnn_cls: 0.6403, rcnn_box 0.2243
[session 1][epoch 15][iter  200/ 390] training loss: 1.1675,  lr: 1.00e-06
			fg/bg=(32/224), time cost: 87.671937
			rpn_cls: 0.2878, rpn_box: 0.3274, rcnn_cls: 0.6504, rcnn_box 0.2327
[session 1][epoch 15][iter  250/ 390] training loss: 1.2296,  lr: 1.00e-06
			fg/bg=(2/254), time cost: 86.373016
			rpn_cls: 0.1721, rpn_box: 0.0066, rcnn_cls: 0.1747, rcnn_box 0.0104
[session 1][epoch 15][iter  300/ 390] training loss: 1.0727,  lr: 1.00e-06
			fg/bg=(32/224), time cost: 85.433798
			rpn_cls: 0.1826, rpn_box: 0.0053, rcnn_cls: 0.6332, rcnn_box 0.2604
[session 1][epoch 15][iter  350/ 390] training loss: 1.0844,  lr: 1.00e-06
			fg/bg=(10/246), time cost: 84.349590
			rpn_cls: 0.2327, rpn_box: 0.3311, rcnn_cls: 0.2215, rcnn_box 0.0421
Epoch 15: Training loss: 0.2836, Testing loss: 0.2779
total training time: 8619.894025
[session 1][epoch 16][iter    0/ 390] training loss: 0.7788,  lr: 1.00e-06
			fg/bg=(37/219), time cost: 2.053950
			rpn_cls: 0.1633, rpn_box: 0.0030, rcnn_cls: 0.4068, rcnn_box 0.2056
[session 1][epoch 16][iter   50/ 390] training loss: 1.1822,  lr: 1.00e-06
			fg/bg=(6/250), time cost: 86.825691
			rpn_cls: 0.3625, rpn_box: 0.0959, rcnn_cls: 0.2506, rcnn_box 0.0480
[session 1][epoch 16][iter  100/ 390] training loss: 1.1354,  lr: 1.00e-06
			fg/bg=(40/216), time cost: 84.967829
			rpn_cls: 0.3852, rpn_box: 0.0569, rcnn_cls: 0.5968, rcnn_box 0.2055
[session 1][epoch 16][iter  150/ 390] training loss: 1.1033,  lr: 1.00e-06
			fg/bg=(11/245), time cost: 85.249322
			rpn_cls: 0.1453, rpn_box: 0.0075, rcnn_cls: 0.3374, rcnn_box 0.0649
[session 1][epoch 16][iter  200/ 390] training loss: 1.0987,  lr: 1.00e-06
			fg/bg=(14/242), time cost: 85.308560
			rpn_cls: 0.3989, rpn_box: 0.5526, rcnn_cls: 0.3861, rcnn_box 0.1129
[session 1][epoch 16][iter  250/ 390] training loss: 1.1660,  lr: 1.00e-06
			fg/bg=(43/213), time cost: 85.851118
			rpn_cls: 0.2386, rpn_box: 0.2210, rcnn_cls: 0.6280, rcnn_box 0.1920
[session 1][epoch 16][iter  300/ 390] training loss: 1.0716,  lr: 1.00e-06
			fg/bg=(31/225), time cost: 84.299857
			rpn_cls: 0.3773, rpn_box: 0.1731, rcnn_cls: 0.5866, rcnn_box 0.1877
[session 1][epoch 16][iter  350/ 390] training loss: 1.1801,  lr: 1.00e-06
			fg/bg=(11/245), time cost: 84.641151
			rpn_cls: 0.2353, rpn_box: 0.6842, rcnn_cls: 0.2728, rcnn_box 0.0451
Epoch 16: Training loss: 0.2830, Testing loss: 0.2791
total training time: 9219.091504
[session 1][epoch 17][iter    0/ 390] training loss: 0.9205,  lr: 1.00e-06
			fg/bg=(14/242), time cost: 1.954129
			rpn_cls: 0.2451, rpn_box: 0.3837, rcnn_cls: 0.2496, rcnn_box 0.0421
[session 1][epoch 17][iter   50/ 390] training loss: 1.1337,  lr: 1.00e-06
			fg/bg=(38/218), time cost: 86.511093
			rpn_cls: 0.1574, rpn_box: 0.0096, rcnn_cls: 0.7811, rcnn_box 0.3123
[session 1][epoch 17][iter  100/ 390] training loss: 1.0827,  lr: 1.00e-06
			fg/bg=(20/236), time cost: 84.260270
			rpn_cls: 0.3412, rpn_box: 0.1877, rcnn_cls: 0.4801, rcnn_box 0.1321
[session 1][epoch 17][iter  150/ 390] training loss: 1.1890,  lr: 1.00e-06
			fg/bg=(7/249), time cost: 83.447314
			rpn_cls: 0.1687, rpn_box: 0.0253, rcnn_cls: 0.2371, rcnn_box 0.0247
[session 1][epoch 17][iter  200/ 390] training loss: 1.1939,  lr: 1.00e-06
			fg/bg=(57/199), time cost: 84.982976
			rpn_cls: 0.3138, rpn_box: 0.0220, rcnn_cls: 1.0722, rcnn_box 0.5016
[session 1][epoch 17][iter  250/ 390] training loss: 1.1330,  lr: 1.00e-06
			fg/bg=(27/229), time cost: 85.557258
			rpn_cls: 0.1641, rpn_box: 0.0083, rcnn_cls: 0.4565, rcnn_box 0.1618
[session 1][epoch 17][iter  300/ 390] training loss: 1.1442,  lr: 1.00e-06
			fg/bg=(22/234), time cost: 84.815550
			rpn_cls: 0.3004, rpn_box: 0.3634, rcnn_cls: 0.4414, rcnn_box 0.1167
[session 1][epoch 17][iter  350/ 390] training loss: 1.1303,  lr: 1.00e-06
			fg/bg=(12/244), time cost: 84.488942
			rpn_cls: 0.4046, rpn_box: 0.2970, rcnn_cls: 0.3670, rcnn_box 0.0353
Epoch 17: Training loss: 0.2835, Testing loss: 0.2786
total training time: 9815.109037
[session 1][epoch 18][iter    0/ 390] training loss: 1.2484,  lr: 1.00e-07
			fg/bg=(16/240), time cost: 2.270670
			rpn_cls: 0.4014, rpn_box: 0.3427, rcnn_cls: 0.4327, rcnn_box 0.0717
[session 1][epoch 18][iter   50/ 390] training loss: 1.2005,  lr: 1.00e-07
			fg/bg=(19/237), time cost: 86.496368
			rpn_cls: 0.3768, rpn_box: 0.3231, rcnn_cls: 0.3527, rcnn_box 0.0924
[session 1][epoch 18][iter  100/ 390] training loss: 1.0630,  lr: 1.00e-07
			fg/bg=(9/247), time cost: 83.715989
			rpn_cls: 0.3010, rpn_box: 0.2966, rcnn_cls: 0.2672, rcnn_box 0.0289
[session 1][epoch 18][iter  150/ 390] training loss: 1.1088,  lr: 1.00e-07
			fg/bg=(27/229), time cost: 86.320116
			rpn_cls: 0.2782, rpn_box: 0.2982, rcnn_cls: 0.5638, rcnn_box 0.1711
[session 1][epoch 18][iter  200/ 390] training loss: 1.1437,  lr: 1.00e-07
			fg/bg=(28/228), time cost: 85.538817
			rpn_cls: 0.3359, rpn_box: 0.2787, rcnn_cls: 0.5172, rcnn_box 0.1402
[session 1][epoch 18][iter  250/ 390] training loss: 1.1396,  lr: 1.00e-07
			fg/bg=(5/251), time cost: 85.293208
			rpn_cls: 0.4082, rpn_box: 0.2294, rcnn_cls: 0.1931, rcnn_box 0.0144
[session 1][epoch 18][iter  300/ 390] training loss: 1.0820,  lr: 1.00e-07
			fg/bg=(7/249), time cost: 85.871210
			rpn_cls: 0.5536, rpn_box: 0.1047, rcnn_cls: 0.3069, rcnn_box 0.0511
[session 1][epoch 18][iter  350/ 390] training loss: 1.1140,  lr: 1.00e-07
			fg/bg=(46/210), time cost: 85.882852
			rpn_cls: 0.3640, rpn_box: 0.0446, rcnn_cls: 0.7302, rcnn_box 0.2170
Epoch 18: Training loss: 0.2826, Testing loss: 0.2804
total training time: 10416.498266
[session 1][epoch 19][iter    0/ 390] training loss: 0.7373,  lr: 1.00e-07
			fg/bg=(19/237), time cost: 2.220873
			rpn_cls: 0.1460, rpn_box: 0.0091, rcnn_cls: 0.4488, rcnn_box 0.1335
[session 1][epoch 19][iter   50/ 390] training loss: 1.1090,  lr: 1.00e-07
			fg/bg=(22/234), time cost: 85.741035
			rpn_cls: 0.1999, rpn_box: 0.2674, rcnn_cls: 0.3806, rcnn_box 0.1579
[session 1][epoch 19][iter  100/ 390] training loss: 1.1420,  lr: 1.00e-07
			fg/bg=(21/235), time cost: 87.254952
			rpn_cls: 0.2222, rpn_box: 0.1715, rcnn_cls: 0.4420, rcnn_box 0.0829
[session 1][epoch 19][iter  150/ 390] training loss: 1.1164,  lr: 1.00e-07
			fg/bg=(6/250), time cost: 86.651826
			rpn_cls: 0.5327, rpn_box: 0.6807, rcnn_cls: 0.2098, rcnn_box 0.0022
[session 1][epoch 19][iter  200/ 390] training loss: 1.0688,  lr: 1.00e-07
			fg/bg=(4/252), time cost: 85.068236
			rpn_cls: 0.1874, rpn_box: 0.0098, rcnn_cls: 0.1814, rcnn_box 0.0300
[session 1][epoch 19][iter  250/ 390] training loss: 1.1520,  lr: 1.00e-07
			fg/bg=(47/209), time cost: 86.440938
			rpn_cls: 0.1751, rpn_box: 0.0075, rcnn_cls: 1.0060, rcnn_box 0.3366
[session 1][epoch 19][iter  300/ 390] training loss: 1.0518,  lr: 1.00e-07
			fg/bg=(13/243), time cost: 85.619907
			rpn_cls: 0.2929, rpn_box: 0.2942, rcnn_cls: 0.3514, rcnn_box 0.0771
[session 1][epoch 19][iter  350/ 390] training loss: 1.1629,  lr: 1.00e-07
			fg/bg=(11/245), time cost: 87.930846
			rpn_cls: 0.1640, rpn_box: 0.0023, rcnn_cls: 0.3192, rcnn_box 0.0762
Epoch 19: Training loss: 0.2816, Testing loss: 0.2803
total training time: 11023.426879
[session 1][epoch 20][iter    0/ 390] training loss: 0.9908,  lr: 1.00e-07
			fg/bg=(33/223), time cost: 1.995491
			rpn_cls: 0.1279, rpn_box: 0.0058, rcnn_cls: 0.5299, rcnn_box 0.3272
[session 1][epoch 20][iter   50/ 390] training loss: 1.1092,  lr: 1.00e-07
			fg/bg=(9/247), time cost: 83.990060
			rpn_cls: 0.1412, rpn_box: 0.0592, rcnn_cls: 0.2268, rcnn_box 0.0772
[session 1][epoch 20][iter  100/ 390] training loss: 1.1546,  lr: 1.00e-07
			fg/bg=(24/232), time cost: 84.748980
			rpn_cls: 0.3024, rpn_box: 0.1077, rcnn_cls: 0.4877, rcnn_box 0.1304
[session 1][epoch 20][iter  150/ 390] training loss: 1.0549,  lr: 1.00e-07
			fg/bg=(59/197), time cost: 84.610594
			rpn_cls: 0.2114, rpn_box: 0.0690, rcnn_cls: 0.8097, rcnn_box 0.3534
[session 1][epoch 20][iter  200/ 390] training loss: 1.1846,  lr: 1.00e-07
			fg/bg=(11/245), time cost: 82.910994
			rpn_cls: 0.1726, rpn_box: 0.0590, rcnn_cls: 0.2121, rcnn_box 0.0854
[session 1][epoch 20][iter  250/ 390] training loss: 1.1758,  lr: 1.00e-07
			fg/bg=(26/230), time cost: 83.578078
			rpn_cls: 0.1129, rpn_box: 0.0153, rcnn_cls: 0.4160, rcnn_box 0.2627
[session 1][epoch 20][iter  300/ 390] training loss: 1.1321,  lr: 1.00e-07
			fg/bg=(16/240), time cost: 85.029519
			rpn_cls: 0.2370, rpn_box: 0.3327, rcnn_cls: 0.3416, rcnn_box 0.0618
[session 1][epoch 20][iter  350/ 390] training loss: 1.1101,  lr: 1.00e-07
			fg/bg=(4/252), time cost: 84.306508
			rpn_cls: 0.1757, rpn_box: 0.0124, rcnn_cls: 0.1741, rcnn_box 0.0182
Epoch 20: Training loss: 0.2818, Testing loss: 0.2823
total training time: 11614.597102
save model: models/res101/pascal_voc/faster_rcnn_1_20_389.pth
