Called with args:
Namespace(batch_size=15, checkepoch=1, checkpoint=0, checkpoint_interval=10000, checksession=1, class_agnostic=False, cuda=True, dataset='pascal_voc', disp_interval=100, large_scale=False, lr=0.001, lr_decay_gamma=0.1, lr_decay_step=5, mGPUs=False, max_epochs=20, net='vgg16', num_workers=1, optimizer='sgd', resume=False, save_dir='models', session=1, start_epoch=1, use_tfboard=False)
Using config:
{'ANCHOR_RATIOS': [0.5, 1, 2],
 'ANCHOR_SCALES': [8, 16, 32],
 'CROP_RESIZE_WITH_MAX_POOL': False,
 'CUDA': False,
 'DATA_DIR': '/home/jason/faster-rcnn.pytorch-1.0/data',
 'DEDUP_BOXES': 0.0625,
 'EPS': 1e-14,
 'EXP_DIR': 'vgg16',
 'FEAT_STRIDE': [16],
 'GPU_ID': 0,
 'MATLAB': 'matlab',
 'MAX_NUM_GT_BOXES': 20,
 'MOBILENET': {'DEPTH_MULTIPLIER': 1.0,
               'FIXED_LAYERS': 5,
               'REGU_DEPTH': False,
               'WEIGHT_DECAY': 4e-05},
 'PIXEL_MEANS': array([[[102.9801, 115.9465, 122.7717]]]),
 'POOLING_MODE': 'align',
 'POOLING_SIZE': 7,
 'RESNET': {'FIXED_BLOCKS': 1, 'MAX_POOL': False},
 'RNG_SEED': 3,
 'ROOT_DIR': '/home/jason/faster-rcnn.pytorch-1.0',
 'TEST': {'BBOX_REG': True,
          'HAS_RPN': True,
          'MAX_SIZE': 1000,
          'MODE': 'nms',
          'NMS': 0.3,
          'PROPOSAL_METHOD': 'gt',
          'RPN_MIN_SIZE': 16,
          'RPN_NMS_THRESH': 0.7,
          'RPN_POST_NMS_TOP_N': 300,
          'RPN_PRE_NMS_TOP_N': 6000,
          'RPN_TOP_N': 5000,
          'SCALES': [600],
          'SVM': False},
 'TRAIN': {'ASPECT_GROUPING': False,
           'BATCH_SIZE': 256,
           'BBOX_INSIDE_WEIGHTS': [1.0, 1.0, 1.0, 1.0],
           'BBOX_NORMALIZE_MEANS': [0.0, 0.0, 0.0, 0.0],
           'BBOX_NORMALIZE_STDS': [0.1, 0.1, 0.2, 0.2],
           'BBOX_NORMALIZE_TARGETS': True,
           'BBOX_NORMALIZE_TARGETS_PRECOMPUTED': True,
           'BBOX_REG': True,
           'BBOX_THRESH': 0.5,
           'BG_THRESH_HI': 0.5,
           'BG_THRESH_LO': 0.0,
           'BIAS_DECAY': False,
           'BN_TRAIN': False,
           'DISPLAY': 10,
           'DOUBLE_BIAS': True,
           'FG_FRACTION': 0.25,
           'FG_THRESH': 0.5,
           'GAMMA': 0.1,
           'HAS_RPN': True,
           'IMS_PER_BATCH': 1,
           'LEARNING_RATE': 0.01,
           'MAX_SIZE': 1000,
           'MOMENTUM': 0.9,
           'PROPOSAL_METHOD': 'gt',
           'RPN_BATCHSIZE': 256,
           'RPN_BBOX_INSIDE_WEIGHTS': [1.0, 1.0, 1.0, 1.0],
           'RPN_CLOBBER_POSITIVES': False,
           'RPN_FG_FRACTION': 0.5,
           'RPN_MIN_SIZE': 8,
           'RPN_NEGATIVE_OVERLAP': 0.3,
           'RPN_NMS_THRESH': 0.7,
           'RPN_POSITIVE_OVERLAP': 0.7,
           'RPN_POSITIVE_WEIGHT': -1.0,
           'RPN_POST_NMS_TOP_N': 2000,
           'RPN_PRE_NMS_TOP_N': 12000,
           'SCALES': [600],
           'SNAPSHOT_ITERS': 5000,
           'SNAPSHOT_KEPT': 3,
           'SNAPSHOT_PREFIX': 'res101_faster_rcnn',
           'STEPSIZE': [30000],
           'SUMMARY_INTERVAL': 180,
           'TRIM_HEIGHT': 600,
           'TRIM_WIDTH': 600,
           'TRUNCATED': False,
           'USE_ALL_GT': True,
           'USE_FLIPPED': True,
           'USE_GT': False,
           'WEIGHT_DECAY': 0.0005},
 'USE_GPU_NMS': True}
['voc_2007_trainval']
Loaded dataset `voc_2007_trainval` for training
Set proposal method: gt
Appending horizontally-flipped training examples...
voc_2007_trainval gt roidb loaded from /home/jason/faster-rcnn.pytorch-1.0/data/cache/voc_2007_trainval_gt_roidb.pkl
done
Preparing training data...
done
before filtering, there are 12718 images...
after filtering, there are 12718 images...
12718 roidb entries
Loading pretrained weights from data/pretrained_model/vgg16_caffe.pth
[session 1][epoch  1][iter    0/ 847] loss: 4.7505, lr: 1.00e-03
			fg/bg=(122/3718), time cost: 12.120765
			rpn_cls: 0.7015, rpn_box: 0.0856, rcnn_cls: 3.8859, rcnn_box 0.0775
[session 1][epoch  1][iter  100/ 847] loss: 0.9653, lr: 1.00e-03
			fg/bg=(321/3519), time cost: 1066.396384
			rpn_cls: 0.3417, rpn_box: 0.2575, rcnn_cls: 0.4128, rcnn_box 0.1867
[session 1][epoch  1][iter  200/ 847] loss: 0.8476, lr: 1.00e-03
			fg/bg=(216/3624), time cost: 1063.608052
			rpn_cls: 0.1237, rpn_box: 0.0929, rcnn_cls: 0.3032, rcnn_box 0.1310
[session 1][epoch  1][iter  300/ 847] loss: 0.7766, lr: 1.00e-03
			fg/bg=(305/3535), time cost: 1063.582739
			rpn_cls: 0.0780, rpn_box: 0.0721, rcnn_cls: 0.3031, rcnn_box 0.1854
[session 1][epoch  1][iter  400/ 847] loss: 0.7882, lr: 1.00e-03
			fg/bg=(379/3461), time cost: 1063.747861
			rpn_cls: 0.0738, rpn_box: 0.0618, rcnn_cls: 0.3394, rcnn_box 0.2353
[session 1][epoch  1][iter  500/ 847] loss: 0.7750, lr: 1.00e-03
			fg/bg=(183/3657), time cost: 1064.512065
			rpn_cls: 0.0423, rpn_box: 0.0498, rcnn_cls: 0.1655, rcnn_box 0.1004
[session 1][epoch  1][iter  600/ 847] loss: 0.7084, lr: 1.00e-03
			fg/bg=(373/3467), time cost: 1060.389120
			rpn_cls: 0.0939, rpn_box: 0.1019, rcnn_cls: 0.4554, rcnn_box 0.2247
[session 1][epoch  1][iter  700/ 847] loss: 0.7668, lr: 1.00e-03
			fg/bg=(231/3609), time cost: 1077.107440
			rpn_cls: 0.0571, rpn_box: 0.0828, rcnn_cls: 0.2224, rcnn_box 0.1321
[session 1][epoch  1][iter  800/ 847] loss: 0.7270, lr: 1.00e-03
			fg/bg=(397/3443), time cost: 1071.114266
			rpn_cls: 0.0919, rpn_box: 0.1302, rcnn_cls: 0.3750, rcnn_box 0.2305
[session 1][epoch  2][iter    0/ 847] loss: 0.5296, lr: 1.00e-03
			fg/bg=(319/3521), time cost: 13.391648
			rpn_cls: 0.0817, rpn_box: 0.0463, rcnn_cls: 0.2181, rcnn_box 0.1834
[session 1][epoch  2][iter  100/ 847] loss: 0.6636, lr: 1.00e-03
			fg/bg=(354/3486), time cost: 1093.964515
			rpn_cls: 0.0532, rpn_box: 0.0282, rcnn_cls: 0.3312, rcnn_box 0.2091
[session 1][epoch  2][iter  200/ 847] loss: 0.7031, lr: 1.00e-03
			fg/bg=(259/3581), time cost: 1050.380489
			rpn_cls: 0.0575, rpn_box: 0.0878, rcnn_cls: 0.2587, rcnn_box 0.1477
[session 1][epoch  2][iter  300/ 847] loss: 0.6405, lr: 1.00e-03
			fg/bg=(419/3421), time cost: 1049.175475
			rpn_cls: 0.0681, rpn_box: 0.1207, rcnn_cls: 0.3074, rcnn_box 0.2296
[session 1][epoch  2][iter  400/ 847] loss: 0.6279, lr: 1.00e-03
			fg/bg=(601/3239), time cost: 1053.357301
			rpn_cls: 0.0797, rpn_box: 0.1389, rcnn_cls: 0.2633, rcnn_box 0.2924
[session 1][epoch  2][iter  500/ 847] loss: 0.6410, lr: 1.00e-03
			fg/bg=(628/3212), time cost: 1051.415365
			rpn_cls: 0.0901, rpn_box: 0.1822, rcnn_cls: 0.2780, rcnn_box 0.2717
[session 1][epoch  2][iter  600/ 847] loss: 0.6353, lr: 1.00e-03
			fg/bg=(652/3188), time cost: 1047.567431
			rpn_cls: 0.0717, rpn_box: 0.1213, rcnn_cls: 0.3654, rcnn_box 0.2802
[session 1][epoch  2][iter  700/ 847] loss: 0.5662, lr: 1.00e-03
			fg/bg=(408/3432), time cost: 1053.039523
			rpn_cls: 0.0664, rpn_box: 0.1075, rcnn_cls: 0.2708, rcnn_box 0.2014
[session 1][epoch  2][iter  800/ 847] loss: 0.6017, lr: 1.00e-03
			fg/bg=(397/3443), time cost: 1049.001240
			rpn_cls: 0.0700, rpn_box: 0.0974, rcnn_cls: 0.2447, rcnn_box 0.1509
[session 1][epoch  3][iter    0/ 847] loss: 0.5492, lr: 1.00e-03
			fg/bg=(394/3446), time cost: 12.432374
			rpn_cls: 0.0846, rpn_box: 0.0592, rcnn_cls: 0.2249, rcnn_box 0.1805
[session 1][epoch  3][iter  100/ 847] loss: 0.5288, lr: 1.00e-03
			fg/bg=(373/3467), time cost: 1055.862200
			rpn_cls: 0.1215, rpn_box: 0.1473, rcnn_cls: 0.2456, rcnn_box 0.1697
[session 1][epoch  3][iter  200/ 847] loss: 0.5125, lr: 1.00e-03
			fg/bg=(215/3625), time cost: 1053.502972
			rpn_cls: 0.0164, rpn_box: 0.0048, rcnn_cls: 0.1484, rcnn_box 0.0760
[session 1][epoch  3][iter  300/ 847] loss: 0.5271, lr: 1.00e-03
			fg/bg=(414/3426), time cost: 1054.203839
			rpn_cls: 0.1443, rpn_box: 0.0575, rcnn_cls: 0.2465, rcnn_box 0.1674
[session 1][epoch  3][iter  400/ 847] loss: 0.5338, lr: 1.00e-03
			fg/bg=(402/3438), time cost: 1047.679297
			rpn_cls: 0.0419, rpn_box: 0.0495, rcnn_cls: 0.1434, rcnn_box 0.1340
[session 1][epoch  3][iter  500/ 847] loss: 0.5282, lr: 1.00e-03
			fg/bg=(420/3420), time cost: 1052.637776
			rpn_cls: 0.0898, rpn_box: 0.0602, rcnn_cls: 0.2678, rcnn_box 0.1715
[session 1][epoch  3][iter  600/ 847] loss: 0.5143, lr: 1.00e-03
			fg/bg=(448/3392), time cost: 1050.157551
			rpn_cls: 0.0400, rpn_box: 0.0429, rcnn_cls: 0.1915, rcnn_box 0.1578
[session 1][epoch  3][iter  700/ 847] loss: 0.5009, lr: 1.00e-03
			fg/bg=(454/3386), time cost: 1051.190754
			rpn_cls: 0.0710, rpn_box: 0.0596, rcnn_cls: 0.3699, rcnn_box 0.1632
[session 1][epoch  3][iter  800/ 847] loss: 0.5072, lr: 1.00e-03
			fg/bg=(441/3399), time cost: 1052.327650
			rpn_cls: 0.0503, rpn_box: 0.0509, rcnn_cls: 0.2083, rcnn_box 0.1483
[session 1][epoch  4][iter    0/ 847] loss: 0.4975, lr: 1.00e-03
			fg/bg=(381/3459), time cost: 12.510478
			rpn_cls: 0.0581, rpn_box: 0.0776, rcnn_cls: 0.2330, rcnn_box 0.1288
[session 1][epoch  4][iter  100/ 847] loss: 0.4778, lr: 1.00e-03
			fg/bg=(697/3143), time cost: 1042.234490
			rpn_cls: 0.0615, rpn_box: 0.1203, rcnn_cls: 0.1941, rcnn_box 0.1878
[session 1][epoch  4][iter  200/ 847] loss: 0.4609, lr: 1.00e-03
			fg/bg=(512/3328), time cost: 1040.957671
			rpn_cls: 0.0661, rpn_box: 0.1978, rcnn_cls: 0.1715, rcnn_box 0.1591
[session 1][epoch  4][iter  300/ 847] loss: 0.4465, lr: 1.00e-03
			fg/bg=(357/3483), time cost: 1042.247694
			rpn_cls: 0.0417, rpn_box: 0.1037, rcnn_cls: 0.1632, rcnn_box 0.1113
[session 1][epoch  4][iter  400/ 847] loss: 0.4309, lr: 1.00e-03
			fg/bg=(344/3496), time cost: 1044.496863
			rpn_cls: 0.0314, rpn_box: 0.0252, rcnn_cls: 0.2020, rcnn_box 0.1077
[session 1][epoch  4][iter  500/ 847] loss: 0.4368, lr: 1.00e-03
			fg/bg=(375/3465), time cost: 1044.056866
			rpn_cls: 0.0479, rpn_box: 0.0612, rcnn_cls: 0.2179, rcnn_box 0.1135
[session 1][epoch  4][iter  600/ 847] loss: 0.4393, lr: 1.00e-03
			fg/bg=(349/3491), time cost: 1043.373992
			rpn_cls: 0.0625, rpn_box: 0.0435, rcnn_cls: 0.1757, rcnn_box 0.1147
[session 1][epoch  4][iter  700/ 847] loss: 0.4506, lr: 1.00e-03
			fg/bg=(350/3490), time cost: 1038.598587
			rpn_cls: 0.0519, rpn_box: 0.1067, rcnn_cls: 0.1467, rcnn_box 0.1096
[session 1][epoch  4][iter  800/ 847] loss: 0.4564, lr: 1.00e-03
			fg/bg=(336/3504), time cost: 1038.088401
			rpn_cls: 0.0417, rpn_box: 0.0555, rcnn_cls: 0.1393, rcnn_box 0.0855
[session 1][epoch  5][iter    0/ 847] loss: 0.5327, lr: 1.00e-03
			fg/bg=(517/3323), time cost: 11.850697
			rpn_cls: 0.0920, rpn_box: 0.1456, rcnn_cls: 0.1473, rcnn_box 0.1478
[session 1][epoch  5][iter  100/ 847] loss: 0.4076, lr: 1.00e-03
			fg/bg=(407/3433), time cost: 1077.897262
			rpn_cls: 0.0303, rpn_box: 0.0517, rcnn_cls: 0.0926, rcnn_box 0.1033
[session 1][epoch  5][iter  200/ 847] loss: 0.4226, lr: 1.00e-03
			fg/bg=(319/3521), time cost: 1061.886779
			rpn_cls: 0.0379, rpn_box: 0.0476, rcnn_cls: 0.1149, rcnn_box 0.0782
[session 1][epoch  5][iter  300/ 847] loss: 0.3990, lr: 1.00e-03
			fg/bg=(362/3478), time cost: 1047.478403
			rpn_cls: 0.0548, rpn_box: 0.0400, rcnn_cls: 0.1525, rcnn_box 0.1094
[session 1][epoch  5][iter  400/ 847] loss: 0.3915, lr: 1.00e-03
			fg/bg=(458/3382), time cost: 1064.278945
			rpn_cls: 0.0566, rpn_box: 0.0850, rcnn_cls: 0.2847, rcnn_box 0.1318
[session 1][epoch  5][iter  500/ 847] loss: 0.3964, lr: 1.00e-03
			fg/bg=(329/3511), time cost: 1074.034478
			rpn_cls: 0.0367, rpn_box: 0.0379, rcnn_cls: 0.1071, rcnn_box 0.0932
[session 1][epoch  5][iter  600/ 847] loss: 0.3843, lr: 1.00e-03
			fg/bg=(354/3486), time cost: 1049.489922
			rpn_cls: 0.0587, rpn_box: 0.0502, rcnn_cls: 0.1187, rcnn_box 0.1137
[session 1][epoch  5][iter  700/ 847] loss: 0.3883, lr: 1.00e-03
			fg/bg=(417/3423), time cost: 1044.505517
			rpn_cls: 0.0486, rpn_box: 0.0622, rcnn_cls: 0.1542, rcnn_box 0.1323
[session 1][epoch  5][iter  800/ 847] loss: 0.3961, lr: 1.00e-03
			fg/bg=(432/3408), time cost: 1045.624547
			rpn_cls: 0.0437, rpn_box: 0.1203, rcnn_cls: 0.0812, rcnn_box 0.0905
[session 1][epoch  6][iter    0/ 847] loss: 0.4246, lr: 1.00e-04
			fg/bg=(502/3338), time cost: 12.551131
			rpn_cls: 0.0535, rpn_box: 0.0821, rcnn_cls: 0.1384, rcnn_box 0.1506
[session 1][epoch  6][iter  100/ 847] loss: 0.3642, lr: 1.00e-04
			fg/bg=(437/3403), time cost: 1046.518415
			rpn_cls: 0.0447, rpn_box: 0.0645, rcnn_cls: 0.1975, rcnn_box 0.1243
[session 1][epoch  6][iter  200/ 847] loss: 0.3411, lr: 1.00e-04
			fg/bg=(753/3087), time cost: 1044.276370
			rpn_cls: 0.0924, rpn_box: 0.0353, rcnn_cls: 0.1710, rcnn_box 0.1883
[session 1][epoch  6][iter  300/ 847] loss: 0.3474, lr: 1.00e-04
			fg/bg=(473/3367), time cost: 1039.796777
			rpn_cls: 0.0478, rpn_box: 0.0109, rcnn_cls: 0.1355, rcnn_box 0.1506
[session 1][epoch  6][iter  400/ 847] loss: 0.3269, lr: 1.00e-04
			fg/bg=(435/3405), time cost: 1039.601130
			rpn_cls: 0.0250, rpn_box: 0.0629, rcnn_cls: 0.1122, rcnn_box 0.1159
[session 1][epoch  6][iter  500/ 847] loss: 0.3266, lr: 1.00e-04
			fg/bg=(323/3517), time cost: 1038.039493
			rpn_cls: 0.0242, rpn_box: 0.0501, rcnn_cls: 0.1041, rcnn_box 0.0655
[session 1][epoch  6][iter  600/ 847] loss: 0.3334, lr: 1.00e-04
			fg/bg=(551/3289), time cost: 1034.837372
			rpn_cls: 0.0853, rpn_box: 0.1198, rcnn_cls: 0.1500, rcnn_box 0.1452
[session 1][epoch  6][iter  700/ 847] loss: 0.3426, lr: 1.00e-04
			fg/bg=(359/3481), time cost: 1037.284851
			rpn_cls: 0.0378, rpn_box: 0.0445, rcnn_cls: 0.1404, rcnn_box 0.0758
[session 1][epoch  6][iter  800/ 847] loss: 0.3318, lr: 1.00e-04
			fg/bg=(662/3178), time cost: 1047.129830
			rpn_cls: 0.0621, rpn_box: 0.1359, rcnn_cls: 0.1442, rcnn_box 0.1605
[session 1][epoch  7][iter    0/ 847] loss: 0.2495, lr: 1.00e-04
			fg/bg=(330/3510), time cost: 12.890264
			rpn_cls: 0.0334, rpn_box: 0.0271, rcnn_cls: 0.1056, rcnn_box 0.0834
[session 1][epoch  7][iter  100/ 847] loss: 0.3202, lr: 1.00e-04
			fg/bg=(344/3496), time cost: 1063.425230
			rpn_cls: 0.0121, rpn_box: 0.0377, rcnn_cls: 0.1018, rcnn_box 0.0765
[session 1][epoch  7][iter  200/ 847] loss: 0.3444, lr: 1.00e-04
			fg/bg=(536/3304), time cost: 1065.366293
			rpn_cls: 0.0531, rpn_box: 0.0771, rcnn_cls: 0.1310, rcnn_box 0.1093
[session 1][epoch  7][iter  300/ 847] loss: 0.3224, lr: 1.00e-04
			fg/bg=(444/3396), time cost: 1060.838784
			rpn_cls: 0.0373, rpn_box: 0.0789, rcnn_cls: 0.1346, rcnn_box 0.1064
[session 1][epoch  7][iter  400/ 847] loss: 0.3148, lr: 1.00e-04
			fg/bg=(425/3415), time cost: 1064.366210
			rpn_cls: 0.0229, rpn_box: 0.0326, rcnn_cls: 0.0938, rcnn_box 0.0823
[session 1][epoch  7][iter  500/ 847] loss: 0.3365, lr: 1.00e-04
			fg/bg=(509/3331), time cost: 1062.696565
			rpn_cls: 0.0649, rpn_box: 0.1240, rcnn_cls: 0.1307, rcnn_box 0.1243
[session 1][epoch  7][iter  600/ 847] loss: 0.3277, lr: 1.00e-04
			fg/bg=(472/3368), time cost: 1064.129551
			rpn_cls: 0.0483, rpn_box: 0.0703, rcnn_cls: 0.2069, rcnn_box 0.1417
[session 1][epoch  7][iter  700/ 847] loss: 0.3264, lr: 1.00e-04
			fg/bg=(379/3461), time cost: 1061.451762
			rpn_cls: 0.0338, rpn_box: 0.0496, rcnn_cls: 0.1212, rcnn_box 0.1048
[session 1][epoch  7][iter  800/ 847] loss: 0.3212, lr: 1.00e-04
			fg/bg=(329/3511), time cost: 1060.749514
			rpn_cls: 0.0176, rpn_box: 0.0147, rcnn_cls: 0.1035, rcnn_box 0.0759
[session 1][epoch  8][iter    0/ 847] loss: 0.2342, lr: 1.00e-04
			fg/bg=(356/3484), time cost: 12.587238
			rpn_cls: 0.0258, rpn_box: 0.0496, rcnn_cls: 0.0856, rcnn_box 0.0732
[session 1][epoch  8][iter  100/ 847] loss: 0.3189, lr: 1.00e-04
			fg/bg=(638/3202), time cost: 1054.084987
			rpn_cls: 0.0367, rpn_box: 0.1275, rcnn_cls: 0.0909, rcnn_box 0.1046
[session 1][epoch  8][iter  200/ 847] loss: 0.3254, lr: 1.00e-04
			fg/bg=(446/3394), time cost: 1052.729499
			rpn_cls: 0.0390, rpn_box: 0.0771, rcnn_cls: 0.1493, rcnn_box 0.1090
[session 1][epoch  8][iter  300/ 847] loss: 0.3191, lr: 1.00e-04
			fg/bg=(381/3459), time cost: 1053.455521
			rpn_cls: 0.0307, rpn_box: 0.0780, rcnn_cls: 0.1836, rcnn_box 0.0845
[session 1][epoch  8][iter  400/ 847] loss: 0.3144, lr: 1.00e-04
			fg/bg=(475/3365), time cost: 1050.724885
			rpn_cls: 0.0314, rpn_box: 0.0228, rcnn_cls: 0.0996, rcnn_box 0.0955
[session 1][epoch  8][iter  500/ 847] loss: 0.3403, lr: 1.00e-04
			fg/bg=(454/3386), time cost: 1048.187411
			rpn_cls: 0.0180, rpn_box: 0.0427, rcnn_cls: 0.1142, rcnn_box 0.1133
[session 1][epoch  8][iter  600/ 847] loss: 0.3308, lr: 1.00e-04
			fg/bg=(455/3385), time cost: 1052.191185
			rpn_cls: 0.0467, rpn_box: 0.0676, rcnn_cls: 0.1820, rcnn_box 0.1364
[session 1][epoch  8][iter  700/ 847] loss: 0.3025, lr: 1.00e-04
			fg/bg=(366/3474), time cost: 1053.568027
			rpn_cls: 0.0254, rpn_box: 0.0344, rcnn_cls: 0.1177, rcnn_box 0.0724
[session 1][epoch  8][iter  800/ 847] loss: 0.3179, lr: 1.00e-04
			fg/bg=(462/3378), time cost: 1057.433834
			rpn_cls: 0.0268, rpn_box: 0.0568, rcnn_cls: 0.1095, rcnn_box 0.1165
[session 1][epoch  9][iter    0/ 847] loss: 0.3237, lr: 1.00e-04
			fg/bg=(402/3438), time cost: 12.815953
			rpn_cls: 0.0418, rpn_box: 0.0418, rcnn_cls: 0.1447, rcnn_box 0.0953
[session 1][epoch  9][iter  100/ 847] loss: 0.3073, lr: 1.00e-04
			fg/bg=(323/3517), time cost: 1056.333043
			rpn_cls: 0.0277, rpn_box: 0.0638, rcnn_cls: 0.1676, rcnn_box 0.0895
[session 1][epoch  9][iter  200/ 847] loss: 0.3251, lr: 1.00e-04
			fg/bg=(290/3550), time cost: 1058.011478
			rpn_cls: 0.0383, rpn_box: 0.0459, rcnn_cls: 0.1131, rcnn_box 0.0798
[session 1][epoch  9][iter  300/ 847] loss: 0.3035, lr: 1.00e-04
			fg/bg=(522/3318), time cost: 1059.585040
			rpn_cls: 0.0315, rpn_box: 0.0451, rcnn_cls: 0.0825, rcnn_box 0.0911
[session 1][epoch  9][iter  400/ 847] loss: 0.3006, lr: 1.00e-04
			fg/bg=(415/3425), time cost: 1061.644150
			rpn_cls: 0.0400, rpn_box: 0.0770, rcnn_cls: 0.1285, rcnn_box 0.0997
[session 1][epoch  9][iter  500/ 847] loss: 0.3118, lr: 1.00e-04
			fg/bg=(517/3323), time cost: 1056.850369
			rpn_cls: 0.0347, rpn_box: 0.0929, rcnn_cls: 0.1367, rcnn_box 0.1110
[session 1][epoch  9][iter  600/ 847] loss: 0.3150, lr: 1.00e-04
			fg/bg=(224/3616), time cost: 1057.429568
			rpn_cls: 0.0062, rpn_box: 0.0043, rcnn_cls: 0.0779, rcnn_box 0.0385
[session 1][epoch  9][iter  700/ 847] loss: 0.3214, lr: 1.00e-04
			fg/bg=(454/3386), time cost: 1057.441241
			rpn_cls: 0.0539, rpn_box: 0.0515, rcnn_cls: 0.1404, rcnn_box 0.1238
[session 1][epoch  9][iter  800/ 847] loss: 0.3359, lr: 1.00e-04
			fg/bg=(256/3584), time cost: 1058.142287
			rpn_cls: 0.0176, rpn_box: 0.0045, rcnn_cls: 0.0698, rcnn_box 0.0706
[session 1][epoch 10][iter    0/ 847] loss: 0.2324, lr: 1.00e-04
			fg/bg=(421/3419), time cost: 12.714024
			rpn_cls: 0.0164, rpn_box: 0.0297, rcnn_cls: 0.1069, rcnn_box 0.0794
[session 1][epoch 10][iter  100/ 847] loss: 0.3135, lr: 1.00e-04
			fg/bg=(647/3193), time cost: 1050.548630
			rpn_cls: 0.0614, rpn_box: 0.1276, rcnn_cls: 0.1427, rcnn_box 0.1362
[session 1][epoch 10][iter  200/ 847] loss: 0.3170, lr: 1.00e-04
			fg/bg=(692/3148), time cost: 1057.161383
			rpn_cls: 0.0541, rpn_box: 0.1299, rcnn_cls: 0.1243, rcnn_box 0.1290
[session 1][epoch 10][iter  300/ 847] loss: 0.3154, lr: 1.00e-04
			fg/bg=(419/3421), time cost: 1049.388733
			rpn_cls: 0.0201, rpn_box: 0.0094, rcnn_cls: 0.1289, rcnn_box 0.0987
[session 1][epoch 10][iter  400/ 847] loss: 0.2995, lr: 1.00e-04
			fg/bg=(349/3491), time cost: 1051.666287
			rpn_cls: 0.0166, rpn_box: 0.0474, rcnn_cls: 0.1012, rcnn_box 0.0772
[session 1][epoch 10][iter  500/ 847] loss: 0.3020, lr: 1.00e-04
			fg/bg=(737/3103), time cost: 1055.159834
			rpn_cls: 0.0540, rpn_box: 0.1138, rcnn_cls: 0.1072, rcnn_box 0.1342
[session 1][epoch 10][iter  600/ 847] loss: 0.3158, lr: 1.00e-04
			fg/bg=(444/3396), time cost: 1052.029438
			rpn_cls: 0.0325, rpn_box: 0.0782, rcnn_cls: 0.1369, rcnn_box 0.1014
[session 1][epoch 10][iter  700/ 847] loss: 0.3129, lr: 1.00e-04
			fg/bg=(353/3487), time cost: 1049.535292
			rpn_cls: 0.0378, rpn_box: 0.0413, rcnn_cls: 0.1240, rcnn_box 0.0685
[session 1][epoch 10][iter  800/ 847] loss: 0.3243, lr: 1.00e-04
			fg/bg=(471/3369), time cost: 1048.802048
			rpn_cls: 0.0212, rpn_box: 0.0669, rcnn_cls: 0.0831, rcnn_box 0.0829
[session 1][epoch 11][iter    0/ 847] loss: 0.2177, lr: 1.00e-04
			fg/bg=(295/3545), time cost: 12.664647
			rpn_cls: 0.0334, rpn_box: 0.0164, rcnn_cls: 0.0924, rcnn_box 0.0755
[session 1][epoch 11][iter  100/ 847] loss: 0.3017, lr: 1.00e-04
			fg/bg=(412/3428), time cost: 1056.138320
			rpn_cls: 0.0326, rpn_box: 0.0398, rcnn_cls: 0.0940, rcnn_box 0.1021
[session 1][epoch 11][iter  200/ 847] loss: 0.3166, lr: 1.00e-04
			fg/bg=(454/3386), time cost: 1059.766126
			rpn_cls: 0.0288, rpn_box: 0.0764, rcnn_cls: 0.0875, rcnn_box 0.0544
[session 1][epoch 11][iter  300/ 847] loss: 0.3018, lr: 1.00e-04
			fg/bg=(380/3460), time cost: 1062.090858
			rpn_cls: 0.0200, rpn_box: 0.0204, rcnn_cls: 0.0901, rcnn_box 0.0919
[session 1][epoch 11][iter  400/ 847] loss: 0.3248, lr: 1.00e-04
			fg/bg=(325/3515), time cost: 1055.543498
			rpn_cls: 0.0233, rpn_box: 0.0511, rcnn_cls: 0.1373, rcnn_box 0.0736
[session 1][epoch 11][iter  500/ 847] loss: 0.2964, lr: 1.00e-04
			fg/bg=(705/3135), time cost: 1061.571136
			rpn_cls: 0.0458, rpn_box: 0.0922, rcnn_cls: 0.1046, rcnn_box 0.1382
[session 1][epoch 11][iter  600/ 847] loss: 0.3136, lr: 1.00e-04
			fg/bg=(434/3406), time cost: 1057.933607
			rpn_cls: 0.0425, rpn_box: 0.0622, rcnn_cls: 0.1573, rcnn_box 0.1007
[session 1][epoch 11][iter  700/ 847] loss: 0.3078, lr: 1.00e-04
			fg/bg=(341/3499), time cost: 1060.692534
			rpn_cls: 0.0282, rpn_box: 0.0080, rcnn_cls: 0.0770, rcnn_box 0.0736
[session 1][epoch 11][iter  800/ 847] loss: 0.2998, lr: 1.00e-04
			fg/bg=(447/3393), time cost: 1059.006299
			rpn_cls: 0.0225, rpn_box: 0.0527, rcnn_cls: 0.1412, rcnn_box 0.0960
[session 1][epoch 12][iter    0/ 847] loss: 0.2937, lr: 1.00e-05
			fg/bg=(428/3412), time cost: 12.319623
			rpn_cls: 0.0363, rpn_box: 0.0611, rcnn_cls: 0.1062, rcnn_box 0.0901
[session 1][epoch 12][iter  100/ 847] loss: 0.3163, lr: 1.00e-05
			fg/bg=(438/3402), time cost: 1048.038350
			rpn_cls: 0.0441, rpn_box: 0.0482, rcnn_cls: 0.1347, rcnn_box 0.1134
[session 1][epoch 12][iter  200/ 847] loss: 0.3059, lr: 1.00e-05
			fg/bg=(657/3183), time cost: 1052.402897
			rpn_cls: 0.0346, rpn_box: 0.1308, rcnn_cls: 0.0919, rcnn_box 0.1024
[session 1][epoch 12][iter  300/ 847] loss: 0.3023, lr: 1.00e-05
			fg/bg=(354/3486), time cost: 1053.549303
			rpn_cls: 0.0246, rpn_box: 0.0252, rcnn_cls: 0.0906, rcnn_box 0.0699
[session 1][epoch 12][iter  400/ 847] loss: 0.3030, lr: 1.00e-05
			fg/bg=(721/3119), time cost: 1056.517027
			rpn_cls: 0.0422, rpn_box: 0.0404, rcnn_cls: 0.2415, rcnn_box 0.1501
[session 1][epoch 12][iter  500/ 847] loss: 0.3178, lr: 1.00e-05
			fg/bg=(444/3396), time cost: 1051.520308
			rpn_cls: 0.0270, rpn_box: 0.0438, rcnn_cls: 0.1105, rcnn_box 0.0864
[session 1][epoch 12][iter  600/ 847] loss: 0.2882, lr: 1.00e-05
			fg/bg=(324/3516), time cost: 1057.128360
			rpn_cls: 0.0255, rpn_box: 0.0344, rcnn_cls: 0.1035, rcnn_box 0.0744
[session 1][epoch 12][iter  700/ 847] loss: 0.3081, lr: 1.00e-05
			fg/bg=(737/3103), time cost: 1055.649290
			rpn_cls: 0.0467, rpn_box: 0.0937, rcnn_cls: 0.1182, rcnn_box 0.1272
[session 1][epoch 12][iter  800/ 847] loss: 0.2856, lr: 1.00e-05
			fg/bg=(351/3489), time cost: 1051.472349
			rpn_cls: 0.0244, rpn_box: 0.0277, rcnn_cls: 0.0917, rcnn_box 0.0841
[session 1][epoch 13][iter    0/ 847] loss: 0.4944, lr: 1.00e-05
			fg/bg=(488/3352), time cost: 12.407334
			rpn_cls: 0.0577, rpn_box: 0.0602, rcnn_cls: 0.2392, rcnn_box 0.1372
[session 1][epoch 13][iter  100/ 847] loss: 0.2782, lr: 1.00e-05
			fg/bg=(410/3430), time cost: 1066.799948
			rpn_cls: 0.0364, rpn_box: 0.0509, rcnn_cls: 0.0932, rcnn_box 0.0968
[session 1][epoch 13][iter  200/ 847] loss: 0.2881, lr: 1.00e-05
			fg/bg=(774/3066), time cost: 1061.491381
			rpn_cls: 0.0466, rpn_box: 0.0548, rcnn_cls: 0.1168, rcnn_box 0.1534
[session 1][epoch 13][iter  300/ 847] loss: 0.3212, lr: 1.00e-05
			fg/bg=(375/3465), time cost: 1059.878944
			rpn_cls: 0.0252, rpn_box: 0.0451, rcnn_cls: 0.1068, rcnn_box 0.0784
[session 1][epoch 13][iter  400/ 847] loss: 0.3011, lr: 1.00e-05
			fg/bg=(398/3442), time cost: 1067.007608
			rpn_cls: 0.0461, rpn_box: 0.0740, rcnn_cls: 0.1098, rcnn_box 0.0834
[session 1][epoch 13][iter  500/ 847] loss: 0.3024, lr: 1.00e-05
			fg/bg=(413/3427), time cost: 1061.627199
			rpn_cls: 0.0294, rpn_box: 0.1012, rcnn_cls: 0.1192, rcnn_box 0.0978
[session 1][epoch 13][iter  600/ 847] loss: 0.3072, lr: 1.00e-05
			fg/bg=(347/3493), time cost: 1055.581797
			rpn_cls: 0.0277, rpn_box: 0.0437, rcnn_cls: 0.0871, rcnn_box 0.0866
[session 1][epoch 13][iter  700/ 847] loss: 0.2947, lr: 1.00e-05
			fg/bg=(358/3482), time cost: 1062.737960
			rpn_cls: 0.0181, rpn_box: 0.0283, rcnn_cls: 0.0774, rcnn_box 0.0677
[session 1][epoch 13][iter  800/ 847] loss: 0.3215, lr: 1.00e-05
			fg/bg=(638/3202), time cost: 1058.350505
			rpn_cls: 0.0552, rpn_box: 0.1422, rcnn_cls: 0.1493, rcnn_box 0.1258
[session 1][epoch 14][iter    0/ 847] loss: 0.5769, lr: 1.00e-05
			fg/bg=(567/3273), time cost: 12.296786
			rpn_cls: 0.0651, rpn_box: 0.1296, rcnn_cls: 0.1859, rcnn_box 0.1964
[session 1][epoch 14][iter  100/ 847] loss: 0.2894, lr: 1.00e-05
			fg/bg=(404/3436), time cost: 1041.553844
			rpn_cls: 0.0325, rpn_box: 0.0202, rcnn_cls: 0.0824, rcnn_box 0.0832
[session 1][epoch 14][iter  200/ 847] loss: 0.2943, lr: 1.00e-05
			fg/bg=(330/3510), time cost: 1044.064252
			rpn_cls: 0.0200, rpn_box: 0.0170, rcnn_cls: 0.0909, rcnn_box 0.0736
[session 1][epoch 14][iter  300/ 847] loss: 0.3113, lr: 1.00e-05
			fg/bg=(393/3447), time cost: 1041.678792
			rpn_cls: 0.0138, rpn_box: 0.0270, rcnn_cls: 0.1005, rcnn_box 0.0716
[session 1][epoch 14][iter  400/ 847] loss: 0.2985, lr: 1.00e-05
			fg/bg=(340/3500), time cost: 1042.982479
			rpn_cls: 0.0272, rpn_box: 0.0518, rcnn_cls: 0.2053, rcnn_box 0.0755
[session 1][epoch 14][iter  500/ 847] loss: 0.3032, lr: 1.00e-05
			fg/bg=(404/3436), time cost: 1043.048319
			rpn_cls: 0.0215, rpn_box: 0.0452, rcnn_cls: 0.0772, rcnn_box 0.0734
[session 1][epoch 14][iter  600/ 847] loss: 0.2869, lr: 1.00e-05
			fg/bg=(424/3416), time cost: 1044.842954
			rpn_cls: 0.0534, rpn_box: 0.0484, rcnn_cls: 0.1174, rcnn_box 0.1151
[session 1][epoch 14][iter  700/ 847] loss: 0.3160, lr: 1.00e-05
			fg/bg=(437/3403), time cost: 1043.017538
			rpn_cls: 0.0456, rpn_box: 0.0718, rcnn_cls: 0.1321, rcnn_box 0.0896
[session 1][epoch 14][iter  800/ 847] loss: 0.3018, lr: 1.00e-05
			fg/bg=(339/3501), time cost: 1043.716501
			rpn_cls: 0.0555, rpn_box: 0.0563, rcnn_cls: 0.1201, rcnn_box 0.0869
[session 1][epoch 15][iter    0/ 847] loss: 0.1163, lr: 1.00e-05
			fg/bg=(253/3587), time cost: 12.211450
			rpn_cls: 0.0149, rpn_box: 0.0036, rcnn_cls: 0.0651, rcnn_box 0.0327
[session 1][epoch 15][iter  100/ 847] loss: 0.2909, lr: 1.00e-05
			fg/bg=(227/3613), time cost: 1055.559407
			rpn_cls: 0.0062, rpn_box: 0.0033, rcnn_cls: 0.0799, rcnn_box 0.0415
[session 1][epoch 15][iter  200/ 847] loss: 0.3033, lr: 1.00e-05
			fg/bg=(536/3304), time cost: 1051.821311
			rpn_cls: 0.0205, rpn_box: 0.1168, rcnn_cls: 0.0890, rcnn_box 0.0874
[session 1][epoch 15][iter  300/ 847] loss: 0.2997, lr: 1.00e-05
			fg/bg=(407/3433), time cost: 1051.431469
			rpn_cls: 0.0386, rpn_box: 0.0204, rcnn_cls: 0.0966, rcnn_box 0.0952
[session 1][epoch 15][iter  400/ 847] loss: 0.3043, lr: 1.00e-05
			fg/bg=(891/2949), time cost: 1051.834074
			rpn_cls: 0.0409, rpn_box: 0.0604, rcnn_cls: 0.2147, rcnn_box 0.1931
[session 1][epoch 15][iter  500/ 847] loss: 0.3050, lr: 1.00e-05
			fg/bg=(746/3094), time cost: 1059.097995
			rpn_cls: 0.0464, rpn_box: 0.1076, rcnn_cls: 0.0981, rcnn_box 0.1070
[session 1][epoch 15][iter  600/ 847] loss: 0.3133, lr: 1.00e-05
			fg/bg=(448/3392), time cost: 1053.744406
			rpn_cls: 0.0232, rpn_box: 0.0093, rcnn_cls: 0.0891, rcnn_box 0.1148
[session 1][epoch 15][iter  700/ 847] loss: 0.2986, lr: 1.00e-05
			fg/bg=(397/3443), time cost: 1057.149052
			rpn_cls: 0.0180, rpn_box: 0.0275, rcnn_cls: 0.0884, rcnn_box 0.0781
[session 1][epoch 15][iter  800/ 847] loss: 0.2945, lr: 1.00e-05
			fg/bg=(391/3449), time cost: 1052.808219
			rpn_cls: 0.0485, rpn_box: 0.0573, rcnn_cls: 0.1148, rcnn_box 0.0900
[session 1][epoch 16][iter    0/ 847] loss: 0.3474, lr: 1.00e-05
			fg/bg=(489/3351), time cost: 12.246872
			rpn_cls: 0.0334, rpn_box: 0.0214, rcnn_cls: 0.1688, rcnn_box 0.1239
[session 1][epoch 16][iter  100/ 847] loss: 0.3083, lr: 1.00e-05
			fg/bg=(684/3156), time cost: 1057.500166
			rpn_cls: 0.0522, rpn_box: 0.1644, rcnn_cls: 0.1101, rcnn_box 0.1289
[session 1][epoch 16][iter  200/ 847] loss: 0.2977, lr: 1.00e-05
			fg/bg=(398/3442), time cost: 1057.284427
			rpn_cls: 0.0276, rpn_box: 0.0457, rcnn_cls: 0.1042, rcnn_box 0.0728
[session 1][epoch 16][iter  300/ 847] loss: 0.2992, lr: 1.00e-05
			fg/bg=(342/3498), time cost: 1054.612563
			rpn_cls: 0.0100, rpn_box: 0.0355, rcnn_cls: 0.1043, rcnn_box 0.0727
[session 1][epoch 16][iter  400/ 847] loss: 0.3080, lr: 1.00e-05
			fg/bg=(352/3488), time cost: 1054.754089
			rpn_cls: 0.0215, rpn_box: 0.0694, rcnn_cls: 0.0801, rcnn_box 0.0591
[session 1][epoch 16][iter  500/ 847] loss: 0.2940, lr: 1.00e-05
			fg/bg=(445/3395), time cost: 1056.837289
			rpn_cls: 0.0446, rpn_box: 0.0621, rcnn_cls: 0.1760, rcnn_box 0.1004
[session 1][epoch 16][iter  600/ 847] loss: 0.2970, lr: 1.00e-05
			fg/bg=(327/3513), time cost: 1056.997448
			rpn_cls: 0.0362, rpn_box: 0.0182, rcnn_cls: 0.0719, rcnn_box 0.0583
[session 1][epoch 16][iter  700/ 847] loss: 0.2988, lr: 1.00e-05
			fg/bg=(377/3463), time cost: 1054.173348
			rpn_cls: 0.0368, rpn_box: 0.0411, rcnn_cls: 0.1075, rcnn_box 0.1084
[session 1][epoch 16][iter  800/ 847] loss: 0.2990, lr: 1.00e-05
			fg/bg=(464/3376), time cost: 1055.605398
			rpn_cls: 0.0431, rpn_box: 0.0103, rcnn_cls: 0.1109, rcnn_box 0.1353
[session 1][epoch 17][iter    0/ 847] loss: 0.2805, lr: 1.00e-05
			fg/bg=(419/3421), time cost: 12.446692
			rpn_cls: 0.0226, rpn_box: 0.0244, rcnn_cls: 0.1333, rcnn_box 0.1002
[session 1][epoch 17][iter  100/ 847] loss: 0.2964, lr: 1.00e-05
			fg/bg=(348/3492), time cost: 1057.780480
			rpn_cls: 0.0214, rpn_box: 0.0396, rcnn_cls: 0.0835, rcnn_box 0.0666
[session 1][epoch 17][iter  200/ 847] loss: 0.3074, lr: 1.00e-05
			fg/bg=(697/3143), time cost: 1057.339342
			rpn_cls: 0.0701, rpn_box: 0.1207, rcnn_cls: 0.1331, rcnn_box 0.1532
[session 1][epoch 17][iter  300/ 847] loss: 0.2918, lr: 1.00e-05
			fg/bg=(355/3485), time cost: 1063.154866
			rpn_cls: 0.0161, rpn_box: 0.0312, rcnn_cls: 0.2044, rcnn_box 0.0754
[session 1][epoch 17][iter  400/ 847] loss: 0.3063, lr: 1.00e-05
			fg/bg=(335/3505), time cost: 1063.288531
			rpn_cls: 0.0193, rpn_box: 0.0315, rcnn_cls: 0.0993, rcnn_box 0.0901
[session 1][epoch 17][iter  500/ 847] loss: 0.3076, lr: 1.00e-05
			fg/bg=(592/3248), time cost: 1060.477191
			rpn_cls: 0.0384, rpn_box: 0.0818, rcnn_cls: 0.0871, rcnn_box 0.0950
[session 1][epoch 17][iter  600/ 847] loss: 0.3035, lr: 1.00e-05
			fg/bg=(408/3432), time cost: 1063.703795
			rpn_cls: 0.0098, rpn_box: 0.0036, rcnn_cls: 0.0472, rcnn_box 0.0415
[session 1][epoch 17][iter  700/ 847] loss: 0.2954, lr: 1.00e-05
			fg/bg=(405/3435), time cost: 1057.333454
			rpn_cls: 0.0226, rpn_box: 0.0323, rcnn_cls: 0.0735, rcnn_box 0.0686
[session 1][epoch 17][iter  800/ 847] loss: 0.2914, lr: 1.00e-05
			fg/bg=(374/3466), time cost: 1063.193201
			rpn_cls: 0.0326, rpn_box: 0.0593, rcnn_cls: 0.1028, rcnn_box 0.0790
[session 1][epoch 18][iter    0/ 847] loss: 0.2130, lr: 1.00e-06
			fg/bg=(340/3500), time cost: 12.660930
			rpn_cls: 0.0116, rpn_box: 0.0354, rcnn_cls: 0.0968, rcnn_box 0.0690
[session 1][epoch 18][iter  100/ 847] loss: 0.3159, lr: 1.00e-06
			fg/bg=(688/3152), time cost: 1049.212426
			rpn_cls: 0.0425, rpn_box: 0.1234, rcnn_cls: 0.1065, rcnn_box 0.1420
[session 1][epoch 18][iter  200/ 847] loss: 0.2937, lr: 1.00e-06
			fg/bg=(506/3334), time cost: 1048.476453
			rpn_cls: 0.0266, rpn_box: 0.0340, rcnn_cls: 0.0783, rcnn_box 0.0828
[session 1][epoch 18][iter  300/ 847] loss: 0.2980, lr: 1.00e-06
			fg/bg=(858/2982), time cost: 1055.682014
			rpn_cls: 0.0536, rpn_box: 0.0341, rcnn_cls: 0.1316, rcnn_box 0.1468
[session 1][epoch 18][iter  400/ 847] loss: 0.2948, lr: 1.00e-06
			fg/bg=(459/3381), time cost: 1055.225067
			rpn_cls: 0.0333, rpn_box: 0.0758, rcnn_cls: 0.1533, rcnn_box 0.0986
[session 1][epoch 18][iter  500/ 847] loss: 0.2938, lr: 1.00e-06
			fg/bg=(368/3472), time cost: 1062.091220
			rpn_cls: 0.0125, rpn_box: 0.0301, rcnn_cls: 0.0695, rcnn_box 0.0533
[session 1][epoch 18][iter  600/ 847] loss: 0.3060, lr: 1.00e-06
			fg/bg=(348/3492), time cost: 1052.561038
			rpn_cls: 0.0245, rpn_box: 0.0073, rcnn_cls: 0.0762, rcnn_box 0.0751
[session 1][epoch 18][iter  700/ 847] loss: 0.2920, lr: 1.00e-06
			fg/bg=(497/3343), time cost: 1058.972586
			rpn_cls: 0.0314, rpn_box: 0.0867, rcnn_cls: 0.1276, rcnn_box 0.1118
[session 1][epoch 18][iter  800/ 847] loss: 0.2973, lr: 1.00e-06
			fg/bg=(557/3283), time cost: 1059.411972
			rpn_cls: 0.0421, rpn_box: 0.0326, rcnn_cls: 0.1377, rcnn_box 0.1070
[session 1][epoch 19][iter    0/ 847] loss: 0.2715, lr: 1.00e-06
			fg/bg=(355/3485), time cost: 12.099968
			rpn_cls: 0.0293, rpn_box: 0.0739, rcnn_cls: 0.0989, rcnn_box 0.0694
[session 1][epoch 19][iter  100/ 847] loss: 0.3069, lr: 1.00e-06
			fg/bg=(335/3505), time cost: 1047.251082
			rpn_cls: 0.0267, rpn_box: 0.0456, rcnn_cls: 0.1990, rcnn_box 0.0716
[session 1][epoch 19][iter  200/ 847] loss: 0.3009, lr: 1.00e-06
			fg/bg=(426/3414), time cost: 1049.893037
			rpn_cls: 0.0489, rpn_box: 0.0489, rcnn_cls: 0.1179, rcnn_box 0.0985
[session 1][epoch 19][iter  300/ 847] loss: 0.3006, lr: 1.00e-06
			fg/bg=(356/3484), time cost: 1048.516568
			rpn_cls: 0.0163, rpn_box: 0.0272, rcnn_cls: 0.0788, rcnn_box 0.0551
[session 1][epoch 19][iter  400/ 847] loss: 0.3046, lr: 1.00e-06
			fg/bg=(348/3492), time cost: 1046.314878
			rpn_cls: 0.0244, rpn_box: 0.0448, rcnn_cls: 0.1541, rcnn_box 0.0810
[session 1][epoch 19][iter  500/ 847] loss: 0.2983, lr: 1.00e-06
			fg/bg=(487/3353), time cost: 1050.049451
			rpn_cls: 0.0260, rpn_box: 0.0716, rcnn_cls: 0.0834, rcnn_box 0.0653
[session 1][epoch 19][iter  600/ 847] loss: 0.2917, lr: 1.00e-06
			fg/bg=(438/3402), time cost: 1053.011616
			rpn_cls: 0.0155, rpn_box: 0.0304, rcnn_cls: 0.1200, rcnn_box 0.0900
[session 1][epoch 19][iter  700/ 847] loss: 0.3026, lr: 1.00e-06
			fg/bg=(426/3414), time cost: 1044.354509
			rpn_cls: 0.0449, rpn_box: 0.0353, rcnn_cls: 0.1254, rcnn_box 0.1310
[session 1][epoch 19][iter  800/ 847] loss: 0.2882, lr: 1.00e-06
			fg/bg=(858/2982), time cost: 1048.607636
			rpn_cls: 0.0483, rpn_box: 0.0481, rcnn_cls: 0.1630, rcnn_box 0.1592
[session 1][epoch 20][iter    0/ 847] loss: 0.3514, lr: 1.00e-06
			fg/bg=(714/3126), time cost: 12.216380
			rpn_cls: 0.0491, rpn_box: 0.1076, rcnn_cls: 0.0930, rcnn_box 0.1017
[session 1][epoch 20][iter  100/ 847] loss: 0.3070, lr: 1.00e-06
			fg/bg=(744/3096), time cost: 1044.734723
			rpn_cls: 0.0432, rpn_box: 0.0793, rcnn_cls: 0.1034, rcnn_box 0.1402
[session 1][epoch 20][iter  200/ 847] loss: 0.3054, lr: 1.00e-06
			fg/bg=(801/3039), time cost: 1043.664663
			rpn_cls: 0.0572, rpn_box: 0.0735, rcnn_cls: 0.3112, rcnn_box 0.1523
[session 1][epoch 20][iter  300/ 847] loss: 0.2873, lr: 1.00e-06
			fg/bg=(441/3399), time cost: 1052.004259
			rpn_cls: 0.0229, rpn_box: 0.0546, rcnn_cls: 0.1010, rcnn_box 0.1052
[session 1][epoch 20][iter  400/ 847] loss: 0.2941, lr: 1.00e-06
			fg/bg=(790/3050), time cost: 1050.572485
			rpn_cls: 0.0591, rpn_box: 0.0581, rcnn_cls: 0.2579, rcnn_box 0.1446
[session 1][epoch 20][iter  500/ 847] loss: 0.2919, lr: 1.00e-06
			fg/bg=(424/3416), time cost: 1049.891279
			rpn_cls: 0.0373, rpn_box: 0.0455, rcnn_cls: 0.1292, rcnn_box 0.0859
[session 1][epoch 20][iter  600/ 847] loss: 0.3015, lr: 1.00e-06
			fg/bg=(358/3482), time cost: 1047.861167
			rpn_cls: 0.0263, rpn_box: 0.0741, rcnn_cls: 0.0951, rcnn_box 0.0690
[session 1][epoch 20][iter  700/ 847] loss: 0.2933, lr: 1.00e-06
			fg/bg=(404/3436), time cost: 1047.723057
			rpn_cls: 0.0341, rpn_box: 0.0156, rcnn_cls: 0.0810, rcnn_box 0.0897
[session 1][epoch 20][iter  800/ 847] loss: 0.2948, lr: 1.00e-06
			fg/bg=(466/3374), time cost: 1048.566911
			rpn_cls: 0.0411, rpn_box: 0.0692, rcnn_cls: 0.1904, rcnn_box 0.1114
save model: models/vgg16/pascal_voc/faster_rcnn_1_20_846.pth
