Called with args:
Namespace(batch_size=2, checkepoch=1, checkpoint=0, checkpoint_interval=10000, checksession=1, class_agnostic=False, cuda=True, dataset='pascal_voc', disp_interval=1000, large_scale=False, lr=0.001, lr_decay_gamma=0.1, lr_decay_step=5, mGPUs=False, max_epochs=20, net='res101', num_workers=1, optimizer='adam', resume=False, save_dir='models', session=1, start_epoch=1, use_tfboard=False)
/home/jason/Faster-R-CNN/lib/model/utils/config.py:377: YAMLLoadWarning: calling yaml.load() without Loader=... is deprecated, as the default Loader is unsafe. Please read https://msg.pyyaml.org/load for full details.
  yaml_cfg = edict(yaml.load(f))
Using config:
{'ANCHOR_RATIOS': [0.5, 1, 2],
 'ANCHOR_SCALES': [8, 16, 32],
 'CROP_RESIZE_WITH_MAX_POOL': False,
 'CUDA': False,
 'DATA_DIR': '/home/jason/Faster-R-CNN/data',
 'DEDUP_BOXES': 0.0625,
 'EPS': 1e-14,
 'EXP_DIR': 'res101',
 'FEAT_STRIDE': [16],
 'GPU_ID': 0,
 'MATLAB': 'matlab',
 'MAX_NUM_GT_BOXES': 20,
 'MOBILENET': {'DEPTH_MULTIPLIER': 1.0,
               'FIXED_LAYERS': 5,
               'REGU_DEPTH': False,
               'WEIGHT_DECAY': 4e-05},
 'PIXEL_MEANS': array([[[102.9801, 115.9465, 122.7717]]]),
 'POOLING_MODE': 'align',
 'POOLING_SIZE': 7,
 'RESNET': {'FIXED_BLOCKS': 1, 'MAX_POOL': False},
 'RNG_SEED': 3,
 'ROOT_DIR': '/home/jason/Faster-R-CNN',
 'TEST': {'BBOX_REG': True,
          'HAS_RPN': True,
          'MAX_SIZE': 1000,
          'MODE': 'nms',
          'NMS': 0.3,
          'PROPOSAL_METHOD': 'gt',
          'RPN_MIN_SIZE': 16,
          'RPN_NMS_THRESH': 0.7,
          'RPN_POST_NMS_TOP_N': 300,
          'RPN_PRE_NMS_TOP_N': 6000,
          'RPN_TOP_N': 5000,
          'SCALES': [600],
          'SVM': False},
 'TRAIN': {'ASPECT_GROUPING': False,
           'BATCH_SIZE': 128,
           'BBOX_INSIDE_WEIGHTS': [1.0, 1.0, 1.0, 1.0],
           'BBOX_NORMALIZE_MEANS': [0.0, 0.0, 0.0, 0.0],
           'BBOX_NORMALIZE_STDS': [0.1, 0.1, 0.2, 0.2],
           'BBOX_NORMALIZE_TARGETS': True,
           'BBOX_NORMALIZE_TARGETS_PRECOMPUTED': True,
           'BBOX_REG': True,
           'BBOX_THRESH': 0.5,
           'BG_THRESH_HI': 0.5,
           'BG_THRESH_LO': 0.0,
           'BIAS_DECAY': False,
           'BN_TRAIN': False,
           'BRIGHTNESS_CHANGE': False,
           'DISPLAY': 20,
           'DOUBLE_BIAS': False,
           'FG_FRACTION': 0.25,
           'FG_THRESH': 0.5,
           'GAMMA': 0.1,
           'HAS_RPN': True,
           'IMS_PER_BATCH': 1,
           'LEARNING_RATE': 0.001,
           'MAX_SIZE': 1000,
           'MOMENTUM': 0.9,
           'PROPOSAL_METHOD': 'gt',
           'ROTATE_90': False,
           'RPN_BATCHSIZE': 256,
           'RPN_BBOX_INSIDE_WEIGHTS': [1.0, 1.0, 1.0, 1.0],
           'RPN_CLOBBER_POSITIVES': False,
           'RPN_FG_FRACTION': 0.5,
           'RPN_MIN_SIZE': 8,
           'RPN_NEGATIVE_OVERLAP': 0.3,
           'RPN_NMS_THRESH': 0.7,
           'RPN_POSITIVE_OVERLAP': 0.7,
           'RPN_POSITIVE_WEIGHT': -1.0,
           'RPN_POST_NMS_TOP_N': 2000,
           'RPN_PRE_NMS_TOP_N': 12000,
           'SCALES': [600],
           'SNAPSHOT_ITERS': 5000,
           'SNAPSHOT_KEPT': 3,
           'SNAPSHOT_PREFIX': 'res101_faster_rcnn',
           'STEPSIZE': [30000],
           'SUMMARY_INTERVAL': 180,
           'TRIM_HEIGHT': 600,
           'TRIM_WIDTH': 600,
           'TRUNCATED': False,
           'USE_ALL_GT': True,
           'USE_FLIPPED': True,
           'USE_GT': False,
           'USE_VERTICAL_FLIPPED': False,
           'WEIGHT_DECAY': 0.0001},
 'USE_GPU_NMS': True}
['voc_2007_trainval']
Loaded dataset `voc_2007_trainval` for training
Set proposal method: gt
Appending horizontally-flipped training examples...
wrote gt roidb to /home/jason/Faster-R-CNN/data/cache/voc_2007_trainval_gt_roidb.pkl
done
Preparing training data...
done
before filtering, there are 14978 images...
after filtering, there are 5248 images...
['voc_2007_test']
Loaded dataset `voc_2007_test` for training
Set proposal method: gt
Preparing training data...
wrote gt roidb to /home/jason/Faster-R-CNN/data/cache/voc_2007_test_gt_roidb.pkl
done
before filtering, there are 1888 images...
after filtering, there are 686 images...
5248 roidb entries
686 roidb2 entries
/home/jason/Faster-R-CNN/lib/model/rpn/rpn.py:93: UserWarning: This overload of nonzero is deprecated:
	nonzero()
Consider using one of the following signatures instead:
	nonzero(*, bool as_tuple) (Triggered internally at  /pytorch/torch/csrc/utils/python_arg_parser.cpp:882.)
  rpn_keep = Variable(rpn_label.view(-1).ne(-1).nonzero().view(-1))
[session 1][epoch  1][iter    0/2624] training loss: 6.9377,  lr: 1.00e-04
			fg/bg=(31/225), time cost: 1.878766
			rpn_cls: 0.6739, rpn_box: 0.0564, rcnn_cls: 5.8692, rcnn_box 0.3382
[session 1][epoch  1][iter 1000/2624] training loss: 0.9269,  lr: 1.00e-04
			fg/bg=(32/224), time cost: 1311.485907
			rpn_cls: 0.1228, rpn_box: 0.0261, rcnn_cls: 0.5262, rcnn_box 0.3136
[session 1][epoch  1][iter 2000/2624] training loss: 0.7572,  lr: 1.00e-04
			fg/bg=(37/219), time cost: 1279.353988
			rpn_cls: 0.0860, rpn_box: 0.0387, rcnn_cls: 0.3717, rcnn_box 0.2110
Epoch 1: Training loss: 0.8143, Testing loss: 1.4127
total training time: 2592.718661
[session 1][epoch  2][iter    0/2624] training loss: 1.2134,  lr: 1.00e-04
			fg/bg=(51/205), time cost: 2.056288
			rpn_cls: 0.1435, rpn_box: 0.0212, rcnn_cls: 0.7949, rcnn_box 0.2538
[session 1][epoch  2][iter 1000/2624] training loss: 0.6846,  lr: 1.00e-04
			fg/bg=(30/226), time cost: 1287.876471
			rpn_cls: 0.0350, rpn_box: 0.0151, rcnn_cls: 0.3994, rcnn_box 0.0841
[session 1][epoch  2][iter 2000/2624] training loss: 0.6110,  lr: 1.00e-04
			fg/bg=(47/209), time cost: 1257.487086
			rpn_cls: 0.0523, rpn_box: 0.0517, rcnn_cls: 0.1877, rcnn_box 0.1076
Epoch 2: Training loss: 0.6279, Testing loss: 0.6978
total training time: 5140.138505
[session 1][epoch  3][iter    0/2624] training loss: 0.3568,  lr: 1.00e-04
			fg/bg=(50/206), time cost: 1.994471
			rpn_cls: 0.0551, rpn_box: 0.0484, rcnn_cls: 0.1422, rcnn_box 0.1111
[session 1][epoch  3][iter 1000/2624] training loss: 0.5646,  lr: 1.00e-04
			fg/bg=(30/226), time cost: 1291.316729
			rpn_cls: 0.0324, rpn_box: 0.0068, rcnn_cls: 0.3285, rcnn_box 0.0463
[session 1][epoch  3][iter 2000/2624] training loss: 0.5396,  lr: 1.00e-04
			fg/bg=(43/213), time cost: 1256.568507
			rpn_cls: 0.0512, rpn_box: 0.0171, rcnn_cls: 0.6442, rcnn_box 0.0923
Epoch 3: Training loss: 0.5443, Testing loss: 0.5767
total training time: 7690.018212
[session 1][epoch  4][iter    0/2624] training loss: 0.7333,  lr: 1.00e-04
			fg/bg=(49/207), time cost: 1.889859
			rpn_cls: 0.0476, rpn_box: 0.0125, rcnn_cls: 0.5510, rcnn_box 0.1222
[session 1][epoch  4][iter 1000/2624] training loss: 0.5139,  lr: 1.00e-04
			fg/bg=(46/210), time cost: 1287.487333
			rpn_cls: 0.0301, rpn_box: 0.0091, rcnn_cls: 0.1148, rcnn_box 0.0777
[session 1][epoch  4][iter 2000/2624] training loss: 0.5137,  lr: 1.00e-04
			fg/bg=(35/221), time cost: 1259.022171
			rpn_cls: 0.0674, rpn_box: 0.0332, rcnn_cls: 0.1755, rcnn_box 0.0852
Epoch 4: Training loss: 0.5094, Testing loss: 0.5757
total training time: 10238.417574
[session 1][epoch  5][iter    0/2624] training loss: 0.2465,  lr: 1.00e-04
			fg/bg=(64/192), time cost: 1.977608
			rpn_cls: 0.0090, rpn_box: 0.0113, rcnn_cls: 0.1457, rcnn_box 0.0805
[session 1][epoch  5][iter 1000/2624] training loss: 0.4718,  lr: 1.00e-04
			fg/bg=(39/217), time cost: 1293.123333
			rpn_cls: 0.0236, rpn_box: 0.0025, rcnn_cls: 0.4249, rcnn_box 0.0671
[session 1][epoch  5][iter 2000/2624] training loss: 0.4677,  lr: 1.00e-04
			fg/bg=(49/207), time cost: 1255.971654
			rpn_cls: 0.0628, rpn_box: 0.0104, rcnn_cls: 0.3159, rcnn_box 0.0691
Epoch 5: Training loss: 0.4674, Testing loss: 0.4948
total training time: 12789.490170
[session 1][epoch  6][iter    0/2624] training loss: 0.5453,  lr: 1.00e-05
			fg/bg=(26/230), time cost: 2.077464
			rpn_cls: 0.0491, rpn_box: 0.0808, rcnn_cls: 0.3730, rcnn_box 0.0423
[session 1][epoch  6][iter 1000/2624] training loss: 0.3698,  lr: 1.00e-05
			fg/bg=(58/198), time cost: 1290.849463
			rpn_cls: 0.0310, rpn_box: 0.0230, rcnn_cls: 0.0574, rcnn_box 0.0265
[session 1][epoch  6][iter 2000/2624] training loss: 0.3493,  lr: 1.00e-05
			fg/bg=(62/194), time cost: 1257.933331
			rpn_cls: 0.0138, rpn_box: 0.0136, rcnn_cls: 0.0631, rcnn_box 0.0386
Epoch 6: Training loss: 0.3577, Testing loss: 0.4142
total training time: 15340.350428
[session 1][epoch  7][iter    0/2624] training loss: 0.1958,  lr: 1.00e-05
			fg/bg=(45/211), time cost: 1.880727
			rpn_cls: 0.0450, rpn_box: 0.0436, rcnn_cls: 0.0801, rcnn_box 0.0272
[session 1][epoch  7][iter 1000/2624] training loss: 0.3211,  lr: 1.00e-05
			fg/bg=(46/210), time cost: 1288.551033
			rpn_cls: 0.0131, rpn_box: 0.0024, rcnn_cls: 0.3108, rcnn_box 0.0233
[session 1][epoch  7][iter 2000/2624] training loss: 0.3315,  lr: 1.00e-05
			fg/bg=(54/202), time cost: 1255.747118
			rpn_cls: 0.0398, rpn_box: 0.0046, rcnn_cls: 0.0713, rcnn_box 0.0296
Epoch 7: Training loss: 0.3229, Testing loss: 0.3711
total training time: 17886.529305
[session 1][epoch  8][iter    0/2624] training loss: 0.4686,  lr: 1.00e-05
			fg/bg=(64/192), time cost: 1.878663
			rpn_cls: 0.0184, rpn_box: 0.0078, rcnn_cls: 0.3952, rcnn_box 0.0472
[session 1][epoch  8][iter 1000/2624] training loss: 0.2929,  lr: 1.00e-05
			fg/bg=(39/217), time cost: 1292.809271
			rpn_cls: 0.0139, rpn_box: 0.0035, rcnn_cls: 0.2151, rcnn_box 0.0513
[session 1][epoch  8][iter 2000/2624] training loss: 0.2960,  lr: 1.00e-05
			fg/bg=(60/196), time cost: 1265.056213
			rpn_cls: 0.0155, rpn_box: 0.0046, rcnn_cls: 0.4792, rcnn_box 0.0666
Epoch 8: Training loss: 0.2973, Testing loss: 0.3510
total training time: 20446.273453
[session 1][epoch  9][iter    0/2624] training loss: 0.1532,  lr: 1.00e-05
			fg/bg=(33/223), time cost: 1.964219
			rpn_cls: 0.0369, rpn_box: 0.0535, rcnn_cls: 0.0381, rcnn_box 0.0248
[session 1][epoch  9][iter 1000/2624] training loss: 0.2703,  lr: 1.00e-05
			fg/bg=(28/228), time cost: 1293.039600
			rpn_cls: 0.0528, rpn_box: 0.0156, rcnn_cls: 0.1454, rcnn_box 0.0561
[session 1][epoch  9][iter 2000/2624] training loss: 0.2760,  lr: 1.00e-05
			fg/bg=(63/193), time cost: 1259.707967
			rpn_cls: 0.0154, rpn_box: 0.0061, rcnn_cls: 0.0248, rcnn_box 0.0200
Epoch 9: Training loss: 0.2753, Testing loss: 0.3370
total training time: 23000.985238
[session 1][epoch 10][iter    0/2624] training loss: 0.1197,  lr: 1.00e-05
			fg/bg=(55/201), time cost: 1.880512
			rpn_cls: 0.0062, rpn_box: 0.0032, rcnn_cls: 0.0764, rcnn_box 0.0340
[session 1][epoch 10][iter 1000/2624] training loss: 0.2639,  lr: 1.00e-05
			fg/bg=(60/196), time cost: 1290.568013
			rpn_cls: 0.1162, rpn_box: 0.0128, rcnn_cls: 0.2903, rcnn_box 0.0470
[session 1][epoch 10][iter 2000/2624] training loss: 0.2472,  lr: 1.00e-05
			fg/bg=(64/192), time cost: 1213.798323
			rpn_cls: 0.0470, rpn_box: 0.0329, rcnn_cls: 0.3685, rcnn_box 0.0373
Epoch 10: Training loss: 0.2553, Testing loss: 0.3211
total training time: 25507.232086
[session 1][epoch 11][iter    0/2624] training loss: 0.1733,  lr: 1.00e-05
			fg/bg=(47/209), time cost: 1.870278
			rpn_cls: 0.0099, rpn_box: 0.0053, rcnn_cls: 0.1363, rcnn_box 0.0218
[session 1][epoch 11][iter 1000/2624] training loss: 0.2402,  lr: 1.00e-05
			fg/bg=(59/197), time cost: 1235.135983
			rpn_cls: 0.0090, rpn_box: 0.0044, rcnn_cls: 0.0479, rcnn_box 0.0341
[session 1][epoch 11][iter 2000/2624] training loss: 0.2381,  lr: 1.00e-05
			fg/bg=(59/197), time cost: 1233.750974
			rpn_cls: 0.0433, rpn_box: 0.0259, rcnn_cls: 0.0575, rcnn_box 0.0168
Epoch 11: Training loss: 0.2364, Testing loss: 0.3124
total training time: 27977.989321
[session 1][epoch 12][iter    0/2624] training loss: 0.1207,  lr: 1.00e-06
			fg/bg=(49/207), time cost: 1.794780
			rpn_cls: 0.0222, rpn_box: 0.0214, rcnn_cls: 0.0412, rcnn_box 0.0358
[session 1][epoch 12][iter 1000/2624] training loss: 0.2032,  lr: 1.00e-06
			fg/bg=(56/200), time cost: 1237.801361
			rpn_cls: 0.0160, rpn_box: 0.0493, rcnn_cls: 0.2329, rcnn_box 0.0275
[session 1][epoch 12][iter 2000/2624] training loss: 0.1876,  lr: 1.00e-06
			fg/bg=(38/218), time cost: 1218.300597
			rpn_cls: 0.0085, rpn_box: 0.0135, rcnn_cls: 0.1131, rcnn_box 0.0373
Epoch 12: Training loss: 0.1933, Testing loss: 0.2893
total training time: 30435.886059
[session 1][epoch 13][iter    0/2624] training loss: 0.0756,  lr: 1.00e-06
			fg/bg=(45/211), time cost: 1.734700
			rpn_cls: 0.0115, rpn_box: 0.0023, rcnn_cls: 0.0549, rcnn_box 0.0069
[session 1][epoch 13][iter 1000/2624] training loss: 0.1873,  lr: 1.00e-06
			fg/bg=(57/199), time cost: 1238.032587
			rpn_cls: 0.0211, rpn_box: 0.0056, rcnn_cls: 0.2939, rcnn_box 0.0418
[session 1][epoch 13][iter 2000/2624] training loss: 0.1753,  lr: 1.00e-06
			fg/bg=(54/202), time cost: 1211.487520
			rpn_cls: 0.0063, rpn_box: 0.0037, rcnn_cls: 0.0522, rcnn_box 0.0466
Epoch 13: Training loss: 0.1820, Testing loss: 0.2773
total training time: 32887.140866
[session 1][epoch 14][iter    0/2624] training loss: 0.0611,  lr: 1.00e-06
			fg/bg=(46/210), time cost: 1.733090
			rpn_cls: 0.0009, rpn_box: 0.0005, rcnn_cls: 0.0413, rcnn_box 0.0183
[session 1][epoch 14][iter 1000/2624] training loss: 0.1846,  lr: 1.00e-06
			fg/bg=(46/210), time cost: 1239.432780
			rpn_cls: 0.0170, rpn_box: 0.0114, rcnn_cls: 0.0365, rcnn_box 0.0241
[session 1][epoch 14][iter 2000/2624] training loss: 0.1725,  lr: 1.00e-06
			fg/bg=(52/204), time cost: 1207.977527
			rpn_cls: 0.0083, rpn_box: 0.0167, rcnn_cls: 0.0202, rcnn_box 0.0235
Epoch 14: Training loss: 0.1748, Testing loss: 0.2743
total training time: 35336.284263
[session 1][epoch 15][iter    0/2624] training loss: 0.1290,  lr: 1.00e-06
			fg/bg=(54/202), time cost: 1.792149
			rpn_cls: 0.0126, rpn_box: 0.0086, rcnn_cls: 0.0810, rcnn_box 0.0269
[session 1][epoch 15][iter 1000/2624] training loss: 0.1696,  lr: 1.00e-06
			fg/bg=(50/206), time cost: 1237.039966
			rpn_cls: 0.0151, rpn_box: 0.0035, rcnn_cls: 0.0624, rcnn_box 0.0083
[session 1][epoch 15][iter 2000/2624] training loss: 0.1702,  lr: 1.00e-06
			fg/bg=(58/198), time cost: 1210.235103
			rpn_cls: 0.0151, rpn_box: 0.0118, rcnn_cls: 0.0489, rcnn_box 0.1413
Epoch 15: Training loss: 0.1692, Testing loss: 0.2748
total training time: 37785.351481
[session 1][epoch 16][iter    0/2624] training loss: 0.5608,  lr: 1.00e-06
			fg/bg=(64/192), time cost: 1.938018
			rpn_cls: 0.0342, rpn_box: 0.0148, rcnn_cls: 0.4904, rcnn_box 0.0214
[session 1][epoch 16][iter 1000/2624] training loss: 0.1681,  lr: 1.00e-06
			fg/bg=(45/211), time cost: 1235.330711
			rpn_cls: 0.0036, rpn_box: 0.0070, rcnn_cls: 0.0518, rcnn_box 0.0412
[session 1][epoch 16][iter 2000/2624] training loss: 0.1607,  lr: 1.00e-06
			fg/bg=(56/200), time cost: 1205.343783
			rpn_cls: 0.0055, rpn_box: 0.0049, rcnn_cls: 0.2427, rcnn_box 0.0420
Epoch 16: Training loss: 0.1641, Testing loss: 0.2787
total training time: 40227.963992
[session 1][epoch 17][iter    0/2624] training loss: 0.2448,  lr: 1.00e-06
			fg/bg=(47/209), time cost: 1.777462
			rpn_cls: 0.0016, rpn_box: 0.0057, rcnn_cls: 0.2027, rcnn_box 0.0348
[session 1][epoch 17][iter 1000/2624] training loss: 0.1590,  lr: 1.00e-06
			fg/bg=(56/200), time cost: 1233.089673
			rpn_cls: 0.0051, rpn_box: 0.0106, rcnn_cls: 0.2133, rcnn_box 0.0231
[session 1][epoch 17][iter 2000/2624] training loss: 0.1573,  lr: 1.00e-06
			fg/bg=(42/214), time cost: 1202.976473
			rpn_cls: 0.0005, rpn_box: 0.0013, rcnn_cls: 0.2305, rcnn_box 0.0313
Epoch 17: Training loss: 0.1589, Testing loss: 0.2806
total training time: 42665.807601
[session 1][epoch 18][iter    0/2624] training loss: 0.1047,  lr: 1.00e-07
			fg/bg=(56/200), time cost: 1.776056
			rpn_cls: 0.0019, rpn_box: 0.0023, rcnn_cls: 0.0869, rcnn_box 0.0136
[session 1][epoch 18][iter 1000/2624] training loss: 0.1499,  lr: 1.00e-07
			fg/bg=(60/196), time cost: 1232.423951
			rpn_cls: 0.0008, rpn_box: 0.0062, rcnn_cls: 0.0147, rcnn_box 0.0320
[session 1][epoch 18][iter 2000/2624] training loss: 0.1500,  lr: 1.00e-07
			fg/bg=(46/210), time cost: 1202.678288
			rpn_cls: 0.0141, rpn_box: 0.0246, rcnn_cls: 0.0617, rcnn_box 0.0229
Epoch 18: Training loss: 0.1498, Testing loss: 0.2760
total training time: 45102.685896
[session 1][epoch 19][iter    0/2624] training loss: 0.1119,  lr: 1.00e-07
			fg/bg=(64/192), time cost: 1.742267
			rpn_cls: 0.0284, rpn_box: 0.0150, rcnn_cls: 0.0432, rcnn_box 0.0253
[session 1][epoch 19][iter 1000/2624] training loss: 0.1455,  lr: 1.00e-07
			fg/bg=(61/195), time cost: 1237.816306
			rpn_cls: 0.0356, rpn_box: 0.0062, rcnn_cls: 0.0106, rcnn_box 0.0268
[session 1][epoch 19][iter 2000/2624] training loss: 0.1463,  lr: 1.00e-07
			fg/bg=(37/219), time cost: 1199.269231
			rpn_cls: 0.0219, rpn_box: 0.0215, rcnn_cls: 0.0086, rcnn_box 0.0268
Epoch 19: Training loss: 0.1476, Testing loss: 0.2713
total training time: 47541.513700
[session 1][epoch 20][iter    0/2624] training loss: 0.0911,  lr: 1.00e-07
			fg/bg=(53/203), time cost: 1.816553
			rpn_cls: 0.0095, rpn_box: 0.0106, rcnn_cls: 0.0538, rcnn_box 0.0171
[session 1][epoch 20][iter 1000/2624] training loss: 0.1477,  lr: 1.00e-07
			fg/bg=(50/206), time cost: 1232.763924
			rpn_cls: 0.0205, rpn_box: 0.0218, rcnn_cls: 0.2999, rcnn_box 0.0302
[session 1][epoch 20][iter 2000/2624] training loss: 0.1423,  lr: 1.00e-07
			fg/bg=(63/193), time cost: 1201.092735
			rpn_cls: 0.0026, rpn_box: 0.0033, rcnn_cls: 0.1037, rcnn_box 0.0125
Epoch 20: Training loss: 0.1471, Testing loss: 0.2711
total training time: 49977.186912
save model: models/res101/pascal_voc/faster_rcnn_1_20_2623.pth
