Called with args:
Namespace(batch_size=2, checkepoch=1, checkpoint=0, checkpoint_interval=10000, checksession=1, class_agnostic=False, cuda=True, dataset='pascal_voc', disp_interval=50, large_scale=False, lr=0.001, lr_decay_gamma=0.1, lr_decay_step=5, mGPUs=False, max_epochs=20, net='res101', num_workers=1, optimizer='adam', resume=False, save_dir='models', session=1, start_epoch=1, use_tfboard=False)
Using config:
{'ANCHOR_RATIOS': [0.5, 1, 2],
 'ANCHOR_SCALES': [8, 16, 32],
 'CROP_RESIZE_WITH_MAX_POOL': False,
 'CUDA': False,
 'DATA_DIR': '/home/jason/faster-rcnn.pytorch-1.0/data',
 'DEDUP_BOXES': 0.0625,
 'EPS': 1e-14,
 'EXP_DIR': 'res101',
 'FEAT_STRIDE': [16],
 'GPU_ID': 0,
 'MATLAB': 'matlab',
 'MAX_NUM_GT_BOXES': 20,
 'MOBILENET': {'DEPTH_MULTIPLIER': 1.0,
               'FIXED_LAYERS': 5,
               'REGU_DEPTH': False,
               'WEIGHT_DECAY': 4e-05},
 'PIXEL_MEANS': array([[[102.9801, 115.9465, 122.7717]]]),
 'POOLING_MODE': 'align',
 'POOLING_SIZE': 7,
 'RESNET': {'FIXED_BLOCKS': 1, 'MAX_POOL': False},
 'RNG_SEED': 3,
 'ROOT_DIR': '/home/jason/faster-rcnn.pytorch-1.0',
 'TEST': {'BBOX_REG': True,
          'HAS_RPN': True,
          'MAX_SIZE': 1000,
          'MODE': 'nms',
          'NMS': 0.3,
          'PROPOSAL_METHOD': 'gt',
          'RPN_MIN_SIZE': 16,
          'RPN_NMS_THRESH': 0.7,
          'RPN_POST_NMS_TOP_N': 300,
          'RPN_PRE_NMS_TOP_N': 6000,
          'RPN_TOP_N': 5000,
          'SCALES': [600],
          'SVM': False},
 'TRAIN': {'ASPECT_GROUPING': False,
           'BATCH_SIZE': 128,
           'BBOX_INSIDE_WEIGHTS': [1.0, 1.0, 1.0, 1.0],
           'BBOX_NORMALIZE_MEANS': [0.0, 0.0, 0.0, 0.0],
           'BBOX_NORMALIZE_STDS': [0.1, 0.1, 0.2, 0.2],
           'BBOX_NORMALIZE_TARGETS': True,
           'BBOX_NORMALIZE_TARGETS_PRECOMPUTED': True,
           'BBOX_REG': True,
           'BBOX_THRESH': 0.5,
           'BG_THRESH_HI': 0.5,
           'BG_THRESH_LO': 0.0,
           'BIAS_DECAY': False,
           'BN_TRAIN': False,
           'BRIGHTNESS_CHANGE': False,
           'DISPLAY': 20,
           'DOUBLE_BIAS': False,
           'FG_FRACTION': 0.25,
           'FG_THRESH': 0.5,
           'GAMMA': 0.1,
           'HAS_RPN': True,
           'IMS_PER_BATCH': 1,
           'LEARNING_RATE': 0.001,
           'MAX_SIZE': 1000,
           'MOMENTUM': 0.9,
           'PROPOSAL_METHOD': 'gt',
           'ROTATE_90': False,
           'RPN_BATCHSIZE': 256,
           'RPN_BBOX_INSIDE_WEIGHTS': [1.0, 1.0, 1.0, 1.0],
           'RPN_CLOBBER_POSITIVES': False,
           'RPN_FG_FRACTION': 0.5,
           'RPN_MIN_SIZE': 8,
           'RPN_NEGATIVE_OVERLAP': 0.3,
           'RPN_NMS_THRESH': 0.7,
           'RPN_POSITIVE_OVERLAP': 0.7,
           'RPN_POSITIVE_WEIGHT': -1.0,
           'RPN_POST_NMS_TOP_N': 2000,
           'RPN_PRE_NMS_TOP_N': 12000,
           'SCALES': [600],
           'SNAPSHOT_ITERS': 5000,
           'SNAPSHOT_KEPT': 3,
           'SNAPSHOT_PREFIX': 'res101_faster_rcnn',
           'STEPSIZE': [30000],
           'SUMMARY_INTERVAL': 180,
           'TRIM_HEIGHT': 600,
           'TRIM_WIDTH': 600,
           'TRUNCATED': False,
           'USE_ALL_GT': True,
           'USE_FLIPPED': True,
           'USE_GT': False,
           'USE_VERTICAL_FLIPPED': False,
           'WEIGHT_DECAY': 0.0001},
 'USE_GPU_NMS': True}
['voc_2007_trainval']
Loaded dataset `voc_2007_trainval` for training
Set proposal method: gt
Appending vertically-flipped training examples...
voc_2007_trainval gt roidb loaded from /home/jason/faster-rcnn.pytorch-1.0/data/cache/voc_2007_trainval_gt_roidb.pkl
done
Preparing training data...
done
before filtering, there are 260 images...
after filtering, there are 260 images...
['voc_2007_test']
Loaded dataset `voc_2007_test` for training
Set proposal method: gt
Preparing training data...
voc_2007_test gt roidb loaded from /home/jason/faster-rcnn.pytorch-1.0/data/cache/voc_2007_test_gt_roidb.pkl
done
before filtering, there are 130 images...
after filtering, there are 130 images...
260 roidb entries
130 roidb2 entries
[session 1][epoch  1][iter    0/ 130] training loss: 28.2294,  lr: 1.00e-04
			fg/bg=(8/248), time cost: 2.010017
			rpn_cls: 1.3676, rpn_box: 0.3177, rcnn_cls: 26.4031, rcnn_box 0.1410
[session 1][epoch  1][iter   50/ 130] training loss: 10.7456,  lr: 1.00e-04
			fg/bg=(30/226), time cost: 75.623835
			rpn_cls: 0.5646, rpn_box: 0.3366, rcnn_cls: 0.7714, rcnn_box 0.3284
[session 1][epoch  1][iter  100/ 130] training loss: 1.4914,  lr: 1.00e-04
			fg/bg=(6/250), time cost: 75.217232
			rpn_cls: 0.4182, rpn_box: 0.3975, rcnn_cls: 0.1806, rcnn_box 0.0060
Epoch 1: Training loss: 1.2503, Testing loss: 1.3651
total training time: 152.851084
[session 1][epoch  2][iter    0/ 130] training loss: 1.2713,  lr: 1.00e-04
			fg/bg=(23/233), time cost: 1.967128
			rpn_cls: 0.2240, rpn_box: 0.1985, rcnn_cls: 0.6561, rcnn_box 0.1927
[session 1][epoch  2][iter   50/ 130] training loss: 1.2678,  lr: 1.00e-04
			fg/bg=(17/239), time cost: 75.655704
			rpn_cls: 0.3249, rpn_box: 0.2546, rcnn_cls: 0.4188, rcnn_box 0.1012
[session 1][epoch  2][iter  100/ 130] training loss: 1.2184,  lr: 1.00e-04
			fg/bg=(27/229), time cost: 75.724548
			rpn_cls: 0.3184, rpn_box: 0.2803, rcnn_cls: 0.6134, rcnn_box 0.2010
Epoch 2: Training loss: 0.3099, Testing loss: 0.3143
total training time: 306.198464
[session 1][epoch  3][iter    0/ 130] training loss: 1.2857,  lr: 1.00e-04
			fg/bg=(36/220), time cost: 2.010526
			rpn_cls: 0.1994, rpn_box: 0.1248, rcnn_cls: 0.6192, rcnn_box 0.3423
[session 1][epoch  3][iter   50/ 130] training loss: 1.2606,  lr: 1.00e-04
			fg/bg=(17/239), time cost: 76.019209
			rpn_cls: 0.3622, rpn_box: 0.3357, rcnn_cls: 0.4315, rcnn_box 0.1189
[session 1][epoch  3][iter  100/ 130] training loss: 1.1921,  lr: 1.00e-04
			fg/bg=(15/241), time cost: 74.649542
			rpn_cls: 0.1808, rpn_box: 0.2884, rcnn_cls: 0.3292, rcnn_box 0.0630
Epoch 3: Training loss: 0.3010, Testing loss: 0.3065
total training time: 458.877741
[session 1][epoch  4][iter    0/ 130] training loss: 1.0024,  lr: 1.00e-04
			fg/bg=(27/229), time cost: 1.975838
			rpn_cls: 0.1914, rpn_box: 0.2609, rcnn_cls: 0.3864, rcnn_box 0.1637
[session 1][epoch  4][iter   50/ 130] training loss: 1.1814,  lr: 1.00e-04
			fg/bg=(59/197), time cost: 75.734519
			rpn_cls: 0.2843, rpn_box: 0.1147, rcnn_cls: 0.9495, rcnn_box 0.5751
[session 1][epoch  4][iter  100/ 130] training loss: 1.0886,  lr: 1.00e-04
			fg/bg=(28/228), time cost: 75.327309
			rpn_cls: 0.1658, rpn_box: 0.1238, rcnn_cls: 0.4576, rcnn_box 0.2135
Epoch 4: Training loss: 0.2806, Testing loss: 0.2902
total training time: 611.915407
[session 1][epoch  5][iter    0/ 130] training loss: 0.7696,  lr: 1.00e-04
			fg/bg=(26/230), time cost: 1.967814
			rpn_cls: 0.0720, rpn_box: 0.0540, rcnn_cls: 0.4510, rcnn_box 0.1926
[session 1][epoch  5][iter   50/ 130] training loss: 1.1159,  lr: 1.00e-04
			fg/bg=(8/248), time cost: 75.766726
			rpn_cls: 0.1679, rpn_box: 0.0717, rcnn_cls: 0.3292, rcnn_box 0.0326
[session 1][epoch  5][iter  100/ 130] training loss: 1.0904,  lr: 1.00e-04
			fg/bg=(63/193), time cost: 75.173373
			rpn_cls: 0.2522, rpn_box: 0.0231, rcnn_cls: 1.1638, rcnn_box 0.4544
Epoch 5: Training loss: 0.2763, Testing loss: 0.2815
total training time: 764.823320
[session 1][epoch  6][iter    0/ 130] training loss: 1.4676,  lr: 1.00e-05
			fg/bg=(24/232), time cost: 1.921981
			rpn_cls: 0.4666, rpn_box: 0.1426, rcnn_cls: 0.6569, rcnn_box 0.2015
[session 1][epoch  6][iter   50/ 130] training loss: 1.0332,  lr: 1.00e-05
			fg/bg=(24/232), time cost: 75.777645
			rpn_cls: 0.1309, rpn_box: 0.0189, rcnn_cls: 0.6610, rcnn_box 0.2214
[session 1][epoch  6][iter  100/ 130] training loss: 1.0801,  lr: 1.00e-05
			fg/bg=(48/208), time cost: 75.174252
			rpn_cls: 0.2677, rpn_box: 0.0348, rcnn_cls: 0.8596, rcnn_box 0.4479
Epoch 6: Training loss: 0.2665, Testing loss: 0.2781
total training time: 917.697197
[session 1][epoch  7][iter    0/ 130] training loss: 1.0246,  lr: 1.00e-05
			fg/bg=(25/231), time cost: 1.982711
			rpn_cls: 0.2457, rpn_box: 0.1866, rcnn_cls: 0.4010, rcnn_box 0.1913
[session 1][epoch  7][iter   50/ 130] training loss: 1.0092,  lr: 1.00e-05
			fg/bg=(22/234), time cost: 76.055411
			rpn_cls: 0.1177, rpn_box: 0.1769, rcnn_cls: 0.4762, rcnn_box 0.1617
[session 1][epoch  7][iter  100/ 130] training loss: 1.0583,  lr: 1.00e-05
			fg/bg=(18/238), time cost: 75.209605
			rpn_cls: 0.2831, rpn_box: 0.4508, rcnn_cls: 0.3707, rcnn_box 0.1215
Epoch 7: Training loss: 0.2621, Testing loss: 0.2776
total training time: 1070.944923
[session 1][epoch  8][iter    0/ 130] training loss: 1.0592,  lr: 1.00e-05
			fg/bg=(27/229), time cost: 1.907482
			rpn_cls: 0.1995, rpn_box: 0.2730, rcnn_cls: 0.4279, rcnn_box 0.1588
[session 1][epoch  8][iter   50/ 130] training loss: 1.0257,  lr: 1.00e-05
			fg/bg=(20/236), time cost: 75.927242
			rpn_cls: 0.1361, rpn_box: 0.5752, rcnn_cls: 0.2940, rcnn_box 0.0934
[session 1][epoch  8][iter  100/ 130] training loss: 1.0494,  lr: 1.00e-05
			fg/bg=(31/225), time cost: 75.020020
			rpn_cls: 0.1304, rpn_box: 0.2135, rcnn_cls: 0.4738, rcnn_box 0.1734
Epoch 8: Training loss: 0.2578, Testing loss: 0.2968
total training time: 1223.799667
[session 1][epoch  9][iter    0/ 130] training loss: 0.4618,  lr: 1.00e-05
			fg/bg=(15/241), time cost: 2.025528
			rpn_cls: 0.0850, rpn_box: 0.0031, rcnn_cls: 0.3062, rcnn_box 0.0675
[session 1][epoch  9][iter   50/ 130] training loss: 1.0007,  lr: 1.00e-05
			fg/bg=(8/248), time cost: 76.004817
			rpn_cls: 0.0914, rpn_box: 0.0231, rcnn_cls: 0.1613, rcnn_box 0.0522
[session 1][epoch  9][iter  100/ 130] training loss: 1.0451,  lr: 1.00e-05
			fg/bg=(36/220), time cost: 75.100714
			rpn_cls: 0.1226, rpn_box: 0.2189, rcnn_cls: 0.3073, rcnn_box 0.2159
Epoch 9: Training loss: 0.2564, Testing loss: 0.2959
total training time: 1376.930727
[session 1][epoch 10][iter    0/ 130] training loss: 1.2755,  lr: 1.00e-05
			fg/bg=(55/201), time cost: 1.918727
			rpn_cls: 0.1476, rpn_box: 0.0790, rcnn_cls: 0.6540, rcnn_box 0.3949
[session 1][epoch 10][iter   50/ 130] training loss: 1.0226,  lr: 1.00e-05
			fg/bg=(50/206), time cost: 75.653369
			rpn_cls: 0.1491, rpn_box: 0.2186, rcnn_cls: 0.5646, rcnn_box 0.3639
[session 1][epoch 10][iter  100/ 130] training loss: 0.9651,  lr: 1.00e-05
			fg/bg=(38/218), time cost: 75.300860
			rpn_cls: 0.0878, rpn_box: 0.0091, rcnn_cls: 0.2870, rcnn_box 0.1629
Epoch 10: Training loss: 0.2502, Testing loss: 0.2924
total training time: 1529.803682
[session 1][epoch 11][iter    0/ 130] training loss: 0.7663,  lr: 1.00e-05
			fg/bg=(29/227), time cost: 1.942448
			rpn_cls: 0.0414, rpn_box: 0.2129, rcnn_cls: 0.3503, rcnn_box 0.1617
[session 1][epoch 11][iter   50/ 130] training loss: 0.9457,  lr: 1.00e-05
			fg/bg=(43/213), time cost: 75.976094
			rpn_cls: 0.1036, rpn_box: 0.1893, rcnn_cls: 0.4389, rcnn_box 0.2543
[session 1][epoch 11][iter  100/ 130] training loss: 0.9597,  lr: 1.00e-05
			fg/bg=(49/207), time cost: 75.097493
			rpn_cls: 0.1214, rpn_box: 0.0871, rcnn_cls: 0.6291, rcnn_box 0.3105
Epoch 11: Training loss: 0.2458, Testing loss: 0.2952
total training time: 1682.819717
[session 1][epoch 12][iter    0/ 130] training loss: 1.1027,  lr: 1.00e-06
			fg/bg=(45/211), time cost: 1.941082
			rpn_cls: 0.1416, rpn_box: 0.1823, rcnn_cls: 0.4548, rcnn_box 0.3240
[session 1][epoch 12][iter   50/ 130] training loss: 0.9237,  lr: 1.00e-06
			fg/bg=(12/244), time cost: 75.770745
			rpn_cls: 0.1091, rpn_box: 0.0161, rcnn_cls: 0.1838, rcnn_box 0.1063
[session 1][epoch 12][iter  100/ 130] training loss: 0.9610,  lr: 1.00e-06
			fg/bg=(64/192), time cost: 74.815412
			rpn_cls: 0.0933, rpn_box: 0.1078, rcnn_cls: 0.5722, rcnn_box 0.4091
Epoch 12: Training loss: 0.2348, Testing loss: 0.2923
total training time: 1835.346956
[session 1][epoch 13][iter    0/ 130] training loss: 0.8503,  lr: 1.00e-06
			fg/bg=(37/219), time cost: 1.953298
			rpn_cls: 0.0572, rpn_box: 0.2610, rcnn_cls: 0.3856, rcnn_box 0.1466
[session 1][epoch 13][iter   50/ 130] training loss: 0.9520,  lr: 1.00e-06
			fg/bg=(42/214), time cost: 75.858303
			rpn_cls: 0.1479, rpn_box: 0.2754, rcnn_cls: 0.5076, rcnn_box 0.2657
[session 1][epoch 13][iter  100/ 130] training loss: 0.8844,  lr: 1.00e-06
			fg/bg=(35/221), time cost: 75.051527
			rpn_cls: 0.0654, rpn_box: 0.0494, rcnn_cls: 0.4603, rcnn_box 0.2255
Epoch 13: Training loss: 0.2329, Testing loss: 0.3019
total training time: 1988.210084
[session 1][epoch 14][iter    0/ 130] training loss: 1.3522,  lr: 1.00e-06
			fg/bg=(44/212), time cost: 1.937405
			rpn_cls: 0.1797, rpn_box: 0.2602, rcnn_cls: 0.6671, rcnn_box 0.2452
[session 1][epoch 14][iter   50/ 130] training loss: 0.9838,  lr: 1.00e-06
			fg/bg=(28/228), time cost: 75.785475
			rpn_cls: 0.0828, rpn_box: 0.1513, rcnn_cls: 0.4846, rcnn_box 0.1176
[session 1][epoch 14][iter  100/ 130] training loss: 0.8852,  lr: 1.00e-06
			fg/bg=(25/231), time cost: 75.144900
			rpn_cls: 0.0934, rpn_box: 0.0039, rcnn_cls: 0.3736, rcnn_box 0.1440
Epoch 14: Training loss: 0.2336, Testing loss: 0.3020
total training time: 2141.077865
[session 1][epoch 15][iter    0/ 130] training loss: 1.3801,  lr: 1.00e-06
			fg/bg=(56/200), time cost: 1.965630
			rpn_cls: 0.2726, rpn_box: 0.2183, rcnn_cls: 0.5335, rcnn_box 0.3557
[session 1][epoch 15][iter   50/ 130] training loss: 0.9186,  lr: 1.00e-06
			fg/bg=(64/192), time cost: 75.886619
			rpn_cls: 0.1357, rpn_box: 0.0230, rcnn_cls: 0.8421, rcnn_box 0.2741
[session 1][epoch 15][iter  100/ 130] training loss: 0.9161,  lr: 1.00e-06
			fg/bg=(48/208), time cost: 74.886527
			rpn_cls: 0.0625, rpn_box: 0.0458, rcnn_cls: 0.6351, rcnn_box 0.3800
Epoch 15: Training loss: 0.2274, Testing loss: 0.2994
total training time: 2293.816641
[session 1][epoch 16][iter    0/ 130] training loss: 1.1561,  lr: 1.00e-06
			fg/bg=(57/199), time cost: 1.949830
			rpn_cls: 0.1561, rpn_box: 0.1194, rcnn_cls: 0.5609, rcnn_box 0.3197
[session 1][epoch 16][iter   50/ 130] training loss: 0.9028,  lr: 1.00e-06
			fg/bg=(22/234), time cost: 76.190430
			rpn_cls: 0.0523, rpn_box: 0.0123, rcnn_cls: 0.3804, rcnn_box 0.1373
[session 1][epoch 16][iter  100/ 130] training loss: 0.8646,  lr: 1.00e-06
			fg/bg=(16/240), time cost: 74.991522
			rpn_cls: 0.0491, rpn_box: 0.0025, rcnn_cls: 0.2312, rcnn_box 0.0745
Epoch 16: Training loss: 0.2259, Testing loss: 0.3044
total training time: 2446.948423
[session 1][epoch 17][iter    0/ 130] training loss: 1.0444,  lr: 1.00e-06
			fg/bg=(57/199), time cost: 1.936993
			rpn_cls: 0.1550, rpn_box: 0.1718, rcnn_cls: 0.3701, rcnn_box 0.3474
[session 1][epoch 17][iter   50/ 130] training loss: 0.8944,  lr: 1.00e-06
			fg/bg=(31/225), time cost: 76.125520
			rpn_cls: 0.0890, rpn_box: 0.1047, rcnn_cls: 0.3965, rcnn_box 0.1115
[session 1][epoch 17][iter  100/ 130] training loss: 0.8987,  lr: 1.00e-06
			fg/bg=(59/197), time cost: 74.993234
			rpn_cls: 0.1728, rpn_box: 0.1235, rcnn_cls: 0.5461, rcnn_box 0.3081
Epoch 17: Training loss: 0.2261, Testing loss: 0.3061
total training time: 2600.004169
[session 1][epoch 18][iter    0/ 130] training loss: 1.0718,  lr: 1.00e-07
			fg/bg=(61/195), time cost: 1.937716
			rpn_cls: 0.0945, rpn_box: 0.1743, rcnn_cls: 0.5168, rcnn_box 0.2862
[session 1][epoch 18][iter   50/ 130] training loss: 0.8921,  lr: 1.00e-07
			fg/bg=(16/240), time cost: 75.879018
			rpn_cls: 0.1026, rpn_box: 0.0160, rcnn_cls: 0.2269, rcnn_box 0.1090
[session 1][epoch 18][iter  100/ 130] training loss: 0.8632,  lr: 1.00e-07
			fg/bg=(45/211), time cost: 75.499530
			rpn_cls: 0.1061, rpn_box: 0.0731, rcnn_cls: 0.5679, rcnn_box 0.2114
Epoch 18: Training loss: 0.2222, Testing loss: 0.3043
total training time: 2753.320434
[session 1][epoch 19][iter    0/ 130] training loss: 0.8167,  lr: 1.00e-07
			fg/bg=(29/227), time cost: 1.957407
			rpn_cls: 0.0583, rpn_box: 0.0607, rcnn_cls: 0.5643, rcnn_box 0.1335
[session 1][epoch 19][iter   50/ 130] training loss: 0.8112,  lr: 1.00e-07
			fg/bg=(45/211), time cost: 76.087413
			rpn_cls: 0.0520, rpn_box: 0.0088, rcnn_cls: 0.2281, rcnn_box 0.2954
[session 1][epoch 19][iter  100/ 130] training loss: 0.9329,  lr: 1.00e-07
			fg/bg=(35/221), time cost: 74.489690
			rpn_cls: 0.0801, rpn_box: 0.0101, rcnn_cls: 0.2358, rcnn_box 0.2299
Epoch 19: Training loss: 0.2215, Testing loss: 0.3029
total training time: 2905.854944
[session 1][epoch 20][iter    0/ 130] training loss: 0.9392,  lr: 1.00e-07
			fg/bg=(27/229), time cost: 1.934245
			rpn_cls: 0.1498, rpn_box: 0.3817, rcnn_cls: 0.2992, rcnn_box 0.1084
[session 1][epoch 20][iter   50/ 130] training loss: 0.8793,  lr: 1.00e-07
			fg/bg=(52/204), time cost: 75.914941
			rpn_cls: 0.0340, rpn_box: 0.2507, rcnn_cls: 0.4369, rcnn_box 0.3458
[session 1][epoch 20][iter  100/ 130] training loss: 0.8970,  lr: 1.00e-07
			fg/bg=(56/200), time cost: 74.884135
			rpn_cls: 0.1119, rpn_box: 0.1554, rcnn_cls: 0.5093, rcnn_box 0.2356
Epoch 20: Training loss: 0.2226, Testing loss: 0.3038
total training time: 3058.588265
save model: models/res101/pascal_voc/faster_rcnn_1_20_129.pth
